   1              		.cpu cortex-m4
   2              		.arch armv7e-m
   3              		.fpu fpv4-sp-d16
   4              		.eabi_attribute 27, 1
   5              		.eabi_attribute 28, 1
   6              		.eabi_attribute 20, 1
   7              		.eabi_attribute 21, 1
   8              		.eabi_attribute 23, 3
   9              		.eabi_attribute 24, 1
  10              		.eabi_attribute 25, 1
  11              		.eabi_attribute 26, 1
  12              		.eabi_attribute 30, 4
  13              		.eabi_attribute 34, 1
  14              		.eabi_attribute 18, 4
  15              		.file	"stm32l4xx_hal_i2c_ex.c"
  16              		.section	.gnu.lto_.profile.c8484e6a972ff102,"e",%progbits
  17 0000 789C6362 		.ascii	"x\234cb\000\001\000\000\022\000\003"
  17      00010000 
  17      120003
  18              		.text
  19              		.section	.gnu.lto_.icf.c8484e6a972ff102,"e",%progbits
  20 0000 789C7367 		.ascii	"x\234sgd\200\003.\206G\373/\034\347\227`b`bdb\002bf"
  20      6480032E 
  20      8647FB2F 
  20      1CE79760 
  20      62606264 
  21 0018 2616BC18 		.ascii	"&\026\274\030\244\216\225\211\221q\335\353\271\3678"
  21      A48E9589 
  21      9171DDEB 
  21      B9F738
  22 0027 45086A83 		.ascii	"E\010j\203*gZ\320\330\225D\264j\346\247\347W~\341&Z"
  22      2A675AD0 
  22      D89544B4 
  22      6AE6A7E7 
  22      577EE126 
  23 003c 394BC79E 		.ascii	"9K\307\236\273?\270\341\\VT.\333\227\011\007n1\303\271"
  23      BB3FB8E1 
  23      5C56542E 
  23      DB970907 
  23      6E31C3B9 
  24 0050 ECA85C8E 		.ascii	"\354\250\\\216\373//\365\360\362\001\215cC\3020\310"
  24      FB2F2FF5 
  24      F0F2018D 
  24      6343C230 
  24      C8
  25 0061 0EC29C2B 		.ascii	"\016\302\234+6=x\302\215W\011\003\000V\026\"'"
  25      363D78C2 
  25      8D570903 
  25      00561622 
  25      27
  26              		.text
  27              		.section	.gnu.lto_.ipa_sra.c8484e6a972ff102,"e",%progbits
  28 0000 789CAB61 		.ascii	"x\234\253a@\000.\006&\030\223\231\021\301db\004S\314"
  28      40002E06 
  28      26189399 
  28      11C16462 
  28      0453CC
  29 0013 108A0526 		.ascii	"\020\212\005&\301\010\224h`\001\322@q&V\254\242l\020"
  29      C1089468 
  29      6001D240 
  29      712656AC 
  29      A26C10
  30 0026 2D8C6011 		.ascii	"-\214`\021&v\024\036\007\230\307\310\011\241\030\000"
  30      2676141E 
  30      0798C7C8 
  30      09A11800 
  31 0036 BB2F0304 		.ascii	"\273/\003\004"
  32              		.text
  33              		.section	.gnu.lto_.inline.c8484e6a972ff102,"e",%progbits
  34 0000 789CB5D2 		.ascii	"x\234\265\322=N\303@\020\005\3407o\306\216\035\305\010"
  34      3D4EC340 
  34      1005E037 
  34      6FC68E1D 
  34      C508
  35 0012 F1230AEE 		.ascii	"\361#\012\356\304\035\200(\024\3518\301\226\224i)P\302"
  35      C41D8028 
  35      14E938C1 
  35      96946929 
  35      50C2
  36 0024 0D502221 		.ascii	"\015P\"!\321q\000\012z((\020\025\005703\033\034!D\021"
  36      D171000A 
  36      7A282810 
  36      15053730 
  36      331B1C21 
  37 003a 89307631 		.ascii	"\2110v1\273\263\373i\355\331'b\025}`7\2454\343\231\300"
  37      BBB3FB69 
  37      EDD92762 
  37      157D6037 
  37      A534E399 
  38 004f 1F1A14B0 		.ascii	"\037\032\024\260C\237\272\321\021P{r\257C\202\020O\023"
  38      439FBAD1 
  38      11507B72 
  38      AF438210 
  38      4F13
  39 0061 4F085BE5 		.ascii	"O\010[\345\260 \004;>\232\204\300N\020a\345\245\342"
  39      B020043B 
  39      3E9A84C0 
  39      4E1061E5 
  39      A5E2
  40 0073 C02B1F5C 		.ascii	"\300+\037\\\007b\316N\021\333|\321\266\217^t\364\375"
  40      0762CE4E 
  40      11DB7CD1 
  40      B68F5E74 
  40      F4FD
  41 0085 50FB3EF5 		.ascii	"P\373>\365\270\226\345\241\177\026\014\315\335\373\305"
  41      B896E5A1 
  41      7F160CCD 
  41      DDFBC5
  42 0094 3C04E29C 		.ascii	"<\004\342\234u9\026\321\344%a\037\221X\021\012\207@"
  42      753916D1 
  42      E425611F 
  42      9158110A 
  42      8740
  43 00a6 6F9964EE 		.ascii	"o\231d\356r\361\366\300c\242\"\212\266m\247\372\365"
  43      72F1F6C0 
  43      63A2228A 
  43      B66DA7FA 
  43      F5
  44 00b7 49D604C9 		.ascii	"I\326\004\311\311\021\374-~\330r\2731\272\304\340\352"
  44      C911FC2D 
  44      7ED872BB 
  44      31BAC4E0 
  44      EA
  45 00c8 F9F57A43 		.ascii	"\371\365zC\264\016\202\026w{\377\344V\326\304_\017\027"
  45      B40E8216 
  45      777BFFE4 
  45      56D6C45F 
  45      0F17
  46 00da DCCB5BBD 		.ascii	"\334\313[\275Ae\356D6<j\333\212;\33253\004\375miw\207"
  46      4165EE44 
  46      363C6ADB 
  46      8A3BDA35 
  46      3304FD6D 
  47 00f1 72FFF009 		.ascii	"r\377\360\011\244\225\231\220"
  47      A4959990 
  48              		.text
  49              		.section	.gnu.lto_.jmpfuncs.c8484e6a972ff102,"e",%progbits
  50 0000 789C954E 		.ascii	"x\234\225NA\016\2000\010k\031*\352aO\346k\276\300/i"
  50      410E8030 
  50      086B192A 
  50      EA614FE6 
  50      6BBEC02F 
  51 0015 75872546 		.ascii	"u\207%F\0176!-\224\006vt,0\262\2461-\330\245T\221*\215"
  51      0F36212D 
  51      94067674 
  51      2C30B2A6 
  51      312DD8A5 
  52 002d 5CED7AB9 		.ascii	"\\\355z\271\026\356\011\202\233\023\252C\250\360$\036"
  52      16EE0982 
  52      9B13AA43 
  52      A8F0241E 
  53 003d A3E17762 		.ascii	"\243\341wb\324)\005\354e{\372\266\342~0\346F8\001\243"
  53      D42905EC 
  53      657BFAB6 
  53      E27E30E6 
  53      463801A3 
  54 0051 1C2A62   		.ascii	"\034*b"
  55              		.text
  56              		.section	.gnu.lto_.pureconst.c8484e6a972ff102,"e",%progbits
  57 0000 789C05C1 		.ascii	"x\234\005\301\201\001\000\020\020\304\260Cy,a\357N+"
  57      81010010 
  57      10C4B043 
  57      792C61EF 
  57      4E2B
  58 0012 79496EA4 		.ascii	"yIn\244I\227!\310\224%%[\216|g\007\006\203"
  58      499721C8 
  58      9425255B 
  58      8E7C6707 
  58      0683
  59              		.text
  60              		.section	.gnu.lto_.ipa_modref.c8484e6a972ff102,"e",%progbits
  61 0000 789C9BC2 		.ascii	"x\234\233\302\310\000\007\\\014L\001 \232\211\211\233"
  61      C800075C 
  61      0C4C0120 
  61      9A89899B 
  62 0010 81918985 		.ascii	"\201\221\211\205\201\021\010\031\024\024\230x\200<^"
  62      81110819 
  62      14149878 
  62      803C5E
  63 001f 46A83803 		.ascii	"F\2508\003X\270\201\205C\000.\316\306H\246>&\306\000"
  63      58B88185 
  63      43002ECE 
  63      C648A63E 
  63      26C600
  64 0032 72B43193 		.ascii	"r\2641\223\247\215\005\344FFTY\240\010\033+\016q6\034"
  64      A78D05E4 
  64      46465459 
  64      A0081B2B 
  64      0E71361C 
  65 0046 E2EC38C4 		.ascii	"\342\3548\3049 a\300\007\261\217\211\037\356\036t\021"
  65      392061C0 
  65      07B18F89 
  65      1FEE1E74 
  65      11
  66 0057 364EA255 		.ascii	"6N\242U2\000\000\005\222\013'"
  66      32000005 
  66      920B27
  67              		.text
  68              		.section	.gnu.lto_.lto.c8484e6a972ff102,"e",%progbits
  69 0000 0C000000 		.ascii	"\014\000\000\000\001\000\000\000"
  69      01000000 
  70              		.text
  71              		.section	.gnu.lto_HAL_I2CEx_ConfigAnalogFilter.132.c8484e6a972ff102,"e",%progbits
  72 0000 789C5550 		.ascii	"x\234UPMh\023Q\020\236\231\367v\263M\265\210\242\210"
  72      4D681351 
  72      109E99F7 
  72      76B34DB5 
  72      88A288
  73 0013 78287812 		.ascii	"x(x\022L\026\223\352\305K[\245x\210\2024\236\303\032"
  73      4C1693EA 
  73      C54B5BA5 
  73      78888234 
  73      9EC31A
  74 0026 9764C9CF 		.ascii	"\227d\311\317\306\335\255\215\224\220\327\374 \244B"
  74      C6DDAD8D 
  74      9490D7FC 
  74      20A442
  75 0035 5D45688F 		.ascii	"]Eh\217\242\366 \202H/\246\324\032\022\360\244 ^D\274"
  75      A2F62082 
  75      482FA6D4 
  75      1A12F0A4 
  75      205E44BC 
  76 0049 E8418B88 		.ascii	"\350A\213\210'/\026D}\233\004\305\303\203\357\315\367"
  76      272F1644 
  76      7D9B04C5 
  76      C383EFCD 
  76      F7
  77 005a 7D33DFCC 		.ascii	"}3\337\3142\002\334\007\200\244|\250\002\336\362[\004"
  77      3202DC07 
  77      80A47CA8 
  77      02DEF25B 
  77      04
  78 006b 4288C910 		.ascii	"B\210\311\020Q\335_\"|\206\353\237_\036\345M\177\354"
  78      51DD5F22 
  78      7C86EB9F 
  78      5F1EE54D 
  78      7FEC
  79 007d D5EAFA01 		.ascii	"\325\352\372\001\316\250\351\217\276_\373\276\2337\374"
  79      CEA8E98F 
  79      BE5FFBBE 
  79      9B37FC
  80 008c B107EF6E 		.ascii	"\261\007\357n\3048\307;\332\300\241\340\242\037\356"
  80      C438C73B 
  80      DAC0A1E0 
  80      A21FEE
  81 009b 23842A31 		.ascii	"#\204*1\256`\025\327\230\336\021\342\307\247\2577\333"
  81      AE6015D7 
  81      98DE11E2 
  81      C7A7AF37 
  81      DB
  82 00ac C7BAF5E6 		.ascii	"\307\272\365\346\301*TN\304\344,PP\335\207R\242\356"
  82      C12A544E 
  82      C4E42C50 
  82      50DD8752 
  82      A2EE
  83 00be C77105B5 		.ascii	"\307q\005\265\333\010\021)|\275\324\273.\366\360\205"
  83      DB081129 
  83      7CBDD4BB 
  83      2EF6F085 
  84 00ce 0DACB4F1 		.ascii	"\015\254\264\361\251\314F$\225\332\312\220}\330g\257"
  84      A9CC4624 
  84      95DACA90 
  84      7DD867AF 
  85 00de 6DFE6599 		.ascii	"m\376e\231\3544\012P\011\322\313\367\370\215\362A\374"
  85      EC340A50 
  85      09D2CBF7 
  85      F88DF241 
  85      FC
  86 00ef FCBD2CC4 		.ascii	"\374\275,\304\333\303\037W\302a\004\342\004\244(@\020"
  86      DBC31F57 
  86      C26104E2 
  86      04A42840 
  86      10
  87 0100 42DC400D 		.ascii	"B\334@\015H\035A\334\224\342{,H-xp\000F\003\270\330"
  87      481D41DC 
  87      94E27B2C 
  87      482D7870 
  87      004603B8 
  88 0115 01F845DD 		.ascii	"\001\370E\335\255\235\355'G\344\346\014e\276\005\224"
  88      AD9DED27 
  88      47E4E60C 
  88      65BE0594 
  89 0125 091EA1E4 		.ascii	"\011\036\241\344\265+\245\347\010'\357Jdw\260 \347\355"
  89      B52BA5E7 
  89      0827EF4A 
  89      6477B020 
  89      E7ED
  90 0137 50E34BEF 		.ascii	"P\343K\357\020C\325\306\361`)\331\211\255\312{\321\260"
  90      1043D5C6 
  90      F16029D9 
  90      89ADCA7B 
  90      D1B0
  91 0149 536DABFD 		.ascii	"Sm\253\375\355\002\243\377\375\001\312\365\320\032\372"
  91      ED02A3FF 
  91      FD01CAF5 
  91      D01AFA
  92 0158 4F335273 		.ascii	"O3Rs\210C;\357\324\273\215\276\235\004S\230\326B\312"
  92      88433BEF 
  92      D4BB8DBE 
  92      9D045398 
  92      D642CA
  93 016b 98002CC4 		.ascii	"\230\000,\304Fh\254\257P\376E\255\261\332$0E\226[LQ"
  93      4668ACAF 
  93      50FE45AD 
  93      B1DA2430 
  93      45965B4C 
  94 0180 AB48B437 		.ascii	"\253H\2647H\255q\016\370\002Y\360\221k\342\300 :\301"
  94      48AD710E 
  94      F80259F0 
  94      916BE2C0 
  94      203AC1
  95 0193 84A47ED1 		.ascii	"\204\244~\3215\035W/\231\236\351\350\031\313\313\316"
  95      351D572F 
  95      999EE9E8 
  95      19CBCBCE 
  96 01a3 5DD20B86 		.ascii	"]\322\013\206e\024\015=ox\246\353\3513\226S\2307\034"
  96      65140D3D 
  96      6F78A6EB 
  96      E9339653 
  96      98371C
  97 01b6 534F3A46 		.ascii	"SO:F\321-\331\305\313R\231\230\210\037\217\2347\347"
  97      D12DD9C5 
  97      CB529998 
  97      881F8F9C 
  97      37E7
  98 01c8 A71DD3C8 		.ascii	"\247\035\323\310\331s\236\033\231\266m/o\033\222\204"
  98      D9739E1B 
  98      99B66D2F 
  98      6F1B9284 
  99 01d8 53D1A87E 		.ascii	"S\321\250~\306\261\256\006\215g\223\347\342\261\304"
  99      C6B1AE06 
  99      8D6793E7 
  99      E2B1C4
 100 01e7 44B99C3A 		.ascii	"D\271\234:;\225H\015\252\372\254\223\326]\257\020\217"
 100      3B95480D 
 100      AAFAAC93 
 100      D65DAF10 
 100      8F
 101 01f8 E503226B 		.ascii	"\345\003\"k\344SV,\2352\313\3214\360\254\204\273\246"
 101      E453562C 
 101      9D32CBD1 
 101      34F0AC84 
 101      BBA6
 102 020a 8A46DECE 		.ascii	"\212F\336\316\314Xy\231\352\017\024m\273V"
 102      CC587999 
 102      EA0F146D 
 102      BB56
 103              		.text
 104              		.section	.gnu.lto_HAL_I2CEx_ConfigDigitalFilter.133.c8484e6a972ff102,"e",%progbits
 105 0000 789C5550 		.ascii	"x\234UPMh\023Q\020\236y\357\355f\333\320 \212\"\236"
 105      4D681351 
 105      109E79EF 
 105      ED66DBD0 
 105      208A229E 
 106 0014 0A9E0A26 		.ascii	"\012\236\012&\213I\365\342\245\326R<D\0176\236\303\032"
 106      8B49F5E2 
 106      A5D6523C 
 106      440F369E 
 106      C31A
 107 0026 9766C926 		.ascii	"\227f\311&\0337[\033)!\257\371A\210\205\262\212`\217"
 107      1B375B1B 
 107      2921AFF9 
 107      418885B2 
 107      8A608F
 108 0039 A2ED4541 		.ascii	"\242\355EA\260\027[j\015\011xR(\012\202\350A\017\012"
 108      B0175B6A 
 108      0D097852 
 108      280A82E8 
 108      410F0A
 109 004c D28BE041 		.ascii	"\322\213\340A\013\242\316&A\3610\360\275\371\276o\346"
 109      0BA2CE26 
 109      41F130F0 
 109      BDF9BE6F 
 109      E6
 110 005d 9BB78C00 		.ascii	"\233\267\214\000\253\000\220\242B\025\360\246\337b "
 110      AB0090A2 
 110      4215F0A6 
 110      DF6220
 111 006c A59C0831 		.ascii	"\245\234\0101V\367o0|\212\353\237_\214\211\246\037y"
 111      56F76F30 
 111      7C8AEB9F 
 111      5F8C89A6 
 111      1F79
 112 007e B9B27E48 		.ascii	"\271\262~Hp\326\364\303\357\326\276\215\210\206\037"
 112      70D6F4C3 
 112      EFD6BE8D 
 112      88861F
 113 008d 597DBB14 		.ascii	"Y}\273\024\027\002ok}\207\202\213\376p\017!T\031\027"
 113      17026F6B 
 113      7D87828B 
 113      FE700F21 
 113      541917
 114 00a0 0A56718D 		.ascii	"\012Vq\215\353m)\177|\332\335y}\254So\036\256B\345D"
 114      EB6D297F 
 114      7CDADD79 
 114      7DAC536F 
 114      1EAE42E5 
 115 00b5 9C768182 		.ascii	"\234v\201\202\352\001$\211z\020G\025\324n!DI\270\263"
 115      EA012489 
 115      7A104715 
 115      D46E2144 
 115      49B8B3
 116 00c8 D4BD2EF7 		.ascii	"\324\275.\367\211\205M\254l\340\023\312\306\030)\265"
 116      89854DAC 
 116      6CE013CA 
 116      C61829B5 
 117 00d8 3B03F641 		.ascii	";\003\366A\217\275\266\365\227\3454)\014P\011\322S="
 117      8FBDB6F5 
 117      97E53429 
 117      0C5009D2 
 117      533D
 118 00ea 7AA57C90 		.ascii	"z\245|\220?\177/K\371}\354\343\327\3600\002\023\014"
 118      3F7F2F4B 
 118      F97DECE3 
 118      D7F03002 
 118      130C
 119 00fc 98A20083 		.ascii	"\230\242\000\203\020\342&j\300\324!\304-\022\337\343"
 119      10E2266A 
 119      C0D421C4 
 119      2D12DFE3 
 120 010c 416A2908 		.ascii	"Aj)\010\336\347\254\017\027\333\000\277Xg{\357\315\343"
 120      DEE7AC0F 
 120      17DB00BF 
 120      58677BEF 
 120      CDE3
 121 011e A3743947 		.ascii	"\243t9G\312\267\200\224\340!\022\257])>C8y\227\220\323"
 121      CAB78094 
 121      E02112AF 
 121      5D293E43 
 121      38799790 
 122 0133 C63CEDDB 		.ascii	"\306<\355\333c\215/\335#\034U\007G\203\243h\022_\241"
 122      638D2FDD 
 122      231C5507 
 122      4783A368 
 122      125FA1
 123 0146 FF628349 		.ascii	"\377b\203I\265\355\215\367\0278\373\337\037\240\\\027"
 123      B5ED8DF7 
 123      1738FBDF 
 123      1FA05C17 
 124 0156 AD81FF0C 		.ascii	"\255\201\377\014gj\016q`\027\355z\247\321\2633\311\025"
 124      676A0E71 
 124      6017ED7A 
 124      A7D1B333 
 124      C915
 125 0168 AEB590CD 		.ascii	"\256\265\220\315\232\000<\304\207X\244\247P\376E\255"
 125      9A003CC4 
 125      8758A4A7 
 125      50FE45AD 
 126 0178 F1DA0470 		.ascii	"\361\332\004p\205\332-\256\250Udl\177\220Z\023\002\360"
 126      85DA2DAE 
 126      A855646C 
 126      7F905A13 
 126      02F0
 127 018a 39F2E041 		.ascii	"9\362\340Agb\337 \333\301\206\224~\261d\272%\275hz\246"
 127      6762DF20 
 127      DBC18694 
 127      7EB164BA 
 127      25BD687A 
 128 019f ABCF5A5E 		.ascii	"\253\317Z^v\356\222\2367,\243`\350\266\341\231%O\237"
 128      76EE929E 
 128      372CA360 
 128      E8B6E199 
 128      254F9F
 129 01b2 B6DCFCBC 		.ascii	"\266\334\374\274\341\232z\3125\012\245\242S\270L\312"
 129      E19A7ACA 
 129      350AA5A2 
 129      53B84CCA 
 130 01c2 E478E278 		.ascii	"\344x\342x\364\2749?\351\232F\316\231\363J\321I\307"
 130      F4BC393F 
 130      E99A46CE 
 130      99F34AD1 
 130      49C7
 131 01d4 F16CC720 		.ascii	"\361l\307 \022N\305b\372\224k]\015\006\317\244\316%"
 131      124EC562 
 131      FA946B5D 
 131      0D06CFA4 
 131      CE25
 132 01e6 E2C9F172 		.ascii	"\342\311\361r9}\366t2\335\357\3523nF/y\371D\334\016"
 132      397DF674 
 132      32DDEFEA 
 132      336E462F 
 132      79F944DC 
 133 01fb 88AC61A7 		.ascii	"\210\254a\247\255x&m\226c\031\020Y\202#S\026E1\354i"
 133      AD78266D 
 133      96631910 
 133      59822353 
 133      164531EC 
 134 0210 CBA6587F 		.ascii	"\313\246X\177\000VT\274\206"
 134      005654BC 
 134      86
 135              		.text
 136              		.section	.gnu.lto_HAL_I2CEx_EnableWakeUp.134.c8484e6a972ff102,"e",%progbits
 137 0000 789C5550 		.ascii	"x\234UPMh\023A\024~\357\315\354fki\016\212\"\236\012"
 137      4D681341 
 137      147EEFCD 
 137      EC666B69 
 137      0E8A229E 
 138 0015 9E0493C1 		.ascii	"\236\004\223\301\244\212\340\245V\021\017\321K\3429"
 138      A48AE0A5 
 138      56110FD1 
 138      4BE239
 139 0024 AC7169D6 		.ascii	"\254qi\326f\263\351\356\326\006J\3104?\227(\310*\"="
 139      66B3E9EE 
 139      D6064AC8 
 139      343F9728 
 139      C82A223D 
 140 0038 8ADA93E0 		.ascii	"\212\332\223\340!\027[5\304(\236*\2127\361\242\007\005"
 140      21175B35 
 140      C4289E2A 
 140      8A37F1A2 
 140      0705
 141 004a F1245E5A 		.ascii	"\361$^Z\320\352l\022\020\017\003\337\314\367\363\276"
 141      D0EA6C12 
 141      100F03DF 
 141      CCF7F3BE 
 142 005a 375711E0 		.ascii	"7W\021\340.\000\344\324A\035\360V\330!\220R\316\306"
 142      2E00E4D4 
 142      411DF056 
 142      D8219052 
 142      CEC6
 143 006c 889AE175 		.ascii	"\210\232\341u\302\247\330\375\272u\204\267\303\370\233"
 143      C2A7D8FD 
 143      BA7584B7 
 143      C3F89B
 144 007b B5EE01CE 		.ascii	"\265\356\001\316\250\035N~\\\3779\305[a\374\341\207"
 144      A81D4E7E 
 144      5CFF39C5 
 144      5B61FCE1 
 144      87
 145 008c 1B29CEF1 		.ascii	"\033)\316\361\2161rh\270\032\356\031\"\204:1\256a\035"
 145      8E317268 
 145      B81AEE19 
 145      22843A31 
 145      AE611D
 146 009f D799E84B 		.ascii	"\327\231\350K\271\375\345\273\374qt\320l\037\254C\355"
 146      B9FDE5BB 
 146      FC7174D0 
 146      6C1FAC43 
 146      ED
 147 00b0 784ACD02 		.ascii	"xJ\315\002\015\365}\250$\372~\234\326\320\270\215\220"
 147      0DF57DA8 
 147      24FA7E9C 
 147      D6D0B88D 
 147      90
 148 00c1 50C277BF 		.ascii	"P\302w\277\237I9\001+\233X\333\300'\252\033\221\322"
 148      9F493901 
 148      2B9B58DB 
 148      C027AA1B 
 148      91D2
 149 00d3 4E02D4A2 		.ascii	"N\002\324\242~\352<~\257}\222\277\376\334\224\362\355"
 149      7EEA3C7E 
 149      AF7D92BF 
 149      FEDC94F2 
 149      ED
 150 00e4 C9CFBBF1 		.ascii	"\311\317\273\361\011\004b\004\3045 \210!n\242\001\244"
 150      09046204 
 150      C4352088 
 150      216EA201 
 150      A4
 151 00f5 01DC6751 		.ascii	"\001\334gQ%\311\225\345\001\243\021\\\355\003\354\322"
 151      25C995E5 
 151      01A3115C 
 151      ED03ECD2 
 152 0105 A0B7F3BA 		.ascii	"\240\267\363\272{X\255\305P\015_AU\344\021*\336\360"
 152      7B58ADC5 
 152      500D5F41 
 152      55E4112A 
 152      DEF0
 153 0117 2BCF114E 		.ascii	"+\317\021N\334Sh\261\207\256\032\265C\255o/\0171\324"
 153      DC5368B1 
 153      87AE1AB5 
 153      43AD6F2F 
 153      0F31D4
 154 012a 17713A6A 		.ascii	"\027q:j\254\222\330\232\372\014\032'5z\033[YF\377\373"
 154      AC92D89A 
 154      FA0C1A27 
 154      357A1B5B 
 154      5946FFFB 
 155 013e 23E4BCC0 		.ascii	"#\344\274\300\205\261\377\014#\335A\034\333y\2779h\015"
 155      85B1FF0C 
 155      23DD411C 
 155      DB79BF39 
 155      680D
 156 0150 ED241967 		.ascii	"\355$\031gF\007\311\236\007`1\232\032\362\332\277\242"
 156      4607C99E 
 156      0760319A 
 156      1AF2DABF 
 156      A2
 157 0161 0DD69805 		.ascii	"\015\326\230\005\2466\201\016\323\364:\022\355\215:"
 157      A636810E 
 157      D3F43A12 
 157      ED8D3A
 158 0170 1B9C03BE 		.ascii	"\033\234\003\276B\026]\324\22282\310~\224\237\023\227"
 158      42165DD4 
 158      923832C8 
 158      7E949F13 
 158      97
 159 0181 7CCBF345 		.ascii	"|\313\363E\305\012,O\314\333Aq\351\262pL\333,\233\242"
 159      C50A2C4F 
 159      CCDB4171 
 159      E9B2704C 
 159      DB2C9BA2 
 160 0195 6406961F 		.ascii	"d\006\226\037\210s\266\347,\233\236%r\236Y\366+n\371"
 160      8873B6E7 
 160      2C9B9E25 
 160      729E59F6 
 160      2B6EF9
 161 01a8 8A526666 		.ascii	"\212Rff\322\307\022\027\255\3459\3172\027\334\245\300"
 161      D2C71217 
 161      ADE539CF 
 161      3217DCA5 
 161      C0
 162 01b9 4FCCB96E 		.ascii	"O\314\271nPrME\302\251dR\234\365\354kQp6w!\235\312\314"
 162      50724D45 
 162      C2A96452 
 162      9CF5EC6B 
 162      51703677 
 163 01d1 54ABF9F3 		.ascii	"T\253\371\363\2473\371\321\253\310z\005\341\007N:U\212"
 163      A733F9D1 
 163      ABC87A05 
 163      E1074E3A 
 163      558A
 164 01e3 88A259CA 		.ascii	"\210\242Y\312\333\251B\336\252&\013\300\213\012\376"
 164      DBA942DE 
 164      AA260BC0 
 164      8B0AFE
 165 01f2 05549AAD 		.ascii	"\005T\232\2552"
 165      32
 166              		.text
 167              		.section	.gnu.lto_HAL_I2CEx_DisableWakeUp.135.c8484e6a972ff102,"e",%progbits
 168 0000 789C5550 		.ascii	"x\234UPMh\023A\024~\357\315\354fki\017\025E<\025<\011"
 168      4D681341 
 168      147EEFCD 
 168      EC666B69 
 168      0F15453C 
 169 0017 26839BEA 		.ascii	"&\203\233\352E\204ZE<D/\211\347\260\306\245Y\233d\323"
 169      45845A45 
 169      3C442F89 
 169      E7B0C6A5 
 169      599B64D3 
 170 002b DDAD0D94 		.ascii	"\335\255\015\224\220i~.Q\220UD\012^D\355I\360\220\213"
 170      90697E2E 
 170      51905544 
 170      0A5E44ED 
 170      49F0908B 
 171 003f AD1A6214 		.ascii	"\255\032b\024\274(\2107\361\242\007\005\021T\360b@\252"
 171      BC288837 
 171      F1A20705 
 171      1154F062 
 171      40AA
 172 0051 B349403C 		.ascii	"\263I@<\014|3\337\317\373\336\\B\200[\000\220Q\007u"
 172      0C7C33DF 
 172      CFFBDE5C 
 172      42805B00 
 172      90510775 
 173 0065 C0EB619B 		.ascii	"\300\353a\233@J9\037#j\204W\010\037c\347\363\253\203"
 173      404A391F 
 173      236A8457 
 173      081F63E7 
 173      F3AB83
 174 0078 BC154EBF 		.ascii	"\274\025N\277\336\350\354\345\214Z\341\344\373\315\237"
 174      DEE8ECE5 
 174      8C5AE1E4 
 174      FBCD9F
 175 0087 53BC194E 		.ascii	"S\274\031N\337\177w\325\344\034o\032#\207\206\353\341"
 175      DF7F77D5 
 175      E41C6F1A 
 175      238786EB 
 175      E1
 176 0098 AE2142A8 		.ascii	"\256!B\250\021\343\032\326p\223\211\236\224\277>}\375"
 176      11E31AD6 
 176      7093899E 
 176      94BF3E7D 
 176      FD
 177 00a9 3138D46F 		.ascii	"18\324o\264\366\325\240z\304T\263@C}7*\211\276\007g"
 177      B4F6D5A0 
 177      7AC454B3 
 177      40437D37 
 177      2A89BE07 
 178 00be 35346E20 		.ascii	"54n \304\225\360\315\316\023)'`m\033\253[\370Hu#R\332"
 178      C495F0CD 
 178      CE132927 
 178      606D1BAB 
 178      5BF84875 
 179 00d5 49806AD4 		.ascii	"I\200j\324O\235\207o\265\017\362\367\237kR\276<\376"
 179      4F9D876F 
 179      B50FF2F7 
 179      9F6B52BE 
 179      3CFE
 180 00e7 F1F6CC04 		.ascii	"\361\366\314\004\0021\002\342\032\020\304\020\267\321"
 180      023102E2 
 180      1A10C410 
 180      B7D1
 181 00f5 00D200EE 		.ascii	"\000\322\000\356\262\250\222\344\312r\217\321\010\256"
 181      B2A892E4 
 181      CA728FD1 
 181      08AE
 182 0103 F70076A8 		.ascii	"\367\000v\250\337\335\372\3269\240\326b\250\206\257"
 182      DFDDFAD6 
 182      39A0D662 
 182      A886AF
 183 0112 A12AF200 		.ascii	"\241*\362\000\025o\370\345\247\010G\357(\264\334EW\215"
 183      156FF8E5 
 183      A70847EF 
 183      28B4DC45 
 183      578D
 184 0124 1A50F3CB 		.ascii	"\032P\363\313\363\375\014\365e\234\215\032\253$\266"
 184      F3FD0CF5 
 184      659C8D1A 
 184      AB24B6
 185 0133 A13E83C6 		.ascii	"\241>\203\306I\365\356\340{\232\321\377\376\010\025"
 185      49F5EEE0 
 185      7B9AD1FF 
 185      FE0815
 186 0142 9FE1D2D8 		.ascii	"\237\341\322\330\177\222\221^D\034\333y\257\321o\016"
 186      7F92915E 
 186      441CDB79 
 186      AFD16F0E 
 187 0152 ED241967 		.ascii	"\355$\031gF\033\311Y\004`1\232\032\362\332\277\242u"
 187      461BC959 
 187      0460319A 
 187      1AF2DABF 
 187      A275
 188 0164 569F07A6 		.ascii	"V\237\007\2466\2016\323\364\032\022\315D\235\015\316"
 188      368136D3 
 188      F41A12CD 
 188      449D0DCE 
 189 0174 015F208B 		.ascii	"\001_ \213.jI\034\031d/\312\317\210\363\276\355\371"
 189      2E6A491C 
 189      19642FCA 
 189      CF88F3BE 
 189      EDF9
 190 0186 A26C07B6 		.ascii	"\242l\007\266'\026\235 \277rA\024-\307*Y\242`\005\266"
 190      27169D20 
 190      BF724114 
 190      2DC72A59 
 190      A26005B6 
 191 019a 1F88D38E 		.ascii	"\037\210\323\216W\\\265<[d<\253\344\227\335\322E\245"
 191      575CB53C 
 191      5B643CAB 
 191      E497DDD2 
 191      45A5
 192 01ac 4CCD250F 		.ascii	"L\315%\017\307\317\331\253\013\236m-\271+\201\037_p"
 192      C7CFD9AB 
 192      0B9E6D2D 
 192      B92B811F 
 192      5F70
 193 01be DDA0E05A 		.ascii	"\335\240\340Z\212\204c\211\2048\3459\227\243\340t\346"
 193      8A846389 
 193      8438E539 
 193      97A3E074 
 193      E6
 194 01cf 6CD24CCD 		.ascii	"l\322L\315U*\3313'R\331\321\253H{9\341\007\305\244Y"
 194      552AD933 
 194      2752D9D1 
 194      AB487B39 
 194      E107C5A4 
 195 01e4 8888BC55 		.ascii	"\210\210\274U\310:f.kW\0229\340y\005\377\002\361\276"
 195      C83A662E 
 195      6B571239 
 195      E07905FF 
 195      02F1BE
 196 01f7 AD95     		.ascii	"\255\225"
 197              		.text
 198              		.section	.gnu.lto_HAL_I2CEx_EnableFastModePlus.136.c8484e6a972ff102,"e",%progbits
 199 0000 789C6D51 		.ascii	"x\234mQMh\023A\024~ogwm\032\274X=x\023\274\010\222\014"
 199      4D681341 
 199      147E6F67 
 199      776D1ABC 
 199      583D7813 
 200 0018 26C58B17 		.ascii	"&\305\213\027\255R\004S\021\022\317aL\307tq7\233\356"
 200      AD520453 
 200      1112CF61 
 200      4CC77471 
 200      379BEE
 201 002b 6E4CA048 		.ascii	"nL\240H\246UPr\321\252\330zS*\305C\301\213\007\255m"
 201      A6555072 
 201      D1AAD87A 
 201      532AC543 
 201      C18B07AD 
 202 0040 8C15F10F 		.ascii	"\214\025\361\017A\274x\021l\017=\250\027\021\017\012"
 202      41BC7811 
 202      6C0F3DA8 
 202      17110F0A 
 203 0050 A2BED910 		.ascii	"\242\276\331\020*\322a\277\341\275\231\357}\363\275"
 203      2AD261BF 
 203      E1BD99EF 
 203      7DF3BD
 204 005f B7DF1160 		.ascii	"\267\337\021`\001\000v\023\220\001^\235n\031\240\224"
 204      01007613 
 204      90015E9D 
 204      6E19A094 
 205 006f 3AB8C5C0 		.ascii	":\270\305\300\311\351V\002\037a\234!4\015l\342<\343"
 205      C9E95602 
 205      1F619C21 
 205      340D6CE2 
 205      3CE3
 206 0081 94FE58FF 		.ascii	"\224\376X\377ref\247\272\333\301\317\000M\210\227\205"
 206      726566A7 
 206      BADBC1CF 
 206      004D8897 
 206      85
 207 0092 F6009AB4 		.ascii	"\366\000\232\264\357\300]\026\366]CHu\224z\373aI\251"
 207      EFC05D16 
 207      F65D4348 
 207      75947AFB 
 207      6149A9
 208 00a5 049C5BC4 		.ascii	"\004\234[\304\346C|@o\031\004H\306UH\264y\244\302\275"
 208      E6437C40 
 208      6F190448 
 208      C65548B4 
 208      79A4C2BD 
 209 00b9 6B4A7D7D 		.ascii	"kJ}}\374\251\361B\231\023\313=bLk#,Q\254?\\\306{\357"
 209      FCA9F142 
 209      9913CB3D 
 209      624C6B23 
 209      2C51AC3F 
 210 00d1 AC55F5EB 		.ascii	"\254U\365\353\317e\245\336\037[\2731\260\025\301`\006"
 210      CF65A5DE 
 210      1F5BBB31 
 210      B015C160 
 210      06
 211 00e2 81114C82 		.ascii	"\201\021L\202E\260\011\375\204$\342\"\225\3151\335\214"
 211      45B009FD 
 211      8424E222 
 211      95CD31DD 
 211      8C
 212 00f3 3229BCC3 		.ascii	"2)\274\303\214n8\331\001\370m\254\264\177~\274o`\033"
 212      8C6E38D9 
 212      01F86DAC 
 212      B47F7EBC 
 212      6F601B
 213 0106 19F9B0EB 		.ascii	"\031\371\260\353\332\007\355\352\326%EM,\350\246\373"
 213      DA07EDEA 
 213      D625454D 
 213      2CE8A6FB 
 214 0116 6A4FB083 		.ascii	"jO\260\203\260\3776\205\023+\030\202.;\177\375\"2\203"
 214      B0FF3685 
 214      132B1882 
 214      2E3B7FFD 
 214      223283
 215 0129 A1BD0751 		.ascii	"\241\275\007Q\253|k\341f\364g\232N\346\364;\011\306"
 215      AB7C6BE1 
 215      66F4679A 
 215      4EE6F43B 
 215      09C6
 216 013b 36A33CEF 		.ascii	"6\243<\357)\316\222\242\311\030>\355\011R\253\324\017"
 216      29CE92A2 
 216      C9183EED 
 216      0952ABD4 
 216      0F
 217 014c C5B309D6 		.ascii	"\305\263\011\326OI\254rs};\375\013f\221\315\361\330"
 217      4F49AC72 
 217      737D3BFD 
 217      0B6691CD 
 217      F1D8
 218 015e EC38295E 		.ascii	"\3548)^\3300\353\277\302\227=\351\327\350m\230\265\231"
 218      D830EBBF 
 218      C2973DE9 
 218      D7E86D98 
 218      B599
 219 0170 C592FF59 		.ascii	"\305\222\377Y\375\227\374F\223inSlju&\037\017~\216a"
 219      FD97FC46 
 219      93696E53 
 219      6C6A7526 
 219      1F0F7E8E 
 220 0185 7754AAA3 		.ascii	"wT\252\243\323\002?\031\312 \344U\031\311\200\227\235"
 220      D3023F19 
 220      CA20E455 
 220      19C98097 
 220      9D
 221 0196 68AC768A 		.ascii	"h\254v\212{\302\021\025\301]\021\3110\342\303N\340\325"
 221      7BC21115 
 221      C15D11C9 
 221      30E2C34E 
 221      E0D5
 222 01a8 45207921 		.ascii	"E y!\020\225\260\352WF\211\231\033\314\356K\035\227"
 222      1095B0EA 
 222      57468999 
 222      1BCCEE4B 
 222      1D97
 223 01ba F5A1408A 		.ascii	"\365\241@\2123~-\012SC\276\037\271\276\240K8\220N\363"
 223      337E2D0A 
 223      5343BE1F 
 223      B9BEA04B 
 223      38904EF3 
 224 01ce 23817356 		.ascii	"#\201sV\013\347\013#\331Ln\260\321(\036=\224+vOy>(\361"
 224      0BE70B23 
 224      D94C6EB0 
 224      D1281E3D 
 224      942B764F 
 225 01e6 30F2B219 		.ascii	"0\362\262\031W_\214\011\267\350dJE\331H\227`\333a\277"
 225      575F8C09 
 225      B7E8644A 
 225      45D94897 
 225      60DB61BF 
 226 01fa 72DA290F 		.ascii	"r\332)\017\2130\032\361G\345\011\267\026\332\221W\015"
 226      8B301AF1 
 226      47E509B7 
 226      16DA9157 
 226      0D
 227 020b 64F92FD6 		.ascii	"d\371/\326\371\320\323"
 227      F9D0D3
 228              		.text
 229              		.section	.gnu.lto_HAL_I2CEx_DisableFastModePlus.137.c8484e6a972ff102,"e",%progbits
 230 0000 789C6D51 		.ascii	"x\234mQMh\023A\024~ofw\323\220\342\301?\360&x\021$\031"
 230      4D681341 
 230      147E6F66 
 230      77D390E2 
 230      C13FF026 
 231 0018 4C8A172F 		.ascii	"L\212\027/\266J\361\220\026\241\321kX\3235]L\262\351"
 231      B64AF190 
 231      16A1D16B 
 231      58D3355D 
 231      4CB2E9
 232 002b EEA60914 		.ascii	"\356\246\011\024\3114\012J.\032\365P\004A\251\024\017"
 232      C9340A4A 
 232      2E1AF550 
 232      0441A914 
 232      0F
 233 003c 052F1E6C 		.ascii	"\005/\036lm\303Z\021\377\020\304\233\007!=xP/\342\311"
 233      6DC35A11 
 233      FF10C49B 
 233      07213D78 
 233      502FE2C9 
 234 0050 43697CB3 		.ascii	"Ci|\263aQ\241\313|\303{;\337\373\346{o8\003X\001\200"
 234      6151A1CB 
 234      7CC37B3B 
 234      DFFBE67B 
 234      6F380358 
 235 0066 2304E480 		.ascii	"#\004\344\200\267;m\006R\312S1\206\013\235v\034\237"
 235      B73B6D06 
 235      52CA5331 
 235      860B9D76 
 235      1C9F
 236 0078 63982134 		.ascii	"c\230!4\0316q\231\013J\177\177\375\321\273\177H>\016"
 236      19367199 
 236      0B4A7F7F 
 236      FDD1BB7F 
 236      483E0E
 237 008b F03B4013 		.ascii	"\360;@\023\302OGc\037j\264\037\300\303:\016\335AH\006"
 237      C24F4763 
 237      1F6AB41F 
 237      C0C33A0E 
 237      DD414806 
 238 009f 527EFCB2 		.ascii	"R~\374\262.e\034\256\254as\025\237!\000#@\"\254B\242"
 238      2E651CAE 
 238      AC617315 
 238      9F210023 
 238      4022AC42 
 239 00b4 2D23151E 		.ascii	"-#\025\036\333\222\362\347\366\267\306\033\251\315o"
 239      DB92F2E7 
 239      F6B7C61B 
 239      A9CD6F
 240 00c3 44C490D6 		.ascii	"D\304\220\326EX\247X-\334\300'\237\364\236\334\356\337"
 240      4558A758 
 240      2DDCC027 
 240      9FF49EDC 
 240      EEDF
 241 00d5 94B23FB9 		.ascii	"\224\262?\271u\353\340\036\004\306\031\201\0234\202"
 241      75EBE01E 
 241      04C61981 
 241      133482
 242 00e4 4E300831 		.ascii	"N0\0101B\2020\214\270F\245K\\5$5\012\037q6\010\027\002"
 242      4282308C 
 242      B846A54B 
 242      5C352435 
 242      0A1F7136 
 243 00fb 801DB6D9 		.ascii	"\200\035\266\331]\335y\312\260\213\234\274\030u\345"
 243      5DDD79CA 
 243      B08B9CBC 
 243      1875E5
 244 010a 8576F9E0 		.ascii	"\205v\371\340\206\244FVT\343C\265\027\030 \234xH\341"
 244      86A44656 
 244      54E343B5 
 244      1718209C 
 244      7848E1
 245 011d FC267AA0 		.ascii	"\374&z\240\312\256\336\275\216\234q4\216\"*\225_m\334"
 245      CAAEDEBD 
 245      8E9C7134 
 245      8E222A95 
 245      5F6DDC
 246 0130 8DFE4AD1 		.ascii	"\215\376J\321\311\240\272'\316\371n\224\327\221\342"
 246      C9A0BA27 
 246      CEF96E94 
 246      D791E2
 247 013f 22296A9C 		.ascii	"\")j\234\343\313H\220\332\245\236(^\214\363\004%\241"
 247      E3CB4890 
 247      DAA59E28 
 247      5E8CF304 
 247      25A1
 248 0151 CAE7FE7E 		.ascii	"\312\347\376~z\017\256\223\315\331\320\354,)^\373k\326"
 248      7A0FAE93 
 248      CDD9D0EC 
 248      2C295EFB 
 248      6BD6
 249 0163 79876F23 		.ascii	"y\207o#\351\367X\016\245[\367H\332\340\303\321-1\256"
 249      E9F7580E 
 249      A55BF748 
 249      DAE0C3D1 
 249      2D31AE
 250 0176 D390FE77 		.ascii	"\323\220\376w\375o\335\007UG#l\361V\257s!|\207%\216"
 250      FD6FDD07 
 250      5547236C 
 250      F156AF73 
 250      217C8725 
 251 018b 83A9C940 		.ascii	"\203\251\311@\2459q\336\263\\OT-\337rE\321\366gj\027"
 251      A53971DE 
 251      B35C4F54 
 251      2DDF7245 
 251      D1F6676A 
 252 01a0 45D9B4CD 		.ascii	"E\331\264\315\212)J\246oy\276\030\267\335r\335t-\221"
 252      8A294AA6 
 252      6F79BE18 
 252      B7DD72DD 
 252      742D91
 253 01b3 73CD8A57 		.ascii	"s\315\212Wu*\323\304\314\216d\216''\255\372\230k\231"
 253      752AD3C4 
 253      CC8E648E 
 253      2727ADFA 
 253      986B99
 254 01c6 979D9AEF 		.ascii	"\227\235\232\357%\307\034\307/9&\035\302\311TJ\234q"
 254      25C71CC7 
 254      2F39261D 
 254      C2C9544A 
 254      9C71
 255 01d8 ED39253C 		.ascii	"\3559%<\225\233\310\244\263#\215F\376\354h6?\370+\246"
 255      959BC8A4 
 255      B3238D46 
 255      FEEC6836 
 255      3FF82BA6 
 256 01ec DC82F0FC 		.ascii	"\334\202\360\374r&]R\0073f)o\247\013y\253\221*\300\336"
 256      72265D52 
 256      07336629 
 256      6FA70B79 
 256      AB912AC0 
 257 0201 D34EE592 		.ascii	"\323N\345\222]\0347=\177\302\231\266\316\225j\236\341"
 257      5D1C373D 
 257      7FC299B6 
 257      CE956A9E 
 257      E1
 258 0212 97ABAE55 		.ascii	"\227\253\256U\374\0036\347\323\242"
 258      FC0336E7 
 258      D3A2
 259              		.text
 260              		.section	.gnu.lto_HAL_I2CEx_ConfigAnalogFilter.part.0.138.c8484e6a972ff102,"e",%progbits
 261 0000 789C7592 		.ascii	"x\234u\222]H\024Q\024\307\317\23133\273\353.\024\206"
 261      5D481451 
 261      14C7CF99 
 261      3333BBEB 
 261      2E1486
 262 0013 D0A35081 		.ascii	"\320\243P\201\017\351\320j=\324\213JH\017\026\210\366"
 262      0FE9D06A 
 262      3DD48B4A 
 262      480F1688 
 262      F6
 263 0024 18CBB40D 		.ascii	"\030\313\264\015:\270\0372;\233\232\311\336\224\020"
 263      3AB81F32 
 263      3B9B9AC9 
 263      DE9410
 264 0033 B6875CF4 		.ascii	"\266\207\\\364\301\007\251$\211\210 zJ+\374\014\372"
 264      C107A924 
 264      8988207A 
 264      4A2BFC0C 
 264      FA
 265 0044 002922A2 		.ascii	"\000)\"\242\250\310\227@\010\012\302RA\334\316\235\365"
 265      A8C89740 
 265      080AC252 
 265      41DCCE9D 
 265      F5
 266 0055 23368439 		.ascii	"#6\2049w\016\377\373?\277\373qn\005\001\214\003\300"
 266      770EFFFB 
 266      3FBFFB71 
 266      6E05018C 
 266      03C0
 267 0067 710ED400 		.ascii	"q\016\324\000\207\375 \204\250\365\251X\352\375\025"
 267      87FD2084 
 267      A8F5A958 
 267      EAFD15
 268 0076 1CCA6557 		.ascii	"\034\312eWnN\2508\213\236@x%\227U\012&\204\214\252\020"
 268      6E4EA838 
 268      8B9E4078 
 268      2597550A 
 268      26848CAA 
 269 008b 66F00E69 		.ascii	"f\360\016ih\314\010\261\372\355\373\340\344\341\271"
 269      68CC08B1 
 269      FAEDFBE0 
 269      E4E1B9
 270 009a FEABFB33 		.ascii	"\376\253\3733\320{4\314L\220\362\340\350\335\031\314"
 270      D07B34CC 
 270      4C90F2E0 
 270      E8DD19CC 
 271 00aa 400F2B8F 		.ascii	"@\017+\217\020@C}\037\252<\226a\271\206\376!d\245\222"
 271      1040437D 
 271      1FAA3C96 
 271      61B986FE 
 271      2164A592 
 272 00be 6D6FAECD 		.ascii	"mo\256\315\017\210\275j\367\023\354}\214\223lT\010\244"
 272      0F88BD6A 
 272      F713EC7D 
 272      8C936C54 
 272      08A4
 273 00d0 3E7843CC 		.ascii	">xC\314H\265\307S\237\"\313\\6\262]v\317+\353\234\332"
 273      48B5C753 
 273      9F22CB5C 
 273      36B25D76 
 273      CF2BEB9C 
 274 00e5 2E5377CA 		.ascii	".Sw\312X-\224M#\313r\355 @/\000\217=\263\354\345\017"
 274      582D944D 
 274      23CB72ED 
 274      20402F00 
 274      8F3DB3EC 
 275 00fb 1EBCD56E 		.ascii	"\036\274\325n\211\365\374u!F\017\224\226!\"/\001\212"
 275      89F5FC75 
 275      21460F94 
 275      9621222F 
 275      018A
 276 010d 46A0E82A 		.ascii	"F\240\350*\207\306\241s\3708\374\210\323\030\340\244"
 276      87C6A173 
 276      F838FC88 
 276      D318E0A4 
 277 011d 8423C811 		.ascii	"\204#\310\021\002\305\007p\233\344\205\010\025e\252"
 277      02C50770 
 277      9BE48508 
 277      1565AA
 278 012c 16528271 		.ascii	"\026R\202qR\266\322\015eny\342G\356\020\337\"\237\273"
 278      52B6D20D 
 278      656E79E2 
 278      47EE10DF 
 278      229FBB
 279 013f 5B6EFD3E 		.ascii	"[n\375>B\362\362<\302\2611!\226B\361g\330\016\240\333"
 279      42F2F23C 
 279      C2B13121 
 279      9642F167 
 279      D80EA0DB 
 280 0153 7890BD7D 		.ascii	"x\220\275}Sk?\233H\371\307\303\030\177\3729\266\362"
 280      536B3F9B 
 280      48F9C7C3 
 280      187FFA39 
 280      B6F2
 281 0165 6E193515 		.ascii	"n\0315\025 \276p=\275\211\261.\275,`\374\321Whz\226"
 281      20BE703D 
 281      BD89B12E 
 281      BD2C60FC 
 281      D157687A 
 282 017a FE910124 		.ascii	"\376\221\001$\225H\257\300\215|>\277GV\375\312b\261"
 282      9548AFC0 
 282      8D7C3EBF 
 282      4756FDCA 
 282      62B1
 283 018c 7D41DA49 		.ascii	"}A\332I\365\230\223\277\037j\244\025;^\357\000\027\030"
 283      F59893BF 
 283      1F6AA415 
 283      3B5EEF00 
 283      1718
 284 019e 471A13F3 		.ascii	"G\032\023\363_w#.\225E\337zH\335C~\374\203\344+&\276"
 284      5F77232E 
 284      9545DF7A 
 284      48DD437E 
 284      FC83E42B 
 285 01b4 DB220E4B 		.ascii	"\333\"\016Kb\200|\344\337\215\365\336c\005<\326\332"
 285      62807CE4 
 285      DF8DF5DE 
 285      63053CD6 
 285      DA
 286 01c5 4A139514 		.ascii	"J\023\225\024\263>\354\260\220\202T\302\233\303]\216"
 286      B33EECB0 
 286      908254C2 
 286      9BC35D8E 
 287 01d5 FAC96305 		.ascii	"\372\311c\005\275N\254\256\347\264\377\032\360e\263"
 287      BD4EACAE 
 287      E7B4FF1A 
 287      F065B3
 288 01e4 01E5B201 		.ascii	"\001\345\262\001\313\023\033ME\327\037Y\304sl\210p\217"
 288      CB131B4D 
 288      45D71F59 
 288      C4736C88 
 288      708F
 289 01f6 C748BCF8 		.ascii	"\307H\274\370\234_\224og\234h\253\307}\324W\013\024"
 289      9C5F946F 
 289      679C68AB 
 289      C77DD457 
 289      0B14
 290 0208 62314B21 		.ascii	"b1K!=\203\240\224r\273\371A`\301\241\360L\213q6e9)\243"
 290      3D83A094 
 290      72BBF941 
 290      60C1A1F0 
 290      4C8B7136 
 291 0220 C3722DC7 		.ascii	"\303r-\307h\265\335\266\364y#n\332f\3024b\246k\245\\"
 291      68B5DDB6 
 291      F479236E 
 291      DA66C234 
 291      62A66BA5 
 292 0235 A3C176E2 		.ascii	"\243\301v\342\235\246c\031-\216\231Hu$\023\027\330\331"
 292      9DA66319 
 292      2D8E9948 
 292      75241317 
 292      D8D9
 293 0247 58537DA4 		.ascii	"XS}\244\362\214\325Y\357Xf{2\355\246*\353\223I7\226"
 293      F28CD559 
 293      EF58667B 
 293      32EDA62A 
 293      EB934937 
 294 025c 3479124E 		.ascii	"4y\022NTU\031'\035\373\242\0047\267\234\256\0167\326"
 294      54551927 
 294      1DFBA204 
 294      37B79CAE 
 294      0E37D6
 295 026f 7475454E 		.ascii	"tuEN\3255F\012\252\321\354D\215\224\033\257\016\307"
 295      D535460A 
 295      AAD1EC44 
 295      8D941BAF 
 295      0EC7
 296 0281 E4449B19 		.ascii	"\344D\233\031\213\330\341h\304\352\252\212\202\332\306"
 296      8BD8E168 
 296      C4EAAA8A 
 296      82DAC6
 297 0290 69A82E61 		.ascii	"i\250.a\306\222\255\015v\214w\365\027|\0271p"
 297      C692AD0D 
 297      768C77F5 
 297      177C1731 
 297      70
 298              		.text
 299              		.section	.gnu.lto_HAL_I2CEx_ConfigDigitalFilter.part.0.139.c8484e6a972ff102,"e",%progbits
 300 0000 789C7552 		.ascii	"x\234uR]H\024Q\024>g\356\354\354\254\273aXBO\341CA`"
 300      5D481451 
 300      143E67EE 
 300      ECECACBB 
 300      6158424F 
 301 0018 3AA41651 		.ascii	":\244\026Q\020&\"=X\017j\217\261L\333\240\213\273\256"
 301      1026223D 
 301      580F6A8F 
 301      B14CDBA0 
 301      8BBBAE
 302 002b CCCEB6FE 		.ascii	"\314\316\266\376$;j\266\260\004\371\367\340\203T\222"
 302      243B6AB6 
 302      B004F9F7 
 302      E0835492 
 303 003b 88D0528F 		.ascii	"\210\320R\217\251\205\332\256TD\201\030T`VB\202\320"
 303      A985DAAE 
 303      54448118 
 303      54605642 
 303      82D0
 304 004d 0F11420A 		.ascii	"\017\021B\012\342v\356\254\253i\004{g\316|\347;\337"
 304      E276EEAC 
 304      AB69047B 
 304      67CE7CE7 
 304      3BDF
 305 005f 39F73B5B 		.ascii	"9\367;[\316\000\342\000p\212\016\332\000\373e0M\263"
 305      CE00E200 
 305      708A0EDA 
 305      00FB6530 
 305      4DB3
 306 0071 D42E628E 		.ascii	"\324.b\216\365\026\260\257'\366\356\301\230\2103h\001"
 306      F516B0AF 
 306      27F6EEC1 
 306      98883368 
 306      01
 307 0082 0CDB7B62 		.ascii	"\014\333{bB\232\204\020\021\005\206\021\034a6T\246M"
 307      429A8410 
 307      11058611 
 307      1C613654 
 307      A64D
 308 0094 7375E9EB 		.ascii	"su\351\353\354\233\243\211\316\256\003\021h;^D\232\300"
 308      EC9BA389 
 308      CEAE0311 
 308      683B5E44 
 308      9AC0
 309 00a6 E1EEC1D1 		.ascii	"\341\356\301\321i\214@+!\217\020\300\206\322>\024\351"
 309      698C402B 
 309      218F10C0 
 309      86D23E14 
 309      E9
 310 00b7 998B7936 		.ascii	"\231\213y6\224\373\220\220\002\242\315\336LF\315\275"
 310      94FB9090 
 310      02A2CDDE 
 310      4C46CDBD 
 311 00c7 62F3636C 		.ascii	"b\363cl\233\300q\"\012\0148\336}\333\234\346h\253\205"
 311      9BC07122 
 311      0A0C38DE 
 311      7DDB9CE6 
 311      68AB85
 312 00da 3E4182A9 		.ascii	">A\202\251l`\253\354\276U\026\236\334*\023\267\313\010"
 312      6C60ABEC 
 312      BE55169E 
 312      DC2A13B7 
 312      CB08
 313 00ec 4D974D21 		.ascii	"M\227M!\301\274\267\023\240\215\277\345\021.\220O\304"
 313      C1BCB713 
 313      A08DBFE5 
 313      112E904F 
 313      C4
 314 00fd 9F77BAA2 		.ascii	"\237w\272\242\331\335\355r8\221Q\260\210\371\233\032"
 314      D9DDED72 
 314      389151B0 
 314      88F99B1A 
 315 010d D7F38032 		.ascii	"\327\363\2002i\225$O:a\006\241\365)\205\374\207I|8g"
 315      6995244F 
 315      3A6106A1 
 315      F52985FC 
 315      87497C38 
 316 0122 BB6BAEA7 		.ascii	"\273k\256\247n\231\346\340\231\234\375\210H3\202`c "
 316      6E99E6E0 
 316      999CFD88 
 316      48338260 
 316      6320
 317 0134 48221DB2 		.ascii	"H\"\035\2625\211\022\177\330\021\247P&\310\301\277\262"
 317      3589127F 
 317      D811A750 
 317      26C8C1BF 
 317      B2
 318 0145 2870D271 		.ascii	"(p\322q\201`\007\270\307\270\251\246\210<\024\323!\203"
 318      816007B8 
 318      C7B8A9A6 
 318      883C14D3 
 318      2183
 319 0157 612664C2 		.ascii	"a&d\302\015!\2612\266\320{\2306A\3365\363\351\343\010"
 319      0D21B132 
 319      B6D07B98 
 319      3641DE35 
 319      F3E9E308 
 320 016b 816BCF10 		.ascii	"\201k\317\020N\014\231\346\262\313\377\034\353\001$"
 320      4E0C99E6 
 320      B2CBFF1C 
 320      EB0124
 321 017a 2F1E226E 		.ascii	"/\036\"n\307\344\332\307*&\374\305!\0319\364\022k\351"
 321      C7E4DAC7 
 321      2A26FCC5 
 321      211939F4 
 321      126BE9
 322 018d 062435E9 		.ascii	"\006$5\351`\2644)\264)\243\265\274J\313\310\236\327"
 322      60B43429 
 322      B429A3B5 
 322      BC4ACBC8 
 322      9ED7
 323 019f A85A94CE 		.ascii	"\250Z\224\316\201(2\2211\351\010n\244R\251l^\365+\206"
 323      81283291 
 323      31E9086E 
 323      A452A96C 
 323      5EF52B86 
 324 01b3 BBE9B39C 		.ascii	"\273\351\263\234\316DKs\374K\202Tw2F\017z\346\266\025"
 324      CE444B73 
 324      FC4B8254 
 324      7732460F 
 324      7AE6B615 
 325 01c7 3FC54F32 		.ascii	"?\305O2\211\331H3\265\230\326\354\\\277\361;\336\302"
 325      89D94833 
 325      B598D6EC 
 325      5CBFF13B 
 325      DEC2
 326 01d9 646697E6 		.ascii	"df\227\346\201\314!\244?\272\204\314A<\376\225\030X"
 326      81CC21A4 
 326      3FBA84CC 
 326      413CFE95 
 326      1858
 327 01eb FBD66BDF 		.ascii	"\373\326k\337\251\271\234\353yk\265uXm\327\276W\261"
 327      A9B99CEB 
 327      796BB575 
 327      586DD7BE 
 327      57B1
 328 01fd ACDD73BD 		.ascii	"\254\335s\275\3174\355\247k8Y\026\265\304\377\\a\336"
 328      CF34EDA7 
 328      6B385916 
 328      B5C4FF5C 
 328      61DE
 329 020f D2725A0E 		.ascii	"\322rZ\016\257\376\350\265\375c\354\302\246\261y\334"
 329      AFFEE8B5 
 329      FD63ECC2 
 329      A6B179DC 
 330 021f D895B195 		.ascii	"\330\225\261\225\252]\266\272?\343%\"\270iwC\314|\361"
 330      AA5DB6BA 
 330      3FE32522 
 330      B8697743 
 330      CC7CF1
 331 0232 616291FF 		.ascii	"ab\221\377O\206\031\313\354\256\203u\224\002s\021\030"
 331      4F8619CB 
 331      ECAE8375 
 331      94027311 
 331      18
 332 0243 632E2982 		.ascii	"c.)\202 \344\320\032i\321\230f\010\224\251Q.\0065=\250"
 332      20E4D01A 
 332      69D19866 
 332      0894A951 
 332      2E06353D 
 333 0258 346A86A6 		.ascii	"4j\206\246+\265^\243.tY\361\253^\265AU|\252\241\005"
 333      2BB55EA3 
 333      2E7459F1 
 333      AB5EB541 
 333      557CAAA1 
 334 026d 0DA5C2AB 		.ascii	"\015\245\302\253\373\303\252\256)5\272\332\020l\014"
 334      FBC3AAAE 
 334      2935BADA 
 334      106C0C
 335 027c 345C2166 		.ascii	"4\\!feI\361\261\202\013Z\270L\327\324\372@\310\010\026"
 335      6549F1B1 
 335      820B5AB8 
 335      4CD7D4FA 
 335      40C80816 
 336 0290 94050286 		.ascii	"\224\005\002\206/\240R\022N\027\026*\345\272\367*\027"
 336      2FA05212 
 336      4E17162A 
 336      E5BAF72A 
 336      17
 337 02a1 AEAE395F 		.ascii	"\256\2569_\\TY\322\324\344>w\266\322\235F\225j\335\243"
 337      5C5459D2 
 337      D4E43E77 
 337      B6D29D46 
 337      956ADDA3 
 338 02b5 040D7F71 		.ascii	"\004\015\177q\221\217'\352T\237\333[\344qkM\205\036"
 338      918F27EA 
 338      549FDB5B 
 338      E4716B4D 
 338      851E
 339 02c7 10EB28DC 		.ascii	"\020\353(\334S\356\245QT_\205\327GcI\206\277Q\327j\377"
 339      53EEA551 
 339      545F85D7 
 339      47634986 
 339      BF51D76A 
 340 02dc 000CA540 		.ascii	"\000\014\245@9"
 340      39
 341              		.text
 342              		.section	.gnu.lto_HAL_I2CEx_EnableWakeUp.part.0.140.c8484e6a972ff102,"e",%progbits
 343 0000 789C7592 		.ascii	"x\234u\222Ah\323p\024\306\337\313K\322\024\005uc\340"
 343      4168D370 
 343      14C6DFCB 
 343      4BD21405 
 343      7563E0
 344 0013 7107050F 		.ascii	"q\007\005\017v\301vz\320\313\034\"\036\252\227\326s"
 344      76C1767A 
 344      D0CB1C22 
 344      1EAA97D6 
 344      73
 345 0024 89356C61 		.ascii	"\2115lam3\323\314v\316\321\277\0332\350\305\215\016"
 345      6D33D3CC 
 345      76CED1BF 
 345      1B32E8C5 
 345      8D0E
 346 0036 F520E270 		.ascii	"\365 \342p\210\007\301\203\00777J\035\242\"\316\251"
 346      8807C183 
 346      0737374A 
 346      1DA222CE 
 346      A9
 347 0047 CCC98E1E 		.ascii	"\314\311\216\036\204\201 (;L\230\253/\311\212R\025\362"
 347      84812028 
 347      3B4C98AB 
 347      2FC98A52 
 347      15F2
 348 0059 92C7F7FF 		.ascii	"\222\307\367\377\362\343\345{\271.\001\334\000\200\243"
 348      F2E3E57B 
 348      B92E01DC 
 348      0080A3
 349 0068 5CA8004E 		.ascii	"\\\250\000Nj \204\350\012\311\330\342?%\254L\224\227"
 349      6A2084E8 
 349      0AC9D8E2 
 349      3F25AC4C 
 349      9497
 350 007a E66664AC 		.ascii	"\346fd\254\242/\020^\231(K\201\011\241$K\204%\274G\012"
 350      A22F105E 
 350      99284B81 
 350      09A1244B 
 350      8425BC47 
 351 008f EA352136 		.ascii	"\3525!6>\177\021\337\016.\214^\335[\202\341\303Qf\202"
 351      3E7F11DF 
 351      0E2E8C5E 
 351      DD5B82E1 
 351      C3516682 
 352 00a3 278FDFBA 		.ascii	"'\217\337\272_\303\022\014\261\362\030\001\024T[Q\346"
 352      5FC3120C 
 352      B1F21801 
 352      14545B51 
 352      E6
 353 00b4 7B1BB62B 		.ascii	"{\033\266+\250U\220\225\010\333\336\376\234\027\"\014"
 353      A8559095 
 353      08DBDEFE 
 353      9C17220C 
 354 00c4 837338FC 		.ascii	"\203s8\374\004g\331(\021x\372\370mQ\223Y\035\362\325"
 354      0467D928 
 354      1178FAF8 
 354      6D519359 
 354      1DF2D5
 355 00d7 7964D983 		.ascii	"yd\331\203\354\000\030\006\340\373P\225\275|\301\303"
 355      EC001806 
 355      E0FB5095 
 355      BD7CC1C3 
 356 00e7 F7CA1DB1 		.ascii	"\367\312\035\261Y\277&\304\246\336\272\007\021\331\013"
 356      59BF26C4 
 356      A6DEBA07 
 356      11D90B
 357 00f6 924C2029 		.ascii	"\222L )2\227\302\245r\205\2704\2560H*\300]\362>F\310"
 357      3297C2A5 
 357      7285B834 
 357      AE30482A 
 357      C05DF23E 
 358 010c E8B572D0 		.ascii	"\350\265r\320\022L\223\324h\267\244\205\365\231\305"
 358      124C93D4 
 358      68B7A485 
 358      F599C5
 359 011b CA7E4E80 		.ascii	"\312~N\200g\036\364\246}\200p\341r\015\341\310\224\020"
 359      671EF4A6 
 359      7D8070E1 
 359      720DE1C8 
 359      9410
 360 012d 6B3BEDA7 		.ascii	"k;\355\247\230\005P\373p\037{G\252?\336$H\372\303\303"
 360      980550FB 
 360      701F7B47 
 360      AA3FDE24 
 360      48FAC3C3 
 361 0141 18ADF00C 		.ascii	"\030\255\360\014-\036\220Q\3250qXja\033\323s\351y\200"
 361      2D1E9051 
 361      D5307158 
 361      6A611BD3 
 361      73E97980 
 362 0155 D1CC1798 		.ascii	"\321\314\027\230\366-\2437\307\220d\"\365\000n\325\353"
 362      F62DA337 
 362      C7906422 
 362      F5006ED5 
 362      EB
 363 0166 F55DDE5B 		.ascii	"\365]\336[\337\313\330l\177\345\331I\366\231\263\313"
 363      DFCBD86C 
 363      7FE5D949 
 363      F699B3CB 
 364 0176 8F14529A 		.ascii	"\217\024R\232\035\257\033\300\311\261E\306\221\302D"
 364      1DAF1BC0 
 364      C9B145C6 
 364      91C244
 365 0185 2176FF93 		.ascii	"!v\377\223\267\326f.\371@5\000~HP\250\231\367\3567\017"
 365      B7D6662E 
 365      F9403500 
 365      7E4850A8 
 365      99F7EE37 
 366 019a 49A310E3 		.ascii	"I\243\020\343\360?\303-\373,-\310n\245\242\374\025\331"
 366      F03FC32D 
 366      FB2C2DC8 
 366      6EA5A2FC 
 366      15D9
 367 01ac CA7664ED 		.ascii	"\312vd\355^d\353\033\037\023M\201\031\253\230b\203\301"
 367      5E64EB1B 
 367      1F134D81 
 367      19AB9862 
 367      83C1
 368 01be 5B9922F1 		.ascii	"[\231\"\361r\376\353'o\301\323D\215\255\214\320H\027"
 368      72FEEB27 
 368      6FC1D344 
 368      8DAD8CD0 
 368      4817
 369 01d0 5098C532 		.ascii	"P\230\3052\205\325\022\202\324\302\013\342\025b\340"
 369      85D51282 
 369      D4C20BE2 
 369      1562E0
 370 01df E0FF1A92 		.ascii	"\340\377\032\222\372\331\274\351\344\365~\3235\035\275"
 370      FAD9BCE9 
 370      E4F57ED3 
 370      351DBD
 371 01ee C7727B07 		.ascii	"\307r{\007\316\351Y\3032r\206\2361\\3\357\352'-'[0\034"
 371      CEE959C3 
 371      3272869E 
 371      315C33EF 
 371      EA272D27 
 372 0205 534F3A46 		.ascii	"SO:F.\337o\347\316\2633\336\031;\0249c\026\272\035\323"
 372      2EDF6FE7 
 372      CEB333DE 
 372      193B1439 
 372      6316BA1D 
 373 021a E8B307DC 		.ascii	"\350\263\007\334|\244\333\266\335\214m\360!\034\353"
 373      7CA4DBB6 
 373      DD8C6DF0 
 373      211CEB
 374 0229 E8D04F38 		.ascii	"\350\320O8\326E\017\234H\236\216E\343\235\305b\352\324"
 374      D6450F9C 
 374      489E8E45 
 374      E39DC562 
 374      EAD4
 375 023b F1782A50 		.ascii	"\361x*P\365\204\223\326\363n6\026\315x\007\275F&eE\323"
 375      F58493D6 
 375      F36E3616 
 375      CD7807BD 
 375      46266545 
 376 0250 29B3D891 		.ascii	")\263\330\221\006\271\227\333_\011\252\377g"
 376      06B997DB 
 376      5F09AAFF 
 376      67
 377              		.text
 378              		.section	.gnu.lto_HAL_I2CEx_DisableWakeUp.part.0.141.c8484e6a972ff102,"e",%progbits
 379 0000 789C7592 		.ascii	"x\234u\222Oh\323p\024\307\337\313/IS\024\304\351\300"
 379      4F68D370 
 379      14C7DFCB 
 379      2F495314 
 379      C4E9C0
 380 0013 E340050F 		.ascii	"\343@\005\017\266\301vz\320\313\034\"\036\252\227\326"
 380      B6C1767A 
 380      D0CB1C22 
 380      1EAA97D6 
 381 0023 738935AC 		.ascii	"s\2115\254a\3753\223\314v\326\322\237\035\"\364\342"
 381      61FD3393 
 381      CC76D6D2 
 381      9F1D22F4 
 381      E2
 382 0034 4607EE30 		.ascii	"F\007\3560\304\351\020\017\202\007\017n:J\035\342\206"
 382      C4E9100F 
 382      82070F6E 
 382      3A4A1DE2 
 382      86
 383 0045 28FE4104 		.ascii	"(\376A\004\301\223 \014<(Rt\203\331\370\222\254(\225"
 383      C193200C 
 383      3C285274 
 383      83D9F892 
 383      AC2895
 384 0058 415EF2F8 		.ascii	"A^\362\370\376\276\371\360\362}\231\026\000n\000\300"
 384      FEBEF9F0 
 384      F27D9916 
 384      006E00C0 
 385 0068 512A9400 		.ascii	"Q*\224\000\247\024\340\234\017\004D\354\361\236\002"
 385      A714E09C 
 385      0F0444EC 
 385      F19E02
 386 0077 D6276BCB 		.ascii	"\326'k\313+\363\"6\320\023\030^\231\254\011\276\011"
 386      2BF32236 
 386      D013185E 
 386      99AC09BE 
 386      09
 387 0088 A1220A0C 		.ascii	"\241\"\012\014+x\227I\25069_\373\362\365\373\372\301"
 387      2B789749 
 387      A836395F 
 387      FBF2F5FB 
 387      FAC1
 388 009a A5F1AB7B 		.ascii	"\245\361\253{*P>\034!&\270\362\304\314\275&V\240D\312"
 388      2A503E1C 
 388      2126B8F2 
 388      C4CCBD26 
 388      56A044CA 
 389 00ae 23049050 		.ascii	"#\004\220P\336\205\"\335{\261OB\245\216\244\204\310"
 389      DE8522DD 
 389      7BB14F42 
 389      A58EA484 
 389      C8
 390 00bf F6A6BDC8 		.ascii	"\366\246\275\310y\020\306\236`\3711.\220Q`\340\352\023"
 390      7910C69E 
 390      60F9312E 
 390      905160E0 
 390      EA13
 391 00d1 37795324 		.ascii	"7yS$\265\344\251\213H\262\013\331\006P\006\240{\251"
 391      B5E4A98B 
 391      48B20BD9 
 391      065006A0 
 391      7BA9
 392 00e3 415EBAE0 		.ascii	"A^\272\340\301;\351\026\337p\256s\376i\357\356\235\210"
 392      C13BE916 
 392      DF70AE73 
 392      FE69EFEE 
 392      9D88
 393 00f5 485E1044 		.ascii	"H^\020D\006\202$RIT2U\200J\241\012\202 \003\334a\356"
 393      06822452 
 393      49543255 
 393      804AA10A 
 393      822003DC 
 394 010b C77011DD 		.ascii	"\307p\021\335V\364[\006sL\350\264ma\251\265\326\252"
 394      56F45B06 
 394      734CE8B4 
 394      6D61A9B5 
 394      D6AA
 395 011d EFA70468 		.ascii	"\357\247\004h\3461w\332\373\010\027.7\021\216\314r\276"
 395      E63177DA 
 395      FB08172E 
 395      37118ECC 
 395      72BE
 396 012f BA3DFF14 		.ascii	"\272=\377\024\263\000\3620\356#o\265\261\3603\316\204"
 396      B300F230 
 396      EE236FB5 
 396      B1F033CE 
 396      84
 397 0140 7F3C8451 		.ascii	"\177<\204Q\012\317\320\240\001\011\325\0102\012K.lb"
 397      0ACFD0A0 
 397      0109D508 
 397      320A4B2E 
 397      6C62
 398 0152 862E3DF7 		.ascii	"\206.=\3671\212\276\214)\3172>}\015\231\310\230|\000"
 398      318ABE8C 
 398      29CF323E 
 398      7D0D99C8 
 398      987C00
 399 0165 DB8EE3EC 		.ascii	"\333\216\343\354p\337\372Q\303n\373\013\327\316D\217"
 399      70DFFA51 
 399      C36EFB0B 
 399      D7CE448F 
 400 0175 B9FEEBA1 		.ascii	"\271\376\353\241\304\244n\307\313\277\300W\204c\022"
 400      C4A46EC7 
 400      CBBFC057 
 400      846312
 401 0184 111DE7DB 		.ascii	"\021\035\347\333\026\304\325^\375\265\207\224}\344F"
 401      16C4D55E 
 401      FDB58794 
 401      7DE446
 402 0193 9C05BA89 		.ascii	"\234\005\272\211o;\304)\032Qa\001\002\342\026\343\275"
 402      6F3BC429 
 402      1A516101 
 402      02E216E3 
 402      BD
 403 01a4 F7588A9F 		.ascii	"\367X\212\237\336\357\272\364_h\0376C\353sCk\315;\361"
 403      DEEFBAF4 
 403      5F681F36 
 403      43EB7343 
 403      6BCD3BF1 
 404 01b8 AEC8B48F 		.ascii	"\256\310\264\217\230$\203F{\231e|e\346\366gw\305s\214"
 404      98248346 
 404      7B99657C 
 404      65E6F667 
 404      77C5738C 
 405 01cc 75F65265 		.ascii	"u\366Re\325\001`A\022k,(W\020\204\036Z\021-\021}\007"
 405      D5016041 
 405      126B2C28 
 405      5710841E 
 405      5A112D11 
 406 01e2 FDD99050 		.ascii	"\375\331\220P\317Z\272i\251#\272\255\233\352\220a\247"
 406      CF5ABA69 
 406      A923BAAD 
 406      9BEA9061 
 406      A7
 407 01f3 47CFA959 		.ascii	"G\317\251Y\315\320r\232\232\321l\335\262\325\223\206"
 407      CDD0729A 
 407      9AD16CDD 
 407      B2D59386 
 408 0203 992D68A6 		.ascii	"\231-h\246\256&L-g\215\344s\347\311\031\353\217\036"
 408      AE264C2D 
 408      678DE473 
 408      E7C919EB 
 408      8F1E
 409 0215 0A9DD10B 		.ascii	"\012\235\321\013\203\246\256\015\347Gm+4\230\317\333"
 409      83A6AE0D 
 409      E7476D2B 
 409      3498CFDB 
 410 0225 99BC4687 		.ascii	"\231\274F\207p,\034VO\230\306E\027\034O\234\216Fb\375"
 410      702C1C56 
 410      4F98C645 
 410      171C4F9C 
 410      8E4662FD 
 411 0239 C562F2D4 		.ascii	"\305b\362\324\361X\322W\325\270\231R-;\033\215d\334"
 411      F158D257 
 411      D5B89952 
 411      2D3B1B8D 
 411      64DC
 412 024b 83B49649 		.ascii	"\203\264\226I\032\221TR/\206S \246\251\375\003\226\337"
 412      1A915452 
 412      2F865320 
 412      A6A9FD03 
 412      96DF
 413 025d 03B7     		.ascii	"\003\267"
 414              		.text
 415              		.section	.gnu.lto_.symbol_nodes.c8484e6a972ff102,"e",%progbits
 416 0000 789C75C9 		.ascii	"x\234u\311;\016\202@\030E\341{g@Z\037\250\320\271\004"
 416      3B0E8240 
 416      1845E17B 
 416      67405A1F 
 416      A8D0B904 
 417 0014 7778C988 		.ascii	"wx\311\210oM(X\001\273\300\312\270\000\327\244\024\222"
 417      6F4D2858 
 417      01BBC0CA 
 417      B800D7A4 
 417      1492
 418 0026 98FC73AA 		.ascii	"\230\374s\252\223|[\002p\027jZ}K\330\274\001\001}\033"
 418      937C5B02 
 418      70176A5A 
 418      7D4BD8BC 
 418      01017D1B 
 419 003a 42B519E8 		.ascii	"B\265\031\350J\315\"t\243\346\021\272S\213\010\325T"
 419      4ACD2274 
 419      A3E611BA 
 419      538B08D5 
 419      54
 420 004b FE478F26 		.ascii	"\376G\217&\270\001\366\324\322\204\003\2652\341H\255"
 420      B801F6D4 
 420      D28403B5 
 420      32E148AD 
 421 005b 4D385185 		.ascii	"M8Q\205\011g\252\264\300'x\356^\265cG\237r\334\211\033"
 421      0967AAB4 
 421      C02778EE 
 421      5EB56347 
 421      9F72DC89 
 422 0070 37F3BFC5 		.ascii	"7\363\277\305\007\345}U\270"
 422      07E57D55 
 422      B8
 423              		.text
 424              		.section	.gnu.lto_.refs.c8484e6a972ff102,"e",%progbits
 425 0000 789C6364 		.ascii	"x\234cd\000\002\000\000\012\000\002"
 425      00020000 
 425      0A0002
 426              		.text
 427              		.section	.gnu.lto_.decls.c8484e6a972ff102,"e",%progbits
 428 0000 789CB558 		.ascii	"x\234\265X{PTG\272?\335}\200F\020t\223\335\270\251\344"
 428      7B505447 
 428      BA3FDD7D 
 428      80461074 
 428      93DDB8A9 
 429 0015 AE55BBB7 		.ascii	"\256U\273\267\342f7\022\306$\233\332[uku@C]Qj\206\354"
 429      E2663712 
 429      C6249BDA 
 429      5B756B75 
 429      40435D51 
 430 002c 66FF596A 		.ascii	"f\377YjV\307H\005\007\357\314\220\260\367\2573\200:"
 430      56C74805 
 430      07EFCC90 
 430      B0F7AF33 
 430      803A
 431 003e A2F2322A 		.ascii	"\242\3622*\202\022\304\0205\306\210\257D\010\352\310"
 431      8212C410 
 431      35C688AF 
 431      4408EAC8 
 432 004e C30121BC 		.ascii	"\303\001!\274\022\010\"\340(1\">@4\021\025\344~}N\237"
 432      120822E0 
 432      2831223E 
 432      40341115 
 432      E47E7D4E 
 433 0063 33739464 		.ascii	"3s\224dw\263\265S\365\315\351\356\337\367\375\276G?"
 433      77B3B553 
 433      F5CDE9EE 
 433      DFF7FDBE 
 433      473F
 434 0075 CE63DECF 		.ascii	"\316c\336\317\004\341\235`Ax\222\010\302$\374\302\004"
 434      04E19D60 
 434      41789208 
 434      C224FCC2 
 434      04
 435 0086 41F802E4 		.ascii	"A\370\002\344i\220\023 \277F\202\020\013\262\020$\006"
 435      69901320 
 435      BF468210 
 435      0BB21024 
 435      06
 436 0097 64114839 		.ascii	"d\021H9\310\011\220\363\200\267\200\264\201\314\201"
 436      C80990F3 
 436      80B780B4 
 436      81CC81
 437 00a6 BE11A40E 		.ascii	"\276\021\244\016\332\357\303\265\032\244\001\244\031"
 437      DAEFC3B5 
 437      1AA401A4 
 437      19
 438 00b3 A403A40B 		.ascii	"\244\003\244\013\304\013\322\004\322\016\322\011\322"
 438      C40BD204 
 438      D20ED209 
 438      D2
 439 00c0 03D20B92 		.ascii	"\003\322\013\222\013\276#\301\356\262\240\350\374\232"
 439      0BBE23C1 
 439      EEB2A0E8 
 439      FC9A
 440 00ce 735773FE 		.ascii	"sWs\376\001\316\337\014\327\331H\361\367K\270\366q\037"
 440      01CEDF0C 
 440      D7D948F1 
 440      F74BB8F6 
 440      711F
 441 00e0 6740B605 		.ascii	"g@\266\005p4\375\223\034\315\234c7pDp\216v\316\361\367"
 441      7034FD93 
 441      1CCD9C63 
 441      37704470 
 441      8E76CEF1 
 442 00f5 ECFB797E 		.ascii	"\354\373y~m \373\003\354;\377\011\373.n\177\014\354"
 442      6D20FB03 
 442      EC3BFF09 
 442      FB2E6E7F 
 442      0CEC
 443 0107 A7094A5D 		.ascii	"\247\011J]X\354\254\226\317\011J\275YM\013x\335Ym\253"
 443      58ECAC96 
 443      CF094ABD 
 443      594D0B78 
 443      DD596DAB 
 444 011b 402AB97E 		.ascii	"@*\271~\357?\250\237\017\372?\011\250sC@\235\330\334"
 444      EF3FA89F 
 444      0FFA3F09 
 444      A8734340 
 444      9DD8DC
 445 012e 3E37459C 		.ascii	">7E\234\027@~\0250\267\377\035\020\373\366\000\276&"
 445      17407E15 
 445      30B7FF1D 
 445      10FBF600 
 445      BE26
 446 0140 5EC77F85 		.ascii	"^\307\177\205\257\034\370f\006\324\277\203\363\375\030"
 446      AF1CF866 
 446      06D4BF83 
 446      F3FD18
 447 014f AE03015C 		.ascii	"\256\003\001\\\235\274\306?\226+\370\011$\006\377\024"
 447      9DBCC63F 
 447      962BF809 
 447      2406FF14 
 448 015f CD0E7E16 		.ascii	"\315\016~\026M\"\370\023(\026^\226\344_\331/\204\317"
 448      4D22F813 
 448      28165E96 
 448      E45FD92F 
 448      84CF
 449 0171 4083FD44 		.ascii	"@\203\375D\\Rt\325\213\246{$i\304\355\363 \341e\003"
 449      5C5274D5 
 449      8BA67B24 
 449      69C4EDF3 
 449      20E16503 
 450 0185 2B7F35AA 		.ascii	"+\1775\252B\225H\304\337\36456\221\231\000\216I\245"
 450      429548C4 
 450      DFF43536 
 450      9199008E 
 450      49A5
 451 0197 35E20974 		.ascii	"5\342\011t\034}\012\206'\025\372\006\366\347\021\350"
 451      1C7D0A86 
 451      2715FA06 
 451      F6E711E8 
 452 01a7 4221780E 		.ascii	"B!x\016b\3330\022\256\002M\000\322S#\265\227h\244\217"
 452      62DB3012 
 452      AE024D00 
 452      D25323B5 
 452      9768A48F 
 453 01bb D979B242 		.ascii	"\331y\262B\005\331\254\016\315\251F\265\250\006AT3\350"
 453      05D9AC0E 
 453      CDA946B5 
 453      A8064154 
 453      33E8
 454 01cd 9FA776DD 		.ascii	"\237\247v\335\300]\323\277\000\356\0358\377\301\264"
 454      C05DD3BF 
 454      00EE1D38 
 454      FFC1B4
 455 01dc E9BE00BC 		.ascii	"\351\276\000\274\021i\012v\201\246\203\316\235\217\213"
 455      11690A76 
 455      81A683CE 
 455      9D8F8B
 456 01eb AF84E874 		.ascii	"\257\204\350t\232\221\032?\335\204\246\366\322\252*"
 456      9A911A3F 
 456      DD84A6F6 
 456      D2AA2A
 457 01fa 1430059F 		.ascii	"\0240\005\237w\364B\210N\241\015\251\032\220\341\253"
 457      77F44288 
 457      4EA10DA9 
 457      1A90E1AB 
 458 020a B40CB2DA 		.ascii	"\264\014\262\332\3074\313G\373r\302g)E\364\310\025\374"
 458      C734CB47 
 458      FB72C267 
 458      2945F4C8 
 458      15FC
 459 021c 127522B6 		.ascii	"\022u\"\266R\005z\202)\\l\274\265\225\352\024\272T\005"
 459      52057A82 
 459      295C6CBC 
 459      B595EA14 
 459      BA5405
 460 022f 119F69DF 		.ascii	"\021\237i\337\267#X+\346W\274\230\335 \264\025\261Z"
 460      B723582B 
 460      E657BC98 
 460      DD20B415 
 460      B15A
 461 0241 BE48BB18 		.ascii	"\276H\273\030\311\365/\233\307\303\"=S\027O\304\025"
 461      C9F52F9B 
 461      C7C3223D 
 461      53174FC4 
 461      15
 462 0252 7DB95991 		.ascii	"}\271Y\221\241\362\016\272\005\332\322\267w_Qz}\210"
 462      A1F20EBA 
 462      05DAD2B7 
 462      775F517A 
 462      7D88
 463 0264 F633FB61 		.ascii	"\3663\373a\367@y\220.\210\013\310\247\006\321\273\377"
 463      F7407990 
 463      2E880BC8 
 463      A706D1BB 
 463      FF
 464 0275 6C841683 		.ascii	"l\204\026\203\217\307p\0211h\363\276#\271\021\214\352"
 464      8FC77011 
 464      3168F3BE 
 464      23B9118C 
 464      EA
 465 0286 22EA6789 		.ascii	"\"\352g\211\343)k\367\265Z\273Q\346\353\303\023\203"
 465      E3296BF7 
 465      B55ABB51 
 465      E6EBC313 
 465      83
 466 0297 E5FADA5D 		.ascii	"\345\372\332]F_k\313g\307\201\033\233#\237\2010\356"
 466      465F6BCB 
 466      67C7811B 
 466      9B239F81 
 466      30EE
 467 02a9 48D293DF 		.ascii	"H\322\223\337\2403h\000\034]A\302%\331\337\321\243\235"
 467      A0336800 
 467      1C5D41C2 
 467      25D9DFD1 
 467      A39D
 468 02bb EBFC8BEB 		.ascii	"\353\374\213\353\012\217e\220\325#\013\263z\314\241"
 468      0A8F6590 
 468      D5230BB3 
 468      7ACCA1
 469 02ca 0558A025 		.ascii	"\005X\240%\320~\016\326\027\201\177\201\356\305\254"
 469      D07E0ED6 
 469      17817F81 
 469      EEC5AC
 470 02d9 922D9E0D 		.ascii	"\222-\236\015Aly\335\221<\031A\202\314;\214\236\253"
 470      416C79DD 
 470      913C1941 
 470      82CC3B8C 
 470      9EAB
 471 02eb 4637D10D 		.ascii	"F7\321\015D\0171\225aO\351\360tV\304\251T\200{6\255"
 471      440F3195 
 471      614FE9F0 
 471      7456C4A9 
 471      54807B36 
 472 0300 02EE5AA6 		.ascii	"\002\356Z\246\332\177g\360\000a\252#R\215\213\260\034"
 472      DA7F67F0 
 472      0061AA23 
 472      528D8BB0 
 472      1C
 473 0311 BE45CFAA 		.ascii	"\276E\317\252)\234\035\030=\343/\330w<\310\273l\007"
 473      299C1D18 
 473      3DE32FD8 
 473      773CC8BB 
 473      6C07
 474 0323 FC144998 		.ascii	"\374\024I\2306\311\221\316\242m\362u\006\365\001\353"
 474      36C991CE 
 474      A26DF275 
 474      06F501EB 
 475 0333 2DB94DE9 		.ascii	"-\271M\351\004\2647\021\201\356\000\331\013r\220\010"
 475      04B43711 
 475      81EE00D9 
 475      0B729008 
 476 0343 E24F2E8C 		.ascii	"\342O.\214?\3748\354y\3717\353\371\347\031\361\375\342"
 476      3FFC38EC 
 476      79F937EB 
 476      F9E719F1 
 476      FDE2
 477 0355 A1574B60 		.ascii	"\241WK`\252\303{Q&\336\200\025\017\321\2020O\000\264"
 477      AAC37B51 
 477      26DE8015 
 477      0FD18230 
 477      4F00B4
 478 0368 6253ED3A 		.ascii	"bS\355:i\006\303\036 \025\273\217Tp\262Z\222B\001{\250"
 478      6906C31E 
 478      2015BB8F 
 478      5470B25A 
 478      9242017B 
 479 037d 61E31A96 		.ascii	"a\343\032\226\255\032N\350\300\343HF\307\271\245\244"
 479      AD1A4EE8 
 479      C0E34846 
 479      C7B9A5A4 
 480 038d 799CF483 		.ascii	"y\234\364\20379\230\021\030\016`0\223Y\260\246Da\014"
 480      37399811 
 480      180E6030 
 480      9359B0A6 
 480      44610C
 481 03a0 DD86C10D 		.ascii	"\335\206\301\015\270\032\255\301\331x#^\217\327a7^\213"
 481      B81AADC1 
 481      D978235E 
 481      8FD76137 
 481      5E8B
 482 03b2 3761583E 		.ascii	"7aX>\214\341\036gp\351\350\225\300\012\325\300\262p"
 482      8CE11E67 
 482      70E9E895 
 482      C00AD5C0 
 482      B270
 483 03c4 6046C04F 		.ascii	"`F\300O?\024\331\272(\030\031\2207Q\200\257\034\374"
 483      3F14D9BA 
 483      28181990 
 483      375180AF 
 483      1CFC
 484 03d6 3DCE6815 		.ascii	"=\316h\02539\277\346P\016\322-y!\037+\373\262\226\341"
 484      3339BFE6 
 484      500ED22D 
 484      79211F2B 
 484      FBB296E1 
 485 03ea 9DF9AEF5 		.ascii	"\235\371\256\365\221:\274\000s\005\0217O\3267N\327\246"
 485      913ABC00 
 485      73051137 
 485      4FD6374E 
 485      D7A6
 486 03fc 78330FE9 		.ascii	"x3\017\351],\037r\315l\236}\"m\005\232\331k\356\276"
 486      5D2C1F72 
 486      CD6C9E7D 
 486      226D059A 
 486      D96BEEBE 
 487 0410 5F29AA53 		.ascii	"_)\252S\247\376.\302\3029\350\315\215\314s\221zt\032"
 487      A7FE2EC2 
 487      C239E8CD 
 487      8DCC7391 
 487      7A741A
 488 0423 EDE4F61E 		.ascii	"\355\344\366\036\255\234#;\257\310h7:\247\241\035Z5"
 488      AD9C233B 
 488      AFC86837 
 488      3AA7A11D 
 488      5A35
 489 0435 DEF3CAD5 		.ascii	"\336\363\312\325\350F_\350@\245\332#\017\353\227\202"
 489      E8465FE8 
 489      40A5DA23 
 489      0FEB9782 
 490 0445 652EBE07 		.ascii	"e.\276\007\240Rte&\300iE\216bY\217\256i\226CH?O[\361"
 490      A0527465 
 490      26C06945 
 490      8E62598F 
 490      AE699643 
 491 045e 160CBB7F 		.ascii	"\026\014\273\177'\244Z\216\213q\011~\017\227\341\035"
 491      27A45A8E 
 491      8B71097E 
 491      0F97E11D 
 492 046e 7837FE00 		.ascii	"x7\376\000o\307E\370}\274\013\227\342B\274\207O\333"
 492      6FC745F8 
 492      7DBC0B97 
 492      E242BC87 
 492      4FDB
 493 0480 885B89F4 		.ascii	"\210[\211\364.\272\243Q\336\366\347\221\355m\215h\223"
 493      2EBAA351 
 493      DEF6E791 
 493      ED6D8D68 
 493      93
 494 0491 C828BA05 		.ascii	"\310(\272\005\250\262\231\207\344<X4\007\326A4\256\360"
 494      A8B29987 
 494      E43C5834 
 494      07D64134 
 494      AEF0
 495 04a3 B3C80B20 		.ascii	"\263\310\013 ;(<\312\003\012\303\366+\330\347\250)\000"
 495      3B283CCA 
 495      030AC3F6 
 495      2BD8E7A8 
 495      2900
 496 04b5 7B598636 		.ascii	"{Y\2066\356\001(#|\004]\327qr\303\355j\212W\265xz\264"
 496      EE012823 
 496      7C045DD7 
 496      7172C3ED 
 496      6A8A57B5 
 497 04cc CAED5358 		.ascii	"\312\355SX\333QK\000\253\014\215\214_\226\363x\027\347"
 497      DB514B00 
 497      AB0C8D8C 
 497      5F96F378 
 497      17E7
 498 04de E19D8F6C 		.ascii	"\341\235\217l\250\221b\357\006\206\015\242\363:N\245"
 498      A89162EF 
 498      06860DA2 
 498      F33A4EA5 
 499 04ee A82395EA 		.ascii	"\250#\225\352Ln\323,O\311\264\264\237-\244\202[]><K"
 499      4C6ED32C 
 499      4FC9B4B4 
 499      9F2DA482 
 499      5B5D3E3C 
 500 0503 5FDFBDF8 		.ascii	"_\337\275\370\037\252\257\210;\332kw\207j\013m\037\247"
 500      1FAAAF88 
 500      3BDA6B77 
 500      876A0B6D 
 500      1FA7
 501 0515 FF10403A 		.ascii	"\377\020@:\"\012\364[\220\373 \017A\340\310\242\033"
 501      220AF45B 
 501      90FB200F 
 501      41E0C8A2 
 501      1B
 502 0526 40368314 		.ascii	"@6\203\024\202\354\004\331\025\304\026\344o\331z\304"
 502      82EC04D9 
 502      15C416E4 
 502      6FD97AC4 
 503 0536 B43C4810 		.ascii	"\264<H\020gMN\224l\215\010\\\214\220\301\330\321k\322"
 503      674D4E94 
 503      6C8D085C 
 503      8C90C1D8 
 503      D16BD2
 504 0549 C47F5ECA 		.ascii	"\304\177^\312\224\032<\250\036\035\306U\272\375\307"
 504      941A3CA8 
 504      1E1DC655 
 504      BAFDC7
 505 0558 8A7ABD95 		.ascii	"\212z\275\225\027\365c\015TN\024-\255O\3601\010\252"
 505      17F5630D 
 505      544E142D 
 505      AD4FF031 
 505      08AA
 506 056a 0AB23A85 		.ascii	"\012\262:\205O\342\343\370\004>\215\253q%\256\305\036"
 506      4FE2E3F8 
 506      043E8DAB 
 506      7125AEC5 
 506      1E
 507 057b FC19AE61 		.ascii	"\374\031\256a\3310\242a\225h\277Ft[\253d\3055\025=\250"
 507      D930A261 
 507      9568BF46 
 507      745BAB64 
 507      C535153D 
 508 0590 A1E37EF4 		.ascii	"\241\343~\364\252\212\036\322E\310\321\013*zDC\375\353"
 508      AA8A1ED2 
 508      45C8D10B 
 508      2A7A4443 
 508      FDEB
 509 05a2 BE5F058F 		.ascii	"\276_\005\217\006\202Jn7U\354#]H\0128\244\202\025\272"
 509      06824A6E 
 509      3755EC23 
 509      5D480A38 
 509      A48215BA 
 510 05b6 8814704C 		.ascii	"\210\024pL\005?\325@\377\342\276\241\202\007t%;\316"
 510      053FD540 
 510      FFE2BEA1 
 510      82077425 
 510      3BCE
 511 05c8 6E81474E 		.ascii	"n\201GN7\356\010\236\245\257]\001\376\301\342\301\243"
 511      37EE089E 
 511      A5AF5D01 
 511      FEC1E2C1 
 511      A3
 512 05d9 CDC98DC3 		.ascii	"\315\311\215\303\323\264\245P\3079\3531\303z>\232\334"
 512      D3B4A550 
 512      C739EB31 
 512      C37A3E9A 
 512      DC
 513 05ea E2BF2FD6 		.ascii	"\342\277/\326s\354\214\214e\270\372&\220\206\315Q \257"
 513      73EC8C8C 
 513      65B8FA26 
 513      9086CD51 
 513      20AF
 514 05fc 0CE99FD5 		.ascii	"\014\351\237\325Z\371\235\252A9\306\012\331=/\017\321"
 514      5AF99DAA 
 514      4139C60A 
 514      D93D2F0F 
 514      D1
 515 060d A260B8A1 		.ascii	"\242`\270\241\006\263\0217\242\273\241s@\356H\210\036"
 515      06B31137 
 515      A2BBA173 
 515      40EE4888 
 515      1E
 516 061e 81CE09B9 		.ascii	"\201\316\011\2713&P/t:\344\316\210@\373\240sE\356\014"
 516      3326502F 
 516      743AE4CE 
 516      8840FBA0 
 516      7345EE0C 
 517 0632 C2BD0D3A 		.ascii	"\302\275\015:\017\344\216O\240kB\004\232\033\302:\335"
 517      0FE48E4F 
 517      A06B4204 
 517      9A1BC23A 
 517      DD
 518 0643 02DD069D 		.ascii	"\002\335\006\235R\271\323\006\217K\3209\002\362\031"
 518      52B9D306 
 518      8F4BD039 
 518      02F219
 519 0652 482D4813 		.ascii	"H-H\023H'H?\310 \310(\3108\310\032*\320\034\220m \273"
 519      4827483F 
 519      C820C828 
 519      C838C81A 
 519      2AD01C90 
 520 0669 403E00D9 		.ascii	"@>\000\331\017R\001R\011R\017\3629H\007H7e\344;\330"
 520      0F520152 
 520      09520FF2 
 520      39480748 
 520      3765E43B 
 521 067e F3A32F94 		.ascii	"\363\243/\224\236\247\202\230\320\230\355\336\032\252"
 521      9EA78298 
 521      D098EDDE 
 521      1AAA
 522 068c 3F8EBFFF 		.ascii	"?\216\277\377\307&\262\350X\272\274/\232\360$\257\353"
 522      C726B2E8 
 522      58BABC2F 
 522      9AF024AF 
 522      EB
 523 069d 59AC2DAC 		.ascii	"Y\254-\254\215\034\374R\003\277\360\203\223G\024\360"
 523      8D1CFC52 
 523      03BFF083 
 523      934714F0 
 524 06ad BC069EC3 		.ascii	"\274\006\236\303\272Ms\037\337\203\201I\230w\211\344"
 524      BA4D731F 
 524      DF838149 
 524      987789E4 
 525 06bd 9002B285 		.ascii	"\220\002\262\205\354&\357\0227YKv\220B\342\"\353H)y"
 525      EC26EF12 
 525      37594B76 
 525      9042E222 
 525      EB482979 
 526 06d1 8FAC27BB 		.ascii	"\217\254'\273H\011\331I\362\3116RL\326\220\"\262\225"
 526      4809D949 
 526      F2C93652 
 526      4CD69022 
 526      B295
 527 06e3 6C2619E4 		.ascii	"l&\031\344!\336H\362H6\311%\023x;\331D6\2202\222E\306"
 527      21DE48F2 
 527      4836C925 
 527      13783BD9 
 527      44369032 
 528 06fa 7126E19B 		.ascii	"q&\341\233\355s\356\177L\363\257-\372\013\034\272\251"
 528      ED73EE7F 
 528      4CF3AF2D 
 528      FA0B1CBA 
 528      A9
 529 070b 4143DA21 		.ascii	"AC\332!\371P\306\340\341P\303z\3759\025\363\204\037"
 529      F950C6E0 
 529      E150C37A 
 529      FD3915F3 
 529      841F
 530 071d 68602356 		.ascii	"h`#VI\267s\254YW)\205\364>'\035\320\260K~\322^\036\315"
 530      49B773AC 
 530      59572985 
 530      F43E271D 
 530      D0B04B7E 
 531 0735 2D0DBCEF 		.ascii	"-\015\274\357\337\330\203\034\274\241\013\225\203\347"
 531      DFD8831C 
 531      BCA10B95 
 531      83E7
 532 0743 3938AAB3 		.ascii	"98\252\263T\302\271\306\261!\015\363\337B\263\217)\341"
 532      54C2B9C6 
 532      B1210DF3 
 532      DF42B38F 
 532      29E1
 533 0755 7CA5615D 		.ascii	"|\245a]\376pry\036\255\032\370\271\226\243\233c=\272"
 533      FE707279 
 533      1EAD1AF8 
 533      B996A39B 
 533      633DBA
 534 0768 39E50F41 		.ascii	"9\345\017A9\234\265]\003\333\374\254-<\234\273\201\263"
 534      399CB55D 
 534      03DBFCAC 
 534      2D3C9CBB 
 534      81B3
 535 077a C1B10D9C 		.ascii	"\301\261\015\234\265S\267\214\024\217\3539\326\255\013"
 535      B553B78C 
 535      148FEB39 
 535      D6AD0B
 536 0789 55C18639 		.ascii	"U\301\2069\3477\032vJK\277\225c\337i\230\377<\237\340"
 536      E7371A76 
 536      4A4BBF95 
 536      63DF6998 
 536      FF3C9FE0 
 537 079d 58BF6E8A 		.ascii	"X\277n\212\225\322\364\360\231\272\255a\001gp77\374"
 537      95D2F4F0 
 537      99BAAD61 
 537      01677037 
 537      37FC
 538 07af 5647CAC1 		.ascii	"VG\312\301q\016\3724\360\202?\3751\016^\326\205\312"
 538      710EFA34 
 538      F0823FFD 
 538      310E5ED6 
 538      85CA
 539 07c1 0BD7CF7D 		.ascii	"\013\327\317}\016k`\300]a\023/@\207\256"
 539      0E6B60C0 
 539      5D61132F 
 539      4087AE
 540 07d0 AA4A220F 		.ascii	"\252J\"\0178\353E\235K\005\273\307\261\257uKN\301\372"
 540      38EB459D 
 540      4B05BBC7 
 540      B1AF754B 
 540      4EC1FA
 541 07e3 3836A273 		.ascii	"86\242s\250\024\340&\017\346\212\206y\374\301\334\340"
 541      A814E026 
 541      0FE68A86 
 541      79FCC1DC 
 541      E0
 542 07f4 86833A50 		.ascii	"\206\203:P1\034\342\206\3274\314\377\224Pq\225\033^"
 542      311CE286 
 542      D734CCFF 
 542      94507195 
 542      1B5E
 543 0806 D781FCF6 		.ascii	"\327\201\374\366\312\261\253\272\225\312kS\310\027U"
 543      CAB1ABBA 
 543      95CA6B53 
 543      C81755
 544 0815 8B6E3572 		.ascii	"\213n5r\326s\334\362\216n\262\340\321\343\"e\267\214"
 544      D673DCF2 
 544      8E6EB2E0 
 544      D1E32265 
 544      B78C
 545 0827 9AEE4BE2 		.ascii	"\232\356K\342,\375q\363>\371\267\2347pS\353\313:\355"
 545      2CFD71F3 
 545      3EF9B79C 
 545      377053EB 
 545      CB3AED
 546 083a BFCF9413 		.ascii	"\277\317\224\023%\234\017\000\2447\340(\036\005\031"
 546      259C0F00 
 546      A437E028 
 546      1E0519
 547 0849 A3F22B10 		.ascii	"\243\362+\020\242\023\362\271LD\374\356\345\303\331"
 547      A213F2B9 
 547      4C44FCEE 
 547      E5C3D9
 548 0858 E191127F 		.ascii	"\341\221\022\177q}B\2619@\204\350\217\000\254,Y\267"
 548      717D42B1 
 548      394084E8 
 548      8F00AC2C 
 548      59B7
 549 086a 2BF82925 		.ascii	"+\370)%\374R\334\213>$,\271\217\211\374\321C\304c\271"
 549      FC52DC8B 
 549      3E242CB9 
 549      8F89FCD1 
 549      43C463B9 
 550 087e 63134883 		.ascii	"c\023H\203\353\3650\205\327`\232\035\312\374y0\315\017"
 550      EBF53085 
 550      D7609A1D 
 550      CAFC7930 
 550      CD0F
 551 0890 15C4192D 		.ascii	"\025\304\031-\223\207\216Q\365\340\227\017\217J\245"
 551      93878E51 
 551      F5E0970F 
 551      8F4AA5
 552 089f 787BC827 		.ascii	"x{\310'\344\321\033\177/\307\216\350\260\300\007\345"
 552      E4D11B7F 
 552      2FC78EE8 
 552      B0C007E5 
 553 08af C3849D43 		.ascii	"\303\204\235C\237\220jTI>#\237\222\343\244\212\034%"
 553      9F906A54 
 553      493E239F 
 553      92E3A48A 
 553      1C25
 554 08c1 ECDB96B0 		.ascii	"\354\333\226\260\213\355\224J\021\010\016\222\375@\240"
 554      8BED944A 
 554      11080E92 
 554      FD40A0
 555 08d0 44E6DF7E 		.ascii	"D\346\337~\3478\371>\215\334\177j\265p\354\220\206i"
 555      E738F93E 
 555      8DDC7F6A 
 555      B570EC90 
 555      8669
 556 08e2 87760F87 		.ascii	"\207v\017\207\366\352\314\370Jh\345`E\240\035{A\332"
 556      F6EACCF8 
 556      4A68E560 
 556      45A01D7B 
 556      41DA
 557 08f4 02B9E3AF 		.ascii	"\002\271\343\257[J\272\246\317\322\307^M\246\014^\304"
 557      5B4ABAA6 
 557      CFD2C75E 
 557      4DA60C5E 
 557      C4
 558 0905 55E3C5E3 		.ascii	"U\343\305\343A\376O8\234\356\244\\\364\257N\336\364"
 558      41FE4F38 
 558      9CEEA45C 
 558      F4AF4EDE 
 558      F4
 559 0916 06DD46C0 		.ascii	"\006\335F\300\324 y\\u4\257lP\252\220J7\272\221\313"
 559      D420795C 
 559      7534AF6C 
 559      50AA904A 
 559      37BA91CB 
 560 092a 932955D4 		.ascii	"\223)U\324\235i\217.\335]\347\316g\257Mh\327Qi]i\346"
 560      9D698F2E 
 560      DD5DE7CE 
 560      67AF4D68 
 560      D751695D 
 561 0940 DAF0D2DD 		.ascii	"\332\360\322\335\231\033\013\262\244\351\312\333\224"
 561      991B0BB2 
 561      A4E9CADB 
 561      94
 562 094d 3403646D 		.ascii	"4\003dm\241$\265\001MV\233K\362y\220\317\005c\025>\351"
 562      A124B501 
 562      4D569B4B 
 562      F27990CF 
 562      0563153E 
 563 0962 69FEC215 		.ascii	"i\376\302\025\\\004\354E\222\224\367tF\241O\252\310"
 563      5C04EC45 
 563      9294F774 
 563      46A14FAA 
 563      C8
 564 0973 90DA6616 		.ascii	"\220\332f\026\035fH0\310\372\212\234\343Rdif\257\273"
 564      1D664830 
 564      C8FA8A9C 
 564      E3526469 
 564      66AFBB
 565 0986 B456FA79 		.ascii	"\264V\372y)\244T(ey\320v\200\212$w\036\336\230Q'\355"
 565      29A45428 
 565      6579D076 
 565      808A2477 
 565      1EDE9851 
 566 099c A9CD7421 		.ascii	"\251\315t!F*eH\356\231yeY\020R\235\364\277\371e\036"
 566      462A6548 
 566      EE997965 
 566      5910529D 
 566      F4BFF965 
 567 09b1 37385D3F 		.ascii	"78]?\203\015Keu\322L6\222\237Q\347\236\231\237\221%"
 567      830D4B65 
 567      75D24C36 
 567      929F51E7 
 567      9E999F91 
 568 09c6 E597D649 		.ascii	"\345\227\326I\030l\334.`E\256RI\312\367\005I\031`#k"
 568      186CDC2E 
 568      6045AE52 
 568      49CAF705 
 568      49196023 
 569 09db 9449924B 		.ascii	"\224I\222K\212\221\312\300\011\303\363\245\006\267\253"
 569      8A91CAC0 
 569      09C3F3A5 
 569      06B7AB
 570 09ea 2CCB85F2 		.ascii	",\313\205\362\313 \343\262,\351\251|)\2135@uv\202\362"
 570      CB20E3B2 
 570      2CE9A97C 
 570      298B3540 
 570      757682F2 
 571 09fe B54CCE17 		.ascii	"\265L\316\027\352\366\211t\370j\330\035V\267\212\256"
 571      EAF68974 
 571      F86AD81D 
 571      56B78AAE 
 572 0a0e 82BE6902 		.ascii	"\202\276i\002\022\"\362\376 \240\032x\377\257\206\225"
 572      1222F2FE 
 572      20A01A78 
 572      FFAF8695 
 573 0a1e EA6393F4 		.ascii	"\352c\223\364\310g\232\223UUc\372/C{\261\366Q\246\272"
 573      C8679A93 
 573      555563FA 
 573      2F437BB1 
 573      F651A6BA 
 574 0a32 CCBDC5FF 		.ascii	"\314\275\305\377bP\307\347\250^\236\243\357\372\207"
 574      6250C7E7 
 574      A85E9EA3 
 574      EFFA87
 575 0a41 32E5AF32 		.ascii	"2\345\2572\365\244\026\266\321\301+\207\212C\037\375"
 575      F5A416B6 
 575      D1C12B87 
 575      8A431FFD 
 576 0a51 A4E225C2 		.ascii	"\244\342%\302\031Y\271\247\343\316G\241s\012\013\245"
 576      1959B9A7 
 576      E3CE47A1 
 576      730A0BA5 
 577 0a61 B10707DB 		.ascii	"\261\007\007\333{\202\032\007\262s\245R\227\364\007"
 577      7B821A07 
 577      B273A552 
 577      97F407
 578 0a70 097B490D 		.ascii	"\011{I\015\221\275\0115D\360\220SD\230\223W(\345\225"
 578      91BD0935 
 578      44F09053 
 578      44989357 
 578      28E595
 579 0a83 947AA044 		.ascii	"\224z\240D\301^rZA\033\240\241\3004'\014\036\341\302"
 579      C15E725A 
 579      411BA0A1 
 579      C034270C 
 579      1EE1C2
 580 0a96 8074C3C8 		.ascii	"\200t\303\310{1\214\263bg={W\203\262Q/i\342lMS\262\235"
 580      7B318CB3 
 580      62673D7B 
 580      5783B251 
 580      2F69E26C 
 581 0aae 55D06668 		.ascii	"U\320fhp\266v`\033fl\327\327\335\337\212\225|X]*\256"
 581      70B67660 
 581      1B666CD7 
 581      D7DDDF8A 
 581      957C585D 
 582 0ac4 D6649347 		.ascii	"\326d\223G\363i'B\233\234\317\350\303=\223H\366\355"
 582      F3692742 
 582      9B9CCFE8 
 582      C33D9348 
 582      F6ED
 583 0ad6 F6AABEDB 		.ascii	"\366\252\276\333I+\367\335:\205\357v\322\242\240\035"
 583      492BF7DD 
 583      3A85EF76 
 583      D2A2A01D 
 584 0ae6 D0E0BED7 		.ascii	"\320\340\276\327\206\013\264<\034\350\262O>\034\012"
 584      860BB43C 
 584      1CE8B24F 
 584      3E1C0A
 585 0af5 92E95A03 		.ascii	"\222\351Z\003\350:9]\347\224t_*h\02748\335\211\360\307"
 585      E83A395D 
 585      E794745F 
 585      2A681734 
 585      38DD89F0 
 586 0b0a A7F7DEF9 		.ascii	"\247\367\336\371\263\003\242\232\306\220\362\271I\350"
 586      B303A29A 
 586      C690F2B9 
 586      49E8
 587 0b18 21C23939 		.ascii	"!\30299\215+\207\3526Q\346w\244\262\361o{\345\335\324"
 587      8D2B87EA 
 587      3651E677 
 587      A4B2F16F 
 587      7BE5DDD4 
 588 0b2c 43BAB9DB 		.ascii	"C\272\271\333n\225\267\207\361\366\357+\356\016\223"
 588      6E95B787 
 588      F1F6EF2B 
 588      EE0E93
 589 0b3b 43BCD9A8 		.ascii	"C\274\331\250\204(\321\036\322\313u{\271.\034\247\367"
 589      8428D11E 
 589      D2CB757B 
 589      B92E1CA7 
 589      F7
 590 0b4c 0A8F506D 		.ascii	"\012\217Pm\311x\371\222\351\227\335\265\335\356(\021"
 590      C978F992 
 590      E997DDB5 
 590      DDEE2811 
 591 0b5c 35AC9D63 		.ascii	"5\254\235c\027dl\317\360Io\204\356\203\235\377{\251"
 591      17646CCF 
 591      F0496F84 
 591      EE839DFF 
 591      7BA9
 592 0b6e F0FBB973 		.ascii	"\360\373\271s\243b\354\311o[\355\216(sb\374<\303\342"
 592      A362ECC9 
 592      6F5BED8E 
 592      287362FC 
 592      3CC3E2
 593 0b81 97D2D393 		.ascii	"\227\322\323\223^\233\2778I\031\2152\333\227E9\234\253"
 593      5E9BBF38 
 593      49198D32 
 593      DB974539 
 593      9CAB
 594 0b93 E6195218 		.ascii	"\346\031R\030\260\322\222\222\224lX\226dM\237\273\214"
 594      B0D29292 
 594      946C5896 
 594      644D9FBB 
 594      8C
 595 0ba4 2E5AF2FA 		.ascii	".Z\362\372lct\264\020\032k\267\247\332\215\251\313\255"
 595      6C6374B4 
 595      101A6BB7 
 595      A7DA8DA9 
 595      CBAD
 596 0bb6 342DD9E6 		.ascii	"4-\331\346\234gHr\212\361\320{\202\321\304\031\214I"
 596      9C674872 
 596      8AF1D07B 
 596      82D1C419 
 596      8C49
 597 0bc8 AC93F8B7 		.ascii	"\254\223\370\267\325\326\030\353\212 \263\323\342\264"
 597      D5D618EB 
 597      8A20B3D3 
 597      E2B4
 598 0bd6 3EA92272 		.ascii	">\251\"r\217C\342\342\324eoE2\2045\370`\360\312\345"
 598      8F43E2E2 
 598      D4656F45 
 598      328435F8 
 598      60F0CAE5 
 599 0bea AB2CF6F4 		.ascii	"\253,\366\364'\222\222b\342\347'\275f\261-OQ\365g>6"
 599      27929262 
 599      E2E727BD 
 599      66B12D4F 
 599      51F5673E 
 600 0bff 222B3BD3 		.ascii	"\"+;\323C\336Xa\265\307\231M`\304|\350\215\030?\363"
 600      43DE5861 
 600      B5C7994D 
 600      60C47CE8 
 600      8D183FF3 
 601 0c13 9AE6E023 		.ascii	"\232\346\340#\323\023\354\326\267\223S\323\034r,a\314"
 601      D313ECD6 
 601      B79353D3 
 601      1C722C61 
 601      CC
 602 0c24 76E96A67 		.ascii	"v\351jgr\252\315\021\312\332\306\3244\233S\316+\372"
 602      72AACD11 
 602      CADAC6D4 
 602      349B53CE 
 602      2BFA
 603 0c36 95242765 		.ascii	"\225$'eC\346\344\377\263\322\325\013\322V\254Hp\332"
 603      43E6E4FF 
 603      B3D2D50B 
 603      D256AC48 
 603      70DA
 604 0c48 4318F42A 		.ascii	"C\030\364*d\034gKvF.\262\332\254vK\212\321\222\222\302"
 604      641C674B 
 604      76462EB2 
 604      DAAC764B 
 604      8AD19292 
 605 0c5d 929EB1F4 		.ascii	"\222\236\261\364\035\333\374\345\313\355V\207\303\020"
 605      1DDBFCE5 
 605      CBED5687 
 605      C310
 606 0c6b 6F71BCE5 		.ascii	"oq\274\345\010\013\030\210\214I\263\244\360\016S\216"
 606      080B1888 
 606      8C49B3A4 
 606      F00E538E 
 607 0c7b E0ED64DB 		.ascii	"\340\355d\333\233\254\033\240\032\035\234\230\274\012"
 607      9BAC1BA0 
 607      1A1D9C98 
 607      BC0A
 608 0c89 86A72F49 		.ascii	"\206\247/I5;\355V\347\262\225L!%\352u\007\233\266\325"
 608      353BED56 
 608      E7B2954C 
 608      2125EA75 
 608      079BB6D5 
 609 0c9d 5627CCD3 		.ascii	"V'\314\323\233\311\316\225i\177\215ZeI\266\330,Q)\220"
 609      9BC9CE95 
 609      697F8D5A 
 609      6549B6D8 
 609      2C512990 
 610 0cb1 8AC319B5 		.ascii	"\212\303\031\2650\331\276\352\035\213\335\032\225h\267"
 610      30D9BEEA 
 610      1D8BDD1A 
 610      9568B7
 611 0cc0 D81CAB53 		.ascii	"\330\034\253Sm\313A\363\007\247;\3166\305t\317])D\262"
 611      6DCB41F3 
 611      07A73BCE 
 611      36C574CF 
 611      5D2944B2 
 612 0cd4 4AB21479 		.ascii	"J\262\024y\325h\234\315\341\264\330\226Y\303\030\300"
 612      D5689CCD 
 612      E1B4D896 
 612      59C318C0 
 613 0ce4 07E50C62 		.ascii	"\007\345\014b\337\266\332\234r\325f>V}\321\364F\214"
 613      DFB6DA9C 
 613      72D5663E 
 613      567DD1F4 
 613      468C
 614 0cf6 494C8835 		.ascii	"IL\2105\232H\034\023\263\211&\306\305\307.}=\321\024"
 614      9A481C13 
 614      B38926C6 
 614      C5C72E7D 
 614      3DD114
 615 0d09 028DB825 		.ascii	"\002\215\270%\213L\342\322\371&\003\373\213&F\223\001"
 615      8B4CE2D2 
 615      F92603FB 
 615      8B264693 
 615      01
 616 0d1a 245A4C04 		.ascii	"$ZL\004\243\324\1771Yc\2749\316\034\025\0033\275\314"
 616      A3D47F31 
 616      5963BC39 
 616      CE1C1503 
 616      33BDCC
 617 0d2d 0A99FB93 		.ascii	"\012\231\373\223g\031\247\244-\267\252Y\317\213NO\207"
 617      6719A7A4 
 617      2DB7AA59 
 617      CF8B4E4F 
 617      87
 618 0d3e 7C89D16C 		.ascii	"|\211\321l\022\027\304\030M\241\246Xs\254\351\217\261"
 618      1217C418 
 618      4DA1A658 
 618      73ACE98F 
 618      B1
 619 0d4f 31BF0B32 		.ascii	"1\277\0132\032\343\022\374\375WB\347',0\230\343c\227"
 619      1AE312FC 
 619      FD5742E7 
 619      272C3098 
 619      E36397
 620 0d62 98A6412B 		.ascii	"\230\246A+Zn\031\374\315hM\363\345\320\371\257-\230"
 620      5A6E19FC 
 620      CD684DF3 
 620      E5D0F9AF 
 620      2D98
 621 0d74 270FB296 		.ascii	"'\017\262\226Ak)\212\232\336K!\214\021F(#alj\303\317"
 621      416B298A 
 621      9ADE4B21 
 621      8C114628 
 621      23616C6A 
 622 0d8a 352F8471 		.ascii	"5/\204q\301\020\273\032\3705:\220E62\230\314\211&\026"
 622      C110BB1A 
 622      F8353A90 
 622      45363298 
 622      CC892616 
 623 0d9e 60346B18 		.ascii	"`4k\030\264\226\237(\2322\"6\306\032\006\265!kiJ/\212"
 623      B4969F28 
 623      9A322236 
 623      C61A06B5 
 623      216B694A 
 624 0db4 469827F8 		.ascii	"F\230'\370[\310\376bMT\005\302\022\026/6\317\217\213"
 624      5BC8FE62 
 624      4D5405C2 
 624      12162F36 
 624      CF8F8B
 625 0dc7 362E5C64 		.ascii	"6.\\d\012\2016\273\212\354/(\316h6\232\260\321\024d"
 625      0A8136BB 
 625      8AEC2F28 
 625      CE68369A 
 625      B0D11464 
 626 0ddb 34998CA6 		.ascii	"4\231\214\2460\223Q[\035\242\371O\0110\014J\006\321"
 626      3093515B 
 626      1DA2F94F 
 626      09300C4A 
 626      06D1
 627 0ded 0CE50D8E 		.ascii	"\014\345\015\216}#1\316\250\214D\007\307\307\306\233"
 627      7D2331CE 
 627      A88C4407 
 627      C7C7C69B 
 628 0dfd E21388F9 		.ascii	"\342\023\210\371\177L\021\346?\233aL5\013\267\330W\275"
 628      7F4C11E6 
 628      3F9B614C 
 628      350BB7D8 
 628      57BD
 629 0e0f FD3BEB0B 		.ascii	"\375;\353\013\253~\263b\2650mY\252\335iM\177a\325K\302"
 629      AB7EB362 
 629      B5306D59 
 629      AADD694D 
 629      7F61D54B 
 630 0e24 2FF91912 		.ascii	"/\371\031\022\233\236dL\265\255H~s\276\315\222\222\372"
 630      9B9E644C 
 630      B5AD487E 
 630      73BECD92 
 630      92FA
 631 0e36 E6C2E414 		.ascii	"\346\302\344\024X!sW[\354\316\271/>\363C:\211?rI-\206"
 631      58217357 
 631      5BECCEB9 
 631      2F3EF343 
 631      3A893F72 
 632 0e4d 35F2C212 		.ascii	"5\362\302\022\353;\013\354V\313[\251iN\307\013\013R"
 632      EB3B0BEC 
 632      56CB5BA9 
 632      694EC70B 
 632      0B52
 633 0e5f 539D29A9 		.ascii	"S\235)\251\026\000\205\377\372\361\347\251\360\253G"
 633      160085FF 
 633      FAF1E7A9 
 633      F0AB47
 634 0e6e A38D4986 		.ascii	"\243\215I\206\250,)\272\224\236\375A\245\0004\326f\371"
 634      A82C29BA 
 634      949EFD41 
 634      A50034D6 
 634      66F9
 635 0e80 6B8AF54F 		.ascii	"k\212\365O\226\267\254\257\257\346\266?\233\032\375"
 635      96B7ACAF 
 635      AFE6B63F 
 635      9B1AFD
 636 0e8f 0FFF704C 		.ascii	"\017\377pL\262\3431\253\247\276\007~\346Q\266\205\026"
 636      B2E331AB 
 636      A7BE077E 
 636      E651B685 
 636      16
 637 0ea0 87931D4C 		.ascii	"\207\223\035L\011)i\216g\0373\012D\377\037\210\037u"
 637      0929698E 
 637      671F330A 
 637      44FF1F88 
 637      1F75
 638 0eb2 EC       		.ascii	"\354"
 639              		.text
 640              		.section	.gnu.lto_.symtab.c8484e6a972ff102,"e",%progbits
 641 0000 48414C5F 		.ascii	"HAL_I2CEx_ConfigAnalogFilter\000"
 641      49324345 
 641      785F436F 
 641      6E666967 
 641      416E616C 
 642 001d 00       		.ascii	"\000"
 643 001e 00       		.ascii	"\000"
 644 001f 00       		.ascii	"\000"
 645 0020 00000000 		.ascii	"\000\000\000\000\000\000\000\000"
 645      00000000 
 646 0028 C7010000 		.ascii	"\307\001\000\000"
 647 002c 48414C5F 		.ascii	"HAL_I2CEx_ConfigDigitalFilter\000"
 647      49324345 
 647      785F436F 
 647      6E666967 
 647      44696769 
 648 004a 00       		.ascii	"\000"
 649 004b 00       		.ascii	"\000"
 650 004c 00       		.ascii	"\000"
 651 004d 00000000 		.ascii	"\000\000\000\000\000\000\000\000"
 651      00000000 
 652 0055 CB010000 		.ascii	"\313\001\000\000"
 653 0059 48414C5F 		.ascii	"HAL_I2CEx_EnableWakeUp\000"
 653      49324345 
 653      785F456E 
 653      61626C65 
 653      57616B65 
 654 0070 00       		.ascii	"\000"
 655 0071 00       		.ascii	"\000"
 656 0072 00       		.ascii	"\000"
 657 0073 00000000 		.ascii	"\000\000\000\000\000\000\000\000"
 657      00000000 
 658 007b D1010000 		.ascii	"\321\001\000\000"
 659 007f 48414C5F 		.ascii	"HAL_I2CEx_DisableWakeUp\000"
 659      49324345 
 659      785F4469 
 659      7361626C 
 659      6557616B 
 660 0097 00       		.ascii	"\000"
 661 0098 00       		.ascii	"\000"
 662 0099 00       		.ascii	"\000"
 663 009a 00000000 		.ascii	"\000\000\000\000\000\000\000\000"
 663      00000000 
 664 00a2 D5010000 		.ascii	"\325\001\000\000"
 665 00a6 48414C5F 		.ascii	"HAL_I2CEx_EnableFastModePlus\000"
 665      49324345 
 665      785F456E 
 665      61626C65 
 665      46617374 
 666 00c3 00       		.ascii	"\000"
 667 00c4 00       		.ascii	"\000"
 668 00c5 00       		.ascii	"\000"
 669 00c6 00000000 		.ascii	"\000\000\000\000\000\000\000\000"
 669      00000000 
 670 00ce DA010000 		.ascii	"\332\001\000\000"
 671 00d2 48414C5F 		.ascii	"HAL_I2CEx_DisableFastModePlus\000"
 671      49324345 
 671      785F4469 
 671      7361626C 
 671      65466173 
 672 00f0 00       		.ascii	"\000"
 673 00f1 00       		.ascii	"\000"
 674 00f2 00       		.ascii	"\000"
 675 00f3 00000000 		.ascii	"\000\000\000\000\000\000\000\000"
 675      00000000 
 676 00fb DC010000 		.ascii	"\334\001\000\000"
 677              		.text
 678              		.section	.gnu.lto_.ext_symtab.c8484e6a972ff102,"e",%progbits
 679 0000 01       		.ascii	"\001"
 680 0001 01       		.ascii	"\001"
 681 0002 00       		.ascii	"\000"
 682 0003 01       		.ascii	"\001"
 683 0004 00       		.ascii	"\000"
 684 0005 01       		.ascii	"\001"
 685 0006 00       		.ascii	"\000"
 686 0007 01       		.ascii	"\001"
 687 0008 00       		.ascii	"\000"
 688 0009 01       		.ascii	"\001"
 689 000a 00       		.ascii	"\000"
 690 000b 01       		.ascii	"\001"
 691 000c 00       		.ascii	"\000"
 692              		.text
 693              		.section	.gnu.lto_.opts,"e",%progbits
 694 0000 272D666E 		.ascii	"'-fno-openmp' '-fno-openacc' '-fno-pie' '-fcf-prote"
 694      6F2D6F70 
 694      656E6D70 
 694      2720272D 
 694      666E6F2D 
 695 0033 6374696F 		.ascii	"ction=none' '-mcpu=cortex-m4' '-mthumb' '-mfloat-ab"
 695      6E3D6E6F 
 695      6E652720 
 695      272D6D63 
 695      70753D63 
 696 0066 693D6861 		.ascii	"i=hard' '-mfpu=fpv4-sp-d16' '-mlibarch=armv7e-m+fp'"
 696      72642720 
 696      272D6D66 
 696      70753D66 
 696      7076342D 
 697 0099 20272D6D 		.ascii	" '-march=armv7e-m+fp' '-Os' '-fmessage-length=0' '-"
 697      61726368 
 697      3D61726D 
 697      7637652D 
 697      6D2B6670 
 698 00cc 66736967 		.ascii	"fsigned-char' '-ffunction-sections' '-fdata-section"
 698      6E65642D 
 698      63686172 
 698      2720272D 
 698      6666756E 
 699 00ff 73272027 		.ascii	"s' '-fsingle-precision-constant' '-flto' '-Xassembl"
 699      2D667369 
 699      6E676C65 
 699      2D707265 
 699      63697369 
 700 0132 65722720 		.ascii	"er' '-adhlns=Drivers/STM32L4xx_HAL_Driver/Src/stm32"
 700      272D6164 
 700      686C6E73 
 700      3D447269 
 700      76657273 
 701 0165 6C347878 		.ascii	"l4xx_hal_i2c_ex.o.lst'\000"
 701      5F68616C 
 701      5F693263 
 701      5F65782E 
 701      6F2E6C73 
 702              		.text
 703              		.comm	__gnu_lto_slim,1,1
 704              		.ident	"GCC: (Arm GNU Toolchain 12.2.Rel1 (Build arm-12.24)) 12.2.1 20221205"
DEFINED SYMBOLS
                            *ABS*:0000000000000000 stm32l4xx_hal_i2c_ex.c
                            *COM*:0000000000000001 __gnu_lto_slim

NO UNDEFINED SYMBOLS
