   1              		.cpu cortex-m4
   2              		.arch armv7e-m
   3              		.fpu fpv4-sp-d16
   4              		.eabi_attribute 27, 1
   5              		.eabi_attribute 28, 1
   6              		.eabi_attribute 20, 1
   7              		.eabi_attribute 21, 1
   8              		.eabi_attribute 23, 3
   9              		.eabi_attribute 24, 1
  10              		.eabi_attribute 25, 1
  11              		.eabi_attribute 26, 1
  12              		.eabi_attribute 30, 4
  13              		.eabi_attribute 34, 1
  14              		.eabi_attribute 18, 4
  15              		.file	"stm32l4xx_hal_iwdg.c"
  16              		.section	.gnu.lto_.profile.aba6a5c6fe5c9561,"e",%progbits
  17 0000 789C6362 		.ascii	"x\234cb\000\001\000\000\022\000\003"
  17      00010000 
  17      120003
  18              		.text
  19              		.section	.gnu.lto_.icf.aba6a5c6fe5c9561,"e",%progbits
  20 0000 789C0B66 		.ascii	"x\234\013f@\000f\206\357\2537\255d\226bb`bdbbb\206b"
  20      40006686 
  20      EFAB37AD 
  20      64966262 
  20      60626462 
  21 0018 46141ABB 		.ascii	"F\024\032\273\0343\343\247\253\247^\36310\355?\271\366"
  21      1C33E3A7 
  21      ABA75EF3 
  21      3130ED3F 
  21      B9F6
  22 002a 212B0B4C 		.ascii	"!+\013L\025\003\000\235B\012\222"
  22      1503009D 
  22      420A92
  23              		.text
  24              		.section	.gnu.lto_.ipa_sra.aba6a5c6fe5c9561,"e",%progbits
  25 0000 789C45CA 		.ascii	"x\234E\312\313\011\0001\000\002QGeIU\251mK\337O\002"
  25      CB090031 
  25      00025147 
  25      654955A9 
  25      6D4BDF4F 
  26 0015 F132206F 		.ascii	"\3612 o\352,\"\216\245\342\332]\031\345}\362\001\370"
  26      EA2C228E 
  26      A5E2DA5D 
  26      19E57DF2 
  26      01F8
  27 0027 19DC956C 		.ascii	"\031\334\225l\330\272\275\242\007*\234\0011"
  27      D8BABDA2 
  27      072A9C01 
  27      31
  28              		.text
  29              		.section	.gnu.lto_.inline.aba6a5c6fe5c9561,"e",%progbits
  30 0000 789C1367 		.ascii	"x\234\023gd\200\003f\006\006\351\335_\026\275g\312b"
  30      64800366 
  30      0606E9DD 
  30      5F16BD67 
  30      CA62
  31 0012 04B21999 		.ascii	"\004\262\031\231\230A\"@\232\205\201Y\001J;0p(\314\377"
  31      98412240 
  31      9A858159 
  31      014A3B30 
  31      7028CCFF 
  32 0026 3EA18D29 		.ascii	">\241\215)\223\201\201\343\335\334\323\273\231S\231"
  32      938181E3 
  32      DDDCD3BB 
  32      995399
  33 0035 18981818 		.ascii	"\030\230\030\030\033\200\200)\211\211\201\005\316f`"
  33      1B808029 
  33      89898105 
  33      CE6660
  34 0044 41887220 		.ascii	"A\210r D9\020\242\002\010Q\001\220\365L\334\020\022"
  34      443910A2 
  34      02085101 
  34      90F54CDC 
  34      1012
  35 0056 E4224606 		.ascii	"\344\"F\006\216\015\273&w2\2471\002M/bbd\253\005\273"
  35      8E0DBB26 
  35      7732A731 
  35      024D2F62 
  35      6264AB05 
  36 006b 93918911 		.ascii	"\223\221\211\021\342\316F\240\276:\006\006\2666\220"
  36      E2CE46A0 
  36      BE3A0606 
  36      B63690
  37 007a FE149013 		.ascii	"\376\024\220\023X\300F\245\000-\000\251\340a\000\331"
  37      58C046A5 
  37      002D00A9 
  37      E06100D9 
  38 008a 3FC10F28 		.ascii	"?\301\017(\301\012\226He\004\232\011\365\022\013\023"
  38      C10A9648 
  38      65049A09 
  38      F5120B13 
  39 009a 582819A8 		.ascii	"X(\031\250\277\001\256\037\273\027@\000\000\177\037"
  39      BF01AE1F 
  39      BB174000 
  39      007F1F
  40 00a9 3263     		.ascii	"2c"
  41              		.text
  42              		.section	.gnu.lto_.jmpfuncs.aba6a5c6fe5c9561,"e",%progbits
  43 0000 789CD365 		.ascii	"x\234\323e@\000f\006FFf\006&F\006 \315\310\\\317\304"
  43      40006606 
  43      46466606 
  43      26460620 
  43      CDC85CCF 
  44 0015 C8C452CF 		.ascii	"\310\304R\317\300\310\300x\200\205\221\001\210\377\003"
  44      C0C8C078 
  44      80859101 
  44      88FF03
  45 0024 013F501A 		.ascii	"\001?P\032\242\006\000z\013\006\347"
  45      A206007A 
  45      0B06E7
  46              		.text
  47              		.section	.gnu.lto_.pureconst.aba6a5c6fe5c9561,"e",%progbits
  48 0000 789CE362 		.ascii	"x\234\343b```f\230\305\3028\203\205i\026\013\000\011"
  48      60606066 
  48      98C5C238 
  48      83856916 
  48      0B0009
  49 0013 F001E9   		.ascii	"\360\001\351"
  50              		.text
  51              		.section	.gnu.lto_.ipa_modref.aba6a5c6fe5c9561,"e",%progbits
  52 0000 789C4D4B 		.ascii	"x\234MK\301\021\300 \014\002\332\33052\224\023tr\207"
  52      C111C020 
  52      0C02DAD8 
  52      35329413 
  52      747287
  53 0013 7000A98F 		.ascii	"p\000\251\217\324\344\270@\200\027\377\\`\367\221\302"
  53      D4E4B840 
  53      8017FF5C 
  53      60F791C2 
  54 0023 B0F02253 		.ascii	"\260\360\"S\367f\231\003j\240\036\177Y\254\261\352\342"
  54      F7669903 
  54      6AA01E7F 
  54      59ACB1EA 
  54      E2
  55 0034 0C7C5E18 		.ascii	"\014|^\030U?\263X\343\016\003\311"
  55      553FB358 
  55      E30E03C9 
  56              		.text
  57              		.section	.gnu.lto_.lto.aba6a5c6fe5c9561,"e",%progbits
  58 0000 0C000000 		.ascii	"\014\000\000\000\001\000\000\000"
  58      01000000 
  59              		.text
  60              		.section	.gnu.lto_HAL_IWDG_Init.132.aba6a5c6fe5c9561,"e",%progbits
  61 0000 789C3D8F 		.ascii	"x\234=\217MH\033A\024\307\337\233\331\215Q!\227P\361"
  61      4D481B41 
  61      14C7DF9B 
  61      D98D5121 
  61      9750F1
  62 0013 E85D93A1 		.ascii	"\350]\223\241I,\364\246\241\024\017\251\027\3439\214"
  62      492CF4A6 
  62      A1140FA9 
  62      17E3398C 
  63 0023 C9629626 		.ascii	"\311b\226&\331\260\273i\204\020v\374\272DA\266h\351"
  63      D9B0BB69 
  63      841076FC 
  63      BA4441B6 
  63      68E9
  64 0035 A9142242 		.ascii	"\251\024\"B{\361&~\035B=yR\244 \"\342\007\224\"\"\364"
  64      7BF1267E 
  64      1D423D79 
  64      52A42022 
  64      E2079422 
  65 004b 545A28A4 		.ascii	"TZ(\2443\011xx\303\343\375\177\374\336\233\337\000\360"
  65      33097878 
  65      C3E3FD7F 
  65      FCDE9BDF 
  65      00F0
  66 005d 41565216 		.ascii	"AVR\026\352\200\357\375\006\001!\304X\017!K\376\012"
  66      EA80EFFD 
  66      060121C4 
  66      580F214B 
  66      FE0A
  67 006f C1036CEE 		.ascii	"\301\003l\356\374\014k\213~\350\352\370\343\210Fq=\330"
  67      FC0C6B8B 
  67      7EE8EAF8 
  67      E3884671 
  67      3DD8
  68 0081 CD359CF7 		.ascii	"\3155\234\367\373:\035\202G\250\206\036\361\266(k\011"
  68      FB3A1D82 
  68      47A8861E 
  68      F1B6286B 
  68      09
  69 0092 F1E7C7C3 		.ascii	"\361\347\307\303\347\363\221o\213\313\203\036\324Gc"
  69      E7F3916F 
  69      8BCB831E 
  69      D44763
  70 00a1 D20C3A06 		.ascii	"\322\014:\006\302\250\311\367\031\016\351\030\364\021"
  70      C2A8C9F7 
  70      190EE918 
  70      F411
  71 00af 22123C7D 		.ascii	"\"\022<}<\024\242\027j\373X\337\303]\004 D\262\375\000"
  71      3C14A217 
  71      6AFB58DF 
  71      C35D0420 
  71      44B2FD00 
  72 00c3 75758DAC 		.ascii	"uu\215\254\3553\375F\374k\257\011q=|\373=$7\311E@\244"
  72      ED33FD46 
  72      FC6BAF09 
  72      713D7CFB 
  72      3D2437C9 
  73 00da 0EF765DE 		.ascii	"\016\367e\336\244\260\263\372\345D\241\233\224t\333"
  73      A4B0B3FA 
  73      E544A19B 
  73      9474DB
  74 00e9 F916C05F 		.ascii	"\371\026\300_\262t\177\324\336\030\220\307S=PS&P\010"
  74      B2747FD4 
  74      DE1890C7 
  74      533D5053 
  74      265008
  75 00fc FD7A79F7 		.ascii	"\375zy\367\242C\010*\177\322@R\255\000P\235\004:\261"
  75      A243082A 
  75      7FD24052 
  75      AD00509D 
  75      043AB1
  76 010f B6FB6458 		.ascii	"\266\373dX\240\013c W\0014\250\026\360\020\311\247\213"
  76      A00B6320 
  76      570134A8 
  76      16F010C9 
  76      A78B
  77 0121 5F41E543 		.ascii	"_A\345C5mR\354\262\242\245\314i6\355\030\266\303\312"
  77      356D52EC 
  77      B2A2A5CC 
  77      6936ED18 
  77      B6C3CA
  78 0134 866BD86C 		.ascii	"\206k\330l\326t\363\225\031V\344&/qV\340\256\341\270"
  78      D674F395 
  78      1956E426 
  78      2F7156E0 
  78      AEE1B8
  79 0147 ECB56917 		.ascii	"\354\265i\027\253\3346X\332\346%\247l\225r\222L%\342"
  79      ABDC3658 
  79      DAE625A7 
  79      6C957292 
  79      4C25E2
  80 015a CF239346 		.ascii	"\317#\223F5i\033\374\255Uq\235H\322\262\334\202\305"
  80      35691BFC 
  80      AD55719D 
  80      48D2B2DC 
  80      82C5
  81 016c 65082FA3 		.ascii	"e\010/\243Q\366\3126\337)\361T\372M<\226J\314\315e&"
  81      51F6CA36 
  81      DF29F154 
  81      FA4D3C96 
  81      4ACCCD65 
  82 0181 C65399EE 		.ascii	"\306S\231\356\224M\331Y\346\270\305x\254\240\202</d"
  82      944DD959 
  82      E6B8C578 
  82      ACA0823C 
  82      2F64
  83 0193 CC6A6E36 		.ascii	"\314jn6\232\005=\257\232\377\027\351\213\261"
  83      9A053DAF 
  83      9AFF17E9 
  83      8BB1
  84              		.text
  85              		.section	.gnu.lto_HAL_IWDG_Refresh.133.aba6a5c6fe5c9561,"e",%progbits
  86 0000 789C458E 		.ascii	"x\234E\216\261KBQ\024\306\317\271\317gFDC\004\215MM"
  86      B14B4251 
  86      14C6CFB9 
  86      CF674644 
  86      43048D4D 
  87 0015 E925B5A0 		.ascii	"\351%\265\240!(\211h\260\226l\226\233>\364\221\372\354"
  87      21288968 
  87      B0966C96 
  87      9B3EF491 
  87      FAEC
  88 0027 BD672A26 		.ascii	"\275g*&\336\214\226\226\260\241=\212\206\010Z\032\312"
  88      DE8C9696 
  88      B0A13D8A 
  88      86085A1A 
  88      CA
  89 0038 4ACCBF20 		.ascii	"J\314\277 \202\206\232l\210\206\266p0\212\354\336\034"
  89      82869A6C 
  89      8886B670 
  89      308AECDE 
  89      1C
  90 0049 1ABECB77 		.ascii	"\032\276\313w\317\371\335\373}\037\000p 4*\204\012\340"
  90      CFF9DDFB 
  90      7D1F0070 
  90      20342A84 
  90      0AE0
  91 005b 7E659700 		.ascii	"~e\227\000\347|\246\207\340Ve\367\255v\341\300k\374"
  91      E77CA687 
  91      E05665F7 
  91      AD76E1C0 
  91      6BFC
  92 006d 1B209408 		.ascii	"\033 \224\010\226\360D\241u\316\333\257\357\315\257"
  92      96F044A1 
  92      75CEDBAF 
  92      EFCDAF
  93 007c B1C6F6CE 		.ascii	"\261\306\366\316p\011\212\023^\361\032Tt\016\242C\234"
  93      70098A13 
  93      5EF11A54 
  93      740EA243 
  93      9C
  94 008d 4338A2A2 		.ascii	"C8\242\242\253\202\340\026\340}\373\206\363^(T\261x"
  94      AB82E016 
  94      E07DFB86 
  94      F35E2854 
  94      B178
  95 009f 85970840 		.ascii	"\205\227\010@\210`\373\000\2122Q\350\374Am\362\357\316"
  95      8860FB00 
  95      8A3251E8 
  95      FC416DF2 
  95      EFCE
  96 00b1 1EE79DE9 		.ascii	"\036\347\235\351\227\347\001\025\201(\012bU\354\216"
  96      97E70115 
  96      81280A62 
  96      55EC8E
  97 00c0 1459853B 		.ascii	"\024Y\205;\204=VH\327n\325\001~H\271\366\331\362)(\302"
  97      843D5648 
  97      D76ED501 
  97      7E48B9F6 
  97      D9F22928 
  98 00d5 0A2882CF 		.ascii	"\012(\202\317dCW6w\2130)]\276\206\031\220\\\243\345"
  98      64435736 
  98      778B3029 
  98      5DBE8619 
  98      905CA3E5 
  99 00e9 124CFE9F 		.ascii	"\022L\376\237\2616\353\2029\024n\375\016\015\000g\022"
  99      B136EB82 
  99      39146EFD 
  99      0E0D0067 
  99      12
 100 00fa 4F1F0994 		.ascii	"O\037\011\224\225r\363i\257\337Y\222\215d0v\323x]^C"
 100      9572F369 
 100      AFDF5992 
 100      8D643076 
 100      D3785D5E 
 101 010f 74C5D24C 		.ascii	"t\305\322L\213\2465[3iL\267\343\231U\232d:K1\232`\266"
 101      8BA6355B 
 101      33694CB7 
 101      E399559A 
 101      643A4B31 
 102 0126 66D9745E 		.ascii	"f\331t^7\223Yfj4d\262\224\2256RQA\006\375\276q\367\222"
 102      37935966 
 102      6A3464B2 
 102      94953652 
 102      514106FD 
 103 013e 960D981A 		.ascii	"\226\015\230\032[32\266\345\016\030\206\2350\230X\302"
 103      5B3332B6 
 103      E50E1886 
 103      9D309858 
 103      C2
 104 014f 94C743E7 		.ascii	"\224\307C\347L}C~\274\034Z\364y\203\376\\.\2740\033"
 104      4C7D437E 
 104      BC1C5AF4 
 104      7983FE5C 
 104      2EBC301B 
 105 0163 0C77A774 		.ascii	"\014w\247t\331\214P\313N\372\274\011\271\210\263DX\317"
 105      D98C50CB 
 105      4EFABC09 
 105      B988B344 
 105      58CF
 106 0175 46639E08 		.ascii	"Fc\236\010\250qi~\001\361\010\210."
 106      A871697E 
 106      01F10888 
 106      2E
 107              		.text
 108              		.section	.gnu.lto_HAL_IWDG_Init.part.0.135.aba6a5c6fe5c9561,"e",%progbits
 109 0000 789C6552 		.ascii	"x\234eR]lTU\020\2369s\357\335{w\267@ 5\244!\001_\372"
 109      5D6C5455 
 109      109E3973 
 109      EFDD7B77 
 109      B7402035 
 110 0019 00B6175B 		.ascii	"\000\266\027[$1\361\001\2111>T\215i\2151\3064\227\262"
 110      2431F101 
 110      89313E54 
 110      8D698D31 
 110      C63497B2 
 111 002d 69D7FE2C 		.ascii	"i\327\376,\331\335\262`iz\351\217$\345\301.!(\002M\241"
 111      D9DDB260 
 111      697AE98F 
 111      24E5C12E 
 111      2128024D 
 112 0042 8DA9D504 		.ascii	"\215\251\325\004\355\213TK)[k\245j%5\015D+\225\242\006"
 112      ED8B544B 
 112      295B6BA5 
 112      6A25350D 
 112      442B95A2 
 113 0057 44A2541A 		.ascii	"D\242T\032[R\252s\316\335mc\331\354\271g2\363\315\367"
 113      5B52AA73 
 113      CEDD6D63 
 113      D9ECB967 
 113      32F3CDF7 
 114 006b CD9999F5 		.ascii	"\315\231\231\365\032@\007\000\244\370`\026\340\311F"
 114      1A400700 
 114      A4F86016 
 114      E0C946
 115 007a 04D77577 		.ascii	"\004\327uw\370\202\270V\335\002\217%[\277;\333\253\341"
 115      F882B856 
 115      DD028F25 
 115      5BBF3BDB 
 115      ABE1
 116 008c 45540E12 		.ascii	"ET\016\022\315\311\300\225\221\024i-\311U\037\234;\377"
 116      CDC9C095 
 116      9114692D 
 116      C9551F9C 
 116      3BFF
 117 009e 94A6E189 		.ascii	"\224\246\341\211#g\356>\030\366\251\270\216\307>Y\343"
 117      2367EE3E 
 117      18F6A9B8 
 117      8EC73E59 
 117      E3
 118 00af 7118A229 		.ascii	"q\030\242)yXp\242\202\035J\256Ri>\361n[/\036\235l\337"
 118      795870A2 
 118      821D4AAE 
 118      52693EF1 
 118      6E5B2F1E 
 119 00c6 AC1D6F9B 		.ascii	"\254\035o\233\306?:\257gk&\276w\344\214\307oI\363Q\217"
 119      C63F3AAF 
 119      676B26BE 
 119      77E48CC7 
 119      6F49F351 
 120 00db C08F2784 		.ascii	"\300\217'\2042\002x0\351W\026BCP\220\246\033>\323\362"
 120      32027830 
 120      E9571642 
 120      435090A6 
 120      1B3ED3F2 
 121 00ef 07B04118 		.ascii	"\007\260A\030\260\374{\237t\264\007]w\356\327\333\035"
 121      B0FC7B9F 
 121      74B4075D 
 121      77EED7DB 
 121      1D
 122 0100 571E4B35 		.ascii	"W\036K5\265\254o\200\372'\012dH\272\333Nv\017b\003\324"
 122      B5AC6F80 
 122      FA270A64 
 122      48BADB4E 
 122      760F6203 
 123 0115 B1E75304 		.ascii	"\261\347S\004\320\321X\207\032\177\263q\223\216f\022"
 123      D0D15887 
 123      1A7FB371 
 123      938E6612 
 124 0125 D993C7B0 		.ascii	"\331\223\307\260\313w\372]\327\202\375\237c\375g\330"
 124      CB77FA5D 
 124      D782FD9F 
 124      63FD67D8 
 125 0135 C7404120 		.ascii	"\307@A \375m\355\356\240\306\336:\345\355GvK\222\000"
 125      FD6DEDEE 
 125      A0C6DE3A 
 125      E5ED4776 
 125      4B9200
 126 0148 40BDBCCD 		.ascii	"@\275\274\315w$\301\026\006\376\325\337rhu\333A3q!\303"
 126      7724C116 
 126      06FED5DF 
 126      726875DB 
 126      41337121 
 127 015d A0805BD2 		.ascii	"\240\200[\322\034\315\233\200#\036\313\240\014\006\340"
 127      1CCD9B80 
 127      231ECBA0 
 127      0C06E0
 128 016c 2242DD00 		.ascii	"\"B\335\000\233\362\217\203xv\\\357p\027\376}\333u'"
 128      9BF28F83 
 128      78765CEF 
 128      7017FE7D 
 128      DB7527
 129 017f 37AFCB41 		.ascii	"7\257\313AD\026\003\241\023\010C\343\243\003c\0146|"
 129      441603A1 
 129      130843E3 
 129      A303630C 
 129      367C
 130 0191 7C4C0E58 		.ascii	"|L\016X|\373\371\016\360\035\344\223\005\302\007\320"
 130      7CFBF90E 
 130      F01DE493 
 130      05C207D0 
 131 01a1 49D0F3E3 		.ascii	"I\320\363\343\364v\224VPY\004]$\322\326\242h\034\230"
 131      F4769456 
 131      5059045D 
 131      24D2D6A2 
 131      681C98
 132 01b4 BFD32BC7 		.ascii	"\277\323+\307C\202\233\260_V\377\021B\344\300\020\302"
 132      43829BB0 
 132      5F56FF11 
 132      42E4C010 
 132      C2
 133 01c5 76EEB559 		.ascii	"v\356\265Y\373\005Vsu\213\"u\317d@m\032P\371\346\227"
 133      FB055673 
 133      758B2275 
 133      CF64406D 
 133      1A50F9E6 
 134 01da 0C38CD80 		.ascii	"\0148\315\200\360\010\226\003\030\011\374\3468)\330"
 134      F0089603 
 134      1809FCE6 
 134      3829D8
 135 01e9 D53FC54A 		.ascii	"\325?\305J\310h\0322\321\203J\262o6e\021-+\351(\265"
 135      C8681A32 
 135      D1834AB2 
 135      6F366511 
 135      2D2BE928 
 136 01fe BA3786BE 		.ascii	"\2727\206\276\3052P\272\335\271\2111t<\341\231\326\007"
 136      C53250BA 
 136      DDB98931 
 136      743CE199 
 136      D607
 137 0210 2B18BBB3 		.ascii	"+\030\273\263\303\227\261\024\200\322/\230\035\267x"
 137      C397B114 
 137      80D22F98 
 137      1DB778
 138 021f 1B56D0DD 		.ascii	"\033V\320\335\334\030\032\317\320\335\314M|\217\257"
 138      DC181ACF 
 138      D0DDCC4D 
 138      7C8FAF
 139 022e 67E886E9 		.ascii	"g\350\206\351!\272\011|\215\3514p\251\351\347\237\276"
 139      21BA097C 
 139      8DE93470 
 139      A9E9E79F 
 139      BE
 140 023f 5E4D7A2B 		.ascii	"^Mz+\212W_\341\251gsR\027\321h\352\366\015\342\206\311"
 140      8A575FE1 
 140      A9677352 
 140      17D168EA 
 140      F60DE286 
 141 0254 F83F87B3 		.ascii	"\370?\207\263\310X\216/\212\246\217\337\032&\362\221"
 141      C8588E2F 
 141      8AA68FDF 
 141      1A26F291 
 142 0264 413ACC8B 		.ascii	"A:\314\213\346kC\273\310\307\257\335\252F\336E\332\337"
 142      E66B43BB 
 142      C8C7AFDD 
 142      AA46DE45 
 142      DADF
 143 0276 A7C67238 		.ascii	"\247\306r8\3674\271_\365_\270+\207\335I\372\325\256"
 143      F734B95F 
 143      F55FB82B 
 143      87DD49FA 
 143      D5AE
 144 0288 5397480D 		.ascii	"S\227H\015\303\340\002]-3\215\205\031\"s\345\020~\310"
 144      C3E0025D 
 144      2D338D85 
 144      192273E5 
 144      107EC8
 145 029b 0C61E0D6 		.ascii	"\014a\340\326\006\262\274\352k\226\332;\211\305\034"
 145      06B2BCEA 
 145      6B96DA3B 
 145      89C51C
 146 02aa 65E5DF87 		.ascii	"e\345\337\207\356#YF\330[6\246\366\235;\177t\203bN\015"
 146      EE235946 
 146      D85B36A6 
 146      F69D3B7F 
 146      7483624E 
 147 02bf CC0FDFD0 		.ascii	"\314\017\337\320)\340\345\276\261\224;\205/)\346\306"
 147      29E0E5BE 
 147      B1943B85 
 147      2F29E6C6 
 148 02cf 815B7914 		.ascii	"\201[y\024|\250\207\271\241\353K=\314KL\343\213\031"
 148      7CA887B9 
 148      A1EB4B3D 
 148      CC4B4CE3 
 148      8B19
 149 02e1 A11C0A50 		.ascii	"\241\034\012PP\212\264\222\237L\243}\352\000\313\231"
 149      508AB492 
 149      9F4CA37D 
 149      EA00CB99 
 150 02f1 FDF747D7 		.ascii	"\375\367G\327zr3\255#}{\377/\326\375H\370\027\251\246"
 150      7A7233AD 
 150      237D7BFF 
 150      2FD6FD48 
 150      F817A9A6 
 151 0305 F2BAC85A 		.ascii	"\362\272\310ZH]\262<\360\275\271\261\342\225\205\375"
 151      485DB23C 
 151      F0BDB9B1 
 151      E29585FD 
 152 0315 96DE999E 		.ascii	"\226\336\231\236\011\241\340\376\364S\244\035\370\320"
 152      09A1E0FE 
 152      F453A41D 
 152      F8D0
 153 0323 5BDF466A 		.ascii	"[\337Fj\334\001\224\245\252\3102\032\220\264kSs&/3\333"
 153      DC0194A5 
 153      AAC8321A 
 153      90B46B53 
 153      73262F33 
 154 0338 E06F9FAD 		.ascii	"\340o\237\255\340F\243\302J\216\022\373\345X(\032\263"
 154      E046A3C2 
 154      4A8E12FB 
 154      E558281A 
 154      B3
 155 0349 F784E2A1 		.ascii	"\367\204\342\241\250]\036\216W\324\356\262\253\235\260"
 155      A85D1E8E 
 155      57D4EEB2 
 155      AB9DB0
 156 0358 53E3D855 		.ascii	"S\343\330UN<\024\213\333\317\206\243\325\011'\032\262"
 156      4E3C148B 
 156      DBCF86A3 
 156      D509271A 
 156      B2
 157 0369 4BA24E4D 		.ascii	"K\242NMlO\244f7#\213\266\025>\236\367B(\2613\032r*#"
 157      6C4FA466 
 157      37238BB6 
 157      153E9EF7 
 157      4228B133 
 158 0381 B5F158DE 		.ascii	"\265\361X\336\316H$^\025q8\010O\346\347\333\317D\303"
 158      CE48245E 
 158      15713808 
 158      4FE6E7DB 
 158      CF44C3
 159 0394 7B257171 		.ascii	"{%qq\311\363\205\005E\333\366\355+}\356\351\242R\317"
 159      C9F38505 
 159      45DBF6ED 
 159      2B7DEEE9 
 159      A252CF
 160 03a7 6B1747CB 		.ascii	"k\027G\313\354X\274\272\260\240J\006*\234\252\322pb"
 160      EC58BCBA 
 160      B0A04A06 
 160      2A9CAAD2 
 160      7062
 161 03b9 77797E19 		.ascii	"wy~\031\350\025\322\260\342\341\262\312X\334\211\306"
 161      E815D2B0 
 161      E2E1B2CA 
 161      58DC89C6 
 162 03c9 FF03DC1C 		.ascii	"\377\003\334\034\252\001"
 162      AA01
 163              		.text
 164              		.section	.gnu.lto_.symbol_nodes.aba6a5c6fe5c9561,"e",%progbits
 165 0000 789CEB60 		.ascii	"x\234\353`\000\002\246v\306z\216U\267\037\2311N8\307"
 165      0002A676 
 165      C67A8E55 
 165      B71F9931 
 165      4E38C7
 166 0013 C050CFC0 		.ascii	"\300P\317\300\260sJSS\203\002H\246\205\261\236s[\317"
 166      B0734A53 
 166      53830248 
 166      A685B19E 
 166      735BCF
 167 0026 CAF30C30 		.ascii	"\312\363\0140\251]\023\232\230@\022\255\214\365\\\015"
 167      A95D139A 
 167      984012AD 
 167      8CF55C0D 
 168 0036 40C08226 		.ascii	"@\300\202&\301\330\306X\317\375\037\012\344\301\222"
 168      C1D8C658 
 168      CFFD1F0A 
 168      E4C192
 169 0045 0C0C0D13 		.ascii	"\014\014\015\023\032@r\314\014\314\247\016\275~\314"
 169      1A4072CC 
 169      0CCCA70E 
 169      BD7ECC
 170 0054 CCB8840D 		.ascii	"\314\270\204\015\310\004[\330\302\306\314\310\000f9"
 170      C8045BD8 
 170      C2C6CCC8 
 170      006639
 171 0063 31000026 		.ascii	"1\000\000&s-v"
 171      732D76
 172              		.text
 173              		.section	.gnu.lto_.refs.aba6a5c6fe5c9561,"e",%progbits
 174 0000 789C6364 		.ascii	"x\234cd\000\002\000\000\012\000\002"
 174      00020000 
 174      0A0002
 175              		.text
 176              		.section	.gnu.lto_.decls.aba6a5c6fe5c9561,"e",%progbits
 177 0000 789CBD55 		.ascii	"x\234\275UmLSg\024~\317\345R.\002R6\315\320l\231?\226"
 177      6D4C5367 
 177      147ECFE5 
 177      522E0252 
 177      36CDD06C 
 178 0017 8CB04007 		.ascii	"\214\260@\007h\346\376mJD24\244`H\366\207tp\225F(\254"
 178      68E6FE6D 
 178      4A443234 
 178      A46048F6 
 178      87747095 
 179 002e 2DC2B23F 		.ascii	"-\302\262?oK\247E\031k\325e\310\"\2535:\347\314\254"
 179      6F4BA745 
 179      196BD565 
 179      C822AB35 
 179      3AE7CCAC 
 180 0042 EE8B294A 		.ascii	"\356\213)J\201*\240\310\2078\331@]\005Tp\2000\277\020"
 180      812AA0C8 
 180      8738D940 
 180      5D055470 
 180      8030BF10 
 181 0056 4576DEDB 		.ascii	"Ev\336\333K\245\031\373\343\222\335\344\351\275\367"
 181      4BA519FB 
 181      E392DDE4 
 181      E9BDF7
 182 0065 7DCE79CE 		.ascii	"}\316y\316s\317y\357\355!\005!\3679B\236\020Bf\360\340"
 182      73CF79EF 
 182      ED210521 
 182      F739429E 
 182      104266F0 
 183 007a F1DC8D08 		.ascii	"\361\334\215\010Gt\"\206\020\303\210\016D/\342\026\242"
 183      47742286 
 183      10C3880E 
 183      442FE216 
 183      A2
 184 008b 1DE1463C 		.ascii	"\035\341F<FL!\246\021\004P\007\021\202\227\223\362:"
 184      464C21A6 
 184      11045007 
 184      11829793 
 184      F23A
 185 009d CB7DC028 		.ascii	"\313}\300(\360\305>b9x\275@\216\231\226c:d\335\033s"
 185      F0C53E62 
 185      3978BD40 
 185      8E999663 
 185      3A64DD1B 
 186 00b2 B45BE47A 		.ascii	"\264[\344z\0171~\311\034\315\307rN\257\234\367\272\\"
 186      0F317EC9 
 186      1CCDC772 
 186      4EAF9CF7 
 186      BA5C
 187 00c4 63BEFC7E 		.ascii	"c\276\374~\304 \342\032\342<\302\213hCp\340\363;\203"
 187      C420E21A 
 187      E23CC28B 
 187      684370E0 
 187      F33B83
 188 00d7 A756C439 		.ascii	"\247V\3049\304U\204\342E\340\025\213a\031\236\225\010"
 188      C45584E2 
 188      45E0158B 
 188      61199E95 
 188      08
 189 00e8 41E08822 		.ascii	"A\340\210\"\006XW\"\361L\204`\262\202JG\343\253\344"
 189      06585722 
 189      F14C8460 
 189      B2824A47 
 189      E3ABE4
 190 00fb 34D3C043 		.ascii	"4\323\300CH!<W?\336\324/Dz)\235\244nK(\251\205\237\201"
 190      48213C57 
 190      3FDED42F 
 190      447A299D 
 190      A46E4B28 
 191 0113 B821A61E 		.ascii	"\270!\246\036NA\035\010\351D\310$B\026\223_\204\362"
 191      4E411D08 
 191      E944C824 
 191      4216935F 
 191      84F2
 192 0125 0E10DE27 		.ascii	"\016\020\336'|\370`\337\356\217\243c\331\201\202\026"
 192      7CF860DF 
 192      EE8FA363 
 192      D9818216 
 193 0135 4ADD3C39 		.ascii	"J\335<9\013gP\265\005\352\241\025\332\340\002\234\203"
 193      0B6750B5 
 193      05EAA115 
 193      DAE0029C 
 193      83
 194 0146 F3ACCA75 		.ascii	"\363\254\312u\324}\272\265\374\330k\375e\264\305\015"
 194      D47DBAB5 
 194      FCD86BFD 
 194      65B4C50D 
 195 0156 0DE08116 		.ascii	"\015\340\201\026\220j\220\004B\222\030\357\2528V*Q'"
 195      906A9004 
 195      429218EF 
 195      AA38562A 
 195      5127
 196 0168 FDD40944 		.ascii	"\375\324\011D-H\344\2472\331\354'\177\201\331\304\355"
 196      2D48E4A7 
 196      32D9EC27 
 196      7F81D9C4 
 196      ED
 197 0179 32D73457 		.ascii	"2\3274WS\316\333!s\215\001\242ID\350\000|\350\376\256"
 197      53CEDB21 
 197      738D01A2 
 197      4944E800 
 197      7CE8FEAE 
 198 018d C13E4574 		.ascii	"\301>Et\240\371v\370\207{\236\353\330\273\353\373\260"
 198      A0F976F8 
 198      877B9EEB 
 198      D8BBEBFB 
 198      B0
 199 019e 2837EB8E 		.ascii	"(7\353\216\243\221\357\220\245:\201q\225\226\2063\234"
 199      A391EF90 
 199      A53A8171 
 199      95968633 
 199      9C
 200 01af 9FEB94B9 		.ascii	"\237\353\224\271.\220\206\021\216\335\362\022\341\012"
 200      2E908611 
 200      8EDDF212 
 200      E10A
 201 01bd ABD6F7C9 		.ascii	"\253\326\367\311\261J\210\366\265\337\355\353\375\257"
 201      B14A88F6 
 201      B5DFEDEB 
 201      FDAF
 202 01cb 584A2A70 		.ascii	"XJ*p\341\300\341\261\210\000\256\035\374d\367\350\235"
 202      E1C0E1B1 
 202      8800AE1D 
 202      FC64F7E8 
 202      9D
 203 01dc DD0BFD15 		.ascii	"\335\013\375\025.\313\025zX\205\305@A\270\201\203\275"
 203      2ECB157A 
 203      5885C540 
 203      41B88183 
 203      BD
 204 01ed CD2A8C5C 		.ascii	"\315*\214\\j{\022\026\351\376\227!N`\030\356]^\370\246"
 204      6A7B1216 
 204      E9FE9721 
 204      4E6018EE 
 204      5D5EF8A6 
 205 0201 FB646F48 		.ascii	"\373doHllt,\213\334\275\363\316\312\032\014\017\357"
 205      6C6C742C 
 205      8BDCBDF3 
 205      CECA1A0C 
 205      0FEF
 206 0213 83ABE00D 		.ascii	"\203\253\340\015h\022\322\256\341:JC\221\273\342\347"
 206      6812D2AE 
 206      E13A4A43 
 206      91BBE2E7 
 207 0223 A481F97B 		.ascii	"\244\201\371{\326\015\027q\315\213V\377\200\353p\215"
 207      D60D1771 
 207      CD8B56FF 
 207      80EB708D 
 208 0233 19666923 		.ascii	"\031fi#rZ\357\3344\234\2110\316\241\317\206\326\003"
 208      725AEFDC 
 208      349C8930 
 208      CEA1CF86 
 208      D603
 209 0245 4DC1D181 		.ascii	"M\301\321\201\032\375\020 \302+\306\267\3654\006E\317"
 209      1AFD1020 
 209      C22BC6B7 
 209      F5340645 
 209      CF
 210 0256 D95BBF01 		.ascii	"\331[\277\001\233\371 F\335\204\033,\006\231\361\035"
 210      9BF92046 
 210      DD841B2C 
 210      0699F11D 
 211 0266 656A9B29 		.ascii	"ej\233)h\000~\207A\360y\361\025B\023\343\345\373wF\""
 211      68007E87 
 211      41F079F1 
 211      154213E3 
 211      E5FB7746 
 212 027b D9039790 		.ascii	"\331\003\227\220\234c^0\005\241\211\266\275#\227!:P"
 212      9C635E30 
 212      05A189B6 
 212      BD239721 
 212      3A50
 213 028d FD16CC91 		.ascii	"\375\026\314\221\347\271\252C_\036}6\332!YcX\032\273"
 213      E7B9AA43 
 213      5F1E7D36 
 213      DA215963 
 213      581ABB
 214 02a0 D974751A 		.ascii	"\331tu\032\374\\\214\217\272-Q=\247\307\232\203\357"
 214      FC5C8C8F 
 214      BA2D513D 
 214      A7C79A83 
 214      EF
 215 02b1 024AB750 		.ascii	"\002J\267P\267\311#\330\234C\324E\035\025V0\271\313"
 215      B7C923D8 
 215      9C43D445 
 215      1D155630 
 215      B9CB
 216 02c3 A8CB73B6 		.ascii	"\250\313s\266+\301\261\337c\265\263a\303\276\037\350"
 216      2BC1B1DF 
 216      63B5B361 
 216      C3BE1FE8 
 217 02d3 3647D9D6 		.ascii	"6G\331\326p\307\376\262\212\235\026\032\341\333\003"
 217      70C7FEB2 
 217      8A9D161A 
 217      E1DB03
 218 02e2 5489D85A 		.ascii	"T\211\330ZEi'\312X:M\324\353\006\257\011\327\\^\272"
 218      456927CA 
 218      583A4DD4 
 218      EB06AF09 
 218      D75C5EBA 
 219 02f6 54DE268A 		.ascii	"T\336&\212jT\257\246\324\266\324\\\345\245.3\355\214"
 219      6A54AFA6 
 219      D4B6D45C 
 219      E5A52E33 
 219      ED8C
 220 0308 AA3ECE18 		.ascii	"\252>\316\030\005\242\334UYK#\035eW\254\216&\272\304"
 220      05A2DC55 
 220      594B231D 
 220      6557AC8E 
 220      26BAC4
 221 031b 81CF5845 		.ascii	"\201\317XE-n\330\203T5\265\332\270\012\263\207~\335"
 221      2D6ED883 
 221      5435B5DA 
 221      B80AB387 
 221      7EDD
 222 032d 54660226 		.ascii	"Tf\002&J\315\324\032esZ\320\222\207~hw\272\255X\264"
 222      4ACDD41A 
 222      65735AD0 
 222      92877E68 
 222      77BAAD58 
 223 0342 5CC996A9 		.ascii	"\\\311\226\251\323C\243\330\212\335\354\261F\331\315"
 223      D343A3D8 
 223      8ADDECB1 
 223      46D9CD
 224 0351 166A7778 		.ascii	"\026jwx(\2079V\023\252\202\311A\251\335\033L\315\230"
 224      28873956 
 224      13AA82C9 
 224      41A9DD1B 
 224      4CCD98
 225 0364 23453829 		.ascii	"#E8)5\321d\352\304\"\214\267\323\026\253\311i1\201\335"
 225      35D164EA 
 225      C4228CB7 
 225      D316ABC9 
 225      693181DD 
 226 0378 894FECB4 		.ascii	"\211O\354\264\320\227\354\324\302.0tY\272\357\003$="
 226      D097ECD4 
 226      C22E3074 
 226      59BAEF03 
 226      243D
 227 038a 2FF6ED27 		.ascii	"/\366\355'z|8\354\036\353\233\353\307\326\010\374\274"
 227      7A7C38EC 
 227      1EEB9BEB 
 227      C7D608FC 
 227      BC
 228 039b 2DB4BD43 		.ascii	"-\264\275C\360\325U\012G\202\210\320\0204\377;tg\366"
 228      F0D5550A 
 228      478288D0 
 228      1034FF3B 
 228      7467F6
 229 03ae 35A91BB8 		.ascii	"5\251\033\270\357\210\014\340n\201\237\374\256\346\244"
 229      EF880CE0 
 229      6E819FFC 
 229      AEE6A4
 230 03bd 75817F5C 		.ascii	"u\201\177\\\343\362('\244y]\354\245\003\341\241\204"
 230      E3F22827 
 230      A4795DEC 
 230      A503E1A1 
 230      84
 231 03ce DD4EB097 		.ascii	"\335N\260\227\226\303\327J\251x\005f\000\177\220\257"
 231      96C3D74A 
 231      A9780566 
 231      007F90AF 
 232 03de A91E6E86 		.ascii	"\251\036n\206\010\266\243\2548\006\262\"\221}\323\353"
 232      08B6A3AC 
 232      3806B222 
 232      917DD3EB 
 233 03ee E101DC07 		.ascii	"\341\001\334\007\241\203\271:|j\350@H@\300$\314F\360"
 233      A183B93A 
 233      7C6AE840 
 233      4840C024 
 233      CC46F0
 234 0401 DC6796C3 		.ascii	"\334g\226\303\237\207\274\214\246\356Q\272\350\021\334"
 234      9F87BC8C 
 234      A6EE51BA 
 234      E811DC
 235 0410 83BB5875 		.ascii	"\203\273Xu\012\310_R\361\321\312\247w#c\252\252\350"
 235      0AC85F52 
 235      F1D1CAA7 
 235      772363AA 
 235      AAE8
 236 0422 E4AEAF1E 		.ascii	"\344\256\257\036V\305|{y\222\322\355\224\362\312)\030"
 236      56C57C7B 
 236      7992D2ED 
 236      94F2CA29 
 236      18
 237 0433 F3992763 		.ascii	"\363\231'c@F\340O 1\266*j\253q\270\261\373\212)\030"
 237      4046E04F 
 237      2031B62A 
 237      6AAB71B8 
 237      B1FB8A29 
 238 0448 F5B18FF1 		.ascii	"\365\261\217\361\302G\013\343<\3525\216\265\014D0=\327"
 238      C2470BE3 
 238      3CEA358E 
 238      B50C4430 
 238      3DD7
 239 045a B5E66D54 		.ascii	"\265\346mTi\306\272\302\024L\313R\323\263\261\246`\214"
 239      69C6BAC2 
 239      144CCB52 
 239      D3B3B1A6 
 239      608C
 240 046c DD335ABB 		.ascii	"\3353Z\273f\326X\237l\214rdB\352X\373\365\366q>\006"
 240      66D6589F 
 240      6C8C7264 
 240      42EA58FB 
 240      F5F6713E 
 241 0481 B7E0E489 		.ascii	"\267\340\344\211\333\266.\305\221:j\011FvFV\232\221"
 241      DBB62EC5 
 241      913A6A09 
 241      46764656 
 241      9A91
 242 0493 7E79EE8B 		.ascii	"~y\356\213\243\345\007\2375vJn\254\231c\334\301}\326"
 242      A3E5079F 
 242      35764A6E 
 242      AC9963DC 
 242      C17DD6
 243 04a6 9BC17E8E 		.ascii	"\233\301~\216r>\256\214c\177`\031\352\225\361\361\252"
 243      723EAE8C 
 243      637F6019 
 243      EA95F1F1 
 243      AA
 244 04b7 64BD768B 		.ascii	"d\275v\213\2507\25022\327%%\246-/-\315^\373nZ\266oU"
 244      A837A832 
 244      32D72525 
 244      A62D2F2D 
 244      CD5EFB6E 
 245 04cf 95A1CF51 		.ascii	"\225\241\317Q\031\214\005I\211\371\214\310\323\344g"
 245      198C0549 
 245      89F98CC8 
 245      D3E467
 246 04de 6B4B7237 		.ascii	"kKr7\305\347\010)\3537,[\235\220@\204b\255\316\230\224"
 246      C5E70829 
 246      EB372C5B 
 246      9D904084 
 246      62ADCE98 
 247 04f3 986D0C52 		.ascii	"\230m\014R\247\251\271t5\367\236\232\317J]\257.Tm00"
 247      A7A9B974 
 247      35F79E9A 
 247      CF4A5DAF 
 247      2E546D30 
 248 0508 D522D188 		.ascii	"\325\"\321\2102\233\264\306\274\342\017T\005\032\255"
 248      329BB4C6 
 248      BCE20F54 
 248      051AAD
 249 0517 46A751E5 		.ascii	"F\247Q\345k\214\242\301\250Z\243\325\027\224h\364\242"
 249      6B8CA2C1 
 249      A85AA3D5 
 249      179468F4 
 249      A2
 250 0528 2A53AFD1 		.ascii	"*S\257\321\031\212\012u\271\0309\353f\365\272\214\324"
 250      198A0A75 
 250      B91839EB 
 250      66F5BA8C 
 250      D4
 251 0539 0C55B2B8 		.ascii	"\014U\262\270E\233#\242\265g\356T\251\272\234\374\342"
 251      459B23A2 
 251      B567EE54 
 251      A9BA9CFC 
 251      E2
 252 054a 5C71D656 		.ascii	"\\q\326VRBii|\036\011O\315JN\311\316\374\250HL\0267"
 252      52426969 
 252      7C1E094F 
 252      CD4A4EC9 
 252      CEFCA848 
 253 0561 0AA93A83 		.ascii	"\012\251:\203Q\243\313\021\371T\235\326\250P\213\371"
 253      51A3CB11 
 253      F9549DD6 
 253      A8508BF9 
 254 0571 859ADCD0 		.ascii	"\205\232\334\320t\275h\310\321\344\213zE\226V\227[X"
 254      74BD68C8 
 254      D1E48B7A 
 254      45965697 
 254      5B58
 255 0583 52F01F2D 		.ascii	"R\360\037-\316\3330t7_\303\362\210R2\310\374\310&_\220"
 255      CEDB3074 
 255      375FC3F2 
 255      885232C8 
 255      FCC8265F 
 256 0598 16D66A74 		.ascii	"\026\326jt\271\371\242\274\024\256\321\027lyK\214+x"
 256      B9F9A2BC 
 256      14AED117 
 256      6C794B8C 
 256      2B78
 257 05aa 63631159 		.ascii	"cc\021Y\220S\2507\212\245q\005\313\311\"V\300\237\037"
 257      9053A837 
 257      8AA57105 
 257      CBC92256 
 257      C09F1F
 258 05bd 5FA4D11B 		.ascii	"_\244\321\033\343\337\214\010X\214bw\031F\215\261\330"
 258      E3DF8C08 
 258      588C6277 
 258      19468DB1 
 258      D8
 259 05ce 208B653E 		.ascii	" \213e>\347\343\245aK\343\326\213%\253\364\242fsa\261"
 259      E7E3A561 
 259      4BE3D68B 
 259      25ABF4A2 
 259      667361B1 
 260 05e2 D110B7AA 		.ascii	"\321\020\267\252\260\320\310:(\352\311\333\317\273a"
 260      B0D0C83A 
 260      28EAC9DB 
 260      CFBB61
 261 05f1 88D26F57 		.ascii	"\210\322oW-n\304I\344\205\261\205\024\321\230\251\315"
 261      2D6EC449 
 261      E485B185 
 261      14D198A9 
 261      CD
 262 0602 D99CF7BF 		.ascii	"\331\234\367\277\214\002\247\3607<g\273\357"
 262      8C02A7F0 
 262      373C67BB 
 262      EF
 263              		.text
 264              		.section	.gnu.lto_.symtab.aba6a5c6fe5c9561,"e",%progbits
 265 0000 48414C5F 		.ascii	"HAL_IWDG_Init\000"
 265      49574447 
 265      5F496E69 
 265      7400
 266 000e 00       		.ascii	"\000"
 267 000f 00       		.ascii	"\000"
 268 0010 00       		.ascii	"\000"
 269 0011 00000000 		.ascii	"\000\000\000\000\000\000\000\000"
 269      00000000 
 270 0019 FA000000 		.ascii	"\372\000\000\000"
 271 001d 48414C5F 		.ascii	"HAL_IWDG_Refresh\000"
 271      49574447 
 271      5F526566 
 271      72657368 
 271      00
 272 002e 00       		.ascii	"\000"
 273 002f 00       		.ascii	"\000"
 274 0030 00       		.ascii	"\000"
 275 0031 00000000 		.ascii	"\000\000\000\000\000\000\000\000"
 275      00000000 
 276 0039 FD000000 		.ascii	"\375\000\000\000"
 277 003d 48414C5F 		.ascii	"HAL_GetTick\000"
 277      47657454 
 277      69636B00 
 278 0049 00       		.ascii	"\000"
 279 004a 02       		.ascii	"\002"
 280 004b 00       		.ascii	"\000"
 281 004c 00000000 		.ascii	"\000\000\000\000\000\000\000\000"
 281      00000000 
 282 0054 00010000 		.ascii	"\000\001\000\000"
 283              		.text
 284              		.section	.gnu.lto_.ext_symtab.aba6a5c6fe5c9561,"e",%progbits
 285 0000 01       		.ascii	"\001"
 286 0001 01       		.ascii	"\001"
 287 0002 00       		.ascii	"\000"
 288 0003 01       		.ascii	"\001"
 289 0004 00       		.ascii	"\000"
 290 0005 01       		.ascii	"\001"
 291 0006 00       		.ascii	"\000"
 292              		.text
 293              		.section	.gnu.lto_.opts,"e",%progbits
 294 0000 272D666E 		.ascii	"'-fno-openmp' '-fno-openacc' '-fno-pie' '-fcf-prote"
 294      6F2D6F70 
 294      656E6D70 
 294      2720272D 
 294      666E6F2D 
 295 0033 6374696F 		.ascii	"ction=none' '-mcpu=cortex-m4' '-mthumb' '-mfloat-ab"
 295      6E3D6E6F 
 295      6E652720 
 295      272D6D63 
 295      70753D63 
 296 0066 693D6861 		.ascii	"i=hard' '-mfpu=fpv4-sp-d16' '-mlibarch=armv7e-m+fp'"
 296      72642720 
 296      272D6D66 
 296      70753D66 
 296      7076342D 
 297 0099 20272D6D 		.ascii	" '-march=armv7e-m+fp' '-Os' '-fmessage-length=0' '-"
 297      61726368 
 297      3D61726D 
 297      7637652D 
 297      6D2B6670 
 298 00cc 66736967 		.ascii	"fsigned-char' '-ffunction-sections' '-fdata-section"
 298      6E65642D 
 298      63686172 
 298      2720272D 
 298      6666756E 
 299 00ff 73272027 		.ascii	"s' '-fsingle-precision-constant' '-flto' '-Xassembl"
 299      2D667369 
 299      6E676C65 
 299      2D707265 
 299      63697369 
 300 0132 65722720 		.ascii	"er' '-adhlns=Drivers/STM32L4xx_HAL_Driver/Src/stm32"
 300      272D6164 
 300      686C6E73 
 300      3D447269 
 300      76657273 
 301 0165 6C347878 		.ascii	"l4xx_hal_iwdg.o.lst'\000"
 301      5F68616C 
 301      5F697764 
 301      672E6F2E 
 301      6C737427 
 302              		.text
 303              		.comm	__gnu_lto_slim,1,1
 304              		.ident	"GCC: (Arm GNU Toolchain 12.2.Rel1 (Build arm-12.24)) 12.2.1 20221205"
DEFINED SYMBOLS
                            *ABS*:0000000000000000 stm32l4xx_hal_iwdg.c
                            *COM*:0000000000000001 __gnu_lto_slim

NO UNDEFINED SYMBOLS
