   1              		.cpu cortex-m4
   2              		.arch armv7e-m
   3              		.fpu fpv4-sp-d16
   4              		.eabi_attribute 27, 1
   5              		.eabi_attribute 28, 1
   6              		.eabi_attribute 20, 1
   7              		.eabi_attribute 21, 1
   8              		.eabi_attribute 23, 3
   9              		.eabi_attribute 24, 1
  10              		.eabi_attribute 25, 1
  11              		.eabi_attribute 26, 1
  12              		.eabi_attribute 30, 4
  13              		.eabi_attribute 34, 1
  14              		.eabi_attribute 18, 4
  15              		.file	"stm32l4xx_hal_dma_ex.c"
  16              		.section	.gnu.lto_.profile.617ba1a115886769,"e",%progbits
  17 0000 789C6362 		.ascii	"x\234cb\000\001\000\000\022\000\003"
  17      00010000 
  17      120003
  18              		.text
  19              		.section	.gnu.lto_.icf.617ba1a115886769,"e",%progbits
  20 0000 789C6362 		.ascii	"x\234cb@\006\000\000*\000\003"
  20      40060000 
  20      2A0003
  21              		.text
  22              		.section	.gnu.lto_.ipa_sra.617ba1a115886769,"e",%progbits
  23 0000 789C6362 		.ascii	"x\234cb@\006\000\000*\000\003"
  23      40060000 
  23      2A0003
  24              		.text
  25              		.section	.gnu.lto_.inline.617ba1a115886769,"e",%progbits
  26 0000 789C6362 		.ascii	"x\234cb@\006\000\000*\000\003"
  26      40060000 
  26      2A0003
  27              		.text
  28              		.section	.gnu.lto_.jmpfuncs.617ba1a115886769,"e",%progbits
  29 0000 789C6362 		.ascii	"x\234cb@\006\000\000*\000\003"
  29      40060000 
  29      2A0003
  30              		.text
  31              		.section	.gnu.lto_.pureconst.617ba1a115886769,"e",%progbits
  32 0000 789C6364 		.ascii	"x\234cd\000\002\000\000\012\000\002"
  32      00020000 
  32      0A0002
  33              		.text
  34              		.section	.gnu.lto_.ipa_modref.617ba1a115886769,"e",%progbits
  35 0000 789C6362 		.ascii	"x\234cb@\006\000\000*\000\003"
  35      40060000 
  35      2A0003
  36              		.text
  37              		.section	.gnu.lto_.lto.617ba1a115886769,"e",%progbits
  38 0000 0C000000 		.ascii	"\014\000\000\000\001\000\000\000"
  38      01000000 
  39              		.text
  40              		.section	.gnu.lto_.symbol_nodes.617ba1a115886769,"e",%progbits
  41 0000 789C6362 		.ascii	"x\234cb\000\001\000\000\022\000\003"
  41      00010000 
  41      120003
  42              		.text
  43              		.section	.gnu.lto_.refs.617ba1a115886769,"e",%progbits
  44 0000 789C6364 		.ascii	"x\234cd\000\002\000\000\012\000\002"
  44      00020000 
  44      0A0002
  45              		.text
  46              		.section	.gnu.lto_.decls.617ba1a115886769,"e",%progbits
  47 0000 789C6360 		.ascii	"x\234c````\004b\036 \376\017\004 \366e\006(\000\000"
  47      60606004 
  47      621E20FE 
  47      0F0420F6 
  47      65062800 
  48 0015 466C04DE 		.ascii	"Fl\004\336"
  49              		.text
  50              		.section	.gnu.lto_.symtab.617ba1a115886769,"e",%progbits
  51              		.text
  52              		.section	.gnu.lto_.ext_symtab.617ba1a115886769,"e",%progbits
  53 0000 01       		.ascii	"\001"
  54              		.text
  55              		.section	.gnu.lto_.opts,"e",%progbits
  56 0000 272D666E 		.ascii	"'-fno-openmp' '-fno-openacc' '-fno-pie' '-fcf-prote"
  56      6F2D6F70 
  56      656E6D70 
  56      2720272D 
  56      666E6F2D 
  57 0033 6374696F 		.ascii	"ction=none' '-mcpu=cortex-m4' '-mthumb' '-mfloat-ab"
  57      6E3D6E6F 
  57      6E652720 
  57      272D6D63 
  57      70753D63 
  58 0066 693D6861 		.ascii	"i=hard' '-mfpu=fpv4-sp-d16' '-mlibarch=armv7e-m+fp'"
  58      72642720 
  58      272D6D66 
  58      70753D66 
  58      7076342D 
  59 0099 20272D6D 		.ascii	" '-march=armv7e-m+fp' '-Os' '-fmessage-length=0' '-"
  59      61726368 
  59      3D61726D 
  59      7637652D 
  59      6D2B6670 
  60 00cc 66736967 		.ascii	"fsigned-char' '-ffunction-sections' '-fdata-section"
  60      6E65642D 
  60      63686172 
  60      2720272D 
  60      6666756E 
  61 00ff 73272027 		.ascii	"s' '-fsingle-precision-constant' '-flto' '-Xassembl"
  61      2D667369 
  61      6E676C65 
  61      2D707265 
  61      63697369 
  62 0132 65722720 		.ascii	"er' '-adhlns=Drivers/STM32L4xx_HAL_Driver/Src/stm32"
  62      272D6164 
  62      686C6E73 
  62      3D447269 
  62      76657273 
  63 0165 6C347878 		.ascii	"l4xx_hal_dma_ex.o.lst'\000"
  63      5F68616C 
  63      5F646D61 
  63      5F65782E 
  63      6F2E6C73 
  64              		.text
  65              		.comm	__gnu_lto_slim,1,1
  66              		.ident	"GCC: (Arm GNU Toolchain 12.2.Rel1 (Build arm-12.24)) 12.2.1 20221205"
DEFINED SYMBOLS
                            *ABS*:0000000000000000 stm32l4xx_hal_dma_ex.c
                            *COM*:0000000000000001 __gnu_lto_slim

NO UNDEFINED SYMBOLS
