   1              		.cpu cortex-m4
   2              		.arch armv7e-m
   3              		.fpu fpv4-sp-d16
   4              		.eabi_attribute 27, 1
   5              		.eabi_attribute 28, 1
   6              		.eabi_attribute 20, 1
   7              		.eabi_attribute 21, 1
   8              		.eabi_attribute 23, 3
   9              		.eabi_attribute 24, 1
  10              		.eabi_attribute 25, 1
  11              		.eabi_attribute 26, 1
  12              		.eabi_attribute 30, 4
  13              		.eabi_attribute 34, 1
  14              		.eabi_attribute 18, 4
  15              		.file	"stm32l4xx_hal_flash_ramfunc.c"
  16              		.section	.gnu.lto_.profile.c4e5bb2f877c6cf4,"e",%progbits
  17 0000 789C6362 		.ascii	"x\234cb\000\001\000\000\022\000\003"
  17      00010000 
  17      120003
  18              		.text
  19              		.section	.gnu.lto_.icf.c4e5bb2f877c6cf4,"e",%progbits
  20 0000 789C3360 		.ascii	"x\2343`@\000&\206\237k\337\377\340\342`b`bD\306\214"
  20      40002686 
  20      9F6BDFFF 
  20      E0E26062 
  20      606244C6 
  21 0015 935B9E37 		.ascii	"\223[\2367\363`\0103\000\000\347?\006\220"
  21      F3600833 
  21      0000E73F 
  21      0690
  22              		.text
  23              		.section	.gnu.lto_.ipa_sra.c4e5bb2f877c6cf4,"e",%progbits
  24 0000 789CE360 		.ascii	"x\234\343`@\000&\006\006fF\006f\006\000\000\335\000"
  24      40002606 
  24      06664606 
  24      66060000 
  24      DD00
  25 0012 12       		.ascii	"\022"
  26              		.text
  27              		.section	.gnu.lto_.inline.c4e5bb2f877c6cf4,"e",%progbits
  28 0000 789CF362 		.ascii	"x\234\363b@\000&\006\006\216\206\206\206\003\314\251"
  28      40002606 
  28      068E8686 
  28      8603CCA9 
  29 0010 8C400E17 		.ascii	"\214@\016\027\210\311\224\312\300\300\006d40\2450\201"
  29      88C994CA 
  29      C0C00664 
  29      3430A530 
  29      81
  30 0021 E4191818 		.ascii	"\344\031\030\030\211P\303\000\000\2127\017\366"
  30      8950C300 
  30      008A370F 
  30      F6
  31              		.text
  32              		.section	.gnu.lto_.jmpfuncs.c4e5bb2f877c6cf4,"e",%progbits
  33 0000 789CE360 		.ascii	"x\234\343`@\000& f\004b\000\000\310\000\014"
  33      40002620 
  33      66046200 
  33      00C8000C 
  34              		.text
  35              		.section	.gnu.lto_.pureconst.c4e5bb2f877c6cf4,"e",%progbits
  36 0000 789C6367 		.ascii	"x\234cg```b\230\305\3028\213\005\000\004\263\001G"
  36      60606062 
  36      98C5C238 
  36      8B050004 
  36      B30147
  37              		.text
  38              		.section	.gnu.lto_.ipa_modref.c4e5bb2f877c6cf4,"e",%progbits
  39 0000 789C3363 		.ascii	"x\2343c@\000&0\311\310\304\004\304\314\214\310,6F\234"
  39      40002630 
  39      C9C8C404 
  39      C4CC8CC8 
  39      2C36469C 
  40 0014 320C0014 		.ascii	"2\014\000\024U\000v"
  40      550076
  41              		.text
  42              		.section	.gnu.lto_.lto.c4e5bb2f877c6cf4,"e",%progbits
  43 0000 0C000000 		.ascii	"\014\000\000\000\001\000\000\000"
  43      01000000 
  44              		.text
  45              		.section	.gnu.lto_HAL_FLASHEx_EnableRunPowerDown.130.c4e5bb2f877c6cf4,"e",%progbits
  46 0000 789C6D4F 		.ascii	"x\234mO=,CQ\024>\347\336\266\210\210\325`0\211Eo\264"
  46      3D2C4351 
  46      143EE7DE 
  46      B68888D5 
  46      60308945 
  47 0016 889146C4 		.ascii	"\210\221F\304P\02657W=\332x\355\343\276W\255Azi\244"
  47      50163537 
  47      573DDA78 
  47      EDE3BE57 
  47      AD417A69 
  48 002b D2458845 		.ascii	"\322E\210Eb\021b\222X$\365\223H\375$\026\223H\254\014"
  48      62116292 
  48      5824F593 
  48      48FD2416 
  48      9348AC0C 
  49 003f 62301031 		.ascii	"b0\0201\220\370\273\367\325\330\233|7'\347|?\347\264"
  49      90F8BBF7 
  49      D5D89B7C 
  49      3727E77C 
  49      3FE7B4
  50 0052 21C00600 		.ascii	"!\300\006\000\264* \005\\[-\022\220R\366\326\020\\X"
  50      B42A2005 
  50      5C5B2D12 
  50      9052F6D6 
  50      105C58
  51 0065 2D3E6D1E 		.ascii	"->m\036x\260\204n\003!G0\207\273\224\225\245\374x|~"
  51      78B0846E 
  51      03214730 
  51      87BB9495 
  51      A5FC787C 
  52 007a 2DF55CE4 		.ascii	"-\365\\\344\227\232r0\337\025\000\367\325\003\314k\037"
  52      979A7230 
  52      DF1500F7 
  52      D503CC6B 
  52      1F
  53 008b 85FD1BEF 		.ascii	"\205\375\033\357\275\374\372]\221\362\252\371a\263F"
  53      BDFCFA5D 
  53      91F2AAF9 
  53      61B346
  54 009a 8909210A 		.ascii	"\211\011!\012\000\333T\373K\217b\355PR)\027\312\000"
  54      00DB54FB 
  54      4B8F62ED 
  54      50522917 
  54      CA00
  55 00ac 3FE4FCFD 		.ascii	"?\344\374\375\360\261\303\213\2769\004\367\227\345e"
  55      F0B1C38B 
  55      BE3904F7 
  55      97E565
  56 00bb E9F1E29E 		.ascii	"\351\361\342\236\216\257\315\034\343\021B\367\226*\323"
  56      8EAFCD1C 
  56      E31142F7 
  56      962AD3
  57 00ca 276803F8 		.ascii	"'h\003\370f\260t}\333\342\352j\253\261N\377Y\337\237"
  57      66B0747D 
  57      DBE2EA6A 
  57      ABB14EFF 
  57      59DF9F
  58 00dd 2F778D9A 		.ascii	"/w\215\232vZG\261\032\361\014-\320\371\371\365\002R"
  58      765A47B1 
  58      1AF10C2D 
  58      D0F9F9F5 
  58      0252
  59 00ef 42D1D7A6 		.ascii	"B\321\327\246\242\335\205\336\212U\005\227Z@\011,\322"
  59      A2DD85DE 
  59      8A550597 
  59      5A40092C 
  59      D2
  60 0100 C5FB8D42 		.ascii	"\305\373\215B\203/\207\356\371\333\024+\347h5@\204\215"
  60      832F87EE 
  60      F9DB142B 
  60      E7683540 
  60      848D
  61 0112 DA86B0D9 		.ascii	"\332\206\260\331\264\341\030\202M&\234xz\214%y\202\247"
  61      B4E11882 
  61      4D269C78 
  61      7A8C2579 
  61      82A7
  62 0124 3833B963 		.ascii	"83\271c\330\016\033H\210d\206\013\203E\004O\331\323"
  62      D80E1B48 
  62      8864860B 
  62      8345044F 
  62      D9D3
  63 0136 566A5C31 		.ascii	"Vj\\1\303\235\301\216\366a#\023\022\006\237\262\322"
  63      C39DC18E 
  63      F6612313 
  63      12069FB2 
  63      D2
  64 0147 8EDD1EB2 		.ascii	"\216\335\036\262,\307\264\270\032B\310\357g\375\"1\253"
  64      2CC7B4B8 
  64      1A42C8EF 
  64      67FD2231 
  64      AB
  65 0158 8D472243 		.ascii	"\215G\"C\301@\2703\233\215\016\366\205\243\225.\033"
  65      C140B833 
  65      9B8D0EF6 
  65      85A3952E 
  65      1B
  66 0169 1131663B 		.ascii	"\0211f;\311`\300\324\20387\243\023&\267\343Q\301\223"
  66      C960C0D4 
  66      833837A3 
  66      1326B7E3 
  66      51C193
  67 017c 13E954CC 		.ascii	"\023\351T\314\037\203?\262\275\236\362"
  67      1F833FB2 
  67      BD9EF2
  68              		.text
  69              		.section	.gnu.lto_HAL_FLASHEx_DisableRunPowerDown.131.c4e5bb2f877c6cf4,"e",%progbits
  70 0000 789C6D90 		.ascii	"x\234m\220=,CQ\024\307\317\271\267-\"b\265HL\"\022\275"
  70      3D2C4351 
  70      14C7CFB9 
  70      B72D2262 
  70      B5484C22 
  71 0016 698B1869 		.ascii	"i\213\030iD\014eQss\325\243\215\327>\356{U\006\351m"
  71      440C6551 
  71      7373D5A3 
  71      8DD73EEE 
  71      7B5506E9 
  72 002b 45481761 		.ascii	"EH\027ab\221\0101I,\222\372H\250\217\321 \342ce0\031"
  72      62910831 
  72      492C92FA 
  72      48A88FD1 
  72      20E26365 
  73 0041 24224182 		.ascii	"$\"A\202z\367\325\330\233\234\233\363\361\373\377O\356"
  73      7AF7D5D8 
  73      9B9C9BF3 
  73      F1FBFF4F 
  73      EE
  74 0052 6D458075 		.ascii	"mE\200u\000h\266\003)\340\352J\236\200\224\262\273\212"
  74      0068B603 
  74      29E0EA4A 
  74      9E8094B2 
  74      BB8A
  75 0064 607625FF 		.ascii	"`v%\377\260\261\357\302\002:\015\204\014\301\014\356"
  75      B0B1EFC2 
  75      023A0D84 
  75      0CC10CEE 
  76 0074 505694F2 		.ascii	"PV\224\362\363\371\345\372\270\353b~\241!\003s\035~"
  76      F3F9E5FA 
  76      B8EB627E 
  76      A1210373 
  76      1D7E
  77 0086 704E2DC0 		.ascii	"pN-\300\234\362\261c\357\306\375(\277K\313R~4>\335W"
  77      9CF2B163 
  77      EFC6FD28 
  77      BF4BCB52 
  77      7E343EDD 
  78 009b D9624288 		.ascii	"\331bB\210\035\000[T\371K\227MmSRN\263E\200_r\376~\360"
  78      1D005B54 
  78      F94B974D 
  78      6D53524E 
  78      B345805F 
  79 00b3 EE73A367 		.ascii	"\356s\243g\026\301\271eqI\272\334\270\253\326W\247\217"
  79      16C1B965 
  79      7149BADC 
  79      B8ABD657 
  79      A78F
  80 00c5 F010A173 		.ascii	"\360\020\241s\323NS\307h\002x\246\260pu\333\344\350"
  80      D34E53C7 
  80      680278A6 
  80      B07075DB 
  80      E4E8
  81 00d7 AA2B5127 		.ascii	"\252+Q'\377\324\317\327\353C\275\302Nj(V\002\317\320"
  81      FFD4CFD7 
  81      EB43BDC2 
  81      4E6A2856 
  81      02CFD0
  82 00ea 00B57F7E 		.ascii	"\000\265\177~m\021)\241\350i\301\322i\251\344h\336\362"
  82      6D1129A1 
  82      E869C1D2 
  82      69A9E468 
  82      DEF2
  83 00fc 1525974A 		.ascii	"\025%\227JB\011\344h\356\361n\261\316\223A\347\003\266"
  83      4209E468 
  83      EEF16EB1 
  83      CE9341E7 
  83      03B6
  84 010e 28961F24 		.ascii	"(\226\037$\213\252\014\263aS\023&\233\324,M\260\361"
  84      8BAA0CB3 
  84      61531326 
  84      9BD42C4D 
  84      B0F1
  85 0120 B8154B8D 		.ascii	"\270\025K\215\260\004\217\363$g:\2674\323b}q\221Hs\241"
  85      B0048FF3 
  85      24673AB7 
  85      34D3627D 
  85      71914873 
  86 0135 B1B0E049 		.ascii	"\261\260\340Is\322H\216\332d\250=\340k\033\324\322A"
  86      73D2488E 
  86      DA64A83D 
  86      E06B1BD4 
  86      D241
  87 0147 A1F10923 		.ascii	"\241\361\011#e\231mA\303\260t\203\333C\010z\275\254"
  87      65996D41 
  87      C3B07483 
  87      DB43087A 
  87      BDAC
  88 0159 57C4A795 		.ascii	"W\304\247\225\361Px \340\017\265\317\314D\372{B\221"
  88      F1507820 
  88      E00FB5CF 
  88      CC44FA7B 
  88      4291
  89 016b 72970D89 		.ascii	"r\227\015\211(3\255D\300\257\253A\214\353\2211\235\233"
  89      2833AD44 
  89      C0AFAB41 
  89      8CEB9131 
  89      9D9B
  90 017d B188E089 		.ascii	"\261\210\340\211\261T2\352\215\302\0371\303\242\017"
  90      B15432EA 
  90      8DC21F31 
  90      C3A20F
  91              		.text
  92              		.section	.gnu.lto_.symbol_nodes.c4e5bb2f877c6cf4,"e",%progbits
  93 0000 789C7361 		.ascii	"x\234sa\000\002\246&\306z\226\006 `a\234p\216\201\241"
  93      0002A626 
  93      C67A9606 
  93      2060619C 
  93      708E81A1 
  94 0014 9E8161D7 		.ascii	"\236\201a\327\204&&\275\240\304\\\267\322\274d\220\202"
  94      842626BD 
  94      A0C45CB7 
  94      D2BC6490 
  94      82
  95 0025 66C67A56 		.ascii	"f\306zV|\012\030\000\265\241\023k"
  95      7C0A1800 
  95      B5A1136B 
  96              		.text
  97              		.section	.gnu.lto_.refs.c4e5bb2f877c6cf4,"e",%progbits
  98 0000 789C6364 		.ascii	"x\234cd\000\002\000\000\012\000\002"
  98      00020000 
  98      0A0002
  99              		.text
 100              		.section	.gnu.lto_.decls.c4e5bb2f877c6cf4,"e",%progbits
 101 0000 789CA554 		.ascii	"x\234\245TmlSU\030>\357m\327\335\002\263[\320\200\004"
 101      6D6C5355 
 101      183EEF6D 
 101      D7DD02B3 
 101      5BD08004 
 102 0014 75FE62C1 		.ascii	"u\376b\301l\265\333\210\277L\334\326\"\304\001\315\355"
 102      6CB5DB88 
 102      BF4CDCD6 
 102      22C401CD 
 102      ED
 103 0025 D0F8C3CC 		.ascii	"\320\370\303\314K\271s\215k;\333[6\023cN\273\272\025"
 103      4BB9738D 
 103      6B3BDB5B 
 103      3613634E 
 103      BBBA15
 104 0038 99B0FA43 		.ascii	"\231\260\372C\267!\263\024\324\204?6\004u~0\312V\267"
 104      B721B314 
 104      D4843F36 
 104      04757E30 
 104      CA56B7
 105 004b 8920E31B 		.ascii	"\211 \343\033\221\3016\276\006\0146d\012\342d\276\247"
 105      91C136BE 
 105      060C3664 
 105      0AE264BE 
 105      A7
 106 005c EDED28F1 		.ascii	"\355\355(\361#\321\223\276='\347y\336\347\375\270\347"
 106      23D193BE 
 106      3D27E779 
 106      DEE7FDB8 
 106      E7
 107 006d 9CE10C42 		.ascii	"\234\341\014B\236\346\010y\203\0202\215C\205\363\021"
 107      9EE60879 
 107      8310328D 
 107      4385F311 
 108 007d 340D5A27 		.ascii	"4\015Z'\332y\264sh{\321\246\320\000\010\371\015M\213"
 108      DA79B473 
 108      687BD1A6 
 108      D00008F9 
 108      0D4D8B
 109 0090 EB3BC9BD 		.ascii	"\353;\311\275E\367\361\316\242q\3109\203\263\212\233"
 109      45F7F1CE 
 109      A271C839 
 109      83B38A9B 
 110 00a0 E132DF7F 		.ascii	"\3412\337\177\342j\346\202Z\363\020\344\2529\237w\360"
 110      E26AE682 
 110      5AF310E4 
 110      AA399F77 
 110      F0
 111 00b1 0FC88952 		.ascii	"\017\310\211Rz\233\206\272\325y\235\360\005R\276\204"
 111      7A9B86BA 
 111      D5799DF0 
 111      0552BE84 
 112 00c1 38E549B4 		.ascii	"8\345I\264<\236#\232<`\011\353p&\274\226,\241\3611R"
 112      3C9E239A 
 112      3C6009EB 
 112      7026BC96 
 112      2CA1F131 
 113 00d6 45F6208F 		.ascii	"E\366 \217\015\276\202\250\271=\023=#\274n\210)E\375"
 113      0DBE82A8 
 113      B93D133D 
 113      23BC6E88 
 113      2945FD
 114 00e9 5A1257DA 		.ascii	"Z\022W\332\013yQ\350\202\335\300\277\304\004s\371*\302"
 114      0B7951E8 
 114      82DDC0BF 
 114      C40473F9 
 114      2AC2
 115 00fb 3BD96A3E 		.ascii	";\331j>/\023\376M\266\312\346\033P\265\021\330\232\347"
 115      2F13FE4D 
 115      B6CAE61B 
 115      50B511D8 
 115      9AE7
 116 010d D7E33A88 		.ascii	"\327\343:\210\366\036\332\226\370^1\346\031R\361[\201"
 116      F61EDA96 
 116      F85E31E6 
 116      1952F15B 
 116      81
 117 011e A8178E4D 		.ascii	"\250\027\216M_\334\231\271\230\215\371\213\223c\030"
 117      5FDC99B9 
 117      988DF98B 
 117      936318
 118 012d E345367C 		.ascii	"\343E6|\360\351\254\016\214:\247\033\276\205S\220(\""
 118      F0E9AC0E 
 118      8C3AA71B 
 118      BE855390 
 118      2822
 119 013f 86D60904 		.ascii	"\206\326\011\004\011\221w\0166\321l\206\036L\241\007"
 119      0991770E 
 119      36D16C86 
 119      1E4CA107 
 120 014f D08AE260 		.ascii	"\320\212\342`\273\002\366\247\300\276\031\327\017\025"
 120      BB02F6A7 
 120      C0BE19D7 
 120      0F15
 121 015d F4680AFD 		.ascii	"\364h\012\375*\345\332\246\200\337\245\271\026\021l"
 121      2AE5DAA6 
 121      80DFA5B9 
 121      16116C
 122 016c 8F9FD2A8 		.ascii	"\217\237\322\250\232\034\201\303\270q\012\242p\026\206"
 122      9A1C81C3 
 122      B8710AA2 
 122      701686
 123 017b E0389C81 		.ascii	"\3408\234\201a\030\204\037\341\004\374\004\307`\004"
 123      6118841F 
 123      E104FC04 
 123      C76004
 124 018a 4EC349D6 		.ascii	"N\303I\326C&\266Y\021\353M+!\021\251C\001\277I\201_"
 124      4326B659 
 124      11EB4D2B 
 124      2111A943 
 124      01BF4981 
 125 019f CF24D9AA 		.ascii	"\317$\331\252\240\337\247\320}3\350F\005\375!\255\372"
 125      A0DFA7D0 
 125      7D33E846 
 125      05FD21AD 
 125      FA
 126 01b0 24BA4141 		.ascii	"$\272AA\017\245P\203\022\265Y\301\006\356\305\222\216"
 126      0FA55083 
 126      12B559C1 
 126      06EEC592 
 126      8E
 127 01c1 9B14707F 		.ascii	"\233\024p\177Z\320\204\347\026\005\354I\313\267\210"
 127      5AD084E7 
 127      1605EC49 
 127      CBB788
 128 01d0 F0AD1C9E 		.ascii	"\360\255\034\236\225\267\267\216\035\206\371\351]:\007"
 128      95B7B78E 
 128      1D86F9E9 
 128      5D3A07
 129 01df FFDA2674 		.ascii	"\377\332&tl\374\3603U\352\270\236OJ_\000\206\235\350"
 129      6CFCF033 
 129      55EAB89E 
 129      4F4A5F00 
 129      869DE8
 130 01f2 BADE9771 		.ascii	"\272\336\227q\023P\265\237F\2751\276%<J#4\324\034\000"
 130      1350B59F 
 130      46BD31BE 
 130      253C4A23 
 130      34D41C00 
 131 0206 6FB48146 		.ascii	"o\264\201Fb\275\207\014\241m\261@\220\035^\330\272\213"
 131      62BD870C 
 131      A16DB140 
 131      901D5ED8 
 131      BA8B
 132 0218 36851A1A 		.ascii	"6\205\032\032\347\204\26654\277\353\247Y\2113M\263\321"
 132      E784B635 
 132      34BFEBA7 
 132      5989334D 
 132      B3D1
 133 022a 1A5B291D 		.ascii	"\032[)\035@\031\377\200\227\016Ea\310\213{\221!\272"
 133      4019FF80 
 133      970E4561 
 133      C88B7B91 
 133      21BA
 134 023c 20C1886A 		.ascii	" \301\210j\332Q\275\235\322\226\005\276\326!\032\361"
 134      DA51BD9D 
 134      D29605BE 
 134      D6211AF1 
 135 024c D1819CF6 		.ascii	"\321\201\234\366\235\014\321\240\255\217l\354\244\272"
 135      9D0CD1A0 
 135      AD8F6CEC 
 135      A4BA
 136 025a 50C3E940 		.ascii	"P\303\351@\250\207>\034\302\362Z\251?\012m\010\265\323"
 136      A8873E1C 
 136      C2F25AA9 
 136      3F0A6D08 
 136      B5D3
 137 026c 400BD7EC 		.ascii	"@\013\327\354\213\321Oz\032\274\300D\251\217\006rZ\302"
 137      8BD14F7A 
 137      1ABCC044 
 137      A98F0672 
 137      5AC2
 138 027e 7E4C2946 		.ascii	"~L)F_\013\206\243\001\014\272>\233m\323p\214\346\260"
 138      5F0B86A3 
 138      010CBA3E 
 138      9B6DD370 
 138      8CE6B0
 139 0291 9DA02F16 		.ascii	"\235\240/\026\310\011\372\3744\030\212Q\016}\002^T\005"
 139      C809FAFC 
 139      34188A51 
 139      0E7D025E 
 139      5405
 140 02a3 6F88D2E0 		.ascii	"o\210\322\340P\006\365\241O\234\021\246\324K\2154\214"
 140      5006F5A1 
 140      4F9C11A6 
 140      D44B8D34 
 140      8C
 141 02b4 41181EA4 		.ascii	"A\030\036\244\375\001o\330\357\205`\030+\016\373\351"
 141      FD016FD8 
 141      EF856018 
 141      2B0EFBE9 
 142 02c4 BC20F5B3 		.ascii	"\274 \365\263\005Rs\315\211[\033\257\027\373\3669\335"
 142      055273CD 
 142      895B1BAF 
 142      17FBF639 
 142      DD
 143 02d5 7979F624 		.ascii	"yy\366$\353[\347\307W\265\004\310\003-\317\020\350\306"
 143      EB5BE7C7 
 143      57B504C8 
 143      032DCF10 
 143      E8C6
 144 02e7 9BD9C5BE 		.ascii	"\233\331\305\276U\333\366]\357\253t4y\257\347&:~\031"
 144      55DBF65D 
 144      EFAB7434 
 144      79AFE726 
 144      3A7E19
 145 02fa 88E100E0 		.ascii	"\210\341\000\340\365\324\342\365\354'\374 25\02767\355"
 145      F5D4E2F5 
 145      EC27FC20 
 145      32351736 
 145      37ED
 146 030c CB781C00 		.ascii	"\313x\034\000\177:\037\245S\272q\300)T<\316\264'h\267"
 146      7F3A1FA5 
 146      53BA71C0 
 146      29543CCE 
 146      B42768B7 
 147 0320 57459614 		.ascii	"WE\226\024\2221\030\007r\035\256\201\232\353\0338\264"
 147      92311807 
 147      721DAE81 
 147      9AEB1B38 
 147      B4
 148 0331 839B9738 		.ascii	"\203\233\2278\006/\217\303U\270\202\322\023\300\324"
 148      062F8FC3 
 148      55B882D2 
 148      13C0D4
 149 0340 31F0B936 		.ascii	"1\360\2716\377x\306\242\021\256\221\237@\356\366+\215"
 149      FF78C6A2 
 149      11AE919F 
 149      40EEF62B 
 149      8D
 150 0351 1BB3D8FB 		.ascii	"\033\263\330\373v\003\237\2061\226\030\355\275\345\327"
 150      76039F86 
 150      319618ED 
 150      BDE5D7
 151 0360 E0CE4DF8 		.ascii	"\340\316M\3709\376Rp\230J\266\346\021\230\006\374C\274"
 151      39FE5270 
 151      984AB6E6 
 151      119806FC 
 151      43BC
 152 0372 A3FD721F 		.ascii	"\243\375r\037d\341Y\231\010\340gd\241\361=\215\302m"
 152      64E15999 
 152      08E06764 
 152      A1F13D8D 
 152      C26D
 153 0384 B805FC24 		.ascii	"\270\005\374$\023\330\261{\364\243\3144\302\035P\030"
 153      13D8B17B 
 153      F4A3CC34 
 153      C21D5018 
 154 0394 6AEEAD93 		.ascii	"j\356\255\223\233\216i\026br\223\224>\370;\374\012\277"
 154      9B8E6916 
 154      62729394 
 154      3EF83BFC 
 154      0ABF
 155 03a6 60565340 		.ascii	"`VS@n\304\017\342\360t\357.U^k+\275\275\345\324\340"
 155      6EC40FE2 
 155      F074EF2E 
 155      555E6B2B 
 155      BDBDE5D4 
 156 03bb 25FD705F 		.ascii	"%\375p_\0235\303\024\214\242;!\223@F\201\\\202\213\230"
 156      1335C314 
 156      8CA23B21 
 156      93404681 
 156      5C828B98 
 157 03cf 6A87FAEF 		.ascii	"j\207\372\357K\231\206\2642(K\252\353\372\361k\263\231"
 157      4B9986B4 
 157      32284BAA 
 157      EBFAF16B 
 157      B399
 158 03e1 7064B007 		.ascii	"pd\260\007\357\0206\220\362Sp7\256\353\345\310\335\244"
 158      EF103690 
 158      F2537037 
 158      AEEBE5C8 
 158      DDA4
 159 03f3 AE9A1B3B 		.ascii	"\256\232\033;\272\177j\266.\372\327\357-\321\274 \230"
 159      BA7F6AB6 
 159      2EFAD7EF 
 159      2DD1BC20 
 159      98
 160 0404 0D254249 		.ascii	"\015%BIA\201\336\350\262\255\223\\n\275\245bEQayq}}"
 160      4181DEE8 
 160      B2AD935C 
 160      6EBDA562 
 160      45516179 
 161 041b E5B292F2 		.ascii	"\345\262\222\362\312\304\256\336\342\262\352\335\262"
 161      CAC4AEDE 
 161      E2B2EADD 
 161      B2
 162 0428 BDA8B086 		.ascii	"\275\250\260\206\001\325bMeU\215\350\256\256t\211\366"
 162      01D5624D 
 162      65558DE8 
 162      AEAE7489 
 162      F6
 163 0439 2A8FC35A 		.ascii	"*\217\303Z`\345\237]\271:\267\314` \274\307\346\220"
 163      60E59F5D 
 163      B93AB7CC 
 163      6020BCC7 
 163      E690
 164 044b 8B0A2B65 		.ascii	"\213\012+e\336\\&\2542\033LBra\021\324\253\314\025\202"
 164      DE5C26AC 
 164      321B4C42 
 164      726111D4 
 164      ABCC1582 
 165 045f 5630594C 		.ascii	"V0YL\302\363&\243Am*+\0238\374Y\204LD\2363\275(\250"
 165      C2F326A3 
 165      416D2A2B 
 165      1338FC59 
 165      844C449E 
 166 0477 D99FC66C 		.ascii	"\331\237\306ld\223\252\244L\210\247W*8\365\253\335,"
 166      6493AAA4 
 166      4C88A757 
 166      2A38F5AB 
 166      DD2C
 167 0489 B55A49C6 		.ascii	"\265ZI\306\\^\261\311\325\2365z\273h\023\035\242\276"
 167      5C5EB1C9 
 167      D59E357A 
 167      BB68131D 
 167      A2BE
 168 049b 469425B7 		.ascii	"F\224%\267\254_js\331\353D\227\244\257p\211\016w\255"
 168      AC5F6A73 
 168      D9EB4497 
 168      A4AF7089 
 168      0E77AD
 169 04ae D3B11699 		.ascii	"\323\261\026\231JIe+,\313-z\243\264\316f\225\260\276"
 169      4A49652B 
 169      2CCB2D7A 
 169      A3B4CE66 
 169      95B0BE
 170 04c1 9912F5CB 		.ascii	"\231\022\365\313\035\326\032\317ZI\251\255\310P__PM"
 170      1DD61ACF 
 170      5A49A9AD 
 170      C8505F5F 
 170      504D
 171 04d3 B2969697 		.ascii	"\262\226\226\227X\226UV\274^+\031\245\2529\242\313\276"
 171      58965556 
 171      BC5E2B19 
 171      A5AA39A2 
 171      CBBE
 172 04e5 EE2929DF 		.ascii	"\356))\337\376DU-\231eu\272d\251>\337^L\036e\375\211"
 172      FE44552D 
 172      996575BA 
 172      64A93EDF 
 172      5E4C1E65 
 173 04fb 334DF595 		.ascii	"3M\365\225&\207\270\246F\022<\016\263\263Nr\031\235"
 173      2687B8A6 
 173      46123C0E 
 173      B3B34E72 
 173      199D
 174 050d 750EB5B5 		.ascii	"u\016\265\265Zti\013\004\321\276\024;D2\335\222U\266"
 174      5A74690B 
 174      04D1BE14 
 174      3B4432DD 
 174      9255B6
 175 0520 391D39CC 		.ascii	"9\0359\314\313\"\213\262\307\235\324\257\370\217\325"
 175      CB228BB2 
 175      C79DD4AF 
 175      F88FD5
 176 052f 9563BAF9 		.ascii	"\225c\272\371+\245\272R\227$\276\352\364\310\356\374"
 176      2BA5BA52 
 176      9724BEEA 
 176      F4C8EEFC 
 177 053f 52A753AE 		.ascii	"R\247S\256q\212\010\222\322\377\375E\311c\367\326g\264"
 177      718A0892 
 177      D2FFFD45 
 177      C963F7D6 
 177      67B4
 178 0551 B9EF2FF0 		.ascii	"\271\357/\360O\306{\011\321"
 178      4FC67B09 
 178      D1
 179              		.text
 180              		.section	.gnu.lto_.symtab.c4e5bb2f877c6cf4,"e",%progbits
 181 0000 48414C5F 		.ascii	"HAL_FLASHEx_EnableRunPowerDown\000"
 181      464C4153 
 181      4845785F 
 181      456E6162 
 181      6C655275 
 182 001f 00       		.ascii	"\000"
 183 0020 00       		.ascii	"\000"
 184 0021 00       		.ascii	"\000"
 185 0022 00000000 		.ascii	"\000\000\000\000\000\000\000\000"
 185      00000000 
 186 002a FC000000 		.ascii	"\374\000\000\000"
 187 002e 48414C5F 		.ascii	"HAL_FLASHEx_DisableRunPowerDown\000"
 187      464C4153 
 187      4845785F 
 187      44697361 
 187      626C6552 
 188 004e 00       		.ascii	"\000"
 189 004f 00       		.ascii	"\000"
 190 0050 00       		.ascii	"\000"
 191 0051 00000000 		.ascii	"\000\000\000\000\000\000\000\000"
 191      00000000 
 192 0059 01010000 		.ascii	"\001\001\000\000"
 193              		.text
 194              		.section	.gnu.lto_.ext_symtab.c4e5bb2f877c6cf4,"e",%progbits
 195 0000 01       		.ascii	"\001"
 196 0001 01       		.ascii	"\001"
 197 0002 00       		.ascii	"\000"
 198 0003 01       		.ascii	"\001"
 199 0004 00       		.ascii	"\000"
 200              		.text
 201              		.section	.gnu.lto_.opts,"e",%progbits
 202 0000 272D666E 		.ascii	"'-fno-openmp' '-fno-openacc' '-fno-pie' '-fcf-prote"
 202      6F2D6F70 
 202      656E6D70 
 202      2720272D 
 202      666E6F2D 
 203 0033 6374696F 		.ascii	"ction=none' '-mcpu=cortex-m4' '-mthumb' '-mfloat-ab"
 203      6E3D6E6F 
 203      6E652720 
 203      272D6D63 
 203      70753D63 
 204 0066 693D6861 		.ascii	"i=hard' '-mfpu=fpv4-sp-d16' '-mlibarch=armv7e-m+fp'"
 204      72642720 
 204      272D6D66 
 204      70753D66 
 204      7076342D 
 205 0099 20272D6D 		.ascii	" '-march=armv7e-m+fp' '-Os' '-fmessage-length=0' '-"
 205      61726368 
 205      3D61726D 
 205      7637652D 
 205      6D2B6670 
 206 00cc 66736967 		.ascii	"fsigned-char' '-ffunction-sections' '-fdata-section"
 206      6E65642D 
 206      63686172 
 206      2720272D 
 206      6666756E 
 207 00ff 73272027 		.ascii	"s' '-fsingle-precision-constant' '-flto' '-Xassembl"
 207      2D667369 
 207      6E676C65 
 207      2D707265 
 207      63697369 
 208 0132 65722720 		.ascii	"er' '-adhlns=Drivers/STM32L4xx_HAL_Driver/Src/stm32"
 208      272D6164 
 208      686C6E73 
 208      3D447269 
 208      76657273 
 209 0165 6C347878 		.ascii	"l4xx_hal_flash_ramfunc.o.lst'\000"
 209      5F68616C 
 209      5F666C61 
 209      73685F72 
 209      616D6675 
 210              		.text
 211              		.comm	__gnu_lto_slim,1,1
 212              		.ident	"GCC: (Arm GNU Toolchain 12.2.Rel1 (Build arm-12.24)) 12.2.1 20221205"
DEFINED SYMBOLS
                            *ABS*:0000000000000000 stm32l4xx_hal_flash_ramfunc.c
                            *COM*:0000000000000001 __gnu_lto_slim

NO UNDEFINED SYMBOLS
