   1              		.cpu cortex-m4
   2              		.arch armv7e-m
   3              		.fpu fpv4-sp-d16
   4              		.eabi_attribute 27, 1
   5              		.eabi_attribute 28, 1
   6              		.eabi_attribute 20, 1
   7              		.eabi_attribute 21, 1
   8              		.eabi_attribute 23, 3
   9              		.eabi_attribute 24, 1
  10              		.eabi_attribute 25, 1
  11              		.eabi_attribute 26, 1
  12              		.eabi_attribute 30, 4
  13              		.eabi_attribute 34, 1
  14              		.eabi_attribute 18, 4
  15              		.file	"stm32l4xx_hal_spi_ex.c"
  16              		.section	.gnu.lto_.profile.f167549ccd421362,"e",%progbits
  17 0000 789C6362 		.ascii	"x\234cb\000\001\000\000\022\000\003"
  17      00010000 
  17      120003
  18              		.text
  19              		.section	.gnu.lto_.icf.f167549ccd421362,"e",%progbits
  20 0000 789C9365 		.ascii	"x\234\223e@\000F\206\255'\037\315\344\340bb`b\004b\010"
  20      40004686 
  20      AD271FCD 
  20      E4E06262 
  20      60620462 
  21 0015 64626206 		.ascii	"dbb\006\361\031\000S\220\003E"
  21      F1190053 
  21      900345
  22              		.text
  23              		.section	.gnu.lto_.ipa_sra.f167549ccd421362,"e",%progbits
  24 0000 789CE364 		.ascii	"x\234\343d@\000F d``af\000\000\000\364\000\023"
  24      40004620 
  24      64606061 
  24      66000000 
  24      F40013
  25              		.text
  26              		.section	.gnu.lto_.inline.f167549ccd421362,"e",%progbits
  27 0000 789C7361 		.ascii	"x\234sa@\000F\006\026\276\266\035][\2312\030\201lF&"
  27      40004606 
  27      16BEB61D 
  27      5D5B9932 
  27      18816C46 
  28 0015 46066606 		.ascii	"F\006f\006\006\026\221m\307\317u2e00\2605\000\001S\012"
  28      0616916D 
  28      C7CF7532 
  28      653030B0 
  28      35000153 
  29 002a 13031303 		.ascii	"\023\003\023\003\343\247\316}\333\231\223\231\030X\340"
  29      E3A7CE7D 
  29      DB999399 
  29      1858E0
  30 0039 6C0616B0 		.ascii	"l\006\026\260\031\000&G\017\310"
  30      19002647 
  30      0FC8
  31              		.text
  32              		.section	.gnu.lto_.jmpfuncs.f167549ccd421362,"e",%progbits
  33 0000 789CE364 		.ascii	"x\234\343d@\000F\006FFf\006&f\006\000\001\003\000\025"
  33      40004606 
  33      46466606 
  33      26660600 
  33      01030015 
  34              		.text
  35              		.section	.gnu.lto_.pureconst.f167549ccd421362,"e",%progbits
  36 0000 789C6361 		.ascii	"x\234ca```d\230\305\002\000\001d\000\244"
  36      60606064 
  36      98C50200 
  36      016400A4 
  37              		.text
  38              		.section	.gnu.lto_.ipa_modref.f167549ccd421362,"e",%progbits
  39 0000 789C5366 		.ascii	"x\234Sf@\000F\006\306\020 \305\304\304\302\300\310\304"
  39      40004606 
  39      C61020C5 
  39      C4C4C2C0 
  39      C8C4
  40 0012 CAC8C0C4 		.ascii	"\312\310\300\304\006\244\031A\302\014\014\012\012@\031"
  40      06A41941 
  40      C20C0C0A 
  40      0A4019
  41 0021 36060015 		.ascii	"6\006\000\025\217\000\337"
  41      8F00DF
  42              		.text
  43              		.section	.gnu.lto_.lto.f167549ccd421362,"e",%progbits
  44 0000 0C000000 		.ascii	"\014\000\000\000\001\000\000\000"
  44      01000000 
  45              		.text
  46              		.section	.gnu.lto_HAL_SPIEx_FlushRxFifo.132.f167549ccd421362,"e",%progbits
  47 0000 789C6D51 		.ascii	"x\234mQMHTQ\024>\347\336\373\236S\223S\020\201D\213"
  47      4D485451 
  47      143EE7DE 
  47      FB9E5393 
  47      53108144 
  48 0015 9641E92B 		.ascii	"\226A\351+57\2650\211haAh\353\341e\017gr\376z\357\331"
  48      3537B530 
  48      89686141 
  48      68EBE165 
  48      0F6772FE 
  49 002c 68267375 		.ascii	"h&suRa\"l\312@\\\010\245\004\375P\021\211?\3508\215"
  49      5261226C 
  49      CA405C08 
  49      A504FD50 
  49      11893FE8 
  50 0042 90B5EA67 		.ascii	"\220\265\352g\221\233\026I\210\250 \026T\012b\235\367"
  50      919B1649 
  50      88A82016 
  50      540A629D 
  50      F7
  51 0053 C672D385 		.ascii	"\306r\323\205{\357\371\371\356w\276sn\005\003\030\004"
  51      7BEFF9F9 
  51      EE77BE73 
  51      6E050318 
  51      04
  52 0064 806BB4B1 		.ascii	"\200k\264\261\000\360v:\305@JYY\300\260'\235\232\357"
  52      00F0763A 
  52      C5404A59 
  52      59C0B027 
  52      9D9AEF
  53 0077 7B217012 		.ascii	"{!p\022\335\000g\035i/Y\273Dg\332G\367a\241b\217'\017"
  53      DD00671D 
  53      692F59BB 
  53      4467DA47 
  53      F761A162 
  54 008e 162C99BE 		.ascii	"\026,\231\276\301\010\371pd\342\270\350H\373f\246s\\"
  54      C108F970 
  54      64E2B8E8 
  54      48FB66A6 
  54      735C
  55 00a0 28D8F68F 		.ascii	"(\330\366\217\016!\301\270J\241\004\023\200Y\201\334"
  55      0E21C1B8 
  55      4AA10413 
  55      805981DC 
  56 00b0 3D60733D 		.ascii	"=`s=\340ZV\312\325\271%9t(\227\354(J@\353\321R'\241"
  56      E05A56CA 
  56      D5B92539 
  56      742897EC 
  56      284A40EB 
  57 00c8 A0BA1BE9 		.ascii	"\240\272\033\351\231\272\007\367+\350\271\203PL\300"
  57      99BA07F7 
  57      2BE8B983 
  57      504CC0
  58 00d7 F7EBE352 		.ascii	"\367\353\343Rn\203\2261l\035\305\021\004`\314\305zz"
  58      6E839631 
  58      6C1DC511 
  58      0460CCC5 
  58      7A7A
  59 00e9 91CE8384 		.ascii	"\221\316\203\204Xy\234\354\362=\227\236\346q\334dr\322"
  59      58799CEC 
  59      F23D979E 
  59      E671DC64 
  59      72D2
  60 00fb FD6E7A96 		.ascii	"\375nz\226\322\217\006R;o\265y\342\231\277\014\264\274"
  60      D28F0652 
  60      3B6FB579 
  60      E299BF0C 
  60      B4BC
  61 010d 30891308 		.ascii	"0\211\023\010\255\316,\210\0223\210\343\370\354\243"
  61      ADCE2C88 
  61      123388E3 
  61      F8ECA3
  62 011c F245AEFF 		.ascii	"\362E\256\377\356\226\362\335\336\331\015\325\207\300"
  62      EE96F2DD 
  62      DED90DD5 
  62      87C0
  63 012a 14064CE5 		.ascii	"\024\006L\345t\013\332\012\020H\005\006\333\021\307"
  63      740BDA0A 
  63      10480506 
  63      DB11C7
  64 0139 D0EB7885 		.ascii	"\320\353x\205\024\006\030\340\220z\332}\027\3211Y\336"
  64      140618E0 
  64      907ADA7D 
  64      17D13159 
  64      DE
  65 014a 6CCBD2B8 		.ascii	"l\313\322\2709\177\223[\372\312]g\203%\373;\177\365"
  65      397F935B 
  65      FACA5D67 
  65      8325FB3B 
  65      7FF5
  66 015c BD74A6CC 		.ascii	"\275t\246\314\275\\Q\233\011\277\301r\231\265\231W\005"
  66      BD5C519B 
  66      09BFC172 
  66      99B59957 
  66      05
  67 016d 1CA96FCB 		.ascii	"\034\251o\313\221\374\304\371\002\317\345\2539\204\212"
  67      91FCC4F9 
  67      02CFE5AB 
  67      39848A
  68 017c 7B64C5A7 		.ascii	"{d\305\2470\012\316\353\334\367\324\034\222P\356\276"
  68      300ACEEB 
  68      DCF7D41C 
  68      9250EEBE 
  69 018c EA1DFD7C 		.ascii	"\352\035\375|\216\027\222\013k\354\372\302\324\374\315"
  69      8E17920B 
  69      6BECFAC2 
  69      D4FCCD
  70 019b 22EE2546 		.ascii	"\"\356%F\341v7\300\325\237\037V\026\031\025\030\344"
  70      E17637C0 
  70      D59F1F56 
  70      16191518 
  70      E4
  71 01ac 82F8A4D8 		.ascii	"\202\370\244\330\224\320\236\031\375\364\215sF\325Z"
  71      94D09E19 
  71      FDF48D73 
  71      46D55A
  72 01bb B6AA852F 		.ascii	"\266\252\205/\275\246j\216eMcC\276Zfa\037\347\377\221"
  72      BDA66A8E 
  72      654D6343 
  72      BE5A6661 
  72      1FE7FF91 
  73 01cf F316832E 		.ascii	"\363\026\203. \331\333\365\203s\301\271z\000\345\016"
  73      20D9DBF5 
  73      8373C1B9 
  73      7A00E50E 
  74 01df 47C5E2D4 		.ascii	"G\305\342\324}\012\220\353jH\271\035\002\313\014\305"
  74      7D0A90EB 
  74      6A48B91D 
  74      02CB0CC5 
  75 01ef 48D9F250 		.ascii	"H\331\362P\200\244([\243i\347\355\225\300U\027\250\252"
  75      80A4285B 
  75      A369E7ED 
  75      95C05517 
  75      A8AA
  76 0201 09E43C33 		.ascii	"\011\344<3\274\352\241\321\220\015by8@M`\036.\263\016"
  76      BCEAA1D1 
  76      900D6279 
  76      38404D60 
  76      1E2EB30E 
  77 0215 5FAD76DE 		.ascii	"_\255v\3362LK\213\031\266aj\365A;\320xA\013\353A=\242"
  77      324C4B8B 
  77      19B6616A 
  77      F5413BD0 
  77      78410BEB 
  78 022c 6B21DD36 		.ascii	"k!\3356,[;\0254\303q\3354\264ZS\217X\261h\344\"!\253"
  78      2C5B3B15 
  78      34C371DD 
  78      34B45A53 
  78      8F58B168 
  79 0244 CBCB8E14 		.ascii	"\313\313\216\024\2375\342U\246\2417D\033m\253\270*\032"
  79      9F35E255 
  79      A6A13744 
  79      1B6DABB8 
  79      2A1A
  80 0256 B543519D 		.ascii	"\265CQ\235\222p\254\244D;i\006\2578\3045\265g\312J\253"
  80      9270ACA4 
  80      443B6906 
  80      AF38C435 
  80      B567CA4A 
  81 026b CB9B9AFC 		.ascii	"\313\233\232\374\247OT\373\363Q\255\306\254\323,;\\"
  81      A74F54FB 
  81      F351ADC6 
  81      ACD32C3B 
  81      5C
  82 027c 561A7212 		.ascii	"V\032r\022\001=\344\267bA\277\321TR\007\"@\246R\027"
  82      013DE4B7 
  82      6241BFD1 
  82      54520722 
  82      40A65217 
  83 0290 6D8CD8AA 		.ascii	"m\214\330\252\035\216\231F\375\037)\333\376\325"
  83      1D8E9946 
  83      FD1F29DB 
  83      FED5
  84              		.text
  85              		.section	.gnu.lto_.symbol_nodes.f167549ccd421362,"e",%progbits
  86 0000 789C9366 		.ascii	"x\234\223f\000\002\246\026\306z\366\256u\375S\031\031"
  86      0002A616 
  86      C67AF6AE 
  86      75FD5319 
  86      19
  87 0011 279C6360 		.ascii	"'\234c`\250g`\3305\241\211\011$\003\000p\270\0072"
  87      A86760D8 
  87      35A18909 
  87      24030070 
  87      B80732
  88              		.text
  89              		.section	.gnu.lto_.refs.f167549ccd421362,"e",%progbits
  90 0000 789C6364 		.ascii	"x\234cd\000\002\000\000\012\000\002"
  90      00020000 
  90      0A0002
  91              		.text
  92              		.section	.gnu.lto_.decls.f167549ccd421362,"e",%progbits
  93 0000 789CA556 		.ascii	"x\234\245Vkp\023\327\025\276\367\352\301\372\205\355"
  93      6B7013D7 
  93      15BEF7EA 
  93      C1FA85ED 
  94 0010 4932A519 		.ascii	"I2\245\0312\303t:\203\207\016(\306\244\315\264\177\032"
  94      32C3743A 
  94      83870E28 
  94      C6A4CDB4 
  94      7F1A
  95 0022 DB21F1D4 		.ascii	"\333!\361\324P\217\344t\362\2433\032E^\307jd\311\225"
  95      508FE474 
  95      F2A3331A 
  95      455EC76A 
  95      64C995
  96 0035 D644F4D7 		.ascii	"\326D\364\327\225,l\001\306\266\240I\215\213\211\"\002"
  96      952C6C01 
  96      C6B6A049 
  96      8D8B8922 
  96      02
  97 0046 E1E1049B 		.ascii	"\341\341\004\233\0200/#\220l\014\346a\203\203\323\200"
  97      10302F23 
  97      906C0CE6 
  97      618383D3 
  97      80
  98 0057 41404278 		.ascii	"A@Bx\005?0\015oz\356\356j\345\035<\323N\2723G\332\275"
  98      053F300D 
  98      6F7AEEEE 
  98      6AE51D3C 
  98      D34EBA33 
  99 006e DF77BE73 		.ascii	"\337w\276s\356\271\347\336\335X\032B\275\032\204\312"
  99      EEB9E7DE 
  99      DD581A42 
  99      BD1A84CA 
 100 007e 10424FE1 		.ascii	"\020BO\341\"\360\177\006\214\003\353\004\373\012\354"
 100      22F07F06 
 100      8C03EB04 
 100      FB0AEC
 101 008d 2CD81B18 		.ascii	",\330\033\030\241A\370?\004\266\020\356\215`\033\201"
 101      A141F83F 
 101      04B610EE 
 101      8D601B81 
 102 009d 9C0ECF25 		.ascii	"\234\016\317%\3623\343h\261\304\231-\3732\237>\331'"
 102      F233E368 
 102      B1C4992D 
 102      FB329F3E 
 102      D927
 103 00af 1F6C00EE 		.ascii	"\037l\000\356\365\317a\255\376\005<KK|\336\341\3078"
 103      F5CF61AD 
 103      FE053C4B 
 103      4B7CDEE1 
 103      C738
 104 00c1 3B42E93D 		.ascii	";B\351=\032:\254\315\351\304\273\201\262\007\213\224"
 104      1A3AACCD 
 104      E9C4BB81 
 104      B2078B94 
 105 00d1 1960591C 		.ascii	"\031`Y\034A\372\034\314\022\313\204\177\304\245\240"
 105      41FA1CCC 
 105      12CB847F 
 105      C4A5A0
 106 00e0 57A878F9 		.ascii	"W\250x\371\254\350 \360\330\305-BZrp4z\231\313\2143"
 106      ACE820F0 
 106      D8C52D42 
 106      5A727034 
 106      7A99CB8C 
 107 00f5 A5883F05 		.ascii	"\245\210?\005\211J\207pN\004w\341\003\230\373\023\023"
 107      894A8770 
 107      4E0477E1 
 107      0398FB13 
 107      13
 108 0106 E4B83F23 		.ascii	"\344\270?#\316\214\270w\020W\316\236gB\016q\314\375"
 108      CE8CB877 
 108      1057CE9E 
 108      67420E71 
 108      CCFD
 109 0118 0569B35A 		.ascii	"\005i\263Z\007\267\336\326\314\2313c\016\273.\201\310"
 109      07B7DED6 
 109      CC993363 
 109      0EBB2E81 
 109      C8
 110 0129 E9BA863D 		.ascii	"\351\272\206=\277\274\\C{#\3700\356\306'\261\224Z\014"
 110      BFBC5C43 
 110      7B23F830 
 110      EEC627B1 
 110      945A0C
 111 013c AC132360 		.ascii	"\254\023#`\264\257\335\343\021\301>\005\334\013\226"
 111      B4AFDDE3 
 111      11C13E05 
 111      DC0B96
 112 014b 8720373F 		.ascii	"\207 7?\245\021-:\206\217\302\300I\034\301\375\370\024"
 112      A5112D3A 
 112      868FC2C0 
 112      491CC1FD 
 112      F814
 113 015d 3E8D8FE3 		.ascii	">\215\217\343\001|\006\237`I3\377z\331\377\210\342\237"
 113      017C069F 
 113      604933FF 
 113      7AD9FF88 
 113      E29F
 114 016f AB68AF94 		.ascii	"\253h\257\224\261\336\311X\236\0105\312PT\201\366\341"
 114      B1DEC958 
 114      9E0835CA 
 114      505481F6 
 114      E1
 115 0180 04B64AC6 		.ascii	"\004\266J\306zT\371JX\263\214\355W\371A<\356\022\206"
 115      7A54F94A 
 115      58B38CED 
 115      57F9413C 
 115      EE1286
 116 0193 F2D544BF 		.ascii	"\362\325D\2778\226:C\235\373 \2362y-i\335v\2746\271"
 116      38963A43 
 116      9DFB209E 
 116      32792D69 
 116      DD76BC36 
 117 01a8 6A5FC97A 		.ascii	"j_\311zg\331\352\223\272\375;wg*\330Y\031\033\222\226"
 117      67D9EA93 
 117      BAFD3B77 
 117      672AD859 
 117      191B9296 
 118 01bc 348EA0E4 		.ascii	"4\216\240\3449p\3635\342~\300H\377\022~\212\341\007"
 118      3970F335 
 118      E27EC048 
 118      FF127E8A 
 118      E107
 119 01ce DCD6B75C 		.ascii	"\334\326\267\\?\2023\300m4\020\217`\364\312|\204.@\360"
 119      3F8233C0 
 119      6D34108F 
 119      60F4CA7C 
 119      842E40F0 
 120 01e2 617C1E73 		.ascii	"a|\036sw\030\341\330\241}k4\031\361I\204\213Xa\004\310"
 120      7718E1D8 
 120      A17D6B34 
 120      19F14984 
 120      8B586104 
 121 01f7 D4129713 		.ascii	"\324\022\227\023\204U\214\020?2~q\232\212p\005+\214"
 121      84558C10 
 121      3F327E71 
 121      9A8A7005 
 121      2B8C
 122 0209 5682B84F 		.ascii	"V\202\270O\030k\343\370pC\372\014\251\311\"b\207]\305"
 122      186BE3F8 
 122      7043FA0C 
 122      A9C92262 
 122      875DC5
 123 021c DF63F18E 		.ascii	"\337c\361\216\353d\204KG\307>\344T\204k\011\202\226"
 123      EB64844B 
 123      47C73EE4 
 123      54846B09 
 123      8296
 124 022e F40C6C59 		.ascii	"\364\014lY\247W\246\177]\236\376\015i\372\375\210;\006"
 124      A757A67F 
 124      5D9EFE0D 
 124      69FAFD88 
 124      3B06
 125 0240 6106C086 		.ascii	"a\006\300\206\230\322\232\216\241\013\031*\245\333x"
 125      98D29A8E 
 125      A10B192A 
 125      A5DB78
 126 024f 24A1D475 		.ascii	"$\241\324u\366\373\2114EiDV\032\025\213<26\264E\227"
 126      F6FB8934 
 126      45694456 
 126      1A158B3C 
 126      3236B445 
 127 0264 82D8E318 		.ascii	"\202\330\343\030\023&P\326,-\271u\376I\335\364\231 "
 127      132650D6 
 127      2C2DB975 
 127      FE49DDF4 
 127      9920
 128 0276 3641E9F3 		.ascii	"6A\351\3637\320\035<\016\354\011\214\306D\247\306\247"
 128      37D01D3C 
 128      0EEC098C 
 128      C644A7C6 
 128      A7
 129 0287 3BA2D314 		.ascii	";\242\323\024\301\011Y\360\256\224Z/\342nBZc,\255[\203"
 129      C10959F0 
 129      AE945A2F 
 129      E26E425A 
 129      632CAD5B 
 130 029c C71FA565 		.ascii	"\307\037\245eF\246\336J\020\351e\340G\020w\037\266\346"
 130      46A6DE4A 
 130      10E965E0 
 130      4710771F 
 130      B6E6
 131 02ae 6CD89A1A 		.ascii	"l\330\232\032\370E\3342\015\233\375\311\310J\035\333"
 131      F845DC32 
 131      0D9BFDC9 
 131      C84A1DDB 
 132 02be 841334E2 		.ascii	"\204\0234\342\323I\011<\305\263#\370\011~\214\271\006"
 132      D349093C 
 132      C5B323F8 
 132      097E8CB9 
 132      06
 133 02cf 46198984 		.ascii	"F\031\211\204F2\230\370\224\224\265\032X\005F\2730q"
 133      463298F8 
 133      9494B51A 
 133      580546BB 
 133      3071
 134 02e1 ED330DA3 		.ascii	"\3553\015\243\215\322\303^\015[+?yIZ*\350\205+\343="
 134      8DD2C35E 
 134      0D5B2B3F 
 134      79495A2A 
 134      E8852BE3 
 135 02f6 D395992C 		.ascii	"\323\225\231,#\322Lj\2118\223W\2716\020\351\004\213"
 135      23D24C6A 
 135      89389357 
 135      B93610E9 
 135      048B
 136 0308 6AD8F302 		.ascii	"j\330\363\002\3108\244\341N\212\017,\365\034\356\014"
 136      C838A4E1 
 136      4E8A0F2C 
 136      F51CEE0C 
 137 0318 80C3E2F3 		.ascii	"\200\303\342\363,\356&\334?\000\363j\021\267\002l\035"
 137      2CEE26DC 
 137      3F00F36A 
 137      11B7026C 
 137      1D
 138 0329 58086C0B 		.ascii	"X\010l\013\330\227`]`\275`'\264H;\263o{\327\372T\361"
 138      D897605D 
 138      60BD6027 
 138      B4483BB3 
 138      6F7BD7FA 
 139 033f 8C904E0A 		.ascii	"\214\220N\012\270X\026\347\257\322\216\227/\211\207"
 139      B85816E7 
 139      AFD28E97 
 139      2F8987
 140 034e C57DFC0F 		.ascii	"\305}\374\017\262\201\2506\0300\332[\242u4\313\237~"
 140      B281A836 
 140      1830DA5B 
 140      A27534CB 
 140      9F7E
 141 0360 1F7FA0A0 		.ascii	"\037\177\240\240{\223\350\343\375\224\246\000\330\254"
 141      7B93E8E3 
 141      FD94A600 
 141      D8AC
 142 036e 72CD13B1 		.ascii	"r\315\023\261\275\011\317V\005l \011\260>\001~\250\222"
 142      BD09CF56 
 142      056C2009 
 142      B03E017E 
 142      A892
 143 0380 9D7408D5 		.ascii	"\235t\010\325\223\225\300\336@\"x+\331H\266\221\315"
 143      9395C0DE 
 143      4022782B 
 143      D948B691 
 143      CD
 144 0391 2444D693 		.ascii	"$D\326\2230\371\210|J>!\233\310\026\3621;\361\231\330"
 144      30F9887C 
 144      4A3E219B 
 144      C816F231 
 144      3BF199D8 
 145 03a5 E684D81A 		.ascii	"\346\204\330\032El5Qr\274%\347\370O\005\314U\260m\011"
 145      456C3551 
 145      72BC25E7 
 145      F84F05CC 
 145      55B06D09 
 146 03b9 CFA00236 		.ascii	"\317\240\0026*9\266&\300\277\253d%\360\201\254\272V"
 146      2A39B626 
 146      C0BFAB64 
 146      25F081AC 
 146      BA56
 147 03cb C162C9B2 		.ascii	"\301b\311\262|\236\360lR\311\312\350u\331u\335\344\204"
 147      7C9EF06C 
 147      52C9CAE8 
 147      75D975DD 
 147      E484
 148 03dd 24D51119 		.ascii	"$\325\021\031jQ\251\346AG\350\240\265n\367E}\223\216"
 148      6A51A9E6 
 148      4147E8A0 
 148      B56EF745 
 148      7D938E
 149 03f0 3AB1426D 		.ascii	":\261Bm\344\277\226\210;\303\234\317-\353h\300\252-"
 149      E4BF9688 
 149      3BC39CCF 
 149      2DEB68C0 
 149      AA2D
 150 0402 8BB61379 		.ascii	"\213\266\023y\307\016\306\233?HUa\203X\001\207\307\307"
 150      C70EC69B 
 150      3F485561 
 150      83580187 
 150      C7C7
 151 0414 C3294ACF 		.ascii	"\303)J\317\266\313yuH=\373-;\027Cz\356<\204\370\305"
 151      B6CB7975 
 151      483DFB2D 
 151      3B17437A 
 151      EE3C84F8 
 152 0429 A61BC375 		.ascii	"\246\033\303u\031s\324]&\366\331\350\372\357\0323\233"
 152      1973D45D 
 152      26F6D9E8 
 152      FAEF1A33 
 152      9B
 153 043a BC9A1BF8 		.ascii	"\274\232\033\370;\274O\026\370&\321(\243\315\335\265"
 153      3BBC4F16 
 153      F826D128 
 153      A3CDDDB5 
 154 044a 0CBC8B7F 		.ascii	"\014\274\213\177T\300\177+\265\034}\024=5\275\237j|"
 154      54C07F2B 
 154      B51C7D14 
 154      3D35BD9F 
 154      6A7C
 155 045c 6439D947 		.ascii	"d9\331G\244\203\241.Y\313\315\313\240\322\336\364o\361"
 155      A483A12E 
 155      59CBCDCB 
 155      A0D2DEF4 
 155      6FF1
 156 046e 25F06507 		.ascii	"%\360e\007\3477I\317\007W\304\240\265d\005I\350\326"
 156      E73749CF 
 156      0757C4A0 
 156      B5640549 
 156      E8D6
 157 0480 29EB17E8 		.ascii	")\353\027\350\026\227\250\226\324(\340Cu\003~Av\020"
 157      1697A896 
 157      D428E043 
 157      75037E41 
 157      7610
 158 0492 38D6F641 		.ascii	"8\326\366A\035\242\244\213\354!\273I7\331K\016\222\303"
 158      1DA2A48B 
 158      EC21BB49 
 158      37D94B0E 
 158      92C3
 159 04a4 24427691 		.ascii	"$Bv\221\375\344\000\371\222t\222C$&\367\341hKb\"?(\023"
 159      FDE400F9 
 159      92749243 
 159      2426F7E1 
 159      684B6222 
 160 04bb B9A9CC72 		.ascii	"\271\251\314r]\242\004\267T \344\012\021G\357E\377\010"
 160      5DA204B7 
 160      5420E40A 
 160      1147EF45 
 160      FF08
 161 04cd E0676415 		.ascii	"\340gd\025d#u~\262IWl\204T}\351>\342U*\3600\331k\015"
 161      6423757E 
 161      B249576C 
 161      84547DE9 
 161      3EE2552A 
 162 04e6 DD72AFDD 		.ascii	"\335r\257\335SUOzwn\225\312\023\307\347&\225\347_\322"
 162      53554F7A 
 162      776E95CA 
 162      13C7E726 
 162      95E75FD2 
 163 04fa ABBA5E92 		.ascii	"\253\272^\222\245\344\021\236,\373@*\336m\251x\035\344"
 163      A5E4119E 
 163      2CFB402A 
 163      DE6DA978 
 163      1DE4
 164 050c 73A53E89 		.ascii	"s\245>\2117\371h[\267\210\035\306;\025\354k%\344\223"
 164      37F9685B 
 164      B7881DC6 
 164      3B15EC6B 
 164      25E493
 165 051f 0DB26C40 		.ascii	"\015\262l@\265^ \313]e}x\267\265m\273n\206\272\312="
 165      B55E20CB 
 165      5D657D78 
 165      B7B56DBB 
 165      6E86BACA 
 166 0534 E47FACB2 		.ascii	"\344\177\254\262\226<9\361\343X\362\004=\"\207\357%"
 166      963C39F1 
 166      E358F204 
 166      3D2287EF 
 166      25
 167 0545 0C1BEABA 		.ascii	"\014\033\352\272}Dw\007\203v/\215xc\\S\370\032m\247"
 167      7D447707 
 167      83762F8D 
 167      78635C53 
 167      F81A6DA7 
 168 0559 A1FA00F6 		.ascii	"\241\372\000\366Fjh{\254g 7\264!\026\010\2626\307\037"
 168      466A687B 
 168      AC672037 
 168      B4211608 
 168      B236C71F 
 169 056d EFA475A1 		.ascii	"\357\244u\241\232\332\364\320\206\232\372\325~\232!"
 169      9ADAF4D0 
 169      869AFAD5 
 169      7E9A21
 170 057c 753FCD02 		.ascii	"u?\315\002\253m\246\264\037d\374\375^\012\357\333\270"
 170      AB6DA6B4 
 170      1F64FCFD 
 170      5E0AEFDB 
 170      B8
 171 058d 17C6DAE3 		.ascii	"\027\306\332\343\364Ey\203\350[@\275\205\322\246\027"
 171      F4457983 
 171      E85B40BD 
 171      85D2A617 
 172 059d 7DCD71DA 		.ascii	"}\315q\332\356\243\375\331-;\030\242\007[\336\336\320"
 172      EEA3FDD9 
 172      2D3B18A2 
 172      075BDEDE 
 172      D0
 173 05ae 49334335 		.ascii	"I3C5\347\003\241(\375y\010&\331L\375\021\274\026\240"
 173      E703A128 
 173      FD790826 
 173      D94CFD11 
 173      BC16A0
 174 05c1 161A6822 		.ascii	"\026\032h\"\365\276\030\3754Z\343\305^\361[\220\006"
 174      F5BE18FD 
 174      345AE3C5 
 174      5EF15B90 
 174      06
 175 05d2 B29BC27E 		.ascii	"\262\233\302~H)F\377\032\014G\002\020ty\026\033\246"
 175      482946FF 
 175      1A0C4702 
 175      10747916 
 175      1BA6
 176 05e4 E118CD66 		.ascii	"\341\030\315f#A_,\220\035\364\371i0\024\243\004|\002"
 176      23415F2C 
 176      901DF4F9 
 176      693014A3 
 176      047C02
 177 05f7 5E50C5DE 		.ascii	"^P\305\336\020\245\301\270\216\372\300Gd\204)\365\322"
 177      10A5C1B8 
 177      8EFAC047 
 177      648429F5 
 177      D2
 178 0608 421A8620 		.ascii	"B\032\206 \014\017\322\336\2007\354\367\342`\030f\034"
 178      0C0FD2DE 
 178      8037ECF7 
 178      E2601866 
 178      1C
 179 0619 F6D39F05 		.ascii	"\366\323\237\005\251\237\335\000uV\211\364\371)\316"
 179      A99FDD00 
 179      755689F4 
 179      F929CE
 180 0628 17EAB68B 		.ascii	"\027\352\266\213\356\270\2366\301\352\026\2778\020\234"
 180      EEB89E36 
 180      C1EA16BF 
 180      38109C
 181 0637 86309ADE 		.ascii	"\2060\232\336\364{\004\237\\Y\\\223\036\360\207O;f\251"
 181      F47B049F 
 181      5C595C93 
 181      1EF0874F 
 181      3B66A9
 182 064a 4E871EA2 		.ascii	"N\207\036\242\274\354\033\257^nI~6\034\227\327\343\204"
 182      BCEC1BAF 
 182      5E6E497E 
 182      361C97D7 
 182      E384
 183 065c B81EB5AB 		.ascii	"\270\036\265\253\275=\351\354e\177\202\214M\375\231"
 183      BD3DE9EC 
 183      657F828C 
 183      4DFD99
 184 066b 738AC81F 		.ascii	"s\212\310\0371\233X\234\255\007\256mT\177\346\364\223"
 184      319B589C 
 184      AD07AE6D 
 184      547FE6F4 
 184      93
 185 067c 04434B0E 		.ascii	"\004CK\016\015m?\247|#\014\310\255u\232\240\223b\254"
 185      0D6D3FA7 
 185      7C230CC8 
 185      AD759AA0 
 185      9362AC
 186 068f B65DE136 		.ascii	"\266]\3416mNs3\2757v\347\332u\315\346++\032i\010Sr\232"
 186      6D4E7333 
 186      BD3776E7 
 186      DA75CDE6 
 186      2B2B1A69 
 187 06a7 F4490719 		.ascii	"\364I\007\031\352#\350\0309\312\216-\343\333\005\306"
 187      EA23E818 
 187      39CA8E2D 
 187      E3DB05C6 
 188 06b7 02E36FE7 		.ascii	"\002\343o\347\3153\024\272lKx\227\333`*]\2247\277x\201"
 188      CD3314BA 
 188      6C4B7897 
 188      DB602A5D 
 188      9437BF78 
 189 06cc C7637EF3 		.ascii	"\307c~\363\265b\2634j0\271\254\006\267P\2317\337\316"
 189      B562B334 
 189      6A30B9AC 
 189      06B75099 
 189      37DFCE
 190 06df 800A8BDD 		.ascii	"\200\012\213\335\354\256\262\231y\317<+\367\306\342"
 190      ECAEB299 
 190      79CF3C2B 
 190      F7C6E2
 191 06ee B76615E4 		.ascii	"\267f\025\344\346\"\256\332\346\020\362\346\233\005"
 191      E622AEDA 
 191      E610F2E6 
 191      9B05
 192 06fc 1D289618 		.ascii	"\035(\226\030I\241\221\230\214\232\002\343|\260\\}\251"
 192      49A19198 
 192      8C9A02E3 
 192      7CB05C7D 
 192      A9
 193 070d 18C76978 		.ascii	"\030\307ix\313\315bT\361\002\210\276k\023*\252\3371"
 193      CBCD6254 
 193      F10288BE 
 193      6B132AAA 
 193      DF31
 194 071f 545A6C16 		.ascii	"TZl\026\207\305`\267\010\274[0,\264\271*\337\267\270"
 194      87C560B7 
 194      08BC5B30 
 194      2CB4B92A 
 194      DFB7B8
 195 0732 7843A9CB 		.ascii	"xC\251\313\342pW9\035e\300L\344V\260\310Td2\024\362"
 195      E2705739 
 195      1D65C04C 
 195      E456B0C8 
 195      54643214 
 196 0747 4B6C561E 		.ascii	"KlV\036\022M\346j(rX\355\325e|\"\311\274\\\217g^\005"
 196      124DE66A 
 196      287258ED 
 196      D5657C22 
 196      C9BC5C8F 
 197 075e 4A339514 		.ascii	"J3\225\024\231K\227V\361\205|\271\316$@\204\347\331"
 197      994B9756 
 197      F1857CB9 
 197      CE244084 
 197      E7D9
 198 0770 A4D8A8F8 		.ascii	"\244\330\250\370$C\332b\247\365\275L\206\260\033yP_"
 198      2443DA62 
 198      A7F5BD4C 
 198      86B01B79 
 198      505F
 199 0782 51566971 		.ascii	"QViqy\2363\233\013\027\275f~\323\342(\263'\370\331\317"
 199      799E339B 
 199      0B17BD66 
 199      7ED3E228 
 199      B327F8D9 
 200 0797 8C8864C1 		.ascii	"\214\210d\301\243+\365\024\231\214\340\302\"\250\010"
 200      A32BF514 
 200      998CE0C2 
 200      22A808
 201 07a6 3A2343A6 		.ascii	":#C\246A\021L\266\277\361iF\317\333\345\274\253\300"
 201      41114CB6 
 201      BFF16946 
 201      CFDBE5BC 
 201      ABC0
 202 07b8 59ED10C4 		.ascii	"Y\355\020\304\272\345\376\332,\244J\203\014O\2552z\362"
 202      BAE5FEDA 
 202      2CA44A83 
 202      0C4FAD32 
 202      7AF2
 203 07ca ABCBCB4B 		.ascii	"\253\313\313K\004\327"
 203      04D7
 204 07d0 3406BF6A 		.ascii	"4\006\277j\026\322J\223.\251\245\223\230\245\011\246"
 204      16D24A93 
 204      2EA9A593 
 204      98A509A6 
 205 07e0 B6C86113 		.ascii	"\266\310a\023R B1\357xW\250\310`\313\340\264/u8+m\026"
 205      52204231 
 205      EF7857A8 
 205      C860CBE0 
 205      B42F7538 
 206 07f7 FB74782A 		.ascii	"\373tx*\260\330\255\325Pf\233\323\241/-Z\344,\3439\250"
 206      B0D8ADD5 
 206      50669BD3 
 206      A12F2D5A 
 206      E42CE339 
 207 080c B65BC8B7 		.ascii	"\266[\310\267\011\331\371\226\3522#T\244\304\305\273"
 207      09D9F996 
 207      EA322354 
 207      A4C4C5BB 
 208 081c AD163BEF 		.ascii	"\255\026;\357\322,6\231\270\202\342?\224TX\334|\032"
 208      D22C3699 
 208      B882E23F 
 208      945458DC 
 208      7C1A
 209 082e BB71DA2D 		.ascii	"\273q\332-.\233\260\224+\264\010\026\026:\245\320\346"
 209      2E9BB094 
 209      2BB40816 
 209      163AA5D0 
 209      E6
 210 083f E2AD4C4D 		.ascii	"\342\255LM+j\201C\011\273\261\377\237\213<e\003\302"
 210      2B6A8143 
 210      09BBB1FF 
 210      9F8B3C65 
 210      03C2
 211 0851 FA3EDB80 		.ascii	"\372>\333\200\260\302\231\254\322l\342r\235\271\"\207"
 211      B0C299AC 
 211      D26CE272 
 211      9DB92287 
 212 0861 5BB038AC 		.ascii	"[\2608\254|\312\353.\227\023\312U\306g?\263\030\351"
 212      7CCAEB2E 
 212      9713CA55 
 212      C6673FB3 
 212      18E9
 213 0873 1657E592 		.ascii	"\026W\345\222\337\360s+\177U^\205R\255N\227\300{\346"
 213      DFF0732B 
 213      7F555E85 
 213      52AD4E97 
 213      C07BE6
 214 0886 562E402F 		.ascii	"V.@/\310\315\361\272\307\274\320^\355\2560z\026\332"
 214      C8CDF1BA 
 214      C7BCD05E 
 214      EDAE307A 
 214      16DA
 215 0898 CA9DD9E2 		.ascii	"\312\235\331\342(\264K\265[\366/\375\2113,\206\276\234"
 215      28B44BB5 
 215      5BF62FFD 
 215      89332C86 
 215      BE9C
 216 08aa BB987F3F 		.ascii	"\273\230\177?\337\305[\336sV\013\356\271\371N\247`w"
 216      DFC55BDE 
 216      73560BEE 
 216      B9F94EA7 
 216      6077
 217 08bc 5A0044BF 		.ascii	"Z\000D\277\373\351{\020\375\007\306\010\226}"
 217      FBE97B10 
 217      FD07C608 
 217      967D
 218              		.text
 219              		.section	.gnu.lto_.symtab.f167549ccd421362,"e",%progbits
 220 0000 48414C5F 		.ascii	"HAL_SPIEx_FlushRxFifo\000"
 220      53504945 
 220      785F466C 
 220      75736852 
 220      78466966 
 221 0016 00       		.ascii	"\000"
 222 0017 00       		.ascii	"\000"
 223 0018 00       		.ascii	"\000"
 224 0019 00000000 		.ascii	"\000\000\000\000\000\000\000\000"
 224      00000000 
 225 0021 52010000 		.ascii	"R\001\000\000"
 226              		.text
 227              		.section	.gnu.lto_.ext_symtab.f167549ccd421362,"e",%progbits
 228 0000 01       		.ascii	"\001"
 229 0001 01       		.ascii	"\001"
 230 0002 00       		.ascii	"\000"
 231              		.text
 232              		.section	.gnu.lto_.opts,"e",%progbits
 233 0000 272D666E 		.ascii	"'-fno-openmp' '-fno-openacc' '-fno-pie' '-fcf-prote"
 233      6F2D6F70 
 233      656E6D70 
 233      2720272D 
 233      666E6F2D 
 234 0033 6374696F 		.ascii	"ction=none' '-mcpu=cortex-m4' '-mthumb' '-mfloat-ab"
 234      6E3D6E6F 
 234      6E652720 
 234      272D6D63 
 234      70753D63 
 235 0066 693D6861 		.ascii	"i=hard' '-mfpu=fpv4-sp-d16' '-mlibarch=armv7e-m+fp'"
 235      72642720 
 235      272D6D66 
 235      70753D66 
 235      7076342D 
 236 0099 20272D6D 		.ascii	" '-march=armv7e-m+fp' '-Os' '-fmessage-length=0' '-"
 236      61726368 
 236      3D61726D 
 236      7637652D 
 236      6D2B6670 
 237 00cc 66736967 		.ascii	"fsigned-char' '-ffunction-sections' '-fdata-section"
 237      6E65642D 
 237      63686172 
 237      2720272D 
 237      6666756E 
 238 00ff 73272027 		.ascii	"s' '-fsingle-precision-constant' '-flto' '-Xassembl"
 238      2D667369 
 238      6E676C65 
 238      2D707265 
 238      63697369 
 239 0132 65722720 		.ascii	"er' '-adhlns=Drivers/STM32L4xx_HAL_Driver/Src/stm32"
 239      272D6164 
 239      686C6E73 
 239      3D447269 
 239      76657273 
 240 0165 6C347878 		.ascii	"l4xx_hal_spi_ex.o.lst'\000"
 240      5F68616C 
 240      5F737069 
 240      5F65782E 
 240      6F2E6C73 
 241              		.text
 242              		.comm	__gnu_lto_slim,1,1
 243              		.ident	"GCC: (Arm GNU Toolchain 12.2.Rel1 (Build arm-12.24)) 12.2.1 20221205"
DEFINED SYMBOLS
                            *ABS*:0000000000000000 stm32l4xx_hal_spi_ex.c
                            *COM*:0000000000000001 __gnu_lto_slim

NO UNDEFINED SYMBOLS
