   1              		.cpu cortex-m4
   2              		.arch armv7e-m
   3              		.fpu fpv4-sp-d16
   4              		.eabi_attribute 27, 1
   5              		.eabi_attribute 28, 1
   6              		.eabi_attribute 20, 1
   7              		.eabi_attribute 21, 1
   8              		.eabi_attribute 23, 3
   9              		.eabi_attribute 24, 1
  10              		.eabi_attribute 25, 1
  11              		.eabi_attribute 26, 1
  12              		.eabi_attribute 30, 4
  13              		.eabi_attribute 34, 1
  14              		.eabi_attribute 18, 4
  15              		.file	"LEDManager.cpp"
  16              		.section	.gnu.lto_.odr_types.603b984766115b4e,"e",%progbits
  17 0000 789CA592 		.ascii	"x\234\245\222Mh\023A\030\206g\222\264\256\375I\323\037"
  17      4D681341 
  17      18866792 
  17      B4AEFD49 
  17      D31F
  18 0012 A57A1011 		.ascii	"\245z\020\021\025/\272\315\372\323\364\340a\335\314"
  18      152FBACD 
  18      FAD3F4E0 
  18      61DDCC
  19 0021 264B93CD 		.ascii	"&K\223\315\272\273\211zZV\335\332@\273-\331U\361&\212"
  19      BABB897A 
  19      5A56DDDA 
  19      40BB2DD9 
  19      55F1268A 
  20 0035 08D28BF5 		.ascii	"\010\322\213\365\322*(\212\366d-\266\322\203\245X\024"
  20      D22A288A 
  20      F6642DB6 
  20      D283A558 
  20      14
  21 0046 851A9482 		.ascii	"\205\032\224\202\007[\004Ql\011j\320\203\332C\021\352"
  21      075B0451 
  21      6C096AD0 
  21      83DA4311 
  21      EA
  22 0057 B79954AA 		.ascii	"\267\231T\252\327\316\341yy\337\371vv\276\231i\306\010"
  22      D7CEE179 
  22      79DFF976 
  22      76BE9969 
  22      C608
  23 0069 3DF7A1D2 		.ascii	"=\367\241\322\360\343\212:\006\243]\014\336r\220\301"
  23      F0E38A3A 
  23      06A35D0C 
  23      DE7290C1 
  24 0079 DB0E3378 		.ascii	"\333\0163x{\007\203w\214\334\371\370y\366\356\320\364"
  24      7B078377 
  24      8CDCF9F8 
  24      79F6EED0 
  24      F4
  25 008a EEF981B9 		.ascii	"\356\371\201\271\235y\274q\016C\321\007\000.\000|\337"
  25      9D79BC71 
  25      0E43D107 
  25      002E007C 
  25      DF
  26 009b 00FE5F80 		.ascii	"\000\376_\200\300o@\305E\037\203+\257\000\326]\0050"
  26      C06F40C5 
  26      451F832B 
  26      AF00D65D 
  26      0530
  27 00ad 0380F5B7 		.ascii	"\003\200\365\267\000UC\200\352a@\315#@\355\004 \370"
  27      00554380 
  27      EA6140CD 
  27      2340ED04 
  27      20F8
  28 00bf 1450370D 		.ascii	"\024P7\015\010\315\000\352\337\002\032\336\003\032\027"
  28      08CD00EA 
  28      DF021ADE 
  28      031A17
  29 00ce 004D45C0 		.ascii	"\000ME\300\206\302\322\205\207\003\303\343\371\360\302"
  29      86C2D285 
  29      8703C3E3 
  29      F9F0C2
  30 00dd E3C191C5 		.ascii	"\343\301\221\305\374\355\261\354\320\253\341\261\342"
  30      FCEDB1EC 
  30      D0ABE1B1 
  30      E2
  31 00ea FD1B3F3A 		.ascii	"\375\033?:\276\367\335\314\027~\316M\276\300\205\245"
  31      BEF7DDCC 
  31      177ECE4D 
  31      BEC085A5 
  32 00fa C1278B75 		.ascii	"\301'\213u\223\376\352i\177\010\243Y\000\376\012\360"
  32      93FEEA69 
  32      7F08A359 
  32      00FE0AF0 
  33 010a 2D010297 		.ascii	"-\001\002\227\003!\314\014\002B\017\000['\000Sh\006"
  33      0321CC0C 
  33      02420F00 
  33      5B270053 
  33      6806
  34 011c 781EBFF3 		.ascii	"x\036\277\363\350\373\34210\262\3347~i\371M_?\2767\372"
  34      E8FBE231 
  34      30B2DC37 
  34      7E69F94D 
  34      5F3FBE37 
  35 0131 B2D8FF69 		.ascii	"\262\330\377i\376\372\246\327\305k\317\026Fqm\270%c"
  35      FEFAA6D7 
  35      C56BCF16 
  35      46716DB8 
  35      2563
  36 0143 398ED5A5 		.ascii	"9\216\325\245\237\353\265Ps\206h\032I\030\3721\205\030"
  36      9FEBB550 
  36      7386681A 
  36      4918FA31 
  36      8518
  37 0155 69595388 		.ascii	"iYS\210 \211\022\211\242\246\325\023\242\244\305%9\206"
  37      20891289 
  37      A2A6D513 
  37      A2A4C525 
  37      3986
  38 0167 1A578751 		.ascii	"\032W\207Q)\343e\377\024j\274\224\360\302\315\253C%"
  38      29E365FF 
  38      146ABC94 
  38      F0C2CDAB 
  38      4325
  39 0179 41782DAD 		.ascii	"Ax-\255\022A\345E\035Il\332\261r\016\333k\271V\216="
  39      1241E545 
  39      1D496CDA 
  39      B1720EDB 
  39      6BB9568E 
  40 018e 95753B4F 		.ascii	"\225u;O\037g\273\315\254i\233l\227\351Z\216\313\212"
  40      1F67BBCD 
  40      AC699B6C 
  40      97E95A8E 
  40      CB8A
  41 01a0 D95CF759 		.ascii	"\331\\\367Y3g\261z\316\264\235\336\036\373$TJ\366\011"
  41      3367B17A 
  41      CEB49DDE 
  41      1EFB2454 
  41      4AF609
  42 01b3 56734D37 		.ascii	"VsM7\333cGM\327\334\323\211\274N\342\242\320i\332\266"
  42      DB63474D 
  42      D7DCD389 
  42      BC4EE2A2 
  42      D069DAB6 
  43 01c7 D5852A85 		.ascii	"\325\205*\205\270\021\216\224\244\225J\270\215:*\\K"
  43      B8118E94 
  43      A4954AB8 
  43      8D3A2A5C 
  43      4B
  44 01d8 492254B8 		.ascii	"I\"T\2700uT8\216:*\334^\352\250p\373\250\243\302\355"
  44      30755438 
  44      8E3A2ADC 
  44      5EEAA870 
  44      FBA8A3C2 
  45 01ed A78E0A77 		.ascii	"\247\216\012w\200:*\\+uT8\272\211HdM\035\363\222Vn\320"
  45      803A2A5C 
  45      2B755438 
  45      BA894864 
  45      4D1DF392 
  46 0204 818EABDB 		.ascii	"\201\216\253\333\310\031\313vK7\027L\313\355r\352\210"
  46      C819CB76 
  46      4B37174C 
  46      CBED72EA 
  46      88
  47 0215 6C900C91 		.ascii	"l\220\014\221u\324\020S4CN\022\336\320\300\022Y (\350"
  47      75D41053 
  47      34434E12 
  47      DED0C012 
  47      592028E8 
  48 0229 45A274B4 		.ascii	"E\242t\264\\Q#$RB{\331\324\303\302\206\302\013\355D"
  48      5C512324 
  48      52427BD9 
  48      D4C3C286 
  48      C20BED44 
  49 023d 2F274D12 		.ascii	"/'M\022|\246\252\251\030\257K\251\225Uk\242\344P:\266"
  49      7CA6AAA9 
  49      18AF4BA9 
  49      95556BA2 
  49      E4503AB6 
  50 0251 52A1A829 		.ascii	"R\241\250)E\375\357'UQ1]\236\017\012\251d\222\227\243"
  50      45FDEF27 
  50      5551315D 
  50      9E0F0AA9 
  50      649297A3 
  51 0265 2B3B5235 		.ascii	"+;R5M\202\027\221\204\373/G\3615\234\304\337\316\275"
  51      4D821791 
  51      84FB2F47 
  51      F1359CC4 
  51      DFCEBD
  52 0278 83F803C3 		.ascii	"\203\370\003\303\233(\\"
  52      9B285C
  53              		.text
  54              		.section	.gnu.lto_.profile.603b984766115b4e,"e",%progbits
  55 0000 789C6362 		.ascii	"x\234cb\000\001\000\000\022\000\003"
  55      00010000 
  55      120003
  56              		.text
  57              		.section	.gnu.lto_.icf.603b984766115b4e,"e",%progbits
  58 0000 789C4B61 		.ascii	"x\234Ka@\000.\206\275[\217/\342fbb`b`\\th\363!n\246"
  58      40002E86 
  58      BD5B8F2F 
  58      E2666262 
  58      6062605C 
  59 001a D9772EB6 		.ascii	"\331w.\266\3611\260\234Xv\272\235\235\005$\016\202\254"
  59      F131B09C 
  59      5876BA9D 
  59      9D05240E 
  59      82AC
  60 002c 0B1ECDE9 		.ascii	"\013\036\315\351\342b\003\223\354+\327\314Y\312\310"
  60      E2620393 
  60      EC2BD7CC 
  60      59CAC8
  61 003b C0F1B4FB 		.ascii	"\300\361\264\373\326\\n\006\316\2667\233zy\270`\012"
  61      D65C6E06 
  61      CEB6379B 
  61      7A79B860 
  61      0A
  62 004c 912117D8 		.ascii	"\221!\027\330@\006\000l\346\034\316"
  62      4006006C 
  62      E61CCE
  63              		.text
  64              		.section	.gnu.lto_.ipa_sra.603b984766115b4e,"e",%progbits
  65 0000 789CB362 		.ascii	"x\234\263b@\0006\006\006F0\203\221\201\221\011\314b"
  65      40003606 
  65      06463083 
  65      91819109 
  65      CC62
  66 0012 66616066 		.ascii	"fa`fgd`a\000\022\020\010\004\034\020\006'\2228\000\030"
  66      67646061 
  66      00121008 
  66      041C1006 
  66      27923800 
  67 0027 99008A   		.ascii	"\231\000\212"
  68              		.text
  69              		.section	.gnu.lto_.inline.603b984766115b4e,"e",%progbits
  70 0000 789C3366 		.ascii	"x\2343fd\200\0036\006\006\336\206\206\206\015L\031@"
  70      64800336 
  70      0606DE86 
  70      86860D4C 
  70      1940
  71 0012 41263620 		.ascii	"A&6 \263\2019\005(\014b0\245010\201\0241q\203Hf\036"
  71      B3813905 
  71      280C6230 
  71      A5303130 
  71      81143171 
  72 002a 20C138C1 		.ascii	" \3018\301\217\201\221\013\304\205\220L\014\314\020"
  72      8F81910B 
  72      C485904C 
  72      0CCC10
  73 0039 A520ED0C 		.ascii	"\245 \355\014\014\215@v\035\272v\026\006\016 w\001s"
  73      0C8D4076 
  73      1DBA7616 
  73      060E2077 
  73      0173
  74 004b 2A480D17 		.ascii	"*H\015\027\210\311\224\212\256\206\235\201\017\244\227"
  74      88C9948A 
  74      AE869D81 
  74      0FA497
  75 005a 19EC0C16 		.ascii	"\031\354\014\026\210\024Vg02\240\330\017w\024\304\215"
  75      88145667 
  75      3032A0D8 
  75      0F7714C4 
  75      8D
  76 006b 1C0CEC60 		.ascii	"\034\014\354`/\244\343q\016\304\030\270\026N\006\301"
  76      2FA4E371 
  76      0EC418B8 
  76      164E06C1 
  77 007b 699B76AF 		.ascii	"i\233v\257b\002k\221h\275~\374\025S\032\272\026d\033"
  77      62026B91 
  77      68BD7EFC 
  77      15531ABA 
  77      16641B
  78 008e 190004B5 		.ascii	"\031\000\004\2651\357"
  78      31EF
  79              		.text
  80              		.section	.gnu.lto_.jmpfuncs.603b984766115b4e,"e",%progbits
  81 0000 789C754D 		.ascii	"x\234uMA\016\2000\014\002\272Lw\332sw\334m\317\360-"
  81      410E8030 
  81      0C02BA4C 
  81      77DA7377 
  81      DC6DCFF0 
  82 0015 FE4C313B 		.ascii	"\376L1;,\232HB\023\332\002\003\013\371\031\001\360L"
  82      2C9A4842 
  82      13DA0203 
  82      0BF91901 
  82      F04C
  83 0027 84791915 		.ascii	"\204y\031\025\007E\357EF\227\022\260\321ZR(\336\257"
  83      0745EF45 
  83      469712B0 
  83      D15A5228 
  83      DEAF
  84 0039 546EA439 		.ascii	"Tn\2449\215\177Q\273\335\337\013\312\014u\321\015\257"
  84      8D7F51BB 
  84      DDDF0BCA 
  84      0C75D10D 
  84      AF
  85 004a 531DF8   		.ascii	"S\035\370"
  86              		.text
  87              		.section	.gnu.lto_.pureconst.603b984766115b4e,"e",%progbits
  88 0000 789C1365 		.ascii	"x\234\023e```g\230\301\302\324\300\302\314\3002\203"
  88      60606067 
  88      98C1C2D4 
  88      C0C2CCC0 
  88      3283
  89 0012 857D060B 		.ascii	"\205}\006\013\307\014\026\316\031,\000'S\003\316"
  89      C70C16CE 
  89      192C0027 
  89      5303CE
  90              		.text
  91              		.section	.gnu.lto_.ipa_modref.603b984766115b4e,"e",%progbits
  92 0000 789C8B63 		.ascii	"x\234\213c@\000V(\315\310\304\012\302\214@&\013*\037"
  92      40005628 
  92      CDC8C40A 
  92      C28C4026 
  92      0B2A1F
  93 0013 49869D91 		.ascii	"I\206\235\221\011\246\217\003n\002'X\020\253z\006\000"
  93      09A68F03 
  93      6E022758 
  93      10AB7A06 
  93      00
  94 0024 3E1700DB 		.ascii	">\027\000\333"
  95              		.text
  96              		.section	.gnu.lto_.lto.603b984766115b4e,"e",%progbits
  97 0000 0C000000 		.ascii	"\014\000\000\000\001\000\000\000"
  97      01000000 
  98              		.text
  99              		.section	.gnu.lto__ZN10LEDManagerC2Ev.255.603b984766115b4e,"e",%progbits
 100 0000 789C254E 		.ascii	"x\234%N\275J\003A\020\236\271\275\370\203\205\205h\035"
 100      BD4A0341 
 100      109EB9BD 
 100      F8838585 
 100      681D
 101 0012 B0B0BA5B 		.ascii	"\260\260\272[D\037@\202\212E\2641>\300\032\227\3440"
 101      441F4082 
 101      8A45B431 
 101      3EC01A97 
 101      E430
 102 0024 B93BF636 		.ascii	"\271;\3666\204 !\233`\225F\343\003\004!\"v\226\221\304"
 102      8420219B 
 102      609546E3 
 102      03042122 
 102      769691C4 
 103 0038 C0157900 		.ascii	"\300\025y\000\361\011l\254lR\246\020t.W\314\307\314"
 103      F1096CAC 
 103      6C52A610 
 103      742E57CC 
 103      C7CC
 104 004a F7C70C01 		.ascii	"\367\307\014\001@\321l\323 \003|\350u-0\306\034,[\330"
 104      40D16CD3 
 104      20037CE8 
 104      752D30C6 
 104      1C2C5BD8 
 105 005e EE755771 		.ascii	"\356uWq\202\213\013\241ea\013\237Y\006\2276\320&\334"
 105      828B0BA1 
 105      65610B9F 
 105      59069736 
 105      D026DC
 106 0071 C42C8F8D 		.ascii	"\304,\217\215\231\177\377|\354\364_b\273\005\3157\034"
 106      997FFF7C 
 106      ECF45F62 
 106      BB05CD37 
 106      1C
 107 0082 22F54006 		.ascii	"\"\365@\006W|\002gzkf\243\331\334\340\311\315\010\033"
 107      577C0267 
 107      7A6B66A3 
 107      D9DCE0C9 
 107      CD081B
 108 0095 A96A59E0 		.ascii	"\251jY\340L\215\271\357?\3066\261if\214D'\2715\200\006"
 108      4C8DB9EF 
 108      3FC636B1 
 108      69668C44 
 108      27B93580 
 109 00aa 00617342 		.ascii	"\000asB\336\244\354\3653\363e~\377\356\214y_G\206\210"
 109      DEA4ECF5 
 109      33F3657E 
 109      FFEE8C79 
 109      5F478688 
 110 00be 6362072C 		.ascii	"cb\007,\371\321\330\264>1+]\3331@\207u\262l\361\302"
 110      F9D1D8B4 
 110      3E312B5D 
 110      DB314087 
 110      75B26CF1 
 111 00d3 80614A9B 		.ascii	"\200aJ\23389\013\374\"\222*\342\241\324R\361\222\247"
 111      38390BFC 
 111      22922AE2 
 111      A1D452F1 
 111      92A7
 112 00e5 CBB54B5E 		.ascii	"\313\265K^\025\236\360\005\257\010-#\315\217=U\255\013"
 112      159EF005 
 112      AF082D23 
 112      CD8F3D55 
 112      AD0B
 113 00f7 25794109 		.ascii	"%yA\011?\012\003\377\212\234\371\375\275]\347L\326s"
 113      3F0A03FF 
 113      8A9CF9FD 
 113      BD5DE74C 
 113      D673
 114 0109 4A8AEBA0 		.ascii	"J\212\353\240\246#'\027\004\272\022\010\022a\313u\371"
 114      A6232717 
 114      04BA1208 
 114      1261CB75 
 114      F9
 115 011a B92AF2FC 		.ascii	"\271*\362\374\321\341)\025\225\244r\213a\010\266.{\321"
 115      D1E12915 
 115      95A4728B 
 115      6108B62E 
 115      7BD1
 116 012c 3FC2E765 		.ascii	"?\302\347e$"
 116      24
 117              		.text
 118              		.section	.gnu.lto__ZN10LEDManager8instanceEv.259.603b984766115b4e,"e",%progbits
 119 0000 789C554F 		.ascii	"x\234UO;K\003A\020\236\331\275\304h\300\302Wma\247\311"
 119      3B4B0341 
 119      109ED9BD 
 119      C468C0C2 
 119      576D61A7 
 120 0015 22FA03C4 		.ascii	"\"\372\003\304W\025m\324\037p\352\021\203I.\336]\020"
 120      57156DD4 
 120      1F70EA11 
 120      83492EDE 
 120      5D10
 121 0027 9190F512 		.ascii	"\221\220\365\022\020b!'\012\251l<\304B\260\363\205b"
 121      10622127 
 121      0AA96C3C 
 121      C442B0F3 
 121      8562
 122 0039 7C407A09 		.ascii	"|@z\011\330X\244\261\020\033\013\213\004D\235K\004q"
 122      D858A4B1 
 122      101B0B8B 
 122      04449D4B 
 122      0471
 123 004b 6176F663 		.ascii	"av\366c\276\307l\037\002$\000`\234\012}\200;N\201\201"
 123      BEC76C1F 
 123      02240060 
 123      9C0A7D80 
 123      3B4E8181 
 124 005f 9472A485 		.ascii	"\224r\244\205\261\234\263\305\360\002\011\365*y\247"
 124      B19CB3C5 
 124      F00209F5 
 124      2A79A7
 125 006e BDD139EE 		.ascii	"\275\3219\356:m\215\271\202\033N\341\311\345\015\200"
 125      3A6D8DB9 
 125      821B4EE1 
 125      C9E50D80 
 126 007e 90655CC1 		.ascii	"\220e\\\301,\036r\037\372;Q\241\273\033{\305\203\224"
 126      2C1E721F 
 126      FA3B51A1 
 126      BB1B7BC5 
 126      8394
 127 0090 B597B7F7 		.ascii	"\265\227\267\367r\307\376QI\311B\346\034\317(\320;A"
 127      72C7FE51 
 127      49C942E6 
 127      1CCF28D0 
 127      3B41
 128 00a2 800C4506 		.ascii	"\200\014E\006I^sCp\211\353@\023d\374\344\321W\225\237"
 128      495E7343 
 128      7089EB40 
 128      1364FCE4 
 128      D157959F 
 129 00b6 DFDB5296 		.ascii	"\337\333R\226\273N[\375\010LaT\000\007\334[L*Ds9k>s"
 129      BB4E5BFD 
 129      084C6154 
 129      0007DC5B 
 129      4C2A4473 
 130 00ce 25802F66 		.ascii	"%\200/f\027\353n\210#eV\310\304\207\005d\025H\3031\302"
 130      17EB6E88 
 130      236556C8 
 130      C4870564 
 130      1548C331 
 131 00e3 335CE315 		.ascii	"3\\\343\025z\234\\q\0239\343\210\003Pg\371\3271\316"
 131      7A9C5C71 
 131      1339E388 
 131      035067F9 
 131      D731CE
 132 00f6 B0BFB188 		.ascii	"\260\277\261\210\313\371\006y1\317\013\311\353#\360"
 132      CBF90679 
 132      31CF0BC9 
 132      EB23F0
 133 0105 DFE0C633 		.ascii	"\337\340\3063 \225\307T\376RmnW\367b\024i\376&\232k"
 133      2095C754 
 133      FE526D6E 
 133      57F76214 
 133      69FE269A 
 134 011a D449B172 		.ascii	"\324I\261r\207\267\010\005\264\245\014\230\367\315\337"
 134      87B70805 
 134      B4A50C98 
 134      F7CDDF
 135 0129 1E706C2A 		.ascii	"\036pl*\355\222\007g\305\234\251\031\246Hi\226f\210"
 135      ED920767 
 135      C59CA919 
 135      A6486996 
 135      6688
 136 013b 68CC5A4A 		.ascii	"h\314ZJ\317\213\204\032S\223\252\210\253\226fZb2f$V"
 136      CF8B841A 
 136      5393AA88 
 136      AB96665A 
 136      62326624 
 137 0150 554313B3 		.ascii	"UC\023\263\206\2324Szr\221\230\221\341\241\301\320\264"
 137      869A3453 
 137      7A729198 
 137      91E1A1C1 
 137      D0B4
 138 0162 B63A6A68 		.ascii	"\266:jh\352\262\236\266\314\320\250\256[q]\245!\364"
 138      EAB29EB6 
 138      CCD0A8AE 
 138      5B715DA5 
 138      21F4
 139 0174 84C362C6 		.ascii	"\204\303b\306X\020\221\211\361)2\212jFx!\225\202\037"
 139      58109189 
 139      F129328A 
 139      6A467821 
 139      95821F
 140 0187 4DB087DD 		.ascii	"M\260\207\335"
 141              		.text
 142              		.section	.gnu.lto__Z6tickCBv.260.603b984766115b4e,"e",%progbits
 143 0000 789C2D4D 		.ascii	"x\234-MKJ\003A\020\255\352\316\020$[\321\003\270\316"
 143      4B4A0341 
 143      10ADEACE 
 143      10245BD1 
 143      03B8CE
 144 0013 34A20790 		.ascii	"4\242\007\220\240\256\242\033\343\001\332\330\304\301"
 144      A0AEA21B 
 144      E301DAD8 
 144      C4C1
 145 0021 CC87EE1E 		.ascii	"\314\207\356\036\202\270\230N\024\027\263\221\321\013"
 145      82B8984E 
 145      1417B391 
 145      D10B
 146 002f 0811892B 		.ascii	"\010\021\211+q\345v\216 z\201l\334\350\001t\021\320"
 146      71E5768E 
 146      207A816C 
 146      DCE80174 
 146      11D0
 147 0041 4AC68207 		.ascii	"J\306\202\007\357\275\252\367\352\026\000B\302\032\001"
 147      EFBDAAF7 
 147      EA160042 
 147      C21A01
 148 0050 39E04D91 		.ascii	"9\340M\2213p\316m\325\031\016\213|\011_p\241\0202\206"
 148      3370CE6D 
 148      D5190E8B 
 148      7C095F70 
 148      A1103286 
 149 0064 193E7041 		.ascii	"\031>pA\362\347\343\353\365\261\356&%~\002d\360?\215"
 149      F2E7E3EB 
 149      F5B1EE26 
 149      257E0264 
 149      F03F8D
 150 0077 8A23E1E9 		.ascii	"\212#\341\351\315\233\272\331\357\265s\337\313W\015"
 150      CD9BBAD9 
 150      EFB573DF 
 150      CB570D
 151 0086 0F81913B 		.ascii	"\017\201\221;\346\363bW#z\317YE\207%\200\343\027\223"
 151      E6F36257 
 151      237ACF59 
 151      45872580 
 151      E31793
 152 0099 D9FB2AC7 		.ascii	"\331\373*\307\034\331\371\031\000\253\221uyW \220\221"
 152      1CD9F919 
 152      00AB9175 
 152      79572090 
 152      91
 153 00aa 1A008EAC 		.ascii	"\032\000\216\254\016#>\232>{\213Gc\216U\332\225s\331"
 153      0E233E9A 
 153      3E7B8B47 
 153      638E55DA 
 153      9573D9
 154 00bd 11874669 		.ascii	"\021\207Fi#\022e\225\026\275\300\236\244G\"\224\201"
 154      23126595 
 154      16BDC09E 
 154      A4472294 
 154      81
 155 00ce 8CA4E84B 		.ascii	"\214\244\350K\253\214\025\273\201\016\007R+\321\321"
 155      AB8C15BB 
 155      810E0752 
 155      2BD1D1
 156 00dd 3232491C 		.ascii	"22I\034\035\323e{sc\275\271\257\006-\255\344i\234Z\323"
 156      1DD3657B 
 156      7363BDB9 
 156      AF062DAD 
 156      E4699C5A 
 157 00f2 6CC5B1ED 		.ascii	"l\305\261\355\307\222\226\260\342\373\342@wE{g{\217"
 157      C79296B0 
 157      E2FBE240 
 157      77457B67 
 157      7B8F
 158 0104 8A7A4AFB 		.ascii	"\212zJ\373\335$\201?0!X\267"
 158      DD24813F 
 158      302158B7 
 159              		.text
 160              		.section	.gnu.lto__ZN10LEDManager4initEv.261.603b984766115b4e,"e",%progbits
 161 0000 789C558E 		.ascii	"x\234U\216\277K#A\024\307\337\233\331]5\361\004\021"
 161      BF4B2341 
 161      14C7DF9B 
 161      D95D35F1 
 161      0411
 162 0012 AFF61F48 		.ascii	"\257\366\037H\006\321\316F\344\264R\013\317\253\217"
 162      06D1CE46 
 162      E4B4520B 
 162      CFAB8F
 163 0021 310EBA24 		.ascii	"1\016\272$f\343\354\206p\205d\022S\345\212s\005\333"
 163      66E3EC86 
 163      70856412 
 163      53E58A73 
 163      05DB
 164 0033 23A084B3 		.ascii	"#\240\204\263\020K\177\202\001\375\013\024kca\243\265"
 164      104B7F82 
 164      01FD0B14 
 164      6B6361A3 
 164      B5
 165 0044 A020E8CB 		.ascii	"\240 \350\313.\2127\360x\277>\357;\3371\004\320\000"
 165      2E8A37F0 
 165      78BF3EEF 
 165      3BDF3104 
 165      D000
 166 0056 3047810E 		.ascii	"0G\201\016\340fXg`\214\031\357bl=\374\315\360\004\251"
 166      E0665867 
 166      608C19EF 
 166      626C3DFC 
 166      CDF004A9 
 167 006a 1BB26A61 		.ascii	"\033\262ja_\2249n\205\211hoQ\365\316\332X\011\353=1"
 167      5F94396E 
 167      8589686F 
 167      51F5CEDA 
 167      5809EB3D 
 168 007f 3BDE8550 		.ascii	";\336\205Pf\334\262\261\214M.h\362t\367\320xH\232\177"
 168      66DCB2B1 
 168      8C4D2E68 
 168      F274F7D0 
 168      78489A7F 
 169 0093 2DBC0728 		.ascii	"-\274\007(C\364lt\006\220\030g\020\207l\354\316C\352"
 169      43F46C74 
 169      06901867 
 169      10876CEC 
 169      CE43EA
 170 00a6 C2988DBF 		.ascii	"\302\230\215\277\215\226\265v\214\345#<$_\214\002\222"
 170      8D96B576 
 170      8CE5233C 
 170      245F8C02 
 170      92
 171 00b7 F149A7DC 		.ascii	"\361I\247\334\277\264\333\346\345\365\21717\203\315"
 171      BFB4DBE6 
 171      E5F58F31 
 171      3783CD
 172 00c6 2F0904C6 		.ascii	"/\011\004\306\034`\034`\233wl\030\213\240\035\316\342"
 172      1C601C60 
 172      9B776C18 
 172      8BA01DCE 
 172      E2
 173 00d7 B2D20230 		.ascii	"\262\322\0020|\275}\364\210\034\353\310JE\022thTk\034"
 173      7CBD7DF4 
 173      881CEBC8 
 173      4A451274 
 173      68546B1C 
 174 00eb 207768B2 		.ascii	" wh\262\352\001pd=\360\314j\367\347}\334q~aln\207\363"
 174      EA017064 
 174      3DF0CC6A 
 174      F7E77DDC 
 174      717E616C 
 175 0102 0A89B00F 		.ascii	"\012\211\260\017\221\223]\004\272\310\272\244\321\033"
 175      91935D04 
 175      BAC8BAA4 
 175      D11B
 176 0110 01D6FFC0 		.ascii	"\001\326\377\300\331^\014\250\017\300\376l\243\326\276"
 176      D95E0CA8 
 176      0FC0FE6C 
 176      A3D6BE
 177 011f BA8D808C 		.ascii	"\272\215\200\214\004JUc\272\263?O\221\365C\225W\333"
 177      044A5563 
 177      BAB33F4F 
 177      91F54395 
 177      57DB
 178 0131 D776F4EB 		.ascii	"\327v\364\3536\307\370\306\264:\355\274\370\341+\355"
 178      36C7F8C6 
 178      B43AEDBC 
 178      F8E12BED 
 179 0141 8B820A94 		.ascii	"\213\202\012\224\026Kn\260\\\\\020+\322\225y)r2P~ \246"
 179      164B6EB0 
 179      5C5C102B 
 179      D2957929 
 179      7232507E 
 180 0157 5CBD5292 		.ascii	"\\\275R\222Z\211y-\363~\301\313/\0229=:2\234\232U\245"
 180      5A89792D 
 180      F37EC1CB 
 180      2F12393D 
 180      3A329C9A 
 181 016d 09AD64D6 		.ascii	"\011\255d\326+\006~j\302\363\202\234'i\011_\323i\361"
 181      2B067E6A 
 181      C2F3829C 
 181      2769095F 
 181      D369F1
 182 0180 5D67C4F4 		.ascii	"]g\304\364\344\267\031\022ZR:\235)\024\300\012\226]"
 182      E4B71912 
 182      5A523A9D 
 182      2914C00A 
 182      965D
 183 0192 FF0DE87A 		.ascii	"\377\015\350z\222`"
 183      9260
 184              		.text
 185              		.section	.gnu.lto__ZN10LEDManager6onTickEv.264.603b984766115b4e,"e",%progbits
 186 0000 789C5D8F 		.ascii	"x\234]\217\317KTQ\024\307\317\271\347\3367\2461-J\227"
 186      CF4B5451 
 186      14C7CFB9 
 186      E7DE37A6 
 186      312D4A97 
 187 0014 43EB6AE6 		.ascii	"C\353j\346!\366\007\204\224+k\223\375\001\257\351\241"
 187      21F60784 
 187      942B6B93 
 187      FD01AFE9 
 187      A1
 188 0025 43CEBCE1 		.ascii	"C\316\274\341\2757HD\314uF'\230\026\366\"\242E\230\240"
 188      BD374844 
 188      CC754627 
 188      9816F622 
 188      A24598A0 
 189 0039 848B7EAC 		.ascii	"\204\213~\254\002\265\264\007F\270\011L\\\272\230E\321"
 189      02B5B407 
 189      46B8094C 
 189      5CBA9845 
 189      D1
 190 004a AF451261 		.ascii	"\257E\022a*R\235\367f\244\354\302\027\356\275\347\373"
 190      2A529DF7 
 190      66A4ECC2 
 190      17EEBDE7 
 190      FB
 191 005b 3DE7733E 		.ascii	"=\347s>!\200\013\000Y\026&\000\357\004u\001Z\3533\011"
 191      21800B00 
 191      59162600 
 191      EF047501 
 191      5AEB3309 
 192 006f 21AAC12D 		.ascii	"!\252\301-\201/\260\376t\242S\216\005\311\255w\233'"
 192      812FB0FE 
 192      74A2538E 
 192      05C9AD77 
 192      9B27
 193 0081 24E1DDA0 		.ascii	"$\341\335\240=\256K1\036t\274\277\271{X\326\202\344"
 193      3DAE4B31 
 193      1E74BCBF 
 193      B97B58D6 
 193      82E4
 194 0093 83EDF11E 		.ascii	"\203\355\361\036\251\360^[3k\340hP?\304\331\370\205"
 194      A9F05E5B 
 194      336BE068 
 194      503FC4D9 
 194      F885
 195 00a5 50162495 		.ascii	"P\026$\225\201e|D&\177m\177\370\032>I\352\331\020\277"
 195      81657C44 
 195      267F6D7F 
 195      F81A3E49 
 195      EAD910BF 
 196 00b9 0094213E 		.ascii	"\000\224!>\012\215\243\310-\214N<\256\260\255\000\351"
 196      0A8DA3C8 
 196      2D8C4E3C 
 196      AEB0AD00 
 196      E9
 197 00ca D75ADF9E 		.ascii	"\327Z\337\236\234\012\345\215\005,\317\343\034\203\012"
 197      9C0AE58D 
 197      052CCFE3 
 197      1C830A
 198 00d9 16743423 		.ascii	"\026t4#\321\223\017=[S\015\275\367{B\353o][\335G\020"
 198      D1930F3D 
 198      5B530DBD 
 198      F77B42EB 
 198      6F5D5BDD 
 199 00ef 84249664 		.ascii	"\204$\226d)\226\301J\".\260}\232\"8-\371:C\242y\035"
 199      2996C14A 
 199      222EB07D 
 199      9A22382D 
 199      F93A43A2 
 200 0105 0D017E89 		.ascii	"\015\001~\211\312\375\371\227)B\036\276\316}\025\326"
 200      CAFDF997 
 200      29421EBE 
 200      CE7D15D6 
 201 0115 51ACC375 		.ascii	"Q\254\303ux\214\260\001K\270\210\221\247:YC\"B<\025"
 201      788CB001 
 201      4BB88891 
 201      A73A5943 
 201      22423C15 
 202 0129 05BED7F1 		.ascii	"\005\276\327\361\240-\214lD\221q\255\366\226\327%46"
 202      A02D8C6C 
 202      449171AD 
 202      F696D725 
 202      3436
 203 013b 008FC18E 		.ascii	"\000\217\301\216\030\373\274\234$\211'\3435g\210V7w"
 203      18FBBC9C 
 203      248927E3 
 203      35678856 
 203      3777
 204 014d 67717FF2 		.ascii	"gq\177\362\217\271\305\324\301N\313Q'\236\242\251\332"
 204      8FB9C5D4 
 204      C14ECB51 
 204      279EA2A9 
 204      DA
 205 015e F8F91C81 		.ascii	"\370\371\034\201k%\217\227M\304iy\220{\347U\212T+\177"
 205      6B258F97 
 205      4DC46979 
 205      907BE755 
 205      8A542B7F 
 206 0172 AD997FF3 		.ascii	"\255\231\177\363/\260A\352\177\340\226m%\0066\366\371"
 206      2FB041EA 
 206      7FE0966D 
 206      250636F6 
 206      F9
 207 0183 5444BB82 		.ascii	"TD\273\202-F5\265\264\372\021\342)\232\227\342\234\223"
 207      2D4635B5 
 207      B4FA11E2 
 207      299A97E2 
 207      9C93
 208 0195 6784F6B8 		.ascii	"g\204\366\270h\374E\250P\245\361\260/\016M\0236\377"
 208      68FC45A8 
 208      50A5F1B0 
 208      2F0E4D13 
 208      36FF
 209 01a7 75183D07 		.ascii	"u\030=\007\314K\236\355zf\321\366m\327\034\314\371C"
 209      CC4B9EED 
 209      7A66D1F6 
 209      6DD71CCC 
 209      F943
 210 01b9 A5CB66DE 		.ascii	"\245\313f\336\312Y\005\313\034\266|\333\363\315\276"
 210      CA5905CB 
 210      1CB67CDB 
 210      F3CDBE
 211 01c8 9C9B1FB1 		.ascii	"\234\233\037\261\\\333\034p\255\202Wt\012W\330\331\177"
 211      5CDB1C70 
 211      AD825774 
 211      0A57D8D9 
 211      7F
 212 01d9 BAA73B7D 		.ascii	"\272\247;}\301\036\351um\353\252S\362\275t\257\343\370"
 212      C11EE975 
 212      6DEBAA53 
 212      F2BD74AF 
 212      E3F8
 213 01eb C38EC545 		.ascii	"\303\216\305E\350\312d\314\213n\326\354?w\366<7\032"
 213      E8CA64CC 
 213      8B6ED6EC 
 213      3F77F63C 
 213      371A
 214 01fd B4DD4CB6 		.ascii	"\264\335L\266X\004\351\017\345\274?\217\255\310\341"
 214      5804E90F 
 214      E5BC3F8F 
 214      ADC8E1
 215              		.text
 216              		.section	.gnu.lto__ZN10LEDManager6onTickEv.part.0.619.603b984766115b4e,"e",%progbits
 217 0000 789C4D50 		.ascii	"x\234MP\277k\024A\024~\357\315\316^\314\301\201\212"
 217      BF6B1441 
 217      147EEFCD 
 217      CE5ECCC1 
 217      818A
 218 0012 DA49403B 		.ascii	"\332I@;\275\033D\377\200\0204\244Hl\214\205\345\030"
 218      BD1B44FF 
 218      801034A4 
 218      486C8C85 
 218      E518
 219 0024 87CB91DC 		.ascii	"\207\313\221\334\3559\273\307\025r\334\344n\261\270"
 219      ED39BBC7 
 219      1572DCE4 
 219      6EB1B8
 220 0033 14E68A68 		.ascii	"\024\346\212h!\350A\202X(\226\342\217\304\023Cj\221"
 220      21E84182 
 220      582896E2 
 220      8FC41343 
 220      6A91
 221 0045 9416B1D0 		.ascii	"\224\026\261\320\"\266\026\021\202\372v\327\210\303"
 221      22B61611 
 221      82FA76D7 
 221      88C3
 222 0053 0CEF7BDF 		.ascii	"\014\357{\337\367\3157?b\004\260\000p\203\027\346\000"
 222      F7CD373F 
 222      6204B000 
 222      708317E6 
 222      00
 223 0064 EF8F8073 		.ascii	"\357\217\200sn<\347\343\261\264\022u\373\313\204\233"
 223      6E3CE7E3 
 223      B1B41275 
 223      FBCB849B 
 224 0074 C8DD9817 		.ascii	"\310\335\230\027\367\013i\025\270\332\037Mu\217Q\217"
 224      F70B6915 
 224      B8DA1F4D 
 224      758F518F 
 225 0084 B23D1297 		.ascii	"\262=\022\227\372\275#\231w<\207\320\366Ix\022\333\370"
 225      FABD2399 
 225      773C87D0 
 225      F6497812 
 225      DBF8
 226 0096 4448544C 		.ascii	"DHTL\356\177\375>|^pO\207\270\007\320\206t$\374\312"
 226      EE7FFD3E 
 226      7C5E704F 
 226      87B807D0 
 226      867424FC 
 227 00ab 5FAAC5FD 		.ascii	"_\252\305\375KLX\211\371\324!\321?\216\234\341\237\300"
 227      4B4C5889 
 227      F9D421D1 
 227      3F8E9CE1 
 227      9FC0
 228 00bd 31892335 		.ascii	"1\211#5&\212[\274\341\321`\350\335y\213\3557\370\232"
 228      268A5BBC 
 228      E1D160E8 
 228      DD798BED 
 228      37F89A
 229 00d0 FD44CC9F 		.ascii	"\375D\314\237c\376\343\267n<E,\264Ra#\311\312\303&B"
 229      63FEE3B7 
 229      6E3C452C 
 229      B4526123 
 229      C9CAC326 
 230 00e5 EB15C364 		.ascii	"\353\025\303d\342\006\276\370$\007\356\340\367=\347"
 230      E206BEF8 
 230      2407EEE0 
 230      F73DE7
 231 00f4 0ECE1C1D 		.ascii	"\016\316\034\035E A@\036\300\232H\236\341<L\240\237"
 231      45204140 
 231      1EC09A48 
 231      9EE13C4C 
 231      A09F
 232 0106 4101EB82 		.ascii	"A\001\353\202\016\341/\352\374\330\337\372\302\217\361"
 232      0EE12FEA 
 232      FCD8DFFA 
 232      C28FF1
 233 0115 77384C62 		.ascii	"w8Lb\017i\007\032\360\014\3413\274\307!\002\236\007"
 233      0F69071A 
 233      F00CE133 
 233      BCC72102 
 233      9E07
 234 0127 27BABBAB 		.ascii	"'\272\273\253\333gE\"\206\267\371n\374\241\"\036\274"
 234      DB674522 
 234      86B7F96E 
 234      FCA1221E 
 234      BC
 235 0138 4341CC54 		.ascii	"CA\314T\027\000\004R\036~R\274\367\341\264 \277\211"
 235      17000452 
 235      1E7E52BC 
 235      F7E1B420 
 235      BF89
 236 014a D93FAC0B 		.ascii	"\331?\254\013\261\304\347\020\237\223D<\270{\012\330"
 236      B1C4E710 
 236      9F93443C 
 236      B87B0AD8 
 237 015a 5F369C50 		.ascii	"_6\234PHe\357\177\371\341v&\353\177\262<\274eGtv\037"
 237      4865EF7F 
 237      F9E17626 
 237      EB7FB23C 
 237      BC654774 
 238 0170 4FA6996B 		.ascii	"O\246\231k\0023\226\270\231U\327CcCU7\221\261\252\\"
 238      023396B8 
 238      9955D743 
 238      63435537 
 238      91B1AA5C 
 239 0184 89E61B37 		.ascii	"\211\346\0337UUWtM\253E\035\2310R\223\025[mjk\324\254"
 239      55555774 
 239      4DAB451D 
 239      99305293 
 239      155B6D6A 
 240 019b D5B5B01E 		.ascii	"\325\265\260\036\324n\261s\372\322\305\013\305\253\246"
 240      D46EB173 
 240      FAD2C50B 
 240      C5ABA6
 241 01aa 39618D5E 		.ascii	"9a\215^\010\032QX\234\010\202h1\320,\302\311RI]\263"
 241      081A5158 
 241      9C088268 
 241      31D02CC2 
 241      C952495D 
 242 01bf 736AFACA 		.ascii	"sj\372\312\345\031\016*\033[\232\253\327\301\213\346"
 242      E5190E2A 
 242      1B5B9AAB 
 242      D7C18BE6 
 243 01cf 2BE11F2D 		.ascii	"+\341\037-$\243V"
 243      24A356
 244              		.text
 245              		.section	.gnu.lto_.symbol_nodes.603b984766115b4e,"e",%progbits
 246 0000 789C758F 		.ascii	"x\234u\217=N\303@\020\205\347\317\254M\034\307$P\203"
 246      3D4EC340 
 246      1085E7CF 
 246      AC4D1CC7 
 246      245083
 247 0013 1027411C 		.ascii	"\020'A\034\205{\314f1\220\322E\252T\024\024\\\001\012"
 247      857BCC66 
 247      3190D245 
 247      AA541414 
 247      5C010A
 248 0026 44418D7C 		.ascii	"DA\215|\210@@4\3244a\2235\221,y\247z\232o\336\233\231"
 248      88404034 
 248      D4346193 
 248      35912C79 
 248      A77A9A6F 
 249 003d 920080BE 		.ascii	"\222\000\200\276E\367\254/\301\372\015@\001\036\347"
 249      45F7AC2F 
 249      C1FA0D40 
 249      011EE7
 250 004c CED9138F 		.ascii	"\316\331\023\217\222[2/\025\0020\255Q\323\316\320S\355"
 250      925B322F 
 250      150230AD 
 250      51D3CED0 
 250      53ED
 251 005e B66E4B9A 		.ascii	"\266nK\232\255\333:\376\207\213z\266\205W\244\373}\256"
 251      ADDB3AFE 
 251      878B7AB6 
 251      8557A4FB 
 251      7DAE
 252 0070 C4D12004 		.ascii	"\304\321 \004'S\312\333\025\327\244\303\336\025\025"
 252      2753CADB 
 252      15D7A4C3 
 252      DE1515
 253 007f 29774113 		.ascii	")wA\023\300\214\264\350\215\277\241Q\010\305\245h\331"
 253      C08CB4E8 
 253      8DBFA151 
 253      08C5A568 
 253      D9
 254 0090 3D0FC0D6 		.ascii	"=\017\300\326v3\205\357\242\0071\366!:\216\261\225\350"
 254      763385EF 
 254      A20731F6 
 254      213A8EB1 
 254      95E8
 255 00a2 24C63E45 		.ascii	"$\306>E\017c\354K\364(\302\030\212\251\177\204\360\025"
 255      0F63EC4B 
 255      F428C218 
 255      8AA97F84 
 255      F015
 256 00b4 198641DE 		.ascii	"\031\206A\336{\231\207\367.\031\006A]\260i\325\031\233"
 256      7B9987F7 
 256      2E190641 
 256      5DB069D5 
 256      199B
 257 00c6 7CD76B2D 		.ascii	"|\327k-\025\262)vn3\012\334g\246\022\344)\247YP\347"
 257      15B22976 
 257      6E330ADC 
 257      67A612E4 
 257      29A75950 
 258 00db 9C95CDCF 		.ascii	"\234\225\315\317\357\003\342\0229\203\273\347f\005\350"
 258      EF03E212 
 258      3983BBE7 
 258      6605E8
 259 00ea 0CFC01D8 		.ascii	"\014\374\001\330\246\256\015"
 259      A6AE0D
 260              		.text
 261              		.section	.gnu.lto_.refs.603b984766115b4e,"e",%progbits
 262 0000 789C0D8A 		.ascii	"x\234\015\212\331\015\000 \014\205\350i\355B\356\277"
 262      D90D0020 
 262      0C85E869 
 262      ED42EEBF 
 263 0010 99EF8384 		.ascii	"\231\357\203\204\020\036`\230\211\010\207HJ^\211wa\307"
 263      101E6098 
 263      89088748 
 263      4A5E8977 
 263      61C7
 264 0022 A7A9CBAA 		.ascii	"\247\251\313\252m\210\326>\372\027>\033\034\000\316"
 264      6D88D63E 
 264      FA173E1B 
 264      1C00CE
 265              		.text
 266              		.section	.gnu.lto_.decls.603b984766115b4e,"e",%progbits
 267 0000 789CA557 		.ascii	"x\234\245WyTSW\032\277\367\276Gx\354\250\325\322vl\351"
 267      79545357 
 267      1ABFF7BE 
 267      4778ECA8 
 267      D5D2766C 
 268 0015 39F30707 		.ascii	"9\363\007\007+\030\265\216\363_[\213\326\251\323\261"
 268      2B18B58E 
 268      F35F5B8B 
 268      D6A9D3B1 
 269 0025 85F6F4D8 		.ascii	"\205\366\364\330\231fB\214\302\221$4\011\350\2349s\346"
 269      9966428C 
 269      C2912434 
 269      09E89C39 
 269      73E6
 270 0037 06A28645 		.ascii	"\006\242\206E\014\326% bD[im5\"*\"JDT\264.\270oHq_p"
 270      0CD62520 
 270      62445B69 
 270      6D35222A 
 270      224A4454 
 271 0053 89682B2E 		.ascii	"\211h+.\225\371\356}/!\320z\346\314\230\343\307\273"
 271      95F9EE7D 
 271      2F21D07A 
 271      E6CC98E3 
 271      C7BB
 272 0065 EF7DBFFB 		.ascii	"\357}\277\373}\277o\271\213I\261\010mU!\344\302\010"
 272      7DBF6FB9 
 272      8B49B108 
 272      6D5521E4 
 272      C208
 273 0077 F5C02F14 		.ascii	"\365\300/\024!t\024d\010H*\310\037\341\373$\220\217"
 273      21741464 
 273      08482AC8 
 273      1FE1FB24 
 273      908F
 274 0089 4052413E 		.ascii	"@RA>\203o\237\303S\013\222\0012\003$\033\304\014\222"
 274      836F9FC3 
 274      530B9201 
 274      3203241B 
 274      C40C92
 275 009c 03320BE4 		.ascii	"\0032\013\344\257 \377\004\261\201\024\201\224\200\224"
 275      AF20FF04 
 275      B1811481 
 275      948094
 276 00ab 62D9C752 		.ascii	"b\331\307R\220\303\004!\021\354\274\257\330`\366\247"
 276      90C30421 
 276      11ECBCAF 
 276      D860F6A7 
 277 00bb 819C87EF 		.ascii	"\201\234\207\357\022|\257PlNSl2\237\314>\303O\004\371"
 277      127CAF50 
 277      6C4E536C 
 277      329FCC3E 
 277      C34F04F9 
 278 00cf 4AC1314E 		.ascii	"J\3011N\014\273L\301\233@*\025\377\237\201\334\005\334"
 278      0CBB4CC1 
 278      9B402A15 
 278      FF9F81DC 
 278      05DC
 279 00e1 40247362 		.ascii	"@$sb>\226\2038@\334\0127\012\262B\341X\250\304\307\270"
 279      3E968338 
 279      40DC0A37 
 279      0AB242E1 
 279      58A8C4C7 
 280 00f6 7EA8F0AD 		.ascii	"~\250\360\255R83?K@\266\200\275\010$\333\237\244\304"
 280      5238333F 
 280      4B40B680 
 280      BD0824DB 
 280      9FA4C4
 281 0109 A855F8A5 		.ascii	"\250U\370\245*\261\261\271+\261\234\243\277\201l\203"
 281      2AB1B1B9 
 281      2BB19CA3 
 281      BF816C83 
 282 0119 39B1CA9C 		.ascii	"9\261\312\234\317\373\361\320\376\017\\T\203\260$\021"
 282      CFFBF1D0 
 282      FE0F5C54 
 282      83B02411 
 283 0129 F6784135 		.ascii	"\366xA5\030\2731\014D\030\304\213\244\340N\317\001!"
 283      18BB310C 
 283      4418C48B 
 283      A4E04ECF 
 283      0121
 284 013b 8652DA4D 		.ascii	"\206R\332M\275\366\260A\015x+s\213\221z+\226^`\023\010"
 284      BDF6B041 
 284      0D782B73 
 284      8B917A2B 
 284      965E6013 
 285 0150 E0624552 		.ascii	"\340bER8\377l\023\371\035\340\356S\372B\033\362\342"
 285      38FF6C13 
 285      F91DE0EE 
 285      53FA421B 
 285      F2E2
 286 0162 46C0ED00 		.ascii	"F\300\355\000\201b\220\371\033\216\037\025\006x\231"
 286      816290F9 
 286      1B8E1F15 
 286      067899
 287 0171 117793B8 		.ascii	"\021w\223\270\003s+\333q\023f\312\265s\334'B^\204\231"
 287      03732BDB 
 287      711366CA 
 287      B573DC27 
 287      425E8499 
 288 0185 764ADDA4 		.ascii	"vJ\335\244\011\327\343-\360}'f^@\275j\313\302\253R`"
 288      09D7E32D 
 288      F07D2766 
 288      5E40BD6A 
 288      CBC2AB52 
 289 019a 6E933C17 		.ascii	"n\223<\0275\203H\277G\322X$MBoR\376k2\243=\334!\250"
 289      358348BF 
 289      47D25824 
 289      4D426F52 
 289      FE6B32A3 
 290 01b2 0C48FA17 		.ascii	"\014H\372\027\022\243\033\327m|\024Y\210\223>\254\306"
 290      12A31BD7 
 290      6D7C1459 
 290      88933EAC 
 290      C6
 291 01c3 6858629C 		.ascii	"hXb\234\252\031\037\302\210\005\263\251\360\334E\214"
 291      AA191FC2 
 291      8805B3A9 
 291      F0DC458C 
 292 01d3 0EE37DB8 		.ascii	"\016\343}\270\205O\331\213\021(\177\300\233Y\003At\007"
 292      854FD98B 
 292      11287FC0 
 292      9B590341 
 292      7407
 293 01e5 7085933A 		.ascii	"p\205\223:m7\275\366\311@e\027>\254\320\332\205\361"
 293      6D37BDF6 
 293      C9406517 
 293      3EACD0DA 
 293      85F1
 294 01f7 468C808D 		.ascii	"F\214\200\215\263r\225W\204)\273A%SR#4\0129Y\030\016"
 294      B3729557 
 294      8429BB41 
 294      25535223 
 294      340A3959 
 295 020d AF88F8B7 		.ascii	"\257\210\370\267\375\240l\301\255\240<\210Er\362\302"
 295      FDA06CC1 
 295      ADA03C88 
 295      4572F2C2 
 296 021d 8FDBC2AA 		.ascii	"\217\333\302\252\025\007,u\255\354O\034\344\317\213"
 296      15072C75 
 296      ADEC4F1C 
 296      E4CF8B
 297 022c A52398BD 		.ascii	"\245#\230\275\304J\355\030I\027@\256\201\334\204o\240"
 297      C44AED18 
 297      491740AE 
 297      81DC846F 
 297      A0
 298 023d 44920F06 		.ascii	"D\222\017\006\257\340\036\377\217\275P\377\357\337\322"
 298      AFE01EFF 
 298      8FBD50FF 
 298      EFDFD2
 299 024c 7D0C69EA 		.ascii	"}\014i\352r\254[\304\353\364\204z]N\025jc\241t\340W"
 299      72AC5BC4 
 299      EBF4847A 
 299      5D4E156A 
 299      63A174E0 
 300 0261 D08FB81D 		.ascii	"\320\217\270\035K\217\301Z>\201\204\264\226\225\216"
 300      4B8FC15A 
 300      3E8184B4 
 300      96958E
 301 0270 4B4C4C4C 		.ascii	"KLLLJ\214K\004\254\357L\315\245\260\026/>\204\316\342"
 301      4A8C4B04 
 301      ACEF4CCD 
 301      A5B0162F 
 301      3E84CEE2 
 302 0284 EB4A182C 		.ascii	"\353J\030,\003\243X\216<g\273\3544,\362\020:\323G\327"
 302      03A3588E 
 302      3C67BBEC 
 302      342CF210 
 302      3AD347D7 
 303 0298 C013E869 		.ascii	"\300\023\350iS\224\247\003\312\223\376\211\276v\025"
 303      5394A703 
 303      CA93FE89 
 303      BE7615
 304 02a7 BA8E2F2A 		.ascii	"\272\216/*\231\275\300\361\276\323\265O$G~\334y|\016"
 304      99BDC0F1 
 304      BED3B54F 
 304      24477EDC 
 304      797C0E
 305 02ba 26707272 		.ascii	"&prr\302\250\234\2608t\034\037\303\350*([\3605|\011"
 305      C2A89CB0 
 305      38741C1F 
 305      C3E82A28 
 305      5BF0357C 
 306 02cf 5FC657F0 		.ascii	"_\306W\360\015f\200M>\347\247y\252\217\267\006\236\263"
 306      0D66804D 
 306      3EE7A779 
 306      AA8FB706 
 306      9EB3
 307 02e1 78903720 		.ascii	"x\2207 O\035D*\344-\234 -\201\347P\334\203\341\017\222"
 307      4F1D442A 
 307      E42D9C20 
 307      2D81E750 
 307      DC83E10F 
 308 02f6 2A0892BE 		.ascii	"*\010\222\276\001\251\005\331\0049 G6\235rJI`W\032\372"
 308      01A905D9 
 308      04392047 
 308      369D724A 
 308      4960571A 
 309 030b B342F227 		.ascii	"\263B\362'H\241\352\311\306\023\013B_\3078\006$\017"
 309      48A1EAC9 
 309      C6130B42 
 309      5FC73806 
 309      240F
 310 031d 1219FA10 		.ascii	"\022\031\372\020C\241}\264&\016\2759\022=\300\0171z"
 310      43A17DB4 
 310      260EBD39 
 310      123DC00F 
 310      317A
 311 032f 84BB3179 		.ascii	"\204\2731y\210E\261\302\336q64)\212\265\222k\361A\025"
 311      8845B1C2 
 311      DE713634 
 311      298AB592 
 311      6BF14115 
 312 0343 7A82EF2B 		.ascii	"z\202\357+\246\356\361\366\360\321\016/L\200y\217\361"
 312      A6EEF1F6 
 312      F0D10E2F 
 312      4C80798F 
 312      F1
 313 0354 13D074E1 		.ascii	"\023\320t\341\273X*\021\220T&\000\203\366\373\327\276"
 313      BB582A11 
 313      90542600 
 313      83F6FBD7 
 313      BE
 314 0365 176238AC 		.ascii	"\027b8\254\311&0\353O\361P\3040\020\307Xi\205\300\352"
 314      C92630EB 
 314      4FF150C4 
 314      3010C758 
 314      6985C0EA 
 315 0379 3E425AC3 		.ascii	">BZ\303\237\011\222\007\346\325\012,\264P\221\330\016"
 315      9F099207 
 315      E6D50A2C 
 315      B45091D8 
 315      0E
 316 038a 15AD26FD 		.ascii	"\025\255&\375\027\244\203 \365\\\"m\003`#8\220\226\264"
 316      17A48320 
 316      F55C226D 
 316      03602338 
 316      9096B4
 317 039d 1EAC1258 		.ascii	"\036\254\022X(IJ,1\305\204\006\271\233G\212\011*!E\354"
 317      28494A2C 
 317      31C58406 
 317      B99B478A 
 317      092A2145 
 318 03b2 A3544C0A 		.ascii	"\243TL\012\211\314\275\200 \000\273G\027\023\221T.\337"
 318      89CCBD80 
 318      2000BB47 
 318      17139154 
 318      2EDF
 319 03c4 BA5D9497 		.ascii	"\272]\224\227\245\343\357\305D.\331|\302\\1&\203\201"
 319      A5E3EFC5 
 319      442ED97C 
 319      C25C3126 
 319      8381
 320 03d6 5935969A 		.ascii	"Y5\226\232Y8\256\315\335\236\220\376\224\276\004J[\240"
 320      5938AECD 
 320      DD9E90FE 
 320      94BE044A 
 320      5BA0
 321 03e8 EB4B3A3C 		.ascii	"\353K:<;\242{\355\224\022'\030XH\230\036I{!\252\004"
 321      3BA27BED 
 321      94122718 
 321      5848981E 
 321      497B21AA 
 322 03fd DED831F0 		.ascii	"\336\3301\360D\322Af\356\346\261\375O\"b\274\2129y%"
 322      44D24166 
 322      EEE6B1FD 
 322      4F2262BC 
 322      8A397925 
 323 0411 B948025A 		.ascii	"\271H\002ZB\026\023\351$\204x\016\244\023\220C\216_"
 323      421613E9 
 323      2484780E 
 323      A4139043 
 323      8E5F
 324 0423 38BF4C05 		.ascii	"8\277L\005\255\234\310[:1\221e\364\306\011\237\344\362"
 324      AD9CC85B 
 324      3A319165 
 324      F4C6099F 
 324      E4F2
 325 0435 42F1F349 		.ascii	"B\361\363I%\201PQ'\220\311#r\243\271`e\336\302\260\256"
 325      25815051 
 325      2790C923 
 325      72A3B960 
 325      65DEC2B0 
 326 044a 5681B205 		.ascii	"V\201\262\005\257$Ud5YNV\220e\344k\342&l\353\347\335"
 326      AF245564 
 326      35594E56 
 326      9065E46B 
 326      E2266CEB 
 327 0460 7D2DCF4E 		.ascii	"}-\317N\205\310\371d\016\300\344\310\2419\221\235\260"
 327      85C8F964 
 327      0EC0E4C8 
 327      A139919D 
 327      B0
 328 0471 D27A6ED6 		.ascii	"\322zn\3261e\017\376\005\313\016\356\360\306g\232\353"
 328      31650FFE 
 328      05CB0EEE 
 328      F0C6679A 
 328      EB
 329 0482 8A667690 		.ascii	"\212fv\220keR{\003[/ed\021\250\002\373E\003\357\025"
 329      6B65527B 
 329      035B2F65 
 329      6411A802 
 329      FB4503EF 
 330 0497 CF394557 		.ascii	"\3179EW\036\254\223\227\322m\025\252$\025Jy\226rS\276"
 330      1EAC9397 
 330      D26D15AA 
 330      24154A79 
 330      967253BE 
 331 04ab 5B72844F 		.ascii	"[r\204O\260/\210\300\233\334R\247B\300\026D\200\362"
 331      B02F88C0 
 331      9BDC52A7 
 331      42C01644 
 331      80F2
 332 04bd D83D3FF2 		.ascii	"\330=?\362\220\026\222\005\240\222\213 \257t\351\001"
 332      90169205 
 332      A0928B20 
 332      AF74E901 
 333 04cd 64D32622 		.ascii	"d\323&\"i\036H\031H%\310z\220\355\"\254\211\374\356"
 333      691E4819 
 333      4825C87A 
 333      90ED22AC 
 333      89FCEE
 334 04e0 7A67185B 		.ascii	"zg\030[\020\360\217\367\353\267\312bXG\320z\342!\254"
 334      10F08FF7 
 334      EBB7CA62 
 334      5847D07A 
 334      E221AC
 335 04f3 B7604CD6 		.ascii	"\267`L\326\021Q\274Y}t\273J^\0235W\350\372H\264\201"
 335      1151BC59 
 335      7D74BB4A 
 335      5E133557 
 335      E8FA48B4 
 336 0508 AC55987F 		.ascii	"\254U\230\177O\002\213b\035#VC6\020eQ|\031\202\244o"
 336      4F028B62 
 336      1D235643 
 336      36106551 
 336      7C1982A4 
 337 051d 41EA4258 		.ascii	"A\352BX[]\343;\236J|\265h\375\215\307$1\216U\265\020"
 337      5B5DE33B 
 337      9E4A7CB5 
 337      68FD8DC7 
 337      24318E55 
 338 0533 27267E98 		.ascii	"'&~\2308,1\261\032c\352\206\005w\333\267W\265<\317\013"
 338      382C31B1 
 338      1A63EA86 
 338      0577DBB7 
 338      57B53CCF 
 339 0548 39388FBF 		.ascii	"98\217\277%\365J\205\344\375\307)\2279\016\325\221\315"
 339      25F54A85 
 339      E4FDC729 
 339      97390ED5 
 339      91CD
 340 055a 046D056D 		.ascii	"\004m\005m\013\336Nv\223md\027\331B\274d'\331A\032 "
 340      0BDE4E76 
 340      936D6417 
 340      D942BC64 
 340      27D9411A 
 341 056f F83D7C3D 		.ascii	"\370=|=\254\211F\365d\223Br#$\312M}gk\355l\247\272\216"
 341      AC8946F5 
 341      64934272 
 341      2324CA4D 
 341      7D676BED 
 342 0587 4FE07AC2 		.ascii	"O\340z\302w%tT\2560(\0174\360\334o \337\201e\226a5\257"
 342      77257454 
 342      AE30280F 
 342      34F0DC6F 
 342      20DF8165 
 343 059f 30B7B596 		.ascii	"0\267\265\226\026\306\332#as\257\017\256\"\234\021\315"
 343      16C6DA23 
 343      6173AF0F 
 343      AE229C11 
 343      CD
 344 05b0 B2E153FE 		.ascii	"\262\341S\376-\360\233\000\347c\362\236\011\3123\333"
 344      2DF09B00 
 344      E763F29E 
 344      09CA33DB 
 345 05c0 ED126C71 		.ascii	"\355\022lq\225\3446x\345-\312\213\327\300\317\245F\002"
 345      95E43678 
 345      E52DCA8B 
 345      D7C0CFA5 
 345      4602
 346 05d2 60863AED 		.ascii	"`\206:\355\337\010\253\211\337I'7\001\247\025#p6V\334"
 346      DF08AB89 
 346      DF492737 
 346      01A71523 
 346      703656DC 
 347 05e6 89EBC082 		.ascii	"\211\353\300\202|Z\325\361\323\212M<\350\367\275&\340"
 347      7C5AD5F1 
 347      D38A4D3C 
 347      E8F7BD26 
 347      E0
 348 05f7 7B7320A8 		.ascii	"{s \250\375\376\240j{\203\002\307\020\007\234J\352&"
 348      FDFEA06A 
 348      7B8302C7 
 348      10079C4A 
 348      EA26
 349 0609 22C17922 		.ascii	"\"\301y\"-S!Q\364\026]X\033\026\227\304\267\022\207"
 349      2D532151 
 349      F4165D58 
 349      1B1697C4 
 349      B71287
 350 061c 17B356F8 		.ascii	"\027\263V\370\201\354\223\363\307\352\356\271\347\273"
 350      81EC93F3 
 350      C7EAEEB9 
 350      E7BB
 351 062a 8CD13EB2 		.ascii	"\214\321>\262WIi\013\333o\013\367t\245\007\016\360}"
 351      5749690B 
 351      DB6F0BF7 
 351      74A5070E 
 351      F07D
 352 063c 0AEDFDEC 		.ascii	"\012\355\375\354\226FV.\330\271F>\334\275\277\322\365"
 352      9646562E 
 352      D8B9463E 
 352      DCBDBFD2 
 352      F5
 353 064d 345EEC54 		.ascii	"4^\354T\335c\007]\013\365\332\232%g\3255\352\241\356"
 353      DD63075D 
 353      0BF5DA9A 
 353      2567D535 
 353      EAA1EE
 354 0660 6207B679 		.ascii	"b\007\266y\363\251\247y\367a\265{e\263\243\224\035\202"
 354      F3A9A779 
 354      F761B57B 
 354      65B3A394 
 354      1D82
 355 0672 78452D9D 		.ascii	"xE-\235\353\316\237\023\351^\231_\274\300N\243\224\303"
 355      EBCE9F13 
 355      E95E995F 
 355      BCC04EA3 
 355      94C3
 356 0684 3116648E 		.ascii	"1\026d\216\213\322V0co\265\261\376\353\260\261\325\320"
 356      8BD25630 
 356      636FB5B1 
 356      FEEBB0B1 
 356      D5D0
 357 0696 415F9611 		.ascii	"A_\226\021^U9X/\207\003\375\345<W\007\365\344\321\326"
 357      5E553958 
 357      2F8703FD 
 357      E53C5707 
 357      F5E4D1D6 
 358 06aa 01E5354C 		.ascii	"\001\3455L\243\002)\360\224\324\321\030w~\233\303\275"
 358      A30229F0 
 358      94D4D118 
 358      777E9BC3 
 358      BD
 359 06bb 93BEE486 		.ascii	"\223\276\344\206\033\212\213\332\275\270\014T\345\324"
 359      1B8A8BDA 
 359      BDB80C54 
 359      E5D4
 360 06c9 E124C579 		.ascii	"\341$\305y\315t\365\316|\033fFi\036u\014pV\331\201R"
 360      CD74F5CE 
 360      7C1B6646 
 360      691E750C 
 360      7056D981 
 361 06de 33FDA2B4 		.ascii	"3\375\242\264\312\353\260Q{A,\373L\253\232\351\000\366"
 361      CAEBB051 
 361      7B412CFB 
 361      4CAB9AE9 
 361      00F6
 362 06f0 A534AFD9 		.ascii	"\2454\257\3311\240\024\226b\251\273\231\262\026t\330"
 362      31A01496 
 362      62A9BB99 
 362      B21674D8 
 363 0700 C02AB6B9 		.ascii	"\300*\266\271)-\355\010\241y^\007\245\014QE\251\215"
 363      292DED08 
 363      A1795E07 
 363      A50C5145 
 363      A98D
 364 0712 BE4BABC0 		.ascii	"\276K\253\300\011\323\227\322\026\207\255\212\332pi"
 364      09D397D2 
 364      1687AD8A 
 364      DA7069
 365 0721 15445C65 		.ascii	"\025D\\e\247/\226R;\033\0004~2\222\263Oa\245\003C\352"
 365      A72F9652 
 365      3B1B0034 
 365      7E3292B3 
 365      4F61A503 
 366 0737 A46F41FA 		.ascii	"\244oA\3726\321\232\353\021\367Y\372\276\273c;\034\212"
 366      36D19AEB 
 366      11F759FA 
 366      BEBB633B 
 366      1C8A
 367 0749 308A76BE 		.ascii	"0\212v\276\205\340\316\025+\025\205\"iq(`\012.u\366"
 367      85E0CE15 
 367      2B158522 
 367      69712860 
 367      0A2E75F6 
 368 075d 44FA2F6D 		.ascii	"D\372/m7\224K\333\021\202\356\362[\333\202\007eWH\202"
 368      37944BDB 
 368      1182EEF2 
 368      5BDB8207 
 368      65574882 
 369 0771 CB45BB1F 		.ascii	"\313E\273\037?j}*\034\330?\227N\306G\310a\245\266\255"
 369      3F6A7D2A 
 369      1CD83F97 
 369      4EC647C8 
 369      61A5B6AD 
 370 0785 041D2207 		.ascii	"\004\035\"\007Y\201\267\355\232\367($P\341#J\025\217"
 370      5981B7ED 
 370      9AF72824 
 370      50E1234A 
 370      158F
 371 0797 B10DBE40 		.ascii	"\261\015\276@\202\303\027\244I\202\356\271s\366\362"
 371      82C317A4 
 371      4982EEB9 
 371      73F6F2
 372 07a6 4BBC7928 		.ascii	"K\274y(o\036\370\235&\247\3727\317\251\276\315S\374"
 372      6F1EF89D 
 372      26A7FA37 
 372      CFA9BECD 
 372      53FC
 373 07b8 D5EE4DA1 		.ascii	"\325\356M\241\001\333\247\024\333gx\207\324/\276z$2"
 373      01DBA714 
 373      DB677887 
 373      D42FBE7A 
 373      2432
 374 07ca 0CB1D7BB 		.ascii	"\014\261\327\273\360\272"
 374      F0BA
 375 07d0 687B79EA 		.ascii	"h{y\352\320~\301\264\021t\226@C\212\304s\335Q\030\303"
 375      D07EC1B4 
 375      11749640 
 375      438AC473 
 375      DD5118C3 
 376 07e4 A339D6E3 		.ascii	"\2439\326\343=\200+\251\027\366.\233\324FN*\356N\004"
 376      3D802BA9 
 376      17F62E9B 
 376      D4464E2A 
 376      EE4E04
 377 07f7 E2F9CDB4 		.ascii	"\342\371\315\264\264\313iIp\272\340\356\347\366B\355"
 377      B4CB6949 
 377      70BAE0EE 
 377      E7F642ED 
 378 0807 54EDE4B8 		.ascii	"T\355\344\270<\367\034\014\344\311\322^\010\266SB\303"
 378      3CF71C0C 
 378      E4C9D25E 
 378      08B65342 
 378      C3
 379 0818 A00ABE3B 		.ascii	"\240\012\276;\015\263Z\250\330\006\377\3638\247\360"
 379      0DB35AA8 
 379      D806FFF3 
 379      38A7F0
 380 0827 EE20F80D 		.ascii	"\356 \370\015$u\001fN\330\257\003\230\273\354\326r\225"
 380      24750166 
 380      4ED8AF03 
 380      98BBECD6 
 380      7295
 381 0839 3F823344 		.ascii	"?\2023D\366{\205\240\313r\004=\227\353\233\242\023\\"
 381      F67B85A0 
 381      CB72043D 
 381      97EB9BA2 
 381      135C
 382 084b D5D457DF 		.ascii	"\325\324W\3374\26796\017:D\272B.)\364\345{o13k\263W"
 382      34B73936 
 382      0F3A44BA 
 382      422E29F4 
 382      E57B6F31 
 383 0863 54872654 		.ascii	"T\207&T\324\001Q\026%l\334\342\025rM\306]%\027\375T"
 383      D4015116 
 383      256CDCE2 
 383      15724DC6 
 383      5D2517FD 
 384 0878 97842169 		.ascii	"\227\204!i\015\303\037\265\267\036\013\013\302S\206"
 384      0DC31FB5 
 384      B71E0B0B 
 384      C25386
 385 0887 EFF4E36F 		.ascii	"\357\364\343o\020ny\023\240\0173tc\231\363|\330\300"
 385      106E7913 
 385      A00F3374 
 385      6399F37C 
 385      D8C0
 386 0899 FE15B9C3 		.ascii	"\376\025\271\303+RQr\345T\264?sw\224\010|\376\206:R"
 386      2B525172 
 386      E554B43F 
 386      73779408 
 386      7CFE863A 
 387 08ae B2FC6008 		.ascii	"\262\374`\010+\201\257\261~V5_\267>r[\341\177\313O\353"
 387      2B81AFB1 
 387      7E56355F 
 387      B73E725B 
 387      E17FCB4F 
 388 08c3 4C989CBD 		.ascii	"L\230\234\275\275g\272\335\370\2756\324\005\000\331"
 388      BD67BADD 
 388      F8BD36D4 
 388      0500D9
 389 08d2 4717EBA8 		.ascii	"G\027\353\250\331\341HZ\033\216\2069\341~^\001K7\036"
 389      D9E1485A 
 389      1B8E8639 
 389      E17E5E01 
 389      4B371E
 390 08e5 72F313B9 		.ascii	"r\363\023\271\313\367\255\373\014\260\005\000\255\341"
 390      CBF7ADFB 
 390      0CB00500 
 390      ADE1
 391 08f3 E0EEF1D3 		.ascii	"\340\356\361\323\272\202P\356\356\014\264.\344\013\356"
 391      BA8250EE 
 391      EE0CB42E 
 391      E40BEE
 392 0902 3A6DA45B 		.ascii	":m\244[\361\367\300\357\3578\340\037\204\313>o+\025"
 392      F1F7C0EF 
 392      EF38E01F 
 392      84CB3E6F 
 392      2B15
 393 0914 7B1CA8D8 		.ascii	"{\034\250\330#^\261\247`O\354X\332\004w\2768~\347\273"
 393      235EB1A7 
 393      604FEC58 
 393      DA0477BE 
 393      387EE7BB 
 394 0928 ED8156ED 		.ascii	"\355\201V\355\351st\004\265\365S\322#+DRS\267aOD [="
 394      E9737404 
 394      B5F553D2 
 394      232B4452 
 394      53B7614F 
 395 0940 8A552AF0 		.ascii	"\212U*\360\035n\317q\032\370?\023\025\344l\301\005M"
 395      1D6ECF71 
 395      1AF83F13 
 395      15E46CC1 
 395      054D
 396 0952 CED6FCD6 		.ascii	"\316\326\374\326\302|\310\026l\265k\333\273\251\224"
 396      C27CC816 
 396      6CB56BDB 
 396      BBA994
 397 0961 6013FCA9 		.ascii	"`\023\374\251\372E\256Hy\004\222\352#\000\271\361\372"
 397      FA45AE48 
 397      790492EA 
 397      2300B9F1 
 397      FA
 398 0972 E60BD103 		.ascii	"\346\013\321\003\372\373\230\315}\324tv^\021Y\213\315"
 398      FAFB98CD 
 398      7DD47476 
 398      5E11598B 
 398      CD
 399 0983 16EE2269 		.ascii	"\026\356\"i7\300Um\337\354\255\217\202\363<Z\276\033"
 399      37C0556D 
 399      DFECAD8F 
 399      82F33C5A 
 399      BE1B
 400 0995 8A05023F 		.ascii	"\212\005\002?\233\355\221l;\237+\024\010\250Pp\010\244"
 400      9BED916C 
 400      3B9F2B14 
 400      08A85070 
 400      08A4
 401 09a7 401049D9 		.ascii	"@\020I\331\203\002\017\361wd\201\302\260H@s\0048\034"
 401      83020FF1 
 401      776481C2 
 401      B0484073 
 401      04381C
 402 09ba 44B2FA6E 		.ascii	"D\262\372n\311m\211S\334\346a\024\213\004\273 S\314"
 402      C96D8953 
 402      DCE66114 
 402      8B04BB20 
 402      53CC
 403 09cc 1738C51F 		.ascii	"\0278\305\037\200b;\243\270\357\330\342\256\030\206"
 403      80623BA3 
 403      B8EFD8E2 
 403      AE1886
 404 09db ECAE6BB4 		.ascii	"\354\256k\264\035\202\325\327D\216\220\022\005<O\006"
 404      1D82D5D7 
 404      448E9012 
 404      053C4F06 
 405 09eb D74622A9 		.ascii	"\327F\"\251%\022\300u\316\316\243\321\014\354y\330@"
 405      2512C075 
 405      CECEA3D1 
 405      0CEC79D8 
 405      40
 406 09fc ED21B023 		.ascii	"\355!\260#\225*H\247\214<\011\310\237A\212\243\000\275"
 406      952A48A7 
 406      8C3C09C8 
 406      9F418AA3 
 406      00BD
 407 0a0e A7B8BD54 		.ascii	"\247\270\275T\352\277\373,\022\216\361\206,h\373\256"
 407      EABFFB2C 
 407      128EF186 
 407      2C68FBAE 
 408 0a1e 358A85BF 		.ascii	"5\212\205\277X`+\354t\335\306\302\320\376+\333%\240"
 408      58602BEC 
 408      74DDC6C2 
 408      D0FE2BDB 
 408      25A0
 409 0a30 253C57F3 		.ascii	"%<W\363j\012\332\303\270\337\255;\347zc\211KX\250\370"
 409      6A0ADAC3 
 409      B8DFAD3B 
 409      E77A6389 
 409      4B58A8F8 
 410 0a44 FD52F65B 		.ascii	"\375R\366[\026\205\244\357\231\317\023\013\036l\345"
 410      1685A4EF 
 410      99CF130B 
 410      1E6CE5
 411 0a53 817BEE28 		.ascii	"\201{\356(\014\227*\310rA\376/o\355\275\306\0358Pw\377"
 411      0C972AC8 
 411      7241FE2F 
 411      6FEDBDC6 
 411      1D385077 
 412 0a68 C9B68CFB 		.ascii	"\311\266\214\373\371\312v4<@\330\247\250*\271j\333\274"
 412      F9CA7634 
 412      3C40D8A7 
 412      A82AB96A 
 412      DBBC
 413 0a7a 07EB2203 		.ascii	"\007\353\"\003\2726E\267\234\353\272\335?\265\207\004"
 413      BA3645B7 
 413      9CEBBADD 
 413      3FB58704 
 414 0a8a 4CFACF7F 		.ascii	"L\372\317\1777\327u\355\365\252\003\323l\202\254Z\301"
 414      37D775ED 
 414      F5AA03D3 
 414      6C82AC5A 
 414      C1
 415 0a9b 55EEE6AF 		.ascii	"U\356\346\257\353zw\347\"EW\305u'\027\355\332\335\353"
 415      EB7A77E7 
 415      224557C5 
 415      752717ED 
 415      DADDEB
 416 0aae CEA5E856 		.ascii	"\316\245\350V\312T\372\354\352\355\212\273U,\276\001"
 416      CA54FAEC 
 416      EAED8ABB 
 416      552CBE01 
 417 0abe 9A29699F 		.ascii	"\232)i\237\250\325i\237\246\3522\364Ss\262\364\346\030"
 417      A8D5699F 
 417      A6EA32F4 
 417      5373B2F4 
 417      E618
 418 0ad0 8D26D79A 		.ascii	"\215&\327\232\236\245\311\266\2325\326\177d\353\007"
 418      9EA5C9B6 
 418      9A35D67F 
 418      64EB07
 419 0adf 71C4A894 		.ascii	"q\304\250\224\\\275\321:\316d\264\344\030\364\346A\232"
 419      5CBDD13A 
 419      CE64B4E4 
 419      18F4E641 
 419      9A
 420 0af0 5C5027F5 		.ascii	"\\P'\365\37168))9\325\254K\236\224\362\356\237\265F"
 420      F9363829 
 420      2939D5AC 
 420      4B9E94F2 
 420      EE9FB546 
 421 0b04 ED74BD39 		.ascii	"\355t\2759I\227\235\035>\341\203\217\343\307\015\033"
 421      49979D1D 
 421      3EE1838F 
 421      E3C70D1B 
 422 0b14 A656A398 		.ascii	"\246V\243\230~F\242\372\274\215O\376\330\2427[\222\263"
 422      7E46A2FA 
 422      BC8D4FFE 
 422      D8A2375B 
 422      92B3
 423 0b26 F556BD39 		.ascii	"\365V\2759yz\2465#'=\331\240\315\004S\311YZ\253\336"
 423      797AA635 
 423      23273DD9 
 423      A0CD0453 
 423      C9595AAB 
 424 0b3b 624D1E9F 		.ascii	"bM\036\237i6\314\324\232\365\311if\255\321\222m2N\005"
 424      6936CCD4 
 424      9AF5C969 
 424      66ADD192 
 424      6D324E05 
 425 0b4f E444A32E 		.ascii	"\344D\243.\231\033\262$edg\243\010\303$\255\305:ar\352"
 425      991BB224 
 425      656467A3 
 425      08C324AD 
 425      C53A6172 
 426 0b64 F8CC5982 		.ascii	"\370\314Y\202\3164=\304\222\255\327O\025\262\214\323"
 426      CE343DC4 
 426      92ADD74F 
 426      15B28CD3 
 427 0b74 05B022E4 		.ascii	"\005\260\"\344Xu*k\246A\257\261\206\216\221A*\371\021"
 427      58752A6B 
 427      A641AFB1 
 427      868E9141 
 427      2AF911
 428 0b87 6948B56A 		.ascii	"iH\265j\255\231&\343\273Z\253VdqG\252G|\242\267X\364"
 428      AD9926E3 
 428      BB5AAB56 
 428      647147AA 
 428      477CA2B7 
 429 0b9d 5969F012 		.ascii	"Yi\360\022\336;\304\031Q9FK\346t\243~j\274.Ck\236\370"
 429      DE3BC419 
 429      5139464B 
 429      E674A37E 
 429      6ABC2E43 
 430 0bb4 1CC4837C 		.ascii	"\034\304\203|&e\240\360l\223\331\372\227i\323,zkhN\246"
 430      2665A0F0 
 430      6C93D9FA 
 430      9769D32C 
 430      7A6B684E 
 431 0bc9 D13A5663 		.ascii	"\321:Vc\015K7\315\224\277\210\351z\255A\310\322\033"
 431      0D4B37CD 
 431      94BF88E9 
 431      7AAD41C8 
 431      D21B
 432 0bdb 259D362B 		.ascii	"%\2356+\213\371\307:\221\371\027\215Z\203^4\030,\231"
 432      8BF9C73A 
 432      91F9178D 
 432      5A835E34 
 432      182C99
 433 0bee 129B346A 		.ascii	"\022\2334j\244\306\032b\320N\317\324E\251\325A\366#"
 433      A4C61A62 
 433      D04ECFD4 
 433      45A9D541 
 433      F623
 434 0c00 82C66186 		.ascii	"\202\306a\206\267s\247\247\262\304\310\351\0329:\015"
 434      B773A7A7 
 434      B2C4C8E9 
 434      1A393A0D 
 435 0c10 72228FD5 		.ascii	"r\"\217\325c\331X4|\2346n\240\234\023\035\2332.Ck4\352"
 435      63D95834 
 435      7C9C366E 
 435      A09C131D 
 435      9B322E43 
 436 0c27 B35852DE 		.ascii	"\263XR\336\033\257\274\204\367\016\237'\011oOLU\254"
 436      1BAFBC84 
 436      F70E9F27 
 436      096F4F4C 
 436      55AC
 437 0c39 4009D110 		.ascii	"@\011\321\020\303d\223%\2231\375H\317\362\241\250\242"
 437      C3649325 
 437      9331FD48 
 437      CFF2A1A8 
 437      A2
 438 0c4a FAF46844 		.ascii	"\372\364hD\320\370\375\347p\035d\206w\017\204\327\333"
 438      D0F8FDE7 
 438      701D6486 
 438      770F84D7 
 438      DB
 439 0c5b BEE1BDC3 		.ascii	"\276\341\275\303?=\207\217\240\365\300]h\315\206\334"
 439      3F3D878F 
 439      A0F5C05D 
 439      68CD86DC 
 440 0c6b 3FE8871B 		.ascii	"?\350\207\033\206M\313F\341:\210P?k\270a4\012\327L\031"
 440      864DCB46 
 440      E13A8850 
 440      3F6BB861 
 440      340AD74C 
 441 0c80 03B99E31 		.ascii	"\003\271\2361\356\235\\\225\374L\373?\235N\032=J=\374"
 441      EE9D5C95 
 441      FC4CFB3F 
 441      9D4E1A3D 
 441      4A3DFC
 442 0c93 03FDCC77 		.ascii	"\003\375\314w\314z\355\014S\216\3252\374\035\223\311"
 442      CC7AED0C 
 442      538ED532 
 442      FC1D93C9 
 443 0ca3 9A65D282 		.ascii	"\232e\322\202\022\015\371\315U\212^\323L\371 8\3661"
 443      120DF9CD 
 443      558A5ED3 
 443      4CF92038 
 443      F631
 444 0cb5 26631A90 		.ascii	"&c\032\220H\311M\312\326\232\255I#\342\236\245W\311"
 444      48C94DCA 
 444      D69AAD49 
 444      23E29EA5 
 444      57C9
 445 0cc7 83D73553 		.ascii	"\203\3275S\236\001H\031\2433\345\030\255#U\362cP?C\343"
 445      9E014819 
 445      A333E518 
 445      AD2355F2 
 445      63503F43 
 446 0cdc 46A6E486 		.ascii	"F\246\344\206h4:k|8\373\253I\327Z\364\361\277\002\251"
 446      68343A6B 
 446      7C38FBAB 
 446      49D75AF4 
 446      F1BF02A9 
 447 0cf0 537265B5 		.ascii	"Sre\265\316d\310\216\177\271\237zl\246\321b\325\032"
 447      CE64C88E 
 447      7FB99F7A 
 447      6CA6D162 
 447      D51A
 448 0d02 75FA945C 		.ascii	"u\372\224\\\311?L\324L\231\360\3113a)\352\021\032\215"
 448      C93F4CD4 
 448      4C99F0C9 
 448      336129EA 
 448      111A8D
 449 0d15 FF35A13F 		.ascii	"\3775\241?\367g\001\303{\207C\372Q\030\235i\314\264"
 449      F76701C3 
 449      7B8743FA 
 449      51189D69 
 449      CCB4
 450 0d27 A6E48AEC 		.ascii	"\246\344\212\354\361_s\241\226s\241~\205\031\011n\353"
 450      F15F73A1 
 450      9673A17E 
 450      8519096E 
 450      EB
 451 0d38 20C7AFF5 		.ascii	" \307\257\365\327\251\325\231\226\264O\337\316\3122"
 451      D7A9D599 
 451      96B44FDF 
 451      CECA32
 452 0d47 CDD44F4D 		.ascii	"\315\324OM\311\215\010z\023\323M\246\254\201\232)\352"
 452      C98D087A 
 452      13D34DA6 
 452      AC819A29 
 452      EA
 453 0d58 51E9966C 		.ascii	"Q\351\226l\215u\226&K?Uc2\346F\365y\235\360\034=\014"
 453      8D759626 
 453      4B3F5563 
 453      32E646F5 
 453      799DF01C 
 454 0d6e 8698F006 		.ascii	"\206\230\360\006\206\342\250G\007[\2366-7\272\357\373"
 454      86E2A847 
 454      075B9E36 
 454      2D37BAEF 
 454      FB
 455 0d7f AB9A2923 		.ascii	"\253\232)#\325\354\023\354[\032\326\314\032\266g\245"
 455      D5EC13EC 
 455      5B1AD6CC 
 455      1AB667A5 
 456 0d8f 6B753326 		.ascii	"ku3&\217\317\315M\031\374\233\252\310L\363\027\201\227"
 456      8FCFCD4D 
 456      19FC9BAA 
 456      C84CF317 
 456      8197
 457 0da1 8013733F 		.ascii	"\200\023s?'\275\357\377\001\031\213F,"
 457      27BDEFFF 
 457      01198B46 
 457      2C
 458              		.text
 459              		.section	.gnu.lto_.symtab.603b984766115b4e,"e",%progbits
 460 0000 5F5A4E31 		.ascii	"_ZN10LEDManagerC2Ev\000"
 460      304C4544 
 460      4D616E61 
 460      67657243 
 460      32457600 
 461 0014 00       		.ascii	"\000"
 462 0015 00       		.ascii	"\000"
 463 0016 00       		.ascii	"\000"
 464 0017 00000000 		.ascii	"\000\000\000\000\000\000\000\000"
 464      00000000 
 465 001f 68010000 		.ascii	"h\001\000\000"
 466 0023 5F5A4E31 		.ascii	"_ZN10LEDManagerC1Ev\000"
 466      304C4544 
 466      4D616E61 
 466      67657243 
 466      31457600 
 467 0037 00       		.ascii	"\000"
 468 0038 00       		.ascii	"\000"
 469 0039 00       		.ascii	"\000"
 470 003a 00000000 		.ascii	"\000\000\000\000\000\000\000\000"
 470      00000000 
 471 0042 6B010000 		.ascii	"k\001\000\000"
 472 0046 5F5A4E31 		.ascii	"_ZN10LEDManager8instanceEv\000"
 472      304C4544 
 472      4D616E61 
 472      67657238 
 472      696E7374 
 473 0061 00       		.ascii	"\000"
 474 0062 00       		.ascii	"\000"
 475 0063 00       		.ascii	"\000"
 476 0064 00000000 		.ascii	"\000\000\000\000\000\000\000\000"
 476      00000000 
 477 006c 70010000 		.ascii	"p\001\000\000"
 478 0070 5F5A4E31 		.ascii	"_ZN10LEDManager4initEv\000"
 478      304C4544 
 478      4D616E61 
 478      67657234 
 478      696E6974 
 479 0087 00       		.ascii	"\000"
 480 0088 00       		.ascii	"\000"
 481 0089 00       		.ascii	"\000"
 482 008a 00000000 		.ascii	"\000\000\000\000\000\000\000\000"
 482      00000000 
 483 0092 78010000 		.ascii	"x\001\000\000"
 484 0096 5F5A3674 		.ascii	"_Z6tickCBv\000"
 484      69636B43 
 484      427600
 485 00a1 00       		.ascii	"\000"
 486 00a2 00       		.ascii	"\000"
 487 00a3 00       		.ascii	"\000"
 488 00a4 00000000 		.ascii	"\000\000\000\000\000\000\000\000"
 488      00000000 
 489 00ac 52010000 		.ascii	"R\001\000\000"
 490 00b0 5F5A4E31 		.ascii	"_ZN10LEDManager6onTickEv\000"
 490      304C4544 
 490      4D616E61 
 490      67657236 
 490      6F6E5469 
 491 00c9 00       		.ascii	"\000"
 492 00ca 00       		.ascii	"\000"
 493 00cb 00       		.ascii	"\000"
 494 00cc 00000000 		.ascii	"\000\000\000\000\000\000\000\000"
 494      00000000 
 495 00d4 5C010000 		.ascii	"\\\001\000\000"
 496 00d8 5F5A4E31 		.ascii	"_ZN11TXScheduler8instanceEv\000"
 496      31545853 
 496      63686564 
 496      756C6572 
 496      38696E73 
 497 00f4 00       		.ascii	"\000"
 498 00f5 02       		.ascii	"\002"
 499 00f6 00       		.ascii	"\000"
 500 00f7 00000000 		.ascii	"\000\000\000\000\000\000\000\000"
 500      00000000 
 501 00ff 81010000 		.ascii	"\201\001\000\000"
 502 0103 5F5A4E31 		.ascii	"_ZN11TXScheduler11isTXAllowedEv\000"
 502      31545853 
 502      63686564 
 502      756C6572 
 502      31316973 
 503 0123 00       		.ascii	"\000"
 504 0124 02       		.ascii	"\002"
 505 0125 00       		.ascii	"\000"
 506 0126 00000000 		.ascii	"\000\000\000\000\000\000\000\000"
 506      00000000 
 507 012e 8B010000 		.ascii	"\213\001\000\000"
 508 0132 5F5A3133 		.ascii	"_Z13bsp_tx_led_onv\000"
 508      6273705F 
 508      74785F6C 
 508      65645F6F 
 508      6E7600
 509 0145 00       		.ascii	"\000"
 510 0146 02       		.ascii	"\002"
 511 0147 00       		.ascii	"\000"
 512 0148 00000000 		.ascii	"\000\000\000\000\000\000\000\000"
 512      00000000 
 513 0150 8E010000 		.ascii	"\216\001\000\000"
 514 0154 5F5A3134 		.ascii	"_Z14bsp_tx_led_offv\000"
 514      6273705F 
 514      74785F6C 
 514      65645F6F 
 514      66667600 
 515 0168 00       		.ascii	"\000"
 516 0169 02       		.ascii	"\002"
 517 016a 00       		.ascii	"\000"
 518 016b 00000000 		.ascii	"\000\000\000\000\000\000\000\000"
 518      00000000 
 519 0173 91010000 		.ascii	"\221\001\000\000"
 520 0177 5F5A3231 		.ascii	"_Z21bsp_set_tick_callbackPFvvE\000"
 520      6273705F 
 520      7365745F 
 520      7469636B 
 520      5F63616C 
 521 0196 00       		.ascii	"\000"
 522 0197 02       		.ascii	"\002"
 523 0198 00       		.ascii	"\000"
 524 0199 00000000 		.ascii	"\000\000\000\000\000\000\000\000"
 524      00000000 
 525 01a1 98010000 		.ascii	"\230\001\000\000"
 526 01a5 5F5A3134 		.ascii	"_Z14bsp_rx_led_offv\000"
 526      6273705F 
 526      72785F6C 
 526      65645F6F 
 526      66667600 
 527 01b9 00       		.ascii	"\000"
 528 01ba 02       		.ascii	"\002"
 529 01bb 00       		.ascii	"\000"
 530 01bc 00000000 		.ascii	"\000\000\000\000\000\000\000\000"
 530      00000000 
 531 01c4 9B010000 		.ascii	"\233\001\000\000"
 532              		.text
 533              		.section	.gnu.lto_.ext_symtab.603b984766115b4e,"e",%progbits
 534 0000 01       		.ascii	"\001"
 535 0001 01       		.ascii	"\001"
 536 0002 00       		.ascii	"\000"
 537 0003 01       		.ascii	"\001"
 538 0004 00       		.ascii	"\000"
 539 0005 01       		.ascii	"\001"
 540 0006 00       		.ascii	"\000"
 541 0007 01       		.ascii	"\001"
 542 0008 00       		.ascii	"\000"
 543 0009 01       		.ascii	"\001"
 544 000a 00       		.ascii	"\000"
 545 000b 01       		.ascii	"\001"
 546 000c 00       		.ascii	"\000"
 547 000d 01       		.ascii	"\001"
 548 000e 00       		.ascii	"\000"
 549 000f 01       		.ascii	"\001"
 550 0010 00       		.ascii	"\000"
 551 0011 01       		.ascii	"\001"
 552 0012 00       		.ascii	"\000"
 553 0013 01       		.ascii	"\001"
 554 0014 00       		.ascii	"\000"
 555 0015 01       		.ascii	"\001"
 556 0016 00       		.ascii	"\000"
 557 0017 01       		.ascii	"\001"
 558 0018 00       		.ascii	"\000"
 559              		.text
 560              		.section	.gnu.lto_.opts,"e",%progbits
 561 0000 272D666E 		.ascii	"'-fno-openmp' '-fno-openacc' '-fno-pie' '-fcf-prote"
 561      6F2D6F70 
 561      656E6D70 
 561      2720272D 
 561      666E6F2D 
 562 0033 6374696F 		.ascii	"ction=none' '-mcpu=cortex-m4' '-mthumb' '-mfloat-ab"
 562      6E3D6E6F 
 562      6E652720 
 562      272D6D63 
 562      70753D63 
 563 0066 693D6861 		.ascii	"i=hard' '-mfpu=fpv4-sp-d16' '-mlibarch=armv7e-m+fp'"
 563      72642720 
 563      272D6D66 
 563      70753D66 
 563      7076342D 
 564 0099 20272D6D 		.ascii	" '-march=armv7e-m+fp' '-Os' '-fmessage-length=0' '-"
 564      61726368 
 564      3D61726D 
 564      7637652D 
 564      6D2B6670 
 565 00cc 66736967 		.ascii	"fsigned-char' '-ffunction-sections' '-fdata-section"
 565      6E65642D 
 565      63686172 
 565      2720272D 
 565      6666756E 
 566 00ff 73272027 		.ascii	"s' '-fsingle-precision-constant' '-flto' '-fabi-ver"
 566      2D667369 
 566      6E676C65 
 566      2D707265 
 566      63697369 
 567 0132 73696F6E 		.ascii	"sion=0' '-fno-exceptions' '-Xassembler' '-adhlns=Sr"
 567      3D302720 
 567      272D666E 
 567      6F2D6578 
 567      63657074 
 568 0165 632F4C45 		.ascii	"c/LEDManager.o.lst'\000"
 568      444D616E 
 568      61676572 
 568      2E6F2E6C 
 568      73742700 
 569              		.text
 570              		.comm	__gnu_lto_slim,1,1
 571              		.ident	"GCC: (Arm GNU Toolchain 12.2.Rel1 (Build arm-12.24)) 12.2.1 20221205"
DEFINED SYMBOLS
                            *ABS*:0000000000000000 LEDManager.cpp
                            *COM*:0000000000000001 __gnu_lto_slim

NO UNDEFINED SYMBOLS
