   1              		.cpu cortex-m4
   2              		.arch armv7e-m
   3              		.fpu fpv4-sp-d16
   4              		.eabi_attribute 27, 1
   5              		.eabi_attribute 28, 1
   6              		.eabi_attribute 20, 1
   7              		.eabi_attribute 21, 1
   8              		.eabi_attribute 23, 3
   9              		.eabi_attribute 24, 1
  10              		.eabi_attribute 25, 1
  11              		.eabi_attribute 26, 1
  12              		.eabi_attribute 30, 4
  13              		.eabi_attribute 34, 1
  14              		.eabi_attribute 18, 4
  15              		.file	"printf_serial.cpp"
  16              		.section	.gnu.lto_.odr_types.9b771d33f69dbfbe,"e",%progbits
  17 0000 789CA5D0 		.ascii	"x\234\245\320OH\024Q\034\007\360\367v7]\377m\353\277"
  17      4F481451 
  17      1C07F0F7 
  17      76375DFF 
  17      6DEBBF
  18 0013 C043D05D 		.ascii	"\300C\320]\3649\223\345z\234\326\331u\321\235]vv\255"
  18      F43993E5 
  18      7A9CD6D9 
  18      75D19D5D 
  18      7676AD
  19 0026 DB30BB3E 		.ascii	"\3330\273>\334\241\331\231ef,\272\365\207\204@\011L"
  19      DCA1D999 
  19      65662CBA 
  19      F5878440 
  19      094C
  20 0038 8AFE0AFD 		.ascii	"\212\376\012\3759D\222\245)D B`\220\351\305:Dv(\263"
  20      394492A5 
  20      29442042 
  20      6090E9C5 
  20      3A447628 
  21 004d 20042921 		.ascii	" \004)!\012\"\373\355\276\265\203\327\346\360\371\362"
  21      0A22FBED 
  21      BEB583D7 
  21      E6F0F9F2 
  22 005d 7DF3DECC 		.ascii	"}\363\336\314{\257\002#t\301\205\212\217\033\273\032"
  22      7BAF0223 
  22      74C1858A 
  22      8F1BBB1A 
  23 006d BD18EDF7 		.ascii	"\275\030\355\367b\274\271\262xnh\351\3164\276\210\367"
  23      62BCB9B2 
  23      786E68E9 
  23      CE34BE88 
  23      F7
  24 007e DDC43078 		.ascii	"\335\3040x\027\300\017\000\327\024\340~\012x\346\201"
  24      17C00F00 
  24      D714E07E 
  24      0A78E681 
  25 008e 3D2F80B2 		.ascii	"=/\200\262e\240\374\015\340]\005*\326\200\312\257@\325"
  25      65A0FC0D 
  25      E05D052A 
  25      D680CAAF 
  25      40D5
  26 00a0 37A0FA27 		.ascii	"7\240\372'P\263\015\370\206\\^\274w\004\360\217\001"
  26      50B30DF8 
  26      865C5EBC 
  26      7704F08F 
  26      01
  27 00b1 B5D781BA 		.ascii	"\265\327\201\272\333@\375}\240\341\021\320\270\371\354"
  27      DB40FD7D 
  27      A0E111D0 
  27      B8F9EC
  28 00c0 ECE3E195 		.ascii	"\354\343\341\225\365\331\246\325\211+[\353sW\237\\\306"
  28      F5D9A6D5 
  28      892B5BEB 
  28      73579F5C 
  28      C6
  29 00d1 9F5FBF9D 		.ascii	"\237_\277\235YX\232\2316~,}\230\376\365\352\326\273"
  29      59589A99 
  29      367E2C7D 
  29      98FEF5EA 
  29      D6BB
  30 00e3 81DF13E3 		.ascii	"\201\337\023\343[_\376\3403\356\252\021\267\037\243"
  30      5B5FFEE0 
  30      33EEAA11 
  30      B71FA3
  31 00f2 1B009E04 		.ascii	"\033\000\236\004\\s\200g\021\360\276\007\374\337\201"
  31      5C738067 
  31      11F0BE07 
  31      FCDF81
  32 0101 03DBC03C 		.ascii	"\003\333\300<\032\363\370\361i<^\320\365\260\240g\362"
  32      1AF3F8F1 
  32      693C5ED0 
  32      F5B0A067 
  32      F2
  33 0112 E3F0ECF9 		.ascii	"\343\360\354\371\355\225\341Q|o\352\345\306\350\332"
  33      ED95E151 
  33      7C6FEAE5 
  33      C6E8DA
  34 0121 A76B4DCB 		.ascii	"\247kM\313\033\227\236\257O\341z\331\341\332\225DZq"
  34      1B979EAF 
  34      4FE17AD9 
  34      E1DA9544 
  34      5A71
  35 0133 2C4A958C 		.ascii	",J\225\214\251\233\026*Wd\305\242\375\250\0022\255\253"
  35      A99B162A 
  35      5764C5A2 
  35      FDA80232 
  35      ADAB
  36 0145 99E36880 		.ascii	"\231\343h\200\010\371\274\256eTG3\015\233\010V.,\245"
  36      08F9BCAE 
  36      65544733 
  36      0D9B0856 
  36      2E2CA5
  37 0158 92A6A967 		.ascii	"\222\246\251g\262\252f\020\216o\345[-\252sD\265r-\206"
  37      B2AA6610 
  37      8E6FE55B 
  37      2DAA7344 
  37      B5722D86 
  38 016c 69D016AA 		.ascii	"i\320\026\252\246\265]M32\372`?%\231\346f\266\202#i"
  38      A6B55D4D 
  38      3332FA60 
  38      3F2599E6 
  38      66B68223 
  39 0181 CDB189ED 		.ascii	"\315\261\211\355\350\305\277\267fQ\015\327\326\327\035"
  39      E8C5BFB7 
  39      66510DD7 
  39      D6D71D
  40 0190 0A6655C3 		.ascii	"\012fU\303\240:*\013v+\\\240\030\035,\270N\326X\360"
  40      A03A2A0B 
  40      762B5CA0 
  40      181D2CB8 
  40      4ED658F0 
  41 01a4 6DC508B0 		.ascii	"m\305\010\260\3409\326X\360<k,\370\203\254\261\340\333"
  41      E039D658 
  41      F03C6B2C 
  41      F883ACB1 
  41      E0DB
  42 01b6 5963C11F 		.ascii	"Yc\301\037b\215\005\177\2305\026|\007k,x\266\211@\000"
  42      628D057F 
  42      9835167C 
  42      076B2C78 
  42      B6894000 
  43 01ca 4548CAA6 		.ascii	"EH\312\246\226M\362\324\241\026\031\320\234\354`\232"
  43      964DF2D4 
  43      A11619D0 
  43      9CEC609A 
  44 01da E4544D35 		.ascii	"\344TM5T\242\253\016\265\035\022\322\254\334I\325\242"
  44      54A2AB0E 
  44      B51D12D2 
  44      ACDC49D5 
  44      A2
  45 01eb 2469A986 		.ascii	"$i\251\206\2357\215~\230\03112D\210\310\245\003\332"
  45      9D378D7E 
  45      98193132 
  45      4488C8A5 
  45      03DA
  46 01fd 70E2AA4E 		.ascii	"p\342\252N\361\0045\234\344\251<E\276\224\324#\305\216"
  46      F104359C 
  46      E4A93C45 
  46      BE94D423 
  46      C58E
  47 020f 4A8AD827 		.ascii	"J\212\330'JIT\027\216\313\212\024\025\005E\206*JA\021"
  47      4A495417 
  47      8ECB8A14 
  47      15054586 
  47      2A4A4111 
  48 0223 F90A43A1 		.ascii	"\371\012C\241\310\261\322\214\352`o,\330S*\265\360a"
  48      C8B1D28C 
  48      EA606F2C 
  48      D8532AB5 
  48      F061
  49 0235 252E047B 		.ascii	"%.\004{\304di\244!\002\313\022\211XXHFb;_\255\356\022"
  49      C46469A4 
  49      2102CB12 
  49      89585848 
  49      46623B5F 
  50 024c 8FA4C23B 		.ascii	"\217\244\302;3\342\211X<\261\353'\225]\241T\351\275"
  50      33E28958 
  50      3CB1EB27 
  50      955DA154 
  50      E9BD
  51 025e 2F188B46 		.ascii	"/\030\213F\005\251kgG\011Y\216(\262\020\215\367\212"
  51      05A96B67 
  51      4709598E 
  51      28B2108D 
  51      F78A
  52 0270 A5A1EEFF 		.ascii	"\245\241\356\377\270\211\177'/\\\304_\"\027\022\036"
  52      B8897F27 
  52      2F5CC45F 
  52      2217121E 
  53              		.text
  54              		.section	.gnu.lto_.profile.9b771d33f69dbfbe,"e",%progbits
  55 0000 789C6362 		.ascii	"x\234cb\000\001\000\000\022\000\003"
  55      00010000 
  55      120003
  56              		.text
  57              		.section	.gnu.lto_.icf.9b771d33f69dbfbe,"e",%progbits
  58 0000 789C3365 		.ascii	"x\2343e@\000\026\206EKv-\340c`\234p|\362bv\026&\006"
  58      40001686 
  58      454B762D 
  58      E063609C 
  58      707CF262 
  59 0018 285CF068 		.ascii	"(\\\360hN\027\027\363\345{\357z\2709\340\202P\310\000"
  59      4E1717F3 
  59      E57BEF7A 
  59      B839E082 
  59      50C800
  60 002b 0093C00B 		.ascii	"\000\223\300\013\216"
  60      8E
  61              		.text
  62              		.section	.gnu.lto_.ipa_sra.9b771d33f69dbfbe,"e",%progbits
  63 0000 789C6362 		.ascii	"x\234cb@\006\000\000*\000\003"
  63      40060000 
  63      2A0003
  64              		.text
  65              		.section	.gnu.lto_.inline.9b771d33f69dbfbe,"e",%progbits
  66 0000 789CE363 		.ascii	"x\234\343cd\200\003f j\000\002\246\024\240 \023\003"
  66      64800366 
  66      206A0002 
  66      A614A020 
  66      1303
  67 0012 4323905D 		.ascii	"C#\220]\307\300\300\006\021c\002\011100\262\360\002"
  67      C7C0C006 
  67      11630209 
  67      313030B2 
  67      F002
  68 0024 B93B9832 		.ascii	"\271;\2302\030p\253a\342\006)\204\232\312\310\300\310"
  68      1870AB61 
  68      E2062984 
  68      9ACAC8C0 
  68      C8
  69 0035 CA07A459 		.ascii	"\312\007\244Y@\234\011~ \304\314\003\326\014\224a\346"
  69      409C097E 
  69      20C4CC03 
  69      D60C9461 
  69      E6
  70 0046 50FB70EC 		.ascii	"P\373p\354\331\035f\260i\034 \303\230S(0\015\314\202"
  70      D91D66B0 
  70      691C20C3 
  70      98532830 
  70      0DCC82
  71 0059 888275A1 		.ascii	"\210\202u\241\351\001\012cjb\341\205j\202\332\004\323"
  71      E9010A63 
  71      6A62E185 
  71      6A82DA04 
  71      D3
  72 006a 0900D6C1 		.ascii	"\011\000\326\301!\240"
  72      21A0
  73              		.text
  74              		.section	.gnu.lto_.jmpfuncs.9b771d33f69dbfbe,"e",%progbits
  75 0000 789CB590 		.ascii	"x\234\265\2201\016\2030\024Cm\023El\035Y\331{@\304\004"
  75      310E8330 
  75      14436D13 
  75      456C1D59 
  75      D97B40C4 
  76 0015 A7A21DB9 		.ascii	"\247\242\035\271G/\302P\251|~\000\251- !\265\216\376"
  76      472FC250 
  76      A97C7E00 
  76      A92D2021 
  76      B58EFE
  77 0028 F0633B7A 		.ascii	"\360c;zJ!\254\312@\002\242I\323\311$\260\017\204\315"
  77      4A21ACCA 
  77      4002A249 
  77      D3C924B0 
  77      0F84CD
  78 003b CB74A162 		.ascii	"\313t\241bM\332\370f\315\305}&\227\035yc\276\321K\216"
  78      4DDAF866 
  78      CDC57D26 
  78      971D7963 
  78      BED14B8E 
  79 004f E2036CE9 		.ascii	"\342\003l\351f\353\011\204\006x\017;J\330y[\274\256"
  79      66EB0984 
  79      06780F3B 
  79      4AD8795B 
  79      BCAE
  80 0061 86011BA8 		.ascii	"\206\001\033\250\266A\347\370yD\336\177\307\027\276"
  80      B641E7F8 
  80      7944DE7F 
  80      C717BE
  81 0070 AB1FFB2E 		.ascii	"\253\037\373. \016~pH\346\200?\020*V,\375\256\364\200"
  81      200E7E70 
  81      48E6803F 
  81      102A562C 
  81      FDAEF480 
  82 0084 69047C2B 		.ascii	"i\004|+\206\233"
  82      869B
  83              		.text
  84              		.section	.gnu.lto_.pureconst.9b771d33f69dbfbe,"e",%progbits
  85 0000 789CE362 		.ascii	"x\234\343b```fh`a\234\301\302<\203\005\000\011\037\001"
  85      60606066 
  85      6860619C 
  85      C1C23C83 
  85      0500091F 
  86 0015 CE       		.ascii	"\316"
  87              		.text
  88              		.section	.gnu.lto_.ipa_modref.9b771d33f69dbfbe,"e",%progbits
  89 0000 789CD360 		.ascii	"x\234\323````c\200\000f\006F&(\223\201\021\306h\340"
  89      60606063 
  89      80006606 
  89      46262893 
  89      8111C668 
  90 0015 6186337B 		.ascii	"a\2063{\032\032\032$\030\030X\365\222\375\025\030\000"
  90      1A1A1A24 
  90      181858F5 
  90      92FD1518 
  90      00
  91 0026 3CD2046E 		.ascii	"<\322\004n"
  92              		.text
  93              		.section	.gnu.lto_.lto.9b771d33f69dbfbe,"e",%progbits
  94 0000 0C000000 		.ascii	"\014\000\000\000\001\000\000\000"
  94      01000000 
  95              		.text
  96              		.section	.gnu.lto__Z11printf_nullPKcz.273.9b771d33f69dbfbe,"e",%progbits
  97 0000 789C254D 		.ascii	"x\234%M\273N\303@\020\334\275\213\003\026%\017\211."
  97      BB4EC340 
  97      10DCBD8B 
  97      0316250F 
  97      892E
  98 0012 12B57D42 		.ascii	"\022\265}B\360\001(\005\025\242!\324\350\010\027\260"
  98      F0012805 
  98      15A221D4 
  98      E80817B0 
  99 0022 B07DE67C 		.ascii	"\260}\346|\221+\344\213\3134$\371\205 \004\025-/!W\324"
  99      912BE48B 
  99      CB3424F9 
  99      85200415 
  99      2D2F2157 
 100 0037 88869686 		.ascii	"\210\206\226\206\006~\200\002\011\316\361J\263\232\331"
 100      067E8002 
 100      09CEF14A 
 100      B39AD9
 101 0046 99D58C00 		.ascii	"\231\325\214\000 \263X\263@\0128\031\017\011\030c\266"
 101      20B358B3 
 101      400A3819 
 101      0F091863 
 101      B6
 102 0057 E6080EC6 		.ascii	"\346\010\016\306C\027\037q\246\020r\2029^Qf\345\317"
 102      43171F71 
 102      A6107282 
 102      395E5166 
 102      E5CF
 103 0069 E7F7E866 		.ascii	"\347\367\350f\305\\\227\370\005\220\303l\034l.b\303"
 103      C55C97F8 
 103      0590C36C 
 103      1C6C2E62 
 103      C3
 104 007a EE656C39 		.ascii	"\356el98\177\006^i\314\353\363\2231.\234?`~\217w\010"
 104      387F065E 
 104      69CCEBF3 
 104      93312E9C 
 104      3F607E8F 
 105 0090 402C60A1 		.ascii	"@,`\241~\252\350\355\233\363Q\374\376]\030\363\276\364"
 105      7EAAE8ED 
 105      9BF351FC 
 105      FE5D18F3 
 105      BEF4
 106 00a2 E2128029 		.ascii	"\342\022\200)\255\332M\303\232\227\224\324tP\002\024"
 106      ADDA4DC3 
 106      9A9794D4 
 106      74500214 
 107 00b2 B468CD7A 		.ascii	"\264h\315z\246\024\353\253)+\331a\373\251P)K\204\026"
 107      A614EBAB 
 107      292BD961 
 107      FBA95029 
 107      4B8416
 108 00c5 8A1D07FA 		.ascii	"\212\035\007\372\244\177\310\"\036\360\230\263\220k"
 108      A47FC822 
 108      1EF098B3 
 108      906B
 109 00d3 916AB61D 		.ascii	"\221j\266\035\250(\343J\260\216\342q\232\310\370\310"
 109      A828E34A 
 109      B08EE271 
 109      9AC8F8C8 
 110 00e3 26773637 		.ascii	"&w67\326\275]\221\265\225\340\247\262\257S\257-\245"
 110      D6BD5D91 
 110      B595E0A7 
 110      B2AF53AF 
 110      2DA5
 111 00f5 0E25B726 		.ascii	"\016%\267&\254\372>\333S]\226\250 \326\275\003[\020"
 111      ACFA3EDB 
 111      535D96A8 
 111      20D6BD03 
 111      5B10
 112 0107 F0D0EF26 		.ascii	"\360\320\357&\0114{RE\\\377\003\033\354\\ "
 112      09347B52 
 112      455CFF03 
 112      1BEC5C20 
 113              		.text
 114              		.section	.gnu.lto__Z17printf_serial_nowPKcz.274.9b771d33f69dbfbe,"e",%progbits
 115 0000 789C5D50 		.ascii	"x\234]P\277k\024Q\020\236\357\275\273\363B$\202?\261"
 115      BF6B1451 
 115      109EEFBD 
 115      BBF34224 
 115      823FB1
 116 0013 132CC3DD 		.ascii	"\023,\303\335C\264WR\244\0126\306R\302\363\334\350\222"
 116      43B45752 
 116      A40A36C6 
 116      52C2F3DC 
 116      E892
 117 0025 DBDBCDDB 		.ascii	"\333\333\315\333=.!\312M\016E\270Fc\341\037`D\266P\354"
 117      3D2E21CA 
 117      4D0E45B8 
 117      4663E11F 
 117      6044B650 
 118 003a 44E39D1C 		.ascii	"D\343\235\034\321B\324B,D\320\342\032\305\037MJ\213"
 118      D142D442 
 118      2C44D0E2 
 118      1AC51F4D 
 118      4A8B
 119 004c 609CDD43 		.ascii	"`\234\335CA\007\336\314||3\337\314\274e\020]&\242\243"
 119      4107DECC 
 119      7C7C33DF 
 119      CCBC6510 
 119      5D26A2A3 
 120 0060 F2A009B7 		.ascii	"\362\240\011\267\326\272\212\230\371\324.\205\325\265"
 120      D6BA8A98 
 120      F9D42E85 
 120      D5B5
 121 006e EE18FAC8 		.ascii	"\356\030\372\310\021\250\255\320\306=m\004\376\374\374"
 121      11A8ADD0 
 121      C63D6D04 
 121      FEFCFC
 122 007d 63F8ED10 		.ascii	"c\370\355\020\247\003|'jSnE\224\366\241 \376\000\216"
 122      A7037C27 
 122      6A536E45 
 122      94F6A120 
 122      FE008E
 123 0090 14515EA4 		.ascii	"\024Q^\244\312\200\371\355\233\036\363\030]\331@\373"
 123      CA80F9ED 
 123      9B1EF318 
 123      5DD940FB 
 124 00a0 091ECB28 		.ascii	"\011\036\313(\205\274\264\274$n\362&\363\326\207GK/"
 124      85BCB4BC 
 124      246EF226 
 124      F3D68747 
 124      4B2F
 125 00b2 B9B0D2FB 		.ascii	"\271\260\322\373S 6N}\344\252\002\201\036\036\276+\016"
 125      5320364E 
 125      7DE4AA02 
 125      811E1EBE 
 125      2B0E
 126 00c4 3BDB3B37 		.ascii	";\333;7\230w\366\177\031/k`C\230u\235\255\311\005I\357"
 126      9877F67F 
 126      192F6B60 
 126      4398759D 
 126      ADC90549 
 127 00d9 6A354A57 		.ascii	"j5JW\007D\254\257\245\275\367\240.\324r\213$\010Sn\366"
 127      0744ACAF 
 127      A5BDF7A0 
 127      2ED4728B 
 127      2408536E 
 128 00ee F10C9854 		.ascii	"\361\014\230T%\241\257\247\237nOd\364b\230o\035@\274"
 128      25A1AFA7 
 128      9F6E4F64 
 128      F462986F 
 128      1D40BC
 129 0101 C06041E2 		.ascii	"\300`A\342}\220\377\034\233Y{\207\371\353D\360B\032"
 129      7D90FF1C 
 129      9B597B87 
 129      F9EB44F0 
 129      421A
 130 0113 4B1F090C 		.ascii	"K\037\011\014\255e\027\265[\024\256\246\333\243\001"
 130      AD6517B5 
 130      5B14AEA6 
 130      DBA301
 131 0122 5EED9F01 		.ascii	"^\355\237\001jOF\016\237>\310\311\271s\364\237\360\253"
 131      6A4F460E 
 131      9F3EC8C9 
 131      B973F49F 
 131      F0AB
 132 0134 BFC2E9C1 		.ascii	"\277\302\351\301\340u\326\260\227~\251\315\255\354\310"
 132      E075D6B0 
 132      977EA9CD 
 132      ADECC8
 133 0143 9377E480 		.ascii	"\223w\344\200\025\352\350\316\260_\314\277a]ct\025\017"
 133      15EAE8CE 
 133      B05FCCBF 
 133      615D6374 
 133      150F
 134 0155 32386BCE 		.ascii	"28k\316\306\236\213M\344%\2363\027\375\344R\363\274"
 134      C69E8B4D 
 134      E4259E33 
 134      17FDE452 
 134      F3BC
 135 0167 09AC6F1B 		.ascii	"\011\254o\033\326\324m\342\305\211\231\366]\320\262"
 135      D6D46DE2 
 135      C58999F6 
 135      5DD0B2
 136 0176 CE33B3CE 		.ascii	"\3163\263\3166\342(l\\\220\312\231\023\307\217UN{\255"
 136      36E2286C 
 136      5C90CA99 
 136      13C78F55 
 136      4E7BAD
 137 0189 29E7D985 		.ascii	")\347\331\205\260\231\304\225\2510L\352\241\025\222"
 137      B099C495 
 137      A9304CEA 
 137      A11592
 138 0198 0E57ABE6 		.ascii	"\016W\253\346\214\253\231\310\371\215d~N\006\370\266"
 138      8CAB99C8 
 138      F98D647E 
 138      4E06F8B6 
 139 01a8 5EAD4511 		.ascii	"^\255E\021\225\346C\027\330\244P\367\343\34477\271\241"
 139      95E64317 
 139      D8A450F7 
 139      E3E43737 
 139      B9A1
 140 01ba BE       		.ascii	"\276"
 141              		.text
 142              		.section	.gnu.lto__Z13printf_serialPKcz.275.9b771d33f69dbfbe,"e",%progbits
 143 0000 789C6553 		.ascii	"x\234eSkH\024Q\024>\347\336\331\331]E\333\250\224\300"
 143      6B481451 
 143      143EE7DE 
 143      D9D95D45 
 143      DBA894C0 
 144 0014 48842210 		.ascii	"H\204\"\020\035\242\210\376\025FE\364\"4\"\202d\262"
 144      1DA288FE 
 144      154645F4 
 144      22342282 
 144      64B2
 145 0026 D596D45D 		.ascii	"\325\226\324]gG\322\244f\\_\261\021\271\021\376\010"
 145      6747D2A4 
 145      665C5FB1 
 145      11B911FE 
 145      08
 146 0037 83CA1E1B 		.ascii	"\203\312\036\033)!\"\371\330r\363EP\320\343G\376\020"
 146      292122F9 
 146      D872F345 
 146      50D0E347 
 146      FE10
 147 0049 6C497A60 		.ascii	"lIz`\010\366\317\310\036\347\316\272f:\314\334{^\337"
 147      08F6CFC8 
 147      1EE7CEBA 
 147      663ACCDC 
 147      7B5EDF
 148 005c 39E73BF7 		.ascii	"9\347;\367\316\015\016p\021\000<\364\241\035\360Z(\310"
 148      CE0D0E70 
 148      11003CF4 
 148      A11DF05A 
 148      28C8
 149 006e C034CD9D 		.ascii	"\3004\315\235v\306\352B\227\031F\220\264L\251!\224j"
 149      76C6EA42 
 149      97194690 
 149      B44CA921 
 149      946A
 150 0080 ED9CD50B 		.ascii	"\355\234\325\013k\024_\336n\315\222\032C\251\335\023"
 150      6B145FDE 
 150      6ECD921A 
 150      43A9DD13 
 151 0090 93EB2409 		.ascii	"\223\353$\011[BI\026\312FR\"\203\214\265\241\240\023"
 151      5B424916 
 151      CA465222 
 151      838CB5A1 
 151      A013
 152 00a2 FBD1D210 		.ascii	"\373\321\322\020\014\306%\233\214\006\336\347\012\231"
 152      0CC6259B 
 152      8C06DEE7 
 152      0A99
 153 00b0 663F7D6B 		.ascii	"f?}k\236N3\303Q\234\0020\300zl(\257B\211\3265\230iC"
 153      9E4E33C3 
 153      519C0230 
 153      C07A6C28 
 153      AF4289D6 
 154 00c8 4705E444 		.ascii	"G\005\344DM\363\315\213\210i:\341B\037\032\275\330\203"
 154      4DF3CD8B 
 154      88693AE1 
 154      421F1ABD 
 154      D883
 155 00da 008C3E48 		.ascii	"\000\214>H\266@\314\206$DP@\035U\264d\023`f:R\365\302"
 155      B640CC86 
 155      24445040 
 155      1D55B464 
 155      1360663A 
 156 00f1 946A9E25 		.ascii	"\224j\236%\000V\346d\030@x\212q\021\242q\310y\001i&"
 156      0056E664 
 156      1840788A 
 156      7111A271 
 156      C8790169 
 157 0106 C8EC7B01 		.ascii	"\310\354{\001\251\036\\\004I\206!\204\347V\234\025\022"
 157      A91E5C04 
 157      49862184 
 157      E7569C15 
 157      12
 158 0117 9C6C5AD1 		.ascii	"\234lZ\321\\\353X\0223\022OJ/\307g\210\203\210\303\370"
 158      5CEB5812 
 158      33124F4A 
 158      2FC76788 
 158      8388C3F8 
 159 012b F89D2D16 		.ascii	"\370\235-\026\230\373s\3254\307\322F\267\244#0\211Q"
 159      98FB73D5 
 159      34C7D246 
 159      B7A42330 
 159      8951
 160 013d AB1C986C 		.ascii	"\253\034\230l\007fw\"\366\241\013(\034\240\215\213a"
 160      07667722 
 160      F6A10B28 
 160      1CA08D8B 
 160      61
 161 014e 99128977 		.ascii	"\231\022\211w9\213\213\265Q\000\223\327\305\306:\235"
 161      398B8BB5 
 161      510093D7 
 161      C5C63A9D 
 162 015e 347F6E0F 		.ascii	"4\177n\017\"\363\226\021\327$\370\301\352\247\206R\271"
 162      22F39611 
 162      D724F8C1 
 162      EAA78652 
 162      B9
 163 016f 5DAE8897 		.ascii	"]\256\210\227'\014\257%\014[\300\214w'\341\000r$\214"
 163      270CAF25 
 163      0C5BC08C 
 163      7727E100 
 163      72248C
 164 0182 A7843029 		.ascii	"\247\2040)dm\270\365\026\271\213,E\252\350R.\304L\266"
 164      646DB8F5 
 164      16B98B2C 
 164      45AAE852 
 164      2EC44CB6 
 165 0196 329EABBF 		.ascii	"2\236\253\277\037\3510\271K\256YH(\2657~\277\204\363"
 165      1FE930B9 
 165      4BAE5948 
 165      28B5377E 
 165      BF84F3
 166 01a9 091BC291 		.ascii	"\011\033\302\221\211+\2104\010\202\2378\016\264Q9\307"
 166      892B8834 
 166      08829F38 
 166      0EB45139 
 166      C7
 167 01ba B1216289 		.ascii	"\261!b\211\331l\015\374f\201\226\340\330\230\223\323"
 167      D96C0DFC 
 167      668196E0 
 167      D89893D3 
 168 01ca 49B45BBE 		.ascii	"I\264[\276\374\223\257\220F\266\215\344p\306\221\327"
 168      FC93AF90 
 168      46B68DE4 
 168      70C691D7 
 169 01da 7818E635 		.ascii	"x\030\3465\307\3017\270?\241|\335\270\357-\356M\344"
 169      C7C137B8 
 169      3FA17CDD 
 169      B8EF2DEE 
 169      4DE4
 170 01ec AB7C87A2 		.ascii	"\253|\207\242ZS\370z\262(\264{\027\365\311\344q\300"
 170      5A53F87A 
 170      B228B47B 
 170      17F5C9E4 
 170      71C0
 171 01fe 59E04E9A 		.ascii	"Y\340N\232)[O\336\372\360\334D\212p\017\030O\215\377"
 171      295B4FDE 
 171      FAF0DC44 
 171      8A700F18 
 171      4F8DFF
 172 0211 3A615916 		.ascii	":aY\026\367\237\277\220s\362\367\032O\304\325\330`Q"
 172      F79FBF90 
 172      73F2F71A 
 172      4FC4D5D8 
 172      6051
 173 0223 BF69B5DE 		.ascii	"\277i\265\336et\222\211s\356b\233\250\347\301\031qR"
 173      65749289 
 173      73EE629B 
 173      A8E7C119 
 173      7152
 174 0235 3BEED0B4 		.ascii	";\356\320\264\253-\322\266\305Sl\010\317}\354A\034Y"
 174      AB2DD2B6 
 174      C5536C08 
 174      CF7DEC41 
 174      1C59
 175 0247 4A7A0447 		.ascii	"Jz\004G\343\244E\247\255\223Q\226\350\225.l\207!H\223"
 175      E3A445A7 
 175      AD935196 
 175      E8952E6C 
 175      87214893 
 176 025b DE613C32 		.ascii	"\336a<2@\314\002\036\032\037pB\344\010\020\335\325\035"
 176      40CC021E 
 176      1A1F7042 
 176      E40810DD 
 176      D51D
 177 026d 468CE082 		.ascii	"F\214\340\202\223\211\304i8\301)2\271}\031'Q\310\342"
 177      9389C469 
 177      38C12932 
 177      B97D1927 
 177      51C8E2
 178 0280 541FEB1A 		.ascii	"T\037\353\032M\027\356\007\306=\003\226\027\370\274"
 178      4D17EE07 
 178      C63D0396 
 178      17F8BC
 179 028f 50209CD1 		.ascii	"P \234\321a|\021\260\334yz\303\213\351\311\377.V\200"
 179      617C11B0 
 179      DC797AC3 
 179      8BE9C9FF 
 179      2E5680
 180 02a2 0762BDA3 		.ascii	"\007b\275\243\016\372-\255\363n\343\030\367\231Q\241"
 180      0EFA2DAD 
 180      F36EE318 
 180      F79951A1 
 181 02b2 162847FD 		.ascii	"\026(G\375n\315\257\370\334\272[SJ<\372\231\312SJ\231"
 181      6ECDAFF8 
 181      DCBA5B53 
 181      4A3CFA99 
 181      CA534A99 
 182 02c6 EA51CB55 		.ascii	"\352Q\313U\245T\325\335~]\331\343\321\312\316\251\232"
 182      A554D5DD 
 182      7E5DD9E3 
 182      D1CACEA9 
 182      9A
 183 02d7 5B29D0D4 		.ascii	"[)\320\324r\277\317[~\232\"\017l\335\2629\347\220\373"
 183      72BFCF5B 
 183      7E9A220F 
 183      6CDDB239 
 183      E790FB
 184 02ea 5C9EE656 		.ascii	"\\\236\346V\317z+u\177N\236\327\253\227zUr\302\332\334"
 184      CF7A2B75 
 184      7F4E9ED7 
 184      AB977A55 
 184      72C2DADC 
 185 02fe 5C255F2B 		.ascii	"\\%_+R|\232\247\\/.\244\002\036\2654\267\310\347\003"
 185      527C9AA7 
 185      5C2F2EA4 
 185      021EB534 
 185      B7C8E703 
 186 0312 B9D8AB95 		.ascii	"\271\330\253\225\251:\272\245R\217_\377\013\2674P\020"
 186      A93ABAA5 
 186      528F5FFF 
 186      0BB73450 
 186      10
 187              		.text
 188              		.section	.gnu.lto_.symbol_nodes.9b771d33f69dbfbe,"e",%progbits
 189 0000 789C75D0 		.ascii	"x\234u\3209n\002A\020@\321\332faXo@\302Q|\024\356Qc"
 189      396E0241 
 189      1040D1DA 
 189      6661586F 
 189      40C2517C 
 190 0018 34420E07 		.ascii	"4B\016\007\2349&\344\004D\004\304\234br\263\223\031"
 190      9C3926E4 
 190      044404C4 
 190      9C6272B3 
 190      9319
 191 002a 0AAA1D20 		.ascii	"\012\252\035 \321\035}\351UwK\365\207\000@3\322\244"
 191      D11D7DE9 
 191      55774BF5 
 191      87004033 
 191      D2A4
 192 003c B423586F 		.ascii	"\264#Xo\001\024`UO\350\001s\322\364\005~\034\222\232"
 192      01146055 
 192      4FE80173 
 192      D2F4057E 
 192      1C929A
 193 004f 685DD95D 		.ascii	"h]\331]\246o\322\354\335\010\036D\363[8\303'\002\224"
 193      A66FD2EC 
 193      DD081E44 
 193      F35B38C3 
 193      270294
 194 0062 75F9B4BD 		.ascii	"u\371\264\275h+f;\321\"f\277\242\355\230]E;1\273\210"
 194      682B663B 
 194      D12266BF 
 194      A2ED985D 
 194      453B31BB 
 195 0077 76637616 		.ascii	"vcv\026\355\305\354$\332\217\331Qt\0201\306\260\222"
 195      EDC5EC24 
 195      DA8FD951 
 195      741031C6 
 195      B092
 196 0089 1163D8DF 		.ascii	"\021c\330\337\007cX\361\230Q\274*d\356\374\017r\373"
 196      076358F1 
 196      9851BC2A 
 196      64EEFC0F 
 196      72FB
 197 009b D38A8CB9 		.ascii	"\323\212\214\271\360zp\266\234\356\277\0207\226\251"
 197      F07A70B6 
 197      9CEEBF10 
 197      3796A9
 198 00aa 67953227 		.ascii	"g\2252'\236\013\313V\030\260\314=\033\313\314_Xdv\315"
 198      9E0BCB56 
 198      18B0CC3D 
 198      1BCBCC5F 
 198      586476CD 
 199 00be 73639978 		.ascii	"sc\231x6\226\022\276(\340\016:\300\2659"
 199      369612BE 
 199      28E00E3A 
 199      C0B539
 200              		.text
 201              		.section	.gnu.lto_.refs.9b771d33f69dbfbe,"e",%progbits
 202 0000 789C1365 		.ascii	"x\234\023e```bdbbb`bba`bfb\342\003\262\004\030\030\000"
 202      60606062 
 202      64626262 
 202      60626261 
 202      60626662 
 203 001b 04380052 		.ascii	"\0048\000R"
 204              		.text
 205              		.section	.gnu.lto_.decls.9b771d33f69dbfbe,"e",%progbits
 206 0000 789CB558 		.ascii	"x\234\265X{PTW\232?\367\234Ks\033\033\020\037\221L\222"
 206      7B505457 
 206      9A3FF79C 
 206      4B731B1B 
 206      101F914C 
 207 0015 AD4CD556 		.ascii	"\255L\325V\215EF\260E'\316nv7\211C2\354$Y'\230\335\255"
 207      8D4546B0 
 207      4527CE6E 
 207      76378943 
 207      32EC2459 
 208 002d F9A7B76D 		.ascii	"\371\247\267m[\354\265\037lw\2238\251\255\332\333\320"
 208      5BECB51F 
 208      6C779338 
 208      A9ADDADB 
 208      D0
 209 003e 628B0A0D 		.ascii	"b\213\012\015\321\210\212\210\020|?\360\205\250 \315"
 209      D1888A88 
 209      107C3FF0 
 209      85A820CD 
 210 004e C307F800 		.ascii	"\303\007\370\000\337\274T\"\342\033m\025\241\023I\330"
 210      DFBC5422 
 210      E21B6D15 
 210      A11349D8 
 211 005e EF9C7BBB 		.ascii	"\357\234{\273\233n3\265U\353\244\213\217\276\367|\347"
 211      9B6E33B5 
 211      55EBA48B 
 211      8FBEF77C 
 211      E7
 212 006f FBBEDFF7 		.ascii	"\373\276\337\3678\3379\247{^C\350\317*\204\026q\010"
 212      38DF39A7 
 212      7B5E43E8 
 212      CF2A8416 
 212      7108
 213 0081 8DC08747 		.ascii	"\215\300\207G\010]\000\212\003\252\006j\000j\001:\003"
 213      085D008A 
 213      03AA066A 
 213      006A013A 
 213      03
 214 0092 D4057403 		.ascii	"\324\005t\003\250\017\350\016P?\220\017H\005\262\343"
 214      A80FE80E 
 214      503F900F 
 214      4805B2E3 
 215 00a2 80DC40AB 		.ascii	"\200\334@\253\200\332\200.\002\265\003\035\003\302\262"
 215      80DA802E 
 215      02B5031D 
 215      03C2B2
 216 00b1 1CD5750A 		.ascii	"\034\325u\012\336\307\313:\350\373i\240\016Y\236\332"
 216      DEC7CB3A 
 216      E8FB69A0 
 216      0E599EDA 
 217 00c1 8883EF4E 		.ascii	"\210\203\357NN\322\331\305I\266\233\201\306\300s7'\331"
 217      4ED2D9C5 
 217      49B69B81 
 217      C6C07337 
 217      27D9
 218 00d3 1B02BACA 		.ascii	"\033\002\272\312I\366\037\000\235\203\347$\031\023\325"
 218      49F61F00 
 218      9D83E724 
 218      1913D5
 219 00e2 F9F758D2 		.ascii	"\371\367X\322\373\016|\377\003\320?\002\255\2009\377"
 219      FB0E7CFF 
 219      03D03F02 
 219      AD8039FF 
 220 00f2 84254C57 		.ascii	"\204%LW\200\336\305\022\306\013@\357a\0113\365\257\225"
 220      80DEC512 
 220      C60B40EF 
 220      610933F5 
 220      AF95
 221 0104 7B11CF74 		.ascii	"{\021\317t\340\277\0154\025\350.\274\253\341\373&|\337"
 221      E0BF0D34 
 221      15E82EBC 
 221      ABE1FB26 
 221      7CDF
 222 0116 1E85351C 		.ascii	"\036\2055\034\337\373X\212\305J\240YX\212M~\230O\243"
 222      DFFB588A 
 222      C54AA059 
 222      588A4D7E 
 222      984FA3
 223 0129 7D508CE7 		.ascii	"}P\214\347x\305D\356M\036\017\2358\335\247\212\363\210"
 223      78C544EE 
 223      4D1E0F9D 
 223      38DDA78A 
 223      F388
 224 013b A24F2C6D 		.ascii	"\242O,m\340\257\242j\356 \314;\004$`$\360h\206\310>"
 224      E0AFA26A 
 224      EE20CC3B 
 224      04246024 
 224      F06886C8 
 225 0150 65B1E808 		.ascii	"e\261\350\010\214\321\2170\031\361\302\352\266\263e"
 225      8CD18F30 
 225      19F1C2EA 
 225      B6B365
 226 015f E4971C17 		.ascii	"\344\227\034\027\233\010\377\262Dq8\266\216\203i^\261"
 226      9B08FFB2 
 226      447138B6 
 226      8E83695E 
 226      B1
 227 0170 C141D08C 		.ascii	"\301A\320\214i\310\303\325q\250\236;J\007\205:\256\226"
 227      69C8C3D5 
 227      71A89E3B 
 227      4A07853A 
 227      AE96
 228 0182 AB61D287 		.ascii	"\253a\322\2079\004\223K\247\327q<\356\336\265\357Rt"
 228      3904934B 
 228      A7D7713C 
 228      EEDEB5EF 
 228      5274
 229 0194 2C15F2C8 		.ascii	",\025\362\310B\265~!\036\257\277}\375\242\020\200\325"
 229      42B57E21 
 229      1EAFBF7D 
 229      FDA21080 
 229      D5
 230 01a5 C049B01A 		.ascii	"\300I\260\032)\254)\024\275\310\001|Q\020\376\216\276"
 230      29AC2914 
 230      BDC8017C 
 230      5110FE8E 
 230      BE
 231 01b6 8C201E57 		.ascii	"\214 \036W\234)\375\230*\363\211\036\247r\2744\275\231"
 231      9C29FD98 
 231      2AF3891E 
 231      A772BC34 
 231      BD99
 232 01c8 43EA93A0 		.ascii	"C\352\223\240,w\373n\0177\011\230N\321\365\037u\334"
 232      2C77FB6E 
 232      0F370998 
 232      4ED1F51F 
 232      75DC
 233 01da 718E9649 		.ascii	"q\216\226I\013G\371\350-\267[\364\255\316\351\276\021"
 233      0B47F9E8 
 233      2DB75BF4 
 233      ADCEE9BE 
 233      11
 234 01eb BB1E9091 		.ascii	"\273\036\220\221\026\356\004@\225f4Qk{9P^\324\273\371"
 234      16EE0440 
 234      95663451 
 234      6B7B3950 
 234      5ED4BBF9 
 235 01ff 2B12CFB4 		.ascii	"+\022\317\264\273<\274\024\243\323\334U\204\256Q\247"
 235      BB3CBC14 
 235      A3D3DC55 
 235      84AE51A7 
 236 020f 78BC6DC9 		.ascii	"x\274m\311.\037\016\240=#\243=\013\244\370\02572B\340"
 236      2E1F0EA0 
 236      3D23A33D 
 236      0BA4F815 
 236      373242E0 
 237 0223 3F12C077 		.ascii	"?\022\300w\001\324\002^\014\330\307\012\220{\341\034"
 237      01D4025E 
 237      0CD8C70A 
 237      907BE11C 
 238 0233 D53EB46F 		.ascii	"\325>\264o \227$\322@\375\352\262\034\247K0\256h\333"
 238      209724D2 
 238      40FDEAB2 
 238      1CA74B30 
 238      AE68DB
 239 0246 E59C110B 		.ascii	"\345\234\021\013\341\205?P= \2669\"\240\210\240\204"
 239      E1853F50 
 239      3D20B639 
 239      22A088A0 
 239      84
 240 0257 AE705057 		.ascii	"\256pPW\235\\\007\013\374\010\274\340v\216\347\007;"
 240      9D5C070B 
 240      FC08BCE0 
 240      768EE707 
 240      3B
 241 0268 D72DE312 		.ascii	"\327-\343\022\243)\312\242\374.\014\365q^\326\006V\230"
 241      A329CAA2 
 241      FC2E0CF5 
 241      715ED606 
 241      5698
 242 027a 82D27A98 		.ascii	"\202\322z\230\3104tq\335\300k\343Z!:#u\275\367\025O"
 242      C8347471 
 242      DDC06BE3 
 242      5A213A23 
 242      75BDF715 
 243 028f 69A24E8A 		.ascii	"i\242N\212\036G\223\340.\273#V\212\245\313]\234\303"
 243      1E4793E0 
 243      2EBB2356 
 243      8AA5CB5D 
 243      9CC3
 244 02a1 932D5636 		.ascii	"\223-V6\035?\247.-or\025\3202\3406\356\027\227\224f"
 244      1D3FA72E 
 244      2D6F7215 
 244      D032E036 
 244      EE179794 
 245 02b6 E7A84ACB 		.ascii	"\347\250J\313\263\227\027:\305h\251:\304\261@9E\242"
 245      B397173A 
 245      C568A93A 
 245      C4B14039 
 245      45A2
 246 02c8 D8066A9C 		.ascii	"\330\006j\234m\016\261\307\303\3658`\254\262G\374\205"
 246      6D0EB1C7 
 246      C3F53860 
 246      ACB247FC 
 246      85
 247 02d9 34C3A358 		.ascii	"4\303\243X\013\332\327\212\242\373\027YE=be\226\330"
 247      0BDAD78A 
 247      A2FB1759 
 247      453D6265 
 247      96D8
 248 02eb 16B7762F 		.ascii	"\026\267v/\345(\200\226V\346U\213\261\245\331\335\256"
 248      E5288096 
 248      56E6558B 
 248      B1A5D9DD 
 248      AE
 249 02fc D246F1D5 		.ascii	"\322F\361\325R\247(\026\211N\017\267\006XkE\227\033"
 249      52A72816 
 249      894E0FB7 
 249      06586B45 
 249      971B
 250 030e 2FCF6A12 		.ascii	"/\317j\02277f;8\252T\314\022]q\3562'@j\022\377\253\240"
 250      3737663B 
 250      38AA54CC 
 250      125D71EE 
 250      3227406A 
 251 0326 CCE37288 		.ascii	"\314\343r\210\316\245c\351\260X\326$\306\321\221\202"
 251      CEA563E9 
 251      B058D624 
 251      C6D19182 
 252 0336 AC26575C 		.ascii	"\254&W\\A\226S,(m\0221\310\270\034\240\225s\224\212"
 252      4196532C 
 252      286D1231 
 252      C8B81CA0 
 252      9573948A 
 253 034a 62414F84 		.ascii	"bAO\204\230\345q\211\"\235Q&\212\016\361wb\031\030\241"
 253      98E57189 
 253      229D5126 
 253      8A0EF177 
 253      621918A1 
 254 035e FC02F1A4 		.ascii	"\374\002\361\244\313Q&:\270\2022\360\270\314)N*\020"
 254      CB51263A 
 254      B88232F0 
 254      B8CC294E 
 254      2A10
 255 0370 9DF401A6 		.ascii	"\235\364\001\246\2769\233\306\2229\203\021 \024\335"
 255      BE399BC6 
 255      92398311 
 255      2014DD
 256 037f E2BB90BD 		.ascii	"\342\273\220\275*q\357\3351\0034|\003\233\276W\"\016"
 256      2A71EFDD 
 256      3103347C 
 256      039BBE57 
 256      220E
 257 0391 C5B8DF45 		.ascii	"\305\270\337E\\\003$\370\030,\240\016Lksp\2505Z\211"
 257      5C0324F8 
 257      182CA00E 
 257      4C6B7370 
 257      A8355A89 
 258 03a5 58FDF2F8 		.ascii	"X\375\362\370\212\343\370\376\350\327\351|Q\234pO\312"
 258      8AE3F8FE 
 258      E8D7E97C 
 258      519C704F 
 258      CA
 259 03b6 28BAC1A1 		.ascii	"(\272\301\241o9ZJ?\234\032.\217\230\\\\$\372\274\271"
 259      6F395A4A 
 259      3F9C1A2E 
 259      8F985C5C 
 259      24FABCB9 
 260 03ca CDA723C5 		.ascii	"\315\247#\305-,\3547\270\0369\227\3279t\215\203\245"
 260      2D2CEC37 
 260      B81E3997 
 260      D739748D 
 260      83A5
 261 03dc 2CF481F6 		.ascii	",\364\201\366\021\252\335\363\370\310\326\310\311EE"
 261      11AADDF3 
 261      F8C8D6C8 
 261      C94545
 262 03eb 62E5D91A 		.ascii	"b\345\331\032Q\214\020=\242p\203\353\223\247\337\364"
 262      518C103D 
 262      A27083EB 
 262      93A7DFF4 
 263 03fb 4F2F2048 		.ascii	"O/ H\330L`\372\221\276U>\314\246\337\015N\277#O\277"
 263      D84C60FA 
 263      91BE553E 
 263      CCA6DF0D 
 263      4EBF234F 
 264 0410 ED9F7E00 		.ascii	"\355\237~\000\246\237\241\323\3355\307\317\023\011\373"
 264      A69FA1D3 
 264      DD35C7CF 
 264      1309FB
 265 041f 6378DDDA 		.ascii	"cx\335\332\333\266N\010\007\337\317\241\007\014\374"
 265      DBB64E08 
 265      07DFCFA1 
 265      070CFC
 266 042e BA9E8BF5 		.ascii	"\272\236\213\365\302d\250\203\352\341\222\216w\032p"
 266      C264A883 
 266      EAE1928E 
 266      771A70
 267 043d 3F775F56 		.ascii	"?w_V|\217\375\0276\361H8\310\303\314\312u\267Z\"A\255"
 267      7C8FFD17 
 267      36F14838 
 267      C8C3CCCA 
 267      75B75A22 
 268 0453 97AEB11A 		.ascii	"\227\256\261\032:RVQr^\011#O8\364\230\023\232\350\320"
 268      3A525651 
 268      725E0923 
 268      4F38F498 
 268      139AE8D0 
 269 0467 AAEE87C7 		.ascii	"\252\356\207\307\204x\026q\227\207)\030\340\236q\322"
 269      84781671 
 269      97872918 
 269      E09E71D2 
 270 0477 92ABB8F6 		.ascii	"\222\253\270\366lH\030\347_r\317\344%7\310`x7]\273\035"
 270      6C4818E7 
 270      5F72CFE4 
 270      2537C860 
 270      78375DBB 
 271 048c 43310F32 		.ascii	"C1\0172\314\355\276\241\343\221\341\230}\034\032b\223"
 271      CCEDBEA1 
 271      E391E198 
 271      7D1C1A62 
 271      93
 272 049d DB5CDF74 		.ascii	"\333\\\337t\306L.r\211'\227\234l\023\205lQ\254\215\360"
 272      C64C2E72 
 272      8927979C 
 272      6C13856C 
 272      51AC8DF0 
 273 04b1 718F18EE 		.ascii	"q\217\030\356\247\034z$\001?\013\300\333)\246\276\216"
 273      A71C7A24 
 273      013F0BC0 
 273      DB29A6BE 
 273      8E
 274 04c2 0B1D9161 		.ascii	"\013\035\221a\255\340\371\250V\360`x\377c\352\006\032"
 274      ADE0F9A8 
 274      56F06078 
 274      FF63EA06 
 274      1A
 275 04d3 66B60B17 		.ascii	"f\266\013\027\267\016\252\244\360\375\300)\272\020G"
 275      B70EAAA4 
 275      F0FDC029 
 275      BA1047
 276 04e2 77BD58FA 		.ascii	"w\275X\372\200\204\333T\237\363r\345\366\330X\217\334"
 276      8084DB54 
 276      9FF372E5 
 276      F6D8588F 
 276      DC
 277 04f3 B8247D0E 		.ascii	"\270$}\016\014{\203\210G`q>}\332\327\302\\\311\302?"
 277      0C7B8388 
 277      4760713E 
 277      7DDAD7C2 
 277      5CC9C23F 
 278 0507 C2EBB192 		.ascii	"\302\353\261\222S\337\304\004\032M\235\354\265\023S"
 278      53DFC404 
 278      1A4D9DEC 
 278      B51353
 279 0516 CBCFBF1F 		.ascii	"\313\317\277\037\312\215\245S\2358\033C\204\327_\257"
 279      CA8DA553 
 279      9D381B43 
 279      84D75FAF 
 280 0526 1B435F7F 		.ascii	"\033C_\177\015\274\326\374\3657X\005&\346`\341!\265"
 280      0DBCD6FC 
 280      F5375805 
 280      26E660E1 
 280      21B5
 281 0538 BBAB387F 		.ascii	"\273\2538\177/\003\346\302K\260\360\214\016m\271Tp\203"
 281      2F03E6C2 
 281      4BB0F08C 
 281      0E6DB954 
 281      7083
 282 054a 87A15CBC 		.ascii	"\207\241\\\274\224\326UK\323\200[\341\017[7\013\333"
 282      94D6554B 
 282      D3805BE1 
 282      0F5B370B 
 282      DB
 283 055b 328C9663 		.ascii	"2\214\226c\264\230\231\333\276$\377\23314n>\337\355"
 283      B49899DB 
 283      BE24FF9B 
 283      31346E3E 
 283      DFED
 284 056d 2DAB2696 		.ascii	"-\253&\226\210\015x9\376^N\367\367R\324\316E\204\245"
 284      880D7839 
 284      FE5E4EF7 
 284      F752D4CE 
 284      4584A5
 285 0580 3A24CDF9 		.ascii	":$\315\371\2002g\344A\236 \245\212v\302\256\241\206"
 285      803267E4 
 285      419E20A5 
 285      8A76C2AE 
 285      A186
 286 0592 A8F04C15 		.ascii	"\250\360L\025bT\300,\016uoZ\035\035\222\251\243\021"
 286      6254C02C 
 286      0E756F5A 
 286      1D1D92A9 
 286      A311
 287 05a4 85380F53 		.ascii	"\2058\017S\223n\214\3620\263y3\002\011\016\005m\263"
 287      936E8CF2 
 287      30B37933 
 287      02090E05 
 287      6DB3
 288 05b6 6F02C543 		.ascii	"o\002\305C\253\365pB\216\002V\000\320\327\012\320sz"
 288      ABF57042 
 288      8E025600 
 288      D0D70AD0 
 288      737A
 289 05c8 EFBE1FC9 		.ascii	"\357\276\037\3114h\000\276\201'\256uS\240\245ph\035"
 289      346800BE 
 289      8127AE75 
 289      53A0A570 
 289      681D
 290 05da AE91B737 		.ascii	"\256\221\2677(\322H$\370\200\034\002\3252\0014\224r"
 290      28D24824 
 290      F8801C02 
 290      D5320134 
 290      9472
 291 05ec F0305658 		.ascii	"\3600VX*\374_\011\243\233\022'\254f\202\202\260Q@\302"
 291      2AFC5F09 
 291      A39B1227 
 291      AC668282 
 291      B05140C2 
 292 0600 36A07A90 		.ascii	"6\240z\220\343\037-\353\337\252Ld\225\323\276\251\343"
 292      E31F2DEB 
 292      DFAA4C64 
 292      95D3BEA9 
 292      E3
 293 0611 D0646E07 		.ascii	"\320dn\007\336\206\213\031\346\255\030\215.\362\355"
 293      DE868B19 
 293      E6AD188D 
 293      2EF2ED
 294 0620 7887C4E0 		.ascii	"x\207\304\340\361\236m\233g\005\322\275\003K\351\336"
 294      F19E6D9B 
 294      6705D2BD 
 294      034BE9DE 
 295 0630 89E99A51 		.ascii	"\211\351\232Q\322`\236\377j_L8\177\027f\023\216+\241"
 295      D2609EFF 
 295      6A5F4C38 
 295      7F176613 
 295      8E2BA1
 296 0643 6A81DA95 		.ascii	"j\201\332\225H\361\006\007\320\336\200\222\373\026\006"
 296      48F10607 
 296      D0DE8092 
 296      FB1606
 297 0652 0680B2A3 		.ascii	"\006\200\262\243\220\2608\0124\234\257jw\013l\357y\243"
 297      90B0380A 
 297      349CAF6A 
 297      770B6CEF 
 297      79A3
 298 0664 5A0EC141 		.ascii	"Z\016\301AH\276\"\273\354\361\311h\272\277K\333;\177"
 298      48BE22BB 
 298      ECF1C968 
 298      BABF4BDB 
 298      3B7F
 299 0676 047BE8EE 		.ascii	"\004{\350\356\236\033O\367\351C\370\010F5\3700\206o"
 299      9E1B4FF7 
 299      E943F808 
 299      4635F830 
 299      866F
 300 0688 9EDFE06E 		.ascii	"\236\337\340n\331\021\033\235\310\370\320\367\217`\230"
 300      D9111B9D 
 300      C8F8D0F7 
 300      8F6098
 301 0697 7114D782 		.ascii	"q\024\327\202\013\373\361>\332z\275\247\262\025\250"
 301      0BFBF13E 
 301      DA7ABDA7 
 301      B215A8
 302 06a6 1657C9DE 		.ascii	"\026W\311\336\036\000\375\252\256=\276\225\312\204\204"
 302      1E00FDAA 
 302      AE3DBE95 
 302      CA8484
 303 06b5 84C4F804 		.ascii	"\204\304\370\004*\330\231\275,\217\253\024I-\336\213"
 303      2AD899BD 
 303      2C8FAB14 
 303      492DDE8B 
 304 06c5 1BA902A4 		.ascii	"\033\251\002\244F(\231\356Z\336\256\354\334|\316\355"
 304      462899EE 
 304      5ADEAEEC 
 304      DC7CCEED 
 305 06d5 20BBF11E 		.ascii	" \273\361\036`I\021\000f5\333\323*\273\033O\210c\235"
 305      60491100 
 305      6635DBD3 
 305      2ABB1B4F 
 305      88639D
 306 06e8 AADDB832 		.ascii	"\252\335\2702\300\334\214\251(\265{\246Q\201\032\303"
 306      C0DC8CA9 
 306      28B57BA6 
 306      51811AC3 
 307 06f8 A2EC64CB 		.ascii	"\242\354d\313\266\002\227a\324\000\"\305\270\016{p="
 307      B6029761 
 307      D40022C5 
 307      B80E7B70 
 307      3D
 308 0709 6EA253A8 		.ascii	"n\242S\250\271\253\001s[B4\202=\341+\210\332f\210\232"
 308      B9AB0173 
 308      5B423482 
 308      3DE12B88 
 308      DA66889A 
 309 071d E059367C 		.ascii	"\340Y6|%*1!>\201Zi?\246@\315\370\270l\005\232>C]\261"
 309      252A3121 
 309      3E815A69 
 309      3FA640CD 
 309      F8B86C05 
 310 0736 84A9F906 		.ascii	"\204\251\371\006\227\343fYM\031\003\346\366c\330\210"
 310      97E36659 
 310      4D1903E6 
 310      F663D888 
 311 0746 4B313A01 		.ascii	"K1:\001\334b\334\202Obio\361v.>+R\301F\274\011X\014"
 311      DC62DC82 
 311      4F62696F 
 311      F1762E3E 
 311      2B52C146 
 312 075e A7140BE1 		.ascii	"\247\024\013\341 X?\016\324\003\010\370\256\305g\312"
 312      20583F0E 
 312      D40308F8 
 312      AEC567CA 
 313 076e 23A56A5A 		.ascii	"#\245jZ{p\351c5\327\212\317\310\010N3?\275\254\232 "
 313      7B70E963 
 313      35D78ACF 
 313      C8084E33 
 313      3FBDAC9A 
 314 0783 926771AB 		.ascii	"\222gq\253\304\020\316\215\201\244\253 \271\233j*[c"
 314      C410CE8D 
 314      81A4AB20 
 314      B99B6A2A 
 314      5B63
 315 0795 12FCB5B8 		.ascii	"\022\374\265\270\364\322\364\206r\261\310\003*N\341"
 315      F4D2F486 
 315      72B1C803 
 315      2A4EE1
 316 07a4 8BC1E053 		.ascii	"\213\301\340S%%\213#\321E|N\326\334\206\375\350\231"
 316      25258B23 
 316      D1457C4E 
 316      D6DC86FD 
 316      E899
 317 07b6 E60B30BB 		.ascii	"\346\0130\273\030\237g\272\327\252\220\220\023\215\370"
 317      189F67BA 
 317      D7AA9090 
 317      138DF8
 318 07c5 9853CFD7 		.ascii	"\230S\317\327\354\213\214O\210OL"
 318      EC8B8C4F 
 318      884F4C
 319 07d0 484C08B8 		.ascii	"HL\010\270Z\204Wc\324\211\257\340\016|\025\267\373]"
 319      5A845763 
 319      D489AFE0 
 319      0E7C15B7 
 319      FB5D
 320 07e2 DD71E0A6 		.ascii	"\335q\340\246\353]G\341\324f\214\256`\026\0159\261\241"
 320      EB5D47E1 
 320      D4668CAE 
 320      60160D39 
 320      B1A1
 321 07f4 72DD2055 		.ascii	"r\335 U\214\273\230\224G\034{\005_\226\341\\\302t\300"
 321      8CBB9894 
 321      471C7B05 
 321      5F96E15C 
 321      C274C0
 322 0807 9B7B7018 		.ascii	"\233{p\0306\377\302\251W\360\006\230\311D\202\016t\364"
 322      36FFC2A9 
 322      57F00698 
 322      C944820E 
 322      74F4
 323 0819 2B50072E 		.ascii	"+P\007.\221%\326\343Q\206s\246^\244\206\003\376\012"
 323      9125D6E3 
 323      518673A6 
 323      5EA48603 
 323      FE0A
 324 082b 2B013FDE 		.ascii	"+\001?\336\335\277\256\216\304\207\"\270\026D \224D"
 324      DDBFAE8E 
 324      C48722B8 
 324      16442094 
 324      44
 325 083c 23E1324C 		.ascii	"#\3412LT\034\356\033\374\0322@K\3007\360\260\371\320"
 325      541CEE1B 
 325      FC1A3240 
 325      4BC037F0 
 325      B0F9D0
 326 084f AFB95EFC 		.ascii	"\257\271^\374\255l\247\007\207\371p\003\367\002\353"
 326      AD6CA707 
 326      87F97003 
 326      F702EB
 327 085e 26F3A154 		.ascii	"&\363\241T\364\326T\264\260$_\307k\2011\012\262P\037"
 327      F4D654B4 
 327      B0245FC7 
 327      6B81310A 
 327      B2501F
 328 0871 8384D340 		.ascii	"\203\204\323@\027\201\272b \321\356\334\223\203\021"
 328      1781BA62 
 328      20D1EEDC 
 328      938311
 329 0880 52AA0A87 		.ascii	"R\252\012\207\034\373^G\367\360\035y\241\336\016m\033"
 329      1CFB5E47 
 329      F7F01D79 
 329      A1DE0E6D 
 329      1B
 330 0891 77F13D89 		.ascii	"w\361=\211\301\343\273\253\357<\343\002}\341\236\\\177"
 330      C1E3BBAB 
 330      EF3CE302 
 330      7DE19E5C 
 330      7F
 331 08a2 F75917BD 		.ascii	"\367Y\027\275\222;\264\204\213\353\371I\336\236\215"
 331      923BB484 
 331      8BEBF949 
 331      DE9E8D
 332 08b1 2B969380 		.ascii	"+\226\223\200\334\003\231\327O\333\311\226X$\354\212"
 332      DC0399D7 
 332      4FDBC996 
 332      5824EC8A 
 333 08c1 458A6E69 		.ascii	"E\212ni\013\213\244\017\324\370\"\2416\226n{\337U5\220"
 333      0B8BA40F 
 333      D4F822A1 
 333      36966E7B 
 333      DF553590 
 334 08d5 D8D290AE 		.ascii	"\330\322\220\256\370\004w#\364\030{\261P\017\302\255"
 334      F8047723 
 334      F4187BB1 
 334      500FC2AD 
 335 08e5 407760AA 		.ascii	"@w`\252j\305\252\363n\025-\220\204\004O\251\350\353"
 335      6AC5AAF3 
 335      6E152D90 
 335      84044FA9 
 335      E8EB
 336 08f7 1E711C78 		.ascii	"\036q\034x\347\333r\361\244\207\353\307\267\260/t\315"
 336      E7DB72F1 
 336      A487EBC7 
 336      B7B02F74 
 336      CD
 337 0908 85AED8EF 		.ascii	"\205\256\330\357\200]\303\015\343\357\361s<\344/\243"
 337      805DC30D 
 337      E3EFF173 
 337      3CE42FA3 
 338 0918 9A45C887 		.ascii	"\232E\310\207\007\345\230<\303h#\004\270D^\305O\361"
 338      07E5983C 
 338      C3682304 
 338      B8445EC5 
 338      4FF1
 339 092a A38046B9 		.ascii	"\243\200F\271i\000wCc\016\343f\341\207!\366\222\231"
 339      69007743 
 339      630EE366 
 339      E18721F6 
 339      9299
 340 093c ECFA80EC 		.ascii	"\354\372\200\354\300hYHN\323Xh\251@]ci\177\237I\267"
 340      C0685948 
 340      4ED35868 
 340      A9405D63 
 340      697F9F49 
 341 0951 16C247ED 		.ascii	"\026\302G\355\355^\334\020\035\017\345\036\254w\007"
 341      ED5EDC10 
 341      1D0FE51E 
 341      AC7707
 342 0960 11097292 		.ascii	"\021\011r\222,R\303-&\331$\207Hy\367\025on\330\035\343"
 342      2C52C32D 
 342      26D92487 
 342      4879F715 
 342      6F6ED81D 
 343 0975 C8F23855 		.ascii	"\310\3628U>\334\207\263\210\264\274\313\002\015\253"
 343      3EDC87B3 
 343      88B4BCCB 
 343      020DAB
 344 0984 2E066591 		.ascii	".\006e\221\021\331\225\0371\253\225\347O\234\002\304"
 344      11D9951F 
 344      31AB95E7 
 344      4F9C02C4 
 345 0994 C6877F08 		.ascii	"\306\207\177\010\010H\325\015\274\037V.\246\274^\274"
 345      0848D50D 
 345      BC1F562E 
 345      A6BC5EBC 
 346 09a4 06785219 		.ascii	"\006xR\031}\315\224\301\306\332[\235\3036\326\373\030"
 346      7DCD94C1 
 346      C6DA5B9D 
 346      C336D6FB 
 346      18
 347 09b5 CE21FC85 		.ascii	"\316!\374\205\365=7c\342\023G\327\313R\342\"\314\222"
 347      F53D3763 
 347      E21347D7 
 347      CB52E222 
 347      CC92
 348 09c7 6CD935DA 		.ascii	"l\3315\3322\217W_\270\360a\240\024\\D\212C.\241eRU\264"
 348      328F575F 
 348      B8F061A0 
 348      145C448A 
 348      432EA165 
 349 09de EABFA9EA 		.ascii	"\352\277\251\352\\\262\204\010{\342`1tom>L\267\213\030"
 349      5CB28408 
 349      7BE26031 
 349      746F6D3E 
 349      4CB78B18 
 350 09f2 79BBC823 		.ascii	"y\273\310#l;p\252h\237XN\362\010\312'+\010\316#<.\351"
 350      6C3B70AA 
 350      689F584E 
 350      F208CA27 
 350      2B08CE23 
 351 0a09 D936F10D 		.ascii	"\3316\361\015y\213\317#\322\026\357&h\031\001\327y\\"
 351      798BCF23 
 351      D216EF26 
 351      681901D7 
 351      795C
 352 0a1b 77ECCC46 		.ascii	"w\354\314FBO\220\336\373\225>Q\230\354&\253dP+\245\355"
 352      424F90DE 
 352      FB953E51 
 352      98EC26AB 
 352      64502BA5 
 353 0a30 BD2A0E1A 		.ascii	"\275*\016\032\031\230\304y7\\w\307\214\013\007\270\222"
 353      1998C479 
 353      375C77C7 
 353      8C0B07B8 
 353      92
 354 0a41 012CDC94 		.ascii	"\001,\334\224\277\035\373\317\021+e#\253\010z\314V\307"
 354      BF1DFBCF 
 354      112B6523 
 354      AB087ACC 
 354      56C7
 355 0a53 F31F8EFC 		.ascii	"\363\037\216\374\250`6Z\272\251\215U\344+)\020\250\220"
 355      A860365A 
 355      BAA98D55 
 355      E42B2910 
 355      A890
 356 0a65 301B9D60 		.ascii	"0\033\235`c8\216\346\370u\310q\017',\036\207\204\025"
 356      63388EE6 
 356      F875C871 
 356      0F272C1E 
 356      878415
 357 0a78 402B814A 		.ascii	"@+\201J\306A8\327t>Y\257\014\015g)\331\020\010\247\257"
 357      C64138D7 
 357      743E59AF 
 357      0C0D6729 
 357      D91008A7 
 358 0a8d 645F215C 		.ascii	"d_!\\\3357\220\022Y\361zz\224>v\354\331Ce \244\033d"
 358      DD379012 
 358      59F17A7A 
 358      943E76EC 
 358      D9436520 
 359 0aa4 C41B19E2 		.ascii	"\304\033\031\342\307\342\245\3338\260*Cy\227\367\014"
 359      C7E2A5DB 
 359      38B02A43 
 359      7997F70C 
 360 0ab4 770477F9 		.ascii	"w\004w\3712\231W\016<\301\013`T\271%\216\215\320r\351"
 360      3299570E 
 360      3CC10B60 
 360      54B9258E 
 360      8DD072E9 
 361 0ac8 6E1ABA5C 		.ascii	"n\032\272\\\266\221\012\260\277\225l&[\310&\352Z\330"
 361      B6910AB0 
 361      BF956C26 
 361      5BC826EA 
 361      5AD8
 362 0ada 7A2B27B7 		.ascii	"z+'\267p\005\011Yo\341\213\307\317\376\351\3053Z\370"
 362      70050959 
 362      6FE18BC7 
 362      CFFEE9C5 
 362      335AF8
 363 0aed C5C5334A 		.ascii	"\305\3053J6\331\277R+\210\177\245~\0037\214\345\343"
 363      36D9BF52 
 363      2B887FA5 
 363      7E03378C 
 363      E5E3
 364 0aff 9162B27C 		.ascii	"\221b\262|$\236\014\033l\361x\332J.\236\036\036\023"
 364      249E0C1B 
 364      6CF178DA 
 364      4A2E9E1E 
 364      1E13
 365 0b11 76C0DA45 		.ascii	"v\300\332E&\243\235d\007\021*\306\303\225\034\250\005"
 365      26A39D64 
 365      07112AC6 
 365      C3951CA8 
 365      05
 366 0b22 66AAB694 		.ascii	"f\252\266\224\225\327G\200\333\320K\250g\235G\313\016"
 366      95D74780 
 366      DBD04BA8 
 366      679D47CB 
 366      0E
 367 0b33 4CBFC13C 		.ascii	"L\277\301<\333M\036\342\252\020\363\245b\345\316r\017"
 367      DB4D1EE2 
 367      AA10F3A5 
 367      62E5CE72 
 367      0F
 368 0b44 3D2B5490 		.ascii	"=+T\220bR%\257$\331k\220\256\334!\237$\310vRE\302N\022"
 368      625225AF 
 368      24D96B90 
 368      AEDC219F 
 368      24C87652 
 369 0b5c 524CD792 		.ascii	"RL\327\2225\004\035\004n\015\267\217T\223\003d?\221"
 369      35041D04 
 369      6E0DB78F 
 369      54930364 
 369      3F91
 370 0b6e 574FF322 		.ascii	"WO\363\"TE\366\312\271\336CX\234\266\227/\223\016\022"
 370      5445F6CA 
 370      B9DE4358 
 370      9CB6972F 
 370      930E12
 371 0b81 A4925485 		.ascii	"\244\222T\205DQ(\235\200\204\035\023\300\201k\333\266"
 371      4451289D 
 371      80841D13 
 371      C0816BDB 
 371      B6
 372 0b92 E44643DA 		.ascii	"\344FC\332\340$A!l\363Cx\210\353F\203\017\203W\027\016"
 372      E0244121 
 372      6CF34378 
 372      88EB4683 
 372      0F835717 
 373 0ba7 8FDAAF0B 		.ascii	"\217\332\257\013\330?LXo\330Y~\212\3551>\\\014\022!"
 373      D83F4C58 
 373      6FD8597E 
 373      8AED313E 
 373      5C0C1221 
 374 0bbb EE867A54 		.ascii	"\356\206zT\013\354\032\356\010\361\220\032rT\256\222"
 374      0BEC1AEE 
 374      08F1901A 
 374      7254AE92 
 375 0bcb CAED7E73 		.ascii	"\312\355~s\225\244.\024|=\200o\001\2724\201.\220\213"
 375      95A42E14 
 375      7C3D806F 
 375      01BA3481 
 375      2E908B
 376 0bde 881E8F23 		.ascii	"\210\036\217#\370\2503\017\236\366\010\254\013\006\264"
 376      F8A8330F 
 376      9EF608AC 
 376      0B06B4
 377 0bed 1F234D04 		.ascii	"\037#M\004\235$\307A{\013i&'\374]\260p\350\361\271\277"
 377      9D24C741 
 377      7B0B6926 
 377      27FC5DB0 
 377      70E8F1B9 
 378 0c02 FDAA94E6 		.ascii	"\375\252\224\346\251\212\254\003>\203\201\240e\312\356"
 378      A98AAC03 
 378      3E8381A0 
 378      65CAEE
 379 0c11 F4F772E8 		.ascii	"\364\367r\3508i\224\375i\220\374\311\253\220\016Fu\344"
 379      386994FD 
 379      6990FCC9 
 379      AB900E46 
 379      75E4
 380 0c23 504064B5 		.ascii	"P@d\265\354\017\000^Q\301\222[G\352\003\\\265\324\011"
 380      EC0F005E 
 380      51C1925B 
 380      47EA035C 
 380      B5D409
 381 0c36 F3BACE6E 		.ascii	"\363\272\316n\245\327\032\324Mod|\353\323\226\011\241"
 381      A5D71AD4 
 381      4D6F647C 
 381      EBD39609 
 381      A1
 382 0c47 2BF70C39 		.ascii	"+\367\0149\035l\204\324\366\351\321\266\351nZ\274?2"
 382      1D6C84D4 
 382      F6E9D1B6 
 382      E96E5ABC 
 382      3F32
 383 0c59 B0FE4ECB 		.ascii	"\260\376N\313\3418\313\326\346\316gK<\354z|\226\234"
 383      E138CBD6 
 383      E6CE674B 
 383      3CEC7A7C 
 383      969C
 384 0c6b 82F625DE 		.ascii	"\202\366%\336n?\302\371\273\333},5\2366\202Z\0118\304"
 384      6E3FC2F9 
 384      BBDB7D2C 
 384      359E3682 
 384      5A0938C4 
 385 0c7f E3159D47 		.ascii	"\343\025\235G\252T\254\363<\207U$r\263\333H\221li\265"
 385      AA54ACF3 
 385      3C875524 
 385      72B3DB48 
 385      916C69B5 
 386 0c93 D47AAE4F 		.ascii	"\324z\256O\240?75\257\255\215\030\027n\360\0023X\334"
 386      A03F3735 
 386      AFAD8D18 
 386      176EF002 
 386      3358DC
 387 0ca6 B38DF777 		.ascii	"\263\215\367w\266\013rg\273\350\357l\005\336\256\335"
 387      B60B7267 
 387      BBE8EF6C 
 387      05DEAEDD 
 388 0cb6 52F7F441 		.ascii	"R\367\364A\365\201\376\213\201\326v^\322\357\203\314"
 388      F581FE8B 
 388      81D6765E 
 388      D2EF83CC 
 389 0cc6 E54E84A9 		.ascii	"\345N\204\251\233\367.=\310\371\025\371\373p\273_\221"
 389      9BF72E3D 
 389      C8F915F9 
 389      FB70BB5F 
 389      91
 390 0cd7 EF7C6D7E 		.ascii	"\357|m~\014U\344k\273W\330\037I/w\355\344\212\254\352"
 390      0C55E46B 
 390      BB57D81F 
 390      492F77ED 
 390      E48AACEA 
 391 0ceb 3291AEBA 		.ascii	"2\221\256\272\227\372O\335\010\236\026\012\345\255\262"
 391      97FA4FDD 
 391      089E160A 
 391      E5ADB2
 392 0cfa 93C12C2B 		.ascii	"\223\301,+\350^\032<\201,\227y]\214w\357r\365\361\340"
 392      E85E1A3C 
 392      812C9779 
 392      5D8C77EF 
 392      72F5F1E0 
 393 0d0e 4F8E2DF2 		.ascii	"O\216-\362%\266\233\361\252\275e\216\240N\237\314\273"
 393      25B69BF1 
 393      AABD658E 
 393      A04E9FCC 
 393      BB
 394 0d1f CA787B1E 		.ascii	"\312x{\036u_\017\346\241_\346]#\354\347L\037-DO\244"
 394      755F0FE6 
 394      A15FE65D 
 394      23ECE74C 
 394      1F2D444F 
 395 0d34 70792212 		.ascii	"py\"\022\256M\244#C 2\350\276?\204\303\177\026\274I"
 395      AE4DA423 
 395      432032E8 
 395      BE3F84C3 
 395      7F16BC49 
 396 0d48 90BA17B2 		.ascii	"\220\272\027\262\361\364\341\363K\212\340\317\202=\344"
 396      F1F4E1F3 
 396      4B8AE0CF 
 396      823DE4
 397 0d57 3AA8EA23 		.ascii	":\250\352#\224\217\204>\3203\000\201Rl\314\275[\034"
 397      948F843E 
 397      D0330081 
 397      526CCCBD 
 397      5B1C
 398 0d69 99E03F81 		.ascii	"\231\340?\201\235[\241\200\375\333\241\352#7\310=\""
 398      9D5BA180 
 398      FDDBA1EA 
 398      2337C83D 
 398      22
 399 0d7a 8904FADB 		.ascii	"\211\004\372\333C\005\272Gn\313Q\272E\244u\006\007k"
 399      4305BA47 
 399      6ECB51BA 
 399      45A47506 
 399      076B
 400 0d8c C4E6DD05 		.ascii	"\304\346\335\005\201\032\356\016\015\236\340x\005\232"
 400      811AEE0E 
 400      0D9EE078 
 400      059A
 401 0d9a 1F50C12B 		.ascii	"\037P\301+\000\362\332\300\235\235$\3263\352\327\323"
 401      00F2DAC0 
 401      9D9D24D6 
 401      33EAD7D3 
 402 0daa 7EF206A2 		.ascii	"~\362\006\242\227'a\015\314\331\010\264\353\025z'\363"
 402      9727610D 
 402      CCD908B4 
 402      EB157A27 
 402      F3
 403 0dbb 1D762B83 		.ascii	"\035v+\203?\010z\305m\362m\354\011A\003\344)\241\277"
 403      3F087AC5 
 403      6DF26DEC 
 403      094103E4 
 403      29A1BF
 404 0dce 06724F08 		.ascii	"\006rO\010\274\362\374\203-\027\216*\330\217\201\325"
 404      BCF2FC83 
 404      2D178E2A 
 404      D88F81D5 
 405 0dde 4F9E66A9 		.ascii	"O\236f\251\321 y,\343\362\022\344\277\252=! \376\214"
 405      D120792C 
 405      E3F212E4 
 405      BFAA3D21 
 405      20FE8C
 406 0df1 0C028759 		.ascii	"\014\002\207Y\313\236\204\004\367$\270\337t\255)\333"
 406      CB9E8404 
 406      F724B8DF 
 406      74AD29DB 
 407 0e01 04479AC0 		.ascii	"\004G\232\300~\302IW\361a\362\035L}N\276'\322e\011\342"
 407      7EC24957 
 407      F161F21D 
 407      4C7D4EBE 
 407      27D26509 
 408 0e16 51BFE7D7 		.ascii	"Q\277\347\327\365\354\362\360\220<\000\256|\230\236"
 408      F5ECF2F0 
 408      903C00AE 
 408      7C989E
 409 0e25 C14C2C6B 		.ascii	"\301L,k\\\302.u\203\344Q\220%Ej\205\016}G|2\242!\330"
 409      5CC22E75 
 409      83E45190 
 409      25456A85 
 409      0E7D477C 
 410 0e3d 09D681E9 		.ascii	"\011\326\201\351\255@\007\200\216Q\010[\036\017;T\361"
 410      AD400780 
 410      8E51085B 
 410      1E0F3B54 
 410      F1
 411 0e4e C1762243 		.ascii	"\301v\"C\310\342\035|\015\347\344\263yi\275V\272\010"
 411      C8E21D7C 
 411      0DE7E4B3 
 411      7969BD56 
 411      BA08
 412 0e60 72F0222F 		.ascii	"r\360\"/i\032\221|\033\251\362\012\014\322\217\304\301"
 412      691A917C 
 412      1BA9F20A 
 412      0CD28FC4 
 412      C1
 413 0e71 8740FAB1 		.ascii	"\207@\372\261\206q(\242\000'\231U\016\022.\200\351\216"
 413      867128A2 
 413      00279955 
 413      0E122E80 
 413      E98E
 414 0e83 4948F11A 		.ascii	"IH\361\032\333\220\330\207\276\210\376\317\377\010W"
 414      DB90D887 
 414      BE88FECF 
 414      FF0857
 415 0e92 01187EE2 		.ascii	"\001\030~\342\332\275\212\320\222\032\026=En\005Z\314"
 415      DABD8AD0 
 415      921A163D 
 415      456E055A 
 415      CC
 416 0ea3 4357CDE5 		.ascii	"CW\315\345_CKy\027/\334\004%\217&\321\353AS\3763zE\244"
 416      5F434B79 
 416      172FDC04 
 416      258F26D1 
 416      EB4153FE 
 417 0ebb DEDE5320 		.ascii	"\336\336S 7\277B\306\270\234g\021\270\273\177Xpe\307"
 417      37BF42C6 
 417      B89C6711 
 417      B8BB7F58 
 417      7065C7
 418 0ece 2FE397F0 		.ascii	"/\343\227\360n\236\351\010Dg\030\334\215\227\364\346"
 418      6E9EE908 
 418      446718DC 
 418      8D97F4E6 
 419 0ede 01B386CB 		.ascii	"\001\263\206\313\247\316\012\337\201\352\234x8\210\000"
 419      A7CE0ADF 
 419      81EA9C78 
 419      388800
 420 0eed 1500AD06 		.ascii	"\025\000\255\006Z\007\264\001hs<\\\275\332\326\024\314"
 420      5A07B401 
 420      68733C5C 
 420      BDDAD614 
 420      CC
 421 0efe 4A907613 		.ascii	"J\220v\023v\223\334{S\011-\266\025}\315\227\360a;Fe"
 421      7693DC7B 
 421      53092DB6 
 421      157DCD97 
 421      F0613B46 
 422 0f13 D713A7A8 		.ascii	"\327\023\247\250T\265\242U!<io\250\354\226\231+\003"
 422      54B5A255 
 422      213C696F 
 422      A8EC9699 
 422      2B03
 423 0f25 CCE011F5 		.ascii	"\314\340\021\365\232\002\225\360E\262/\253%_:\202\276"
 423      9A0295F0 
 423      45B22FAB 
 423      255F3A82 
 423      BE
 424 0f36 9484F9E2 		.ascii	"\224\204\371\342d\276\260\243i10k\270\365\374\032~-"
 424      64BEB0A3 
 424      6931306B 
 424      B8F5FC1A 
 424      7E2D
 425 0f48 BF8EDF20 		.ascii	"\277\216\337 '\320{\325\017\363\253\020kt\253\331\005"
 425      27D07BD5 
 425      0FF3AB10 
 425      6B74ABD9 
 425      05
 426 0f59 9E1D026A 		.ascii	"\236\035\002j\000j\005\017\025U\207\207O\010\011\254"
 426      006A050F 
 426      15558787 
 426      4F0809AC 
 427 0f69 7B7BCF54 		.ascii	"{{\317T:i*\373\310F\276\202\017]\210\243\026\335&`\326"
 427      3A692AFB 
 427      C846BE82 
 427      0F5D88A3 
 427      16DD2660 
 428 0f7e 70DFF88D 		.ascii	"p\337\370\215\235U\240\012\276\\F_\306\303Q\017T\337"
 428      9D55A00A 
 428      BE5C465F 
 428      C6C3510F 
 428      54DF
 429 0f90 027A04F4 		.ascii	"\002z\004\364,\236\266\015\027\375\021\307#\360\177"
 429      2C9EB60D 
 429      17FD11C7 
 429      23F07F
 430 0f9f D3       		.ascii	"\323"
 431 0fa0 B0B27730 		.ascii	"\260\262w0\202\206\223~`1\274*\025\243\267\271\367\004"
 431      8286937E 
 431      6031BC2A 
 431      15A3B7B9 
 431      F704
 432 0fb2 6CEC3953 		.ascii	"l\3549S\335|\016_=\332]Z`G\312\245{\377F\262\205?\020"
 432      DD7C0E5F 
 432      3DDA5D5A 
 432      6047CAA5 
 432      7BFF46B2 
 433 0fc9 1E756F11 		.ascii	"\036uo\021l.\007\370Q\3677*\262\256\374D\036\327&\222"
 433      6C2E07F8 
 433      51F7372A 
 433      B2AEFC44 
 433      1ED72692 
 434 0fdd 6E6E1B88 		.ascii	"nn\033\210H\2158\260Pj{\2354\264\325<\310IN\006Sq\262"
 434      488D38B0 
 434      506A7B9D 
 434      34B4D53C 
 434      C8494E06 
 435 0ff4 116E91B0 		.ascii	"\021n\221\260\276\356\221\002\000\022\326\213"
 435      BEEE9102 
 435      0012D68B 
 436 1000 8E664BCC 		.ascii	"\216fK\314\012\276\364\005f\345)z\022r\250\276#\367"
 436      0ABEF405 
 436      66E5297A 
 436      1272A8BE 
 436      23F7
 437 1012 49759845 		.ascii	"Iu\230E\032\273x\264\203\337\316\243\335\000\247\206"
 437      1ABB78B4 
 437      83DFCEA3 
 437      DD00A786 
 438 1022 ABE40FF3 		.ascii	"\253\344\017\363\273\370=\376\010\266\364Jz\035\374"
 438      BBF83DFE 
 438      08B6F44A 
 438      7A1DFC
 439 1031 0F2FC87A 		.ascii	"\017/\310z\353\262O\21044%|!\030\015\275\212K\212\031"
 439      EBB24F88 
 439      3434257C 
 439      21180DBD 
 439      8A4B8A19 
 440 1045 9043C03C 		.ascii	"\220C\300<\300\357\343\017\362{\371\235|\025\277\237"
 440      C0EFE30F 
 440      F27BF99D 
 440      7C15BF9F 
 441 1055 3FE2575F 		.ascii	"?\342W_[\256@\340\254\024\240\315<\013Pq\366\022\371"
 441      5BAE40E0 
 441      AC14A0CD 
 441      3C0B5071 
 441      F612F9
 442 1068 24B53510 		.ascii	"$\2655\020S\265\277X\275\247\003Q\370\226\2048\312\343"
 442      53B5BF58 
 442      BDA70351 
 442      F8968438 
 442      CAE3
 443 107a 35EBB7B5 		.ascii	"5\353\267\265\360\201\015\303/Z\303\323\315\344\321"
 443      F0810DC3 
 443      2F5AC3D3 
 443      CDE4D1
 444 1089 AD5BEBB9 		.ascii	"\255[\353\271\300\036{\\\336ck\031o\260\2715?\270\011"
 444      C01E7B5C 
 444      DE636B19 
 444      6FB0B935 
 444      3FB809
 445 109c F5C9BCA3 		.ascii	"\365\311\274\243\214W8\374\265W\031\220\313\222yu\214"
 445      8C5738FC 
 445      B5571990 
 445      CB927975 
 445      8C
 446 10ad 77B56C43 		.ascii	"w\265lCWt@\256]\346y\030\257f\353\322M\301\015\361\242"
 446      577440AE 
 446      5DE67918 
 446      AF66EBD2 
 446      4DC10DF1 
 447 10c2 CCAB67BC 		.ascii	"\314\253g\274;\375\335\2161\001^\233\314k`\274\316\207"
 447      3BFDDD8E 
 447      31015E9B 
 447      CC6B60BC 
 447      CE87
 448 10d4 4B2B8287 		.ascii	"K+\202\207\377U2\257\221\361\352\356=\352\014\342t\313"
 448      FF5532AF 
 448      91F1EAEE 
 448      3DEA0CE2 
 448      74CB
 449 10e6 BC261A4B 		.ascii	"\274&\032KN\027\237\230\230\224f\325%eX\015f\373|\215"
 449      4E179F98 
 449      989466D5 
 449      2565580D 
 449      66FB7C8D 
 450 10fa 4D6F3568 		.ascii	"Mo5h\215\211\272\214\214\250\017?\371\354\315Yo\275"
 450      8D89BA8C 
 450      8CA80F3F 
 450      F9ECCD59 
 450      6FBD
 451 110c A556235E 		.ascii	"\245V#^\267@kUi\376\364\321L\215fn\346\374\371z\253"
 451      B7406B55 
 451      69FEF4D1 
 451      4C8D666E 
 451      E6FCF97A 
 452 1121 E07F9893 		.ascii	"\340\177\230\223\364\031\210\330\2222\364v\2755)\335"
 452      F41988D8 
 452      9232F476 
 452      BD3529DD 
 453 1131 605F9039 		.ascii	"`_\22097\311\2445h\315\332$\243\326\256\267\331\223"
 453      37C9A435 
 453      68CDDA24 
 453      A3D6AEB7 
 453      D993
 454 1143 3E30584D 		.ascii	">0XM_h\255\372\2449V\255\331\226a1\317\203\231\037M"
 454      5F68ADFA 
 454      A43956AD 
 454      D9966131 
 454      CF83991F 
 455 1158 4F564FF9 		.ascii	"OVO\371D\377\305\373V\275v\241%\323n\233\362\276\305"
 455      44FFC5FB 
 455      56BD76A1 
 455      25D36E9B 
 455      F2BEC5
 456 116b 62375AB4 		.ascii	"b7Z\264\300D\257\376%L(\362s\255\306h\260\331\243~\233"
 456      C044AFFE 
 456      254C28F2 
 456      73ADC668 
 456      B0D9A37E 
 457 1180 F2B9DE6C 		.ascii	"\362\271\336l\237\363\347\014\2752\360\304\331\307\331"
 457      9FF3E70C 
 457      BD32F0C4 
 457      D9C7D9
 458 118f 1658ACF6 		.ascii	"\026X\254\36673\3156C\272Y?\357M\020\377\375\377\023"
 458      3733CD36 
 458      43BA593F 
 458      EF4D10FF 
 458      FDFF13
 459 11a2 60AA5997 		.ascii	"`\252Y\227\024\320lK\\\200TZ\253\351\363\267\365SLo"
 459      14D06C4B 
 459      5C80545A 
 459      ABE9F3B7 
 459      F5534C6F 
 460 11b6 CDCF4051 		.ascii	"\315\317@Q:\260\243_4\3054\035\215\327\374I\255\226"
 460      3AB0A35F 
 460      34C5341D 
 460      8DD7FC49 
 460      AD96
 461 11c8 919A338D 		.ascii	"\221\2323\215\306\331\177\320}9f\324\373\253\300\177"
 461      C6D97FD0 
 461      7D3966D4 
 461      FBABC07F 
 462 11d8 3BC4138D 		.ascii	";\304\023\215\331\362\005\235\025\367\302\350D\230\233"
 462      D9F2059D 
 462      15F7C2E8 
 462      44989B
 463 11e7 1C324AE7 		.ascii	"\0342J\347E\207\214L\2029\277\231k\313\320|a5\330\365"
 463      45878C4C 
 463      8239BF99 
 463      6BCBD07C 
 463      6135D8F5 
 464 11fb 1A9B1D98 		.ascii	"\032\233\035\230\3510ml\370\330\207/\3419\350\242\224"
 464      E9306D6C 
 464      F8D8872F 
 464      E139E8A2 
 464      94
 465 120c B800623E 		.ascii	"\270\000b>\226\346\332`\264\033\314\032\210\276\336"
 465      96E6DA60 
 465      B41BCC1A 
 465      88BEDE
 466 121b 3C8F37EA 		.ascii	"<\2177\352\265\363#\315\026\373\002\253\345\013\245"
 466      B5F323CD 
 466      16FB02AB 
 466      E50BA5
 467 122a 4623E744 		.ascii	"F#\347D\371\271\315,!\215\321h\322\315\231:?Ca3|\251"
 467      F9B9CD2C 
 467      218DD168 
 467      D2CD993A 
 467      3F436133 
 468 1240 D7D81512 		.ascii	"\327\330\025\022S1\337b5i\355s\222\336\313\3100\032"
 468      5331DF62 
 468      3569ED73 
 468      92DECBC8 
 468      301A
 469 1252 745ABBC1 		.ascii	"tZ\273\301b\266%\275g5A\275\315\261X\214Pk\006s\222"
 469      62B625BD 
 469      673541BD 
 469      CDB1588C 
 469      506B0673 
 470 1267 7A5AE2B4 		.ascii	"zZ\342\264D\253\336\250N\202\260O1[\314\372)z\355\\"
 470      44ABDEA8 
 470      4E82B04F 
 470      315BCCFA 
 470      297AED5C 
 471 127b 43D89BC1 		.ascii	"C\330\233\301\2543f\316\323'\331\354\363\014\026\310"
 471      AC3366CE 
 471      D327D9EC 
 471      F30C16C8 
 472 128b D1B810A8 		.ascii	"\321\270\020\2506\273\326j\177]\363\247O\324SY&\377"
 472      36BBD66A 
 472      7F5DF3A7 
 472      4FD45359 
 472      26FF
 473 129d 98A9CFD4 		.ascii	"\230\251\317\324O\317\310\264-H\231=\203\215\360\364"
 473      4FCFC8B4 
 473      2D48993D 
 473      838DF0F4 
 474 12ad 25CA340B 		.ascii	"%\3124\013\020d\232 V\274\346c\215\235\200\266\\\356"
 474      10649A20 
 474      56BCE663 
 474      8D9D80B6 
 474      5CEE
 475 12bf AF094FF7 		.ascii	"\257\011O\367\326[\222D\370tH\211in\222\277\252\222"
 475      D65B9244 
 475      F8744889 
 475      696E92BF 
 475      AA92
 476 12d1 6095CD4B 		.ascii	"`\225\315K\232k\260\333\250\204\316b\236oH\007\247\376"
 476      9A6BB0DB 
 476      A884CE62 
 476      9E6F4807 
 476      A7FE
 477 12e3 98669FA9 		.ascii	"\230f\237\251\371t\256\306n\325\353Sg\253\223\031r?"
 477      F974AEC6 
 477      6ED5EB53 
 477      67AB9319 
 477      723F
 478 12f5 E434FBF4 		.ascii	"\3444\373\364\014\255\301\232\372\2074\265\306\224\222"
 478      0CADC19A 
 478      FA8734B5 
 478      C69492
 479 1304 66574FD5 		.ascii	"fWO\325\244\351\215z\235]m\263\247\246M\327\300\320"
 479      A4E98D7A 
 479      9D5D6DB3 
 479      A7A64DD7 
 479      C0D0
 480 1316 74A3DE66 		.ascii	"t\243\336fK\005~J\232\226\015\245\010~u\221\340\257"
 480      4B057E4A 
 480      9A960DA5 
 480      087E7591 
 480      E0AF
 481 1328 C194618C 		.ascii	"\301\224a\214\206o\263e\236^\243\263d\232\355Jx[\240"
 481      866FB365 
 481      9E5EA3B3 
 481      649AED4A 
 481      785BA0
 482 133b A72B5180 		.ascii	"\247+Q\200'\253!}\201\375\025\320\034\000!M\235\253"
 482      27AB217D 
 482      81FD15D0 
 482      1C00214D 
 482      9DAB
 483 134d B5E9C7BD 		.ascii	"\265\351\307\2758\224\3763\005\216\205\305f72s\020\025"
 483      3894FE33 
 483      058E85C5 
 483      66373273 
 483      1015
 484 135f A5E67DB0 		.ascii	"\245\346}\260\246\311\260[\251\023F\375|\006;\003\212"
 484      A6C9B05B 
 484      A91346FD 
 484      7C063B03 
 484      8A
 485 1370 D96CA7B0 		.ascii	"\331l\247\260u\026\243\305:\016`O\017`dC1\241\257\334"
 485      7516A3C5 
 485      3A0E604F 
 485      0F606443 
 485      31A1AFDC 
 486 1384 82E840B7 		.ascii	"\202\350@\267\240]n<H\314\010L\221\242\020\033\366\036"
 486      A05D6E3C 
 486      48CC084C 
 486      91A2101B 
 486      F61E
 487 1396 03EA17EA 		.ascii	"\003\352\027\352\377\014\012L\324\336\253\376\020\207"
 487      FF0C0A4C 
 487      D4DEABFE 
 487      1087
 488 13a4 E72685A7 		.ascii	"\347&\205\247\303\013\177\356\200\314\3174\353\250n"
 488      C30B7FEE 
 488      80CCCF34 
 488      EBA86E
 489 13b3 084A729A 		.ascii	"\010Jr\232}\332\324\000\332Q\030S\377\"\306\224\011"
 489      7DDAD400 
 489      DA511853 
 489      FF22C694 
 489      09
 490 13c4 3F357FE1 		.ascii	"?5\177\341'\177\365\242S'\007\014\321\222KM\233\251"
 490      277FF5A2 
 490      5327070C 
 490      D1924B4D 
 490      9BA9
 491 13d6 F968AE3A 		.ascii	"\371h\256:%%%:d\\\251\371T\237\241\261C\323};\315\236"
 491      2525253A 
 491      645CA9F9 
 491      549FA1B1 
 491      43D37D3B 
 492 13ec 6CD266BC 		.ascii	"l\322f\274`\335\024\256=\004MJ\012\001\241\371?w\320"
 492      60DD14AE 
 492      3D044D4A 
 492      0A01A1F9 
 492      3F77D0
 493 13ff C106C43B 		.ascii	"\301\006\304;\3124Gk[\310\372J\244\351}\266!*\244\316"
 493      CA34476B 
 493      5BC8FA4A 
 493      A4E97DB6 
 493      212AA4CE 
 494 1413 12C1FE7F 		.ascii	"\022\301\376\177\360\262\233\217\215u\340\010S\032t"
 494      F0B29B8F 
 494      8D75E008 
 494      531A74
 495 1422 D018D3BF 		.ascii	"\320\030\323\277\321\356>\333b3P\257\0104\323h\323\247"
 495      D1EE3EDB 
 495      623350AF 
 495      0834D368 
 495      D3A7
 496 1434 5091FE91 		.ascii	"P\221\376\221xu\362,\203U\227i\324Z\031\244T\271\313"
 496      7875F22C 
 496      83559769 
 496      D45A19A4 
 496      54B9CB
 497 1447 A544870C 		.ascii	"\245D\207\014\177\374\022\240B\0241lJSj\332\247\354"
 497      7FFC12A0 
 497      4214316C 
 497      4A536ADA 
 497      A7EC
 498 1459 5535BACD 		.ascii	"U5\272\315F\005\037\377\371e\203\0204\306\317\205\024"
 498      46051FFF 
 498      F9658310 
 498      34C6CF85 
 498      14
 499 146a FE22ACA3 		.ascii	"\376\"\254\243\3174\230\241\323\233u\372\224\317\005"
 499      CF3498A1 
 499      D39B75FA 
 499      94CF05
 500 1479 FFE32F61 		.ascii	"\377\343/a\216tD\230\015\0223\315\372/\244H\004\217"
 500      8E744498 
 500      0D1233CD 
 500      FA2FA448 
 500      048F
 501 148b 0D827F2C 		.ascii	"\015\202\177,\322\364\351\277\323I\012\023\323\246\234"
 501      D2F4E9BF 
 501      D3490A13 
 501      D3A69C
 502 149a 09AF5ADD 		.ascii	"\011\257Z\335B\275]\360?\274\314\021\302\257\203\301"
 502      42BD5DF0 
 502      3FBCCC11 
 502      C2AF83C1 
 503 14aa 7FED8504 		.ascii	"\177\355\205\004\005\214\245\304\232>\326.\372\314n"
 503      058CA5C4 
 503      9A3ED62E 
 503      FACC6E
 504 14b9 301ABE64 		.ascii	"0\032\276dE+dB~\223\247i\354*\323\250\321I\352\251\377"
 504      452B6442 
 504      7E93A769 
 504      EC2AD3A8 
 504      D149EAA9 
 505 14ce 32F73F61 		.ascii	"2\367?a\245Q\304\251A\351\250\340\350\313\204;\250\205"
 505      A551C4A9 
 505      41E9A8E0 
 505      E8CB843B 
 505      A885
 506 14e0 E11D639A 		.ascii	"\341\035c\232\263\300\312\012\314b\234\020bY.,\201&"
 506      B3C0CA0A 
 506      CC629C10 
 506      62592E2C 
 506      8126
 507 14f2 9F0E4405 		.ascii	"\237\016D\005\203\255\014<\305\207&!\230\2468`\314\240"
 507      83AD0C3C 
 507      C5872621 
 507      98A63860 
 507      CCA0
 508 1504 5ED96618 		.ascii	"^\331f\030\314\240!\345\363\010\351\373%\2403u\014u"
 508      CCA021E5 
 508      F308E9FB 
 508      25A03375 
 508      0C75
 509 1516 24F43093 		.ascii	"$\3640\223\326<O!\235Pc\324\323~\247\237\233\231\376"
 509      D63C4F21 
 509      9D5063D4 
 509      D37EA79F 
 509      9B99FE
 510 1529 31B40C6D 		.ascii	"1\264\014m\272^5\372%\312j\263\031\322\264\320v\364"
 510      BA5E35FA 
 510      25CA6AB3 
 510      19D2B4D0 
 510      76F4
 511 153b 3C7D8CA4 		.ascii	"<}\214\244A\237\251\261GB\2330\233\365F(\351\177\375"
 511      419FA9B1 
 511      47429B30 
 511      9BF54628 
 511      E97FFD
 512 154e FD07B3A4 		.ascii	"\375\007\263\244\227\250\340c\352K\000}/5M\326\302N"
 512      97A8E063 
 512      EA4B007D 
 512      2F354DD6 
 512      C24E
 513 1560 95EAA99F 		.ascii	"\225\352\251\237\246\245\245J\030\242\202\217\321\000"
 513      A6A5A54A 
 513      18A2828F 
 513      D100
 514 156e 446FB55A 		.ascii	"Do\265Z\322Y\332\307\230$\274\264pc\325\311\251\243"
 514      D259DAC7 
 514      9824BCB4 
 514      7063D5C9 
 514      A9A3
 515 1580 79D1216F 		.ascii	"y\321!o\021:\243E\267\220d\332u\012\273\301\004\247"
 515      113AA345 
 515      B79064DA 
 515      750ABBC1 
 515      04A7
 516 1592 AEA8DFCE 		.ascii	"\256\250\337\316\242#s\014\272\205\312\300\223j\336"
 516      A223730C 
 516      BA85CAC0 
 516      936ADE
 517 15a1 A82028D2 		.ascii	"\250 (\3223l\037\030\026\021\235%=\302\226\241\327\317"
 517      336C1F18 
 517      16119D25 
 517      3DC296A1 
 517      D7CF
 518 15b3 2346733A 		.ascii	"#Fs:\0017\"\177\363\341\3544\340(\244\257(\263I\257"
 518      0137227F 
 518      F3E1EC34 
 518      E028A4AF 
 518      28B349AF 
 519 15c7 959A9C60 		.ascii	"\225\232\234`\203\244\352!\227\000\377\223\217S\336"
 519      83A4EA21 
 519      9700FF93 
 519      8F53DE
 520 15d6 9346A382 		.ascii	"\223F\243\202\217c>\221*\3443\273&E\260.\222\2524b\276"
 520      8F633E91 
 520      2AE433BB 
 520      2645B02E 
 520      92AA3462 
 521 15eb 519B6EE3 		.ascii	"Q\233n\343io\377_\366\360bG"
 521      696FFF5F 
 521      F6F06247 
 522              		.text
 523              		.section	.gnu.lto_.symtab.9b771d33f69dbfbe,"e",%progbits
 524 0000 5F5A3131 		.ascii	"_Z11printf_nullPKcz\000"
 524      7072696E 
 524      74665F6E 
 524      756C6C50 
 524      4B637A00 
 525 0014 00       		.ascii	"\000"
 526 0015 00       		.ascii	"\000"
 527 0016 00       		.ascii	"\000"
 528 0017 00000000 		.ascii	"\000\000\000\000\000\000\000\000"
 528      00000000 
 529 001f E2000000 		.ascii	"\342\000\000\000"
 530 0023 5F5A3137 		.ascii	"_Z17printf_serial_nowPKcz\000"
 530      7072696E 
 530      74665F73 
 530      65726961 
 530      6C5F6E6F 
 531 003d 00       		.ascii	"\000"
 532 003e 00       		.ascii	"\000"
 533 003f 00       		.ascii	"\000"
 534 0040 00000000 		.ascii	"\000\000\000\000\000\000\000\000"
 534      00000000 
 535 0048 E5000000 		.ascii	"\345\000\000\000"
 536 004c 5F5A3133 		.ascii	"_Z13printf_serialPKcz\000"
 536      7072696E 
 536      74665F73 
 536      65726961 
 536      6C504B63 
 537 0062 00       		.ascii	"\000"
 538 0063 00       		.ascii	"\000"
 539 0064 00       		.ascii	"\000"
 540 0065 00000000 		.ascii	"\000\000\000\000\000\000\000\000"
 540      00000000 
 541 006d E8000000 		.ascii	"\350\000\000\000"
 542 0071 5F5A3136 		.ascii	"_Z16bsp_write_stringPKc\000"
 542      6273705F 
 542      77726974 
 542      655F7374 
 542      72696E67 
 543 0089 00       		.ascii	"\000"
 544 008a 02       		.ascii	"\002"
 545 008b 00       		.ascii	"\000"
 546 008c 00000000 		.ascii	"\000\000\000\000\000\000\000\000"
 546      00000000 
 547 0094 ED000000 		.ascii	"\355\000\000\000"
 548 0098 76736E70 		.ascii	"vsnprintf\000"
 548      72696E74 
 548      6600
 549 00a2 00       		.ascii	"\000"
 550 00a3 02       		.ascii	"\002"
 551 00a4 00       		.ascii	"\000"
 552 00a5 00000000 		.ascii	"\000\000\000\000\000\000\000\000"
 552      00000000 
 553 00ad 0C010000 		.ascii	"\014\001\000\000"
 554 00b1 5F5A4E31 		.ascii	"_ZN10EventQueue4pushEP5Event\000"
 554      30457665 
 554      6E745175 
 554      65756534 
 554      70757368 
 555 00ce 00       		.ascii	"\000"
 556 00cf 02       		.ascii	"\002"
 557 00d0 00       		.ascii	"\000"
 558 00d1 00000000 		.ascii	"\000\000\000\000\000\000\000\000"
 558      00000000 
 559 00d9 90010000 		.ascii	"\220\001\000\000"
 560 00dd 5F5A4E31 		.ascii	"_ZN10EventQueue8instanceEv\000"
 560      30457665 
 560      6E745175 
 560      65756538 
 560      696E7374 
 561 00f8 00       		.ascii	"\000"
 562 00f9 02       		.ascii	"\002"
 563 00fa 00       		.ascii	"\000"
 564 00fb 00000000 		.ascii	"\000\000\000\000\000\000\000\000"
 564      00000000 
 565 0103 95010000 		.ascii	"\225\001\000\000"
 566 0107 5F5A4E39 		.ascii	"_ZN9EventPool8newEventE9EventType\000"
 566      4576656E 
 566      74506F6F 
 566      6C386E65 
 566      77457665 
 567 0129 00       		.ascii	"\000"
 568 012a 02       		.ascii	"\002"
 569 012b 00       		.ascii	"\000"
 570 012c 00000000 		.ascii	"\000\000\000\000\000\000\000\000"
 570      00000000 
 571 0134 D0010000 		.ascii	"\320\001\000\000"
 572 0138 5F5A4E39 		.ascii	"_ZN9EventPool8instanceEv\000"
 572      4576656E 
 572      74506F6F 
 572      6C38696E 
 572      7374616E 
 573 0151 00       		.ascii	"\000"
 574 0152 02       		.ascii	"\002"
 575 0153 00       		.ascii	"\000"
 576 0154 00000000 		.ascii	"\000\000\000\000\000\000\000\000"
 576      00000000 
 577 015c D4010000 		.ascii	"\324\001\000\000"
 578 0160 5F5A4E35 		.ascii	"_ZN5Utils5inISREv\000"
 578      5574696C 
 578      7335696E 
 578      49535245 
 578      7600
 579 0172 00       		.ascii	"\000"
 580 0173 02       		.ascii	"\002"
 581 0174 00       		.ascii	"\000"
 582 0175 00000000 		.ascii	"\000\000\000\000\000\000\000\000"
 582      00000000 
 583 017d D8010000 		.ascii	"\330\001\000\000"
 584              		.text
 585              		.section	.gnu.lto_.ext_symtab.9b771d33f69dbfbe,"e",%progbits
 586 0000 01       		.ascii	"\001"
 587 0001 01       		.ascii	"\001"
 588 0002 00       		.ascii	"\000"
 589 0003 01       		.ascii	"\001"
 590 0004 00       		.ascii	"\000"
 591 0005 01       		.ascii	"\001"
 592 0006 00       		.ascii	"\000"
 593 0007 01       		.ascii	"\001"
 594 0008 00       		.ascii	"\000"
 595 0009 01       		.ascii	"\001"
 596 000a 00       		.ascii	"\000"
 597 000b 01       		.ascii	"\001"
 598 000c 00       		.ascii	"\000"
 599 000d 01       		.ascii	"\001"
 600 000e 00       		.ascii	"\000"
 601 000f 01       		.ascii	"\001"
 602 0010 00       		.ascii	"\000"
 603 0011 01       		.ascii	"\001"
 604 0012 00       		.ascii	"\000"
 605 0013 01       		.ascii	"\001"
 606 0014 00       		.ascii	"\000"
 607              		.text
 608              		.section	.gnu.lto_.opts,"e",%progbits
 609 0000 272D666E 		.ascii	"'-fno-openmp' '-fno-openacc' '-fno-pie' '-fcf-prote"
 609      6F2D6F70 
 609      656E6D70 
 609      2720272D 
 609      666E6F2D 
 610 0033 6374696F 		.ascii	"ction=none' '-mcpu=cortex-m4' '-mthumb' '-mfloat-ab"
 610      6E3D6E6F 
 610      6E652720 
 610      272D6D63 
 610      70753D63 
 611 0066 693D6861 		.ascii	"i=hard' '-mfpu=fpv4-sp-d16' '-mlibarch=armv7e-m+fp'"
 611      72642720 
 611      272D6D66 
 611      70753D66 
 611      7076342D 
 612 0099 20272D6D 		.ascii	" '-march=armv7e-m+fp' '-Os' '-fmessage-length=0' '-"
 612      61726368 
 612      3D61726D 
 612      7637652D 
 612      6D2B6670 
 613 00cc 66736967 		.ascii	"fsigned-char' '-ffunction-sections' '-fdata-section"
 613      6E65642D 
 613      63686172 
 613      2720272D 
 613      6666756E 
 614 00ff 73272027 		.ascii	"s' '-fsingle-precision-constant' '-flto' '-fabi-ver"
 614      2D667369 
 614      6E676C65 
 614      2D707265 
 614      63697369 
 615 0132 73696F6E 		.ascii	"sion=0' '-fno-exceptions' '-Xassembler' '-adhlns=Sr"
 615      3D302720 
 615      272D666E 
 615      6F2D6578 
 615      63657074 
 616 0165 632F7072 		.ascii	"c/printf_serial.o.lst'\000"
 616      696E7466 
 616      5F736572 
 616      69616C2E 
 616      6F2E6C73 
 617              		.text
 618              		.comm	__gnu_lto_slim,1,1
 619              		.ident	"GCC: (Arm GNU Toolchain 12.2.Rel1 (Build arm-12.24)) 12.2.1 20221205"
DEFINED SYMBOLS
                            *ABS*:0000000000000000 printf_serial.cpp
                            *COM*:0000000000000001 __gnu_lto_slim

NO UNDEFINED SYMBOLS
