   1              		.cpu cortex-m4
   2              		.arch armv7e-m
   3              		.fpu fpv4-sp-d16
   4              		.eabi_attribute 27, 1
   5              		.eabi_attribute 28, 1
   6              		.eabi_attribute 20, 1
   7              		.eabi_attribute 21, 1
   8              		.eabi_attribute 23, 3
   9              		.eabi_attribute 24, 1
  10              		.eabi_attribute 25, 1
  11              		.eabi_attribute 26, 1
  12              		.eabi_attribute 30, 4
  13              		.eabi_attribute 34, 1
  14              		.eabi_attribute 18, 4
  15              		.file	"si4460.cpp"
  16              		.section	.gnu.lto_.profile.978fc2e27540d636,"e",%progbits
  17 0000 789C6362 		.ascii	"x\234cb\000\001\000\000\022\000\003"
  17      00010000 
  17      120003
  18              		.text
  19              		.section	.gnu.lto_.icf.978fc2e27540d636,"e",%progbits
  20 0000 789CE367 		.ascii	"x\234\343g@\000&\206//?5s30\376\355?\361\222\217\001"
  20      40002686 
  20      2F2F3F35 
  20      733330FE 
  20      ED3FF192 
  21 0016 0037BC06 		.ascii	"\0007\274\006\273"
  21      BB
  22              		.text
  23              		.section	.gnu.lto_.ipa_sra.978fc2e27540d636,"e",%progbits
  24 0000 789C6365 		.ascii	"x\234ce@\000F\006\006f\006\000\000q\000\012"
  24      40004606 
  24      06660600 
  24      0071000A 
  25              		.text
  26              		.section	.gnu.lto_.inline.978fc2e27540d636,"e",%progbits
  27 0000 789C5363 		.ascii	"x\234Sc@\000F\006\006\346\006 `J\001\262\230\030\030"
  27      40004606 
  27      06E60620 
  27      604A01B2 
  27      981818
  28 0013 1A81EC3A 		.ascii	"\032\201\354:\006\0066\210\030\023H\010\010\000\244"
  28      06063688 
  28      18134808 
  28      0800A4
  29 0022 0B0783   		.ascii	"\013\007\203"
  30              		.text
  31              		.section	.gnu.lto_.jmpfuncs.978fc2e27540d636,"e",%progbits
  32 0000 789C6365 		.ascii	"x\234ce@\000F\020\001\000\000k\000\007"
  32      40004610 
  32      0100006B 
  32      0007
  33              		.text
  34              		.section	.gnu.lto_.pureconst.978fc2e27540d636,"e",%progbits
  35 0000 789C6361 		.ascii	"x\234ca```dh`\001\000\0010\000\212"
  35      60606064 
  35      68600100 
  35      0130008A 
  36              		.text
  37              		.section	.gnu.lto_.ipa_modref.978fc2e27540d636,"e",%progbits
  38 0000 789C6362 		.ascii	"x\234cb@\006\000\000*\000\003"
  38      40060000 
  38      2A0003
  39              		.text
  40              		.section	.gnu.lto_.lto.978fc2e27540d636,"e",%progbits
  41 0000 0C000000 		.ascii	"\014\000\000\000\001\000\000\000"
  41      01000000 
  42              		.text
  43              		.section	.gnu.lto__ZL13__si_4460_cfg.0.978fc2e27540d636,"e",%progbits
  44 0000 789C4D8F 		.ascii	"x\234M\217\261J\304@\020\206\377\331d\315\306l4\223"
  44      B14AC440 
  44      1086FFD9 
  44      64CDC66C 
  44      3493
  45 0012 4B2058ED 		.ascii	"K X\355\235\205\02698\013\305F\215\326\"\010>\200\334"
  45      9D851639 
  45      380BC546 
  45      8DD62208 
  45      3E80DC
  46 0025 03886069 		.ascii	"\003\210`i\341\012\366>\201\240\217a'Z\035\244\261\261"
  46      E10AF63E 
  46      81A08F61 
  46      275A1DA4 
  46      B1B1
  47 0037 B2B2D407 		.ascii	"\262\262\324\007\020D\210\331\213E\246\030\230\357\373"
  47      104488D9 
  47      8B45A618 
  47      98EFFB
  48 0046 87DDF101 		.ascii	"\207\335\361\001\234\021\346\265&\304\025\276D \010"
  48      9C11E6B5 
  48      26C415BE 
  48      442008
  49 0055 347BB16A 		.ascii	"4{\261j\320a,0\004\366!\031\344\235J\2466\256X\370s"
  49      D0612C30 
  49      04F62119 
  49      E49D4AA6 
  49      36AE58F8 
  50 006a 17731242 		.ascii	"\027s\022BeX\336pS\310,Au\015D\234\006\260\244\232\006"
  50      6558DE70 
  50      53C82C41 
  50      750D449C 
  50      06B0A49A 
  51 007f 22E154AB 		.ascii	"\"\341T\253\326V\025\252\371\226\003\031z\345\200\351"
  51      D65615AA 
  51      F9960319 
  51      7AE580E9 
  52 008f 8398D3B0 		.ascii	"\203\230\323\260\354i\243\341!\220\357\220\355\307@"
  52      EC69A3E1 
  52      2190EF90 
  52      EDC740
  53 009e 920DE96F 		.ascii	"\222\015\351o\315F\025d\225\260871\233p\204\251\334"
  53      CD461564 
  53      95B03837 
  53      319B7084 
  53      A9DC
  54 00b0 1D8B3B3C 		.ascii	"\035\213;<Gl\202\362d\353\232\304\300\272\360\346\207"
  54      476C82F2 
  54      64EB9AC4 
  54      C0BAF0E6 
  54      87
  55 00c1 F3DB9CE7 		.ascii	"\363\333\234\347Xi\037Zw\323\301\215\367v\213)\331\306"
  55      58691F5A 
  55      77D3C18D 
  55      F7768B29 
  55      D9C6
  56 00d3 250EE1FA 		.ascii	"%\016\341\372Q\345\372q\234\360P\243~\230\334\017_\037"
  56      51E5FA71 
  56      9CF050A3 
  56      7E98DC0F 
  56      5F1F
  57 00e5 679F3265 		.ascii	"g\2372e\007\364\242\237\377z\377\330\201\242s\035V<"
  57      07F4A29F 
  57      FF7AFFD8 
  57      81A2731D 
  57      563C
  58 00f7 F251944F 		.ascii	"\362Q\224O;\021\257\006(\227\"__x\011Ot\377.h\256\024"
  58      3B11AF06 
  58      2897225F 
  58      5F78094F 
  58      74FF2E68 
  59 010d F6745D67 		.ascii	"\366t]g\227\346\007\177\35386\001"
  59      97E6077F 
  59      EB383601 
  60              		.text
  61              		.section	.gnu.lto__Z23get_si4460_config_arrayv.1.978fc2e27540d636,"e",%progbits
  62 0000 789C9BC6 		.ascii	"x\234\233\306\300\300\220\011\304\252@\314\310\314\300"
  62      C0C09009 
  62      C4AA40CC 
  62      C8CCC0
  63 000f 38696217 		.ascii	"8ib\027\023CCC\203\003;\023c\343\304\256\363\213\224"
  63      13434343 
  63      83033B13 
  63      63E3C4AE 
  63      F38B94
  64 0022 19773282 		.ascii	"\031w2\202\371\214\014\365L\214\365\214\313\230Y\031"
  64      F98C0CF5 
  64      4C8CF58C 
  64      CB985919 
  65 0032 D9841959 		.ascii	"\331\204\031Y\200\244(\243\202\376\201\206\206\037O"
  65      80A428A3 
  65      82FE8186 
  65      861F4F
  66 0041 5F7F382C 		.ascii	"_\1778,4o\305\001\226z\206\332\035\214\333\031\031\300"
  66      346FC501 
  66      967A86DA 
  66      1D8CDB19 
  66      19C0
  67 0053 809B81A1 		.ascii	"\200\233\201\241\026d(\020\257\277\304\372\240\341\317"
  67      16642810 
  67      AFBFC4FA 
  67      A0E1CF
  68 0062 FFFE8686 		.ascii	"\377\376\206\206\343B\313X\231\030\030\0263\203\354"
  68      E342CB58 
  68      99181816 
  68      3383EC
  69 0071 6860014A 		.ascii	"h`\001J.af\2020\033\01700417)\000\015\256fd`e\354bd"
  69      2E616682 
  69      301B0F30 
  69      30343137 
  69      29000DAE 
  70 008c AAAE04D2 		.ascii	"\252\256\004\322k\030\031\312\3670\356fd\350bljh\340"
  70      6B1819CA 
  70      F730EE66 
  70      64E8626C 
  70      6A68E0
  71 009f A8DE0B31 		.ascii	"\250\336\0131\17713#D_\303\001\0207D?\2648\265\250X"
  71      7F313323 
  71      445FC301 
  71      1037443F 
  71      B438B5A8 
  72 00b4 BF20B524 		.ascii	"\277 \265$\265H?=\263$\2434I?7131/Q?'\261$\265\270D"
  72      B5483F3D 
  72      B324A334 
  72      493F3731 
  72      33312F51 
  73 00cf DF2DB328 		.ascii	"\337-\263(\267<\261(U?\244(1\257\270 ?/\005\250\322"
  73      B73CB128 
  73      553FA428 
  73      31AFB820 
  73      3F2F05A8 
  74 00e4 C7C4D850 		.ascii	"\307\304\330P\327/\265\334\251(51;\277\264\244X\327"
  74      D72FB5DC 
  74      A9283531 
  74      3BBFB4A4 
  74      58D7
  75 00f6 293FBF24 		.ascii	")?\277$'?\021(\311 \244\247\247\037\\\224\254_\234i"
  75      273F1128 
  75      C920A4A7 
  75      A71F5C94 
  75      AC5F9C69 
  76 010a 626266A0 		.ascii	"bbf\240\227\\P\300\000\000\362\026W\372"
  76      975C50C0 
  76      0000F216 
  76      57FA
  77              		.text
  78              		.section	.gnu.lto_.symbol_nodes.978fc2e27540d636,"e",%progbits
  79 0000 789C5366 		.ascii	"x\234Sf\000\002&\306z\206\006 `a\234p\216\201\241\236"
  79      000226C6 
  79      7A860620 
  79      60619C70 
  79      8E81A19E 
  80 0014 8161D784 		.ascii	"\201a\327\204&&\2408+\003\343\201\026F\006\006f\006"
  80      2626A038 
  80      2B03E381 
  80      16460606 
  80      6606
  81 0026 009EE107 		.ascii	"\000\236\341\007\244"
  81      A4
  82              		.text
  83              		.section	.gnu.lto_.refs.978fc2e27540d636,"e",%progbits
  84 0000 789C6367 		.ascii	"x\234cg```d`bdd`\000\000\000p\000\015"
  84      60606064 
  84      60626464 
  84      60000000 
  84      70000D
  85              		.text
  86              		.section	.gnu.lto_.decls.978fc2e27540d636,"e",%progbits
  87 0000 789C7551 		.ascii	"x\234uQ]H\024q\020\377\317z\235\227\345\307ieI\202\217"
  87      5D481471 
  87      10FFCF7A 
  87      9D97E5C7 
  87      69654982 
  88 0015 81E8767E 		.ascii	"\201\350v~d\017=HE\275D\004\331K/\327f\253\035y\037"
  88      640F3D48 
  88      45BD4404 
  88      D94B2FD7 
  88      66AB1D79 
  89 002a EDAD5A6F 		.ascii	"\355\255Zo\263w\233m`u\333C\\W\301\266=\024DpH\366\375"
  89      B3779B6D 
  89      6075DB43 
  89      5C57C1B6 
  89      3D144470 
  90 0041 B1E96A56 		.ascii	"\261\351jVf\027\365P\020q \224\345\203Z>\010\0056{'"
  90      6617F550 
  90      10712094 
  90      E5835A3E 
  90      0805367B 
  91 0056 4144C3CE 		.ascii	"AD\303\316\316\377?\277\371\317\374f\346\"\307\330/"
  91      CEFF3FBF 
  91      F9CFFC66 
  91      E622C7D8 
  91      2F
  92 0067 C6D816D2 		.ascii	"\306\330\026\322E\222\002\262oI\311\315FI'H/\003c\364"
  92      459202B2 
  92      6F49C9CD 
  92      46492748 
  92      2F0363F4 
  93 007b B157A4A7 		.ascii	"\261W\244\247\351\260\214\254\275\204\277^\212q0\027"
  93      E9B08CAC 
  93      BD84BF5E 
  93      8A713017 
  94 008b B7F86472 		.ascii	"\267\370dr\332\375\003\020q\014-\305\366$\314)L\243"
  94      DAFD0310 
  94      710C2DC5 
  94      F624CC29 
  94      4CA3
  95 009d D1AF8162 		.ascii	"\321\257\201b\3051m\217\276\361\031WmM\247\000\204+"
  95      C5316D8F 
  95      BEF11957 
  95      6D4DA700 
  95      842B
  96 00af B7F0A411 		.ascii	"\267\360\244\021\357[i\\\215\367\237S\261\030\363RF"
  96      EF5B695C 
  96      8DF79F53 
  96      B118F352 
  96      46
  97 00c0 DA9744CC 		.ascii	"\332\227D\314P\0325\243`\326\202\254B\276t\026\253\362"
  97      501A35A3 
  97      60D682AC 
  97      42BE7416 
  97      ABF2
  98 00d2 11963B45 		.ascii	"\021\226;E\331S\210\211\252X2\213\351\030f\274\251\001"
  98      D9538889 
  98      AA58328B 
  98      E91866BC 
  98      A901
  99 00e4 0771939E 		.ascii	"\007q\223\236J\237\271\213\245F\374\243f\014\343:CE"
  99      4A9FB98B 
  99      A546FCA3 
  99      660CE33A 
  99      4345
 100 00f6 4CA26AC1 		.ascii	"L\242j\301\005\202R\250%\270\376\230\215\327\206\343"
 100      058252A8 
 100      25B8FE98 
 100      8DD786E3 
 101 0106 0A384931 		.ascii	"\0128I1\206\2327a\252D\311\306\243\272ii\012\252\247"
 101      869A3761 
 101      AA44C9C6 
 101      A3BA6969 
 101      0AAAA7
 102 0119 CA1C379A 		.ascii	"\312\0347\2326z\035\217\036\2635\257\036SQ7l\344\350"
 102      367A1D8F 
 102      1EB335AF 
 102      1E535137 
 102      6CE4E8
 103 012c 8DA65056 		.ascii	"\215\246PVP\014D=\273\014c\226\206\350D\230\210\012"
 103      500C443D 
 103      BB0C6396 
 103      86E84498 
 103      880A
 104 013e 6E47938A 		.ascii	"nG\223\2128\270\216c\232b\242\002\272I\035\233*V\352"
 104      38B88E63 
 104      9A62A202 
 104      BA491D9B 
 104      2A56EA
 105 0151 A83A070A 		.ascii	"\250:\007\012\255\331C\343b\271f8F\0141\201\2554\276"
 105      ADD943E3 
 105      62B96638 
 105      460C3181 
 105      AD34BE
 106 0164 DB38F075 		.ascii	"\3338\360u\305|n|\2454\361\222D+\203!(\363T1O\013k\316"
 106      C57C6E7C 
 106      A534F192 
 106      442B8321 
 106      28F35431 
 107 017c 376F76B0 		.ascii	"7ov\260\373\3162H<m\314]\001\234{5\224\221u\221\255"
 107      FBCE3248 
 107      3C6DCC5D 
 107      019C7B35 
 107      94917591 
 108 0191 7157C322 		.ascii	"qW\303\"\320\217y\272(\337\247\371\251\233\005\245\026"
 108      D08F79BA 
 108      28DFA7F9 
 108      A99B05A5 
 108      16
 109 01a2 E22C0E29 		.ascii	"\342,\016)\005\254\271\201\015C5\033\202\247\340\342"
 109      05ACB981 
 109      0D43351B 
 109      82A7E0E2 
 110 01b2 5E4C7E1F 		.ascii	"^L~\037-\361\022\266\200\306\220\313\006\013\236P\332"
 110      2DF112B6 
 110      80C690CB 
 110      060B9E50 
 110      DA
 111 01c3 1170D678 		.ascii	"\021p\326x\372\375\317\033\256\365Tl\036q\325\010<\206"
 111      FAFDCF1B 
 111      AEF5546C 
 111      1E71D508 
 111      3C86
 112 01d5 47E41E05 		.ascii	"G\344\036\0056\227[\362\365_\357\276\300\206KI\\\370"
 112      36975BF2 
 112      F55FEFBE 
 112      C0864B49 
 112      5CF8
 113 01e7 F06C7CB2 		.ascii	"\360l|\2620\365\020\361\204\2637\212x\010\017r\334\356"
 113      30F510F1 
 113      84B3378A 
 113      78080F72 
 113      DCEE
 114 01f9 01BB0B77 		.ascii	"\001\273\013w\210\305Gp(N;\034\337\257\361\314\344n"
 114      88C54770 
 114      284E3B1C 
 114      DFAFF1CC 
 114      E46E
 115 020b DF3817F7 		.ascii	"\3378\027\367\366\312\354LI):\325-uyE\276\370+`\276"
 115      F6CAEC4C 
 115      49293AD5 
 115      2D757945 
 115      BEF82B60 
 116 0220 71A236B8 		.ascii	"q\2426\2700r\236\253$PE\355\200\015/\3409\201\023\340"
 116      30729EAB 
 116      245045ED 
 116      800D2FE0 
 116      398113E0 
 117 0234 E0AC3691 		.ascii	"\340\2546\221\300\331\313\031\327\332\011xI\305\362"
 117      C0D9CB19 
 117      D7DA0978 
 117      49C5F2
 118 0243 D818C020 		.ascii	"\330\030\300 \020\263\344\347\271\263\005\177z\232X"
 118      10B3E4E7 
 118      B9B3057F 
 118      7A9A58
 119 0252 EA29E350 		.ascii	"\352)\343PZ)H\301\236\026\261.X\333\021aE\355aI\026"
 119      5A2948C1 
 119      9E16B12E 
 119      58DB1161 
 119      45ED6149 
 120 0267 8FD5059B 		.ascii	"\217\325\005\233\330z\377\376\206\306NQ\366G\003MM\233"
 120      D87AFFFE 
 120      86C64E51 
 120      F647034D 
 120      4D9B
 121 0279 36FADBC3 		.ascii	"6\372\333\303\241\216@\247_\220$\341x\217\267\276\236"
 121      A18E40A7 
 121      5F9024E1 
 121      788FB7BE 
 121      9E
 122 028a DF2BB5F3 		.ascii	"\337+\265\363y\254\276=\022)\332\271{_\315\266\332Z"
 122      79ACBE3D 
 122      1229DAB9 
 122      7B5FCDB6 
 122      DA5A
 123 029c 9F8F55FE 		.ascii	"\237\217U\376\347Uaw $o\366\313m\374\276\250(E\371\210"
 123      E7556177 
 123      20246FF6 
 123      CB6DFCBE 
 123      A82845F9 
 124 02b1 288B12DF 		.ascii	"(\213\022\337\031\220\017w\037\344\203B@\010\011|\227"
 124      19900F77 
 124      1FE48342 
 124      4008097C 
 124      97
 125 02c2 208B5199 		.ascii	" \213Q\231\337\021\220\202\275\202$\362m\222\020\212"
 125      DF119082 
 125      BD8224F2 
 125      6D92108A 
 126 02d2 46C2A143 		.ascii	"F\302\241C\024\271\253\251\321W\267[\354\335*\211\302"
 126      14B9ABA9 
 126      D157B75B 
 126      ECDD2A89 
 126      C2
 127 02e3 9170B71C 		.ascii	"\221p\267\034\255\333\032\016\313]a\201@V\376\017#V"
 127      ADDB1A0E 
 127      CB5D6181 
 127      4056FE0F 
 127      2356
 128 02f5 EEDFBFCB 		.ascii	"\356\337\277\313\327\350'*\376<\227\216\316\342\277"
 128      D7E8272A 
 128      FE3C978E 
 128      CEE2BF
 129 0304 6EBF01BE 		.ascii	"n\277\001\276\010r\330"
 129      0872D8
 130              		.text
 131              		.section	.gnu.lto_.symtab.978fc2e27540d636,"e",%progbits
 132 0000 5F5A3233 		.ascii	"_Z23get_si4460_config_arrayv\000"
 132      6765745F 
 132      73693434 
 132      36305F63 
 132      6F6E6669 
 133 001d 00       		.ascii	"\000"
 134 001e 00       		.ascii	"\000"
 135 001f 00       		.ascii	"\000"
 136 0020 00000000 		.ascii	"\000\000\000\000\000\000\000\000"
 136      00000000 
 137 0028 C6000000 		.ascii	"\306\000\000\000"
 138              		.text
 139              		.section	.gnu.lto_.ext_symtab.978fc2e27540d636,"e",%progbits
 140 0000 01       		.ascii	"\001"
 141 0001 01       		.ascii	"\001"
 142 0002 00       		.ascii	"\000"
 143              		.text
 144              		.section	.gnu.lto_.opts,"e",%progbits
 145 0000 272D666E 		.ascii	"'-fno-openmp' '-fno-openacc' '-fno-pie' '-fcf-prote"
 145      6F2D6F70 
 145      656E6D70 
 145      2720272D 
 145      666E6F2D 
 146 0033 6374696F 		.ascii	"ction=none' '-mcpu=cortex-m4' '-mthumb' '-mfloat-ab"
 146      6E3D6E6F 
 146      6E652720 
 146      272D6D63 
 146      70753D63 
 147 0066 693D6861 		.ascii	"i=hard' '-mfpu=fpv4-sp-d16' '-mlibarch=armv7e-m+fp'"
 147      72642720 
 147      272D6D66 
 147      70753D66 
 147      7076342D 
 148 0099 20272D6D 		.ascii	" '-march=armv7e-m+fp' '-Os' '-fmessage-length=0' '-"
 148      61726368 
 148      3D61726D 
 148      7637652D 
 148      6D2B6670 
 149 00cc 66736967 		.ascii	"fsigned-char' '-ffunction-sections' '-fdata-section"
 149      6E65642D 
 149      63686172 
 149      2720272D 
 149      6666756E 
 150 00ff 73272027 		.ascii	"s' '-fsingle-precision-constant' '-flto' '-fabi-ver"
 150      2D667369 
 150      6E676C65 
 150      2D707265 
 150      63697369 
 151 0132 73696F6E 		.ascii	"sion=0' '-fno-exceptions' '-Xassembler' '-adhlns=Sr"
 151      3D302720 
 151      272D666E 
 151      6F2D6578 
 151      63657074 
 152 0165 632F7369 		.ascii	"c/si4460.o.lst'\000"
 152      34343630 
 152      2E6F2E6C 
 152      73742700 
 153              		.text
 154              		.comm	__gnu_lto_slim,1,1
 155              		.ident	"GCC: (Arm GNU Toolchain 12.2.Rel1 (Build arm-12.24)) 12.2.1 20221205"
DEFINED SYMBOLS
                            *ABS*:0000000000000000 si4460.cpp
                            *COM*:0000000000000001 __gnu_lto_slim

NO UNDEFINED SYMBOLS
