   1              		.cpu cortex-m4
   2              		.arch armv7e-m
   3              		.fpu fpv4-sp-d16
   4              		.eabi_attribute 27, 1
   5              		.eabi_attribute 28, 1
   6              		.eabi_attribute 20, 1
   7              		.eabi_attribute 21, 1
   8              		.eabi_attribute 23, 3
   9              		.eabi_attribute 24, 1
  10              		.eabi_attribute 25, 1
  11              		.eabi_attribute 26, 1
  12              		.eabi_attribute 30, 4
  13              		.eabi_attribute 34, 1
  14              		.eabi_attribute 18, 4
  15              		.file	"si4463.cpp"
  16              		.section	.gnu.lto_.profile.8991c236fd71b335,"e",%progbits
  17 0000 789C6362 		.ascii	"x\234cb\000\001\000\000\022\000\003"
  17      00010000 
  17      120003
  18              		.text
  19              		.section	.gnu.lto_.icf.8991c236fd71b335,"e",%progbits
  20 0000 789CE367 		.ascii	"x\234\343g@\000&\206//?5s30\356\377\336\274\217\213"
  20      40002686 
  20      2F2F3F35 
  20      733330EE 
  20      FFDEBC8F 
  21 0015 010036B3 		.ascii	"\001\0006\263\006q"
  21      0671
  22              		.text
  23              		.section	.gnu.lto_.ipa_sra.8991c236fd71b335,"e",%progbits
  24 0000 789C6365 		.ascii	"x\234ce@\000F\006\006f\006\000\000q\000\012"
  24      40004606 
  24      06660600 
  24      0071000A 
  25              		.text
  26              		.section	.gnu.lto_.inline.8991c236fd71b335,"e",%progbits
  27 0000 789C5363 		.ascii	"x\234Sc@\000F\006\006\346\006 `J\001\262\230\030\030"
  27      40004606 
  27      06E60620 
  27      604A01B2 
  27      981818
  28 0013 1A81EC3A 		.ascii	"\032\201\354:\006\0066\210\030\023H\010\010\000\244"
  28      06063688 
  28      18134808 
  28      0800A4
  29 0022 0B0783   		.ascii	"\013\007\203"
  30              		.text
  31              		.section	.gnu.lto_.jmpfuncs.8991c236fd71b335,"e",%progbits
  32 0000 789C6365 		.ascii	"x\234ce@\000F\020\001\000\000k\000\007"
  32      40004610 
  32      0100006B 
  32      0007
  33              		.text
  34              		.section	.gnu.lto_.pureconst.8991c236fd71b335,"e",%progbits
  35 0000 789C6361 		.ascii	"x\234ca```dh`\001\000\0010\000\212"
  35      60606064 
  35      68600100 
  35      0130008A 
  36              		.text
  37              		.section	.gnu.lto_.ipa_modref.8991c236fd71b335,"e",%progbits
  38 0000 789C6362 		.ascii	"x\234cb@\006\000\000*\000\003"
  38      40060000 
  38      2A0003
  39              		.text
  40              		.section	.gnu.lto_.lto.8991c236fd71b335,"e",%progbits
  41 0000 0C000000 		.ascii	"\014\000\000\000\001\000\000\000"
  41      01000000 
  42              		.text
  43              		.section	.gnu.lto__ZL13__si_4463_cfg.0.8991c236fd71b335,"e",%progbits
  44 0000 789C8D93 		.ascii	"x\234\215\223mPTU\030\307\237\373rv\237\335\275\340"
  44      6D505455 
  44      18C79FFB 
  44      72769FDD 
  44      BDE0
  45 0012 1E607313 		.ascii	"\036`s\023\310\273\200\3622\220\344$IR\273\324\360\005"
  45      C8BB80F2 
  45      3290E424 
  45      4952BBD4 
  45      F005
  46 0024 0C9421A5 		.ascii	"\014\224!\245A\230B'\024\304\000#+ \226\\s\242\241\226"
  46      41984227 
  46      14C40023 
  46      2B20965C 
  46      73A2A196 
  47 0038 DC8CA654 		.ascii	"\334\214\246T\230a\022h\034\230\336\201@G&'p\345\245"
  47      98611268 
  47      1C98DE81 
  47      40472627 
  47      70E5A5
  48 004b 821C84A2 		.ascii	"\202\034\204\242M\271\260a\227\017A\031\024\355\335"
  48      4DB9B061 
  48      970F4119 
  48      14EDDD
  49 005a C519FAD6 		.ascii	"\305\031\372\326\371p\356s\177\317\377\336\271\347w"
  49      F970EE73 
  49      7FCFFFDE 
  49      B9E777
  50 0069 EEE101E0 		.ascii	"\356\341\001\340\032\017\336\021\311\262\3250\240A\336"
  50      1A0FDE11 
  50      C9B2D530 
  50      A041DE
  51 0078 549A0630 		.ascii	"T\232\0060\361\016\222\017\303L\363\3119\233\321\265"
  51      F10E920F 
  51      C34CF3C9 
  51      399BD1B5 
  52 0088 25A45BDB 		.ascii	"%\244[\333\342\210Br\262\300\225\275A\235\203?\017\227"
  52      E2884272 
  52      B2C095BD 
  52      419D833F 
  52      0F97
  53 009a 5DAFFD32 		.ascii	"]\257\3752\247\012\011\235;\033\025\036\\\214\256\214"
  53      A70A099D 
  53      3B1B151E 
  53      5C8CAE8C 
  54 00aa DA8F5BA3 		.ascii	"\332\217[\243\203\002\221\214\334_Z\270{g,\336\262F"
  54      8302918C 
  54      DC5F5AB8 
  54      7B672CDE 
  54      B246
  55 00bc 3ED67CA8 		.ascii	">\326|\250\243\032I[MLO\312L\013\272o\316G\364\237s"
  55      A31A495B 
  55      4D4C4FCA 
  55      4C0BBA6F 
  55      CE47F49F 
  56 00d1 2621C105 		.ascii	"&!\301\005\302G\3467\240\273(\337\326t'\325\205d\366"
  56      C247E637 
  56      A0BB28DF 
  56      D67427D5 
  56      8564F6
  57 00e4 18C9B0FD 		.ascii	"\030\311\260\375\266\015]\217\367\325-]\310\332\204"
  57      B60D5D8F 
  57      F7D52D5D 
  57      C8DA84
  58 00f3 24489597 		.ascii	"$H\225\227\230\260%\005\335B\310\363\303ty+\222\361"
  58      98B02505 
  58      DD42C8F3 
  58      C374792B 
  58      92F1
  59 0105 ED5DFE49 		.ascii	"\355]\376I\322\033\350\356\320L\2578\272[\221\374@\243"
  59      D21BE8EE 
  59      D04CAF38 
  59      BA5B91FC 
  59      40A3
  60 0117 FF99281D 		.ascii	"\377\231(\035Ew\365\361\363O\333\363\215Hl\325\205#"
  60      4577F5F1 
  60      F34FDBF3 
  60      8D486CD5 
  60      8523
  61 0129 F55732D1 		.ascii	"\365W2\321\035s\275\342\315\324s\365Hz\332\316\334c"
  61      1D73BDE2 
  61      CDD473F5 
  61      487ADACE 
  61      DC63
  62 013b 5419D0F5 		.ascii	"T\031\320\365\344\2058m\320\306\\$\337MU&\0161\363("
  62      E485386D 
  62      D0C65C24 
  62      DF4D5526 
  62      0E31F328 
  63 014f 3F5C5F56 		.ascii	"?\\_V\310u\237F\351xq\363\333\313\201\347Q\376\363\357"
  63      C8759F46 
  63      E97871F3 
  63      DBCB81E7 
  63      51FEF3EF 
  64 0163 A17CF573 		.ascii	"\241|\365s\367\241\264\323\235Z\23616\204\256Ezs\263"
  64      F7A1B4D3 
  64      9D5A9E31 
  64      3684AE45 
  64      7A73B3
  65 0176 DF135790 		.ascii	"\337\023W\220,]\234Q\277\336\267\033\345W#y\363\351"
  65      2C5D9C51 
  65      BFDEB71B 
  65      E5572379 
  65      F3E9
  66 0188 966C9492 		.ascii	"\226l\224\222\243\223\312c\270\020\224\333\237jHh[\247"
  66      A393CA63 
  66      B81094DB 
  66      9F6A4868 
  66      5BA7
  67 019a C2E9C553 		.ascii	"\302\351\305S\311qs\376\357!\211\276\327~\253-\301\202"
  67      C97173FE 
  67      EF2189BE 
  67      D77EAB2D 
  67      C182
  68 01ac D2D2417D 		.ascii	"\322\322A}\325\261\334K(]\375tr\320\236\325\213RY\355"
  68      D5B1DC4B 
  68      285DFD74 
  68      72D09ED5 
  68      8B5259ED 
  69 01c0 18FBFBA4 		.ascii	"\030\373\373\244\023\245B\223\216}m\316\200RE\345#E"
  69      13A54293 
  69      8E7D6DCE 
  69      805245E5 
  69      2345
  70 01d2 35DC30CA 		.ascii	"5\3340\312U\317$8*\033\177B\331yb\307\370\324\276\020"
  70      55CF2438 
  70      2A1B7F42 
  70      D97962C7 
  70      F8D4BE10 
  71 01e6 947E29EF 		.ascii	"\224~)\357N\014KkA\371\316\340T\336\257\241WQ\352q\225"
  71      4E0C4B6B 
  71      41F9CEE0 
  71      54DEAFA1 
  71      5751EA71 
  72 01fb 8C7E946E 		.ascii	"\214~\224nF\351\213:\361`\221&\023\345\246`\373\265"
  72      46E98B3A 
  72      F1609126 
  72      13E5A660 
  72      FBB5
  73 020d 06D88F72 		.ascii	"\006\330\217rVA\356\007t9\005\245\357\337\377\346\335"
  73      5641EE07 
  73      743905A5 
  73      EFDFFFE6 
  73      DD
  74 021e DE5A35CA 		.ascii	"\336Z5\312\231u\366\375GGcP\346\276:\022\362Bo*J\227"
  74      9975F6FD 
  74      47476350 
  74      E6BE3A12 
  74      F2426F2A 
  75 0234 6F1774E5 		.ascii	"o\027t\345=kBY2\237\354\235z\271\030\245\376\222S\241"
  75      3D6B4259 
  75      329FEC9D 
  75      7AB918A5 
  75      FE9253A1 
  76 0248 07160EA3 		.ascii	"\007\026\016\243\274\020\205\017~\362y\254G\213vn\335"
  76      BC10850F 
  76      7EF279AC 
  76      478B766E 
  76      DD
  77 0259 8D3D0328 		.ascii	"\215=\003('6\036\271\375\322p\004J\207u\355\255\351"
  77      27361EB9 
  77      FDD27004 
  77      4A8775ED 
  77      ADE9
  78 026b 96CF70B6 		.ascii	"\226\317p\266\263\375\342\246]#\017!9{\343G\263c\266"
  78      B3FDE2A6 
  78      5D230F21 
  78      397BE347 
  78      B363B6
  79 027e 08E7BE26 		.ascii	"\010\347\276&m{'j\363\220\224\214\333l\223\003v5[\003"
  79      6D7B276A 
  79      F390948C 
  79      DB6C9303 
  79      76355B03 
  80 0292 4C7F9F15 		.ascii	"L\177\237\025\003}\277\025\020\012\014$+3'\022\252g"
  80      037DBF15 
  80      100A0C24 
  80      2B332712 
  80      AA67
  81 02a4 78939E8A 		.ascii	"x\223\236\212\002p\240fK\201x\222JDd\204o\025ld\000"
  81      0270A066 
  81      4B817892 
  81      4A446484 
  81      6F156C64 
  82 02b9 592B74E8 		.ascii	"Y+t\350\205\031HW@\204\252\256\023\200\275\204\020\000"
  82      85194857 
  82      4084AAAE 
  82      1380BD84 
  82      1000
  83 02cb 87D454E4 		.ascii	"\207\324T\344\342\231}\215J~\333\224\322\336N)\265n"
  83      E2997D8D 
  83      4A7EDB94 
  83      D2DE4E29 
  83      B56E
  84 02dd 1001A284 		.ascii	"\020\001\242\204\346p\015\025I\012\007'<\357\240\"\237"
  84      E6700D15 
  84      490A0727 
  84      3CEFA022 
  84      9F
  85 02ee A6D2E82D 		.ascii	"\246\322\350-**\262\273\034~\312%\213S+\317\355\005"
  85      2A2AB2BB 
  85      1C7ECA25 
  85      8B532BCF 
  85      ED05
  86 0300 259663E1 		.ascii	"%\226c\341\371\027E=5\011\360\312\201\340\256l\335\344"
  86      F917453D 
  86      3509F0CA 
  86      81E0AE6C 
  86      DDE4
  87 0312 E0D8F422 		.ascii	"\340\330\364\"(@\3408\303\274y\025+\300\350\353\371"
  87      2840E038 
  87      C3BC7915 
  87      2BC0E8EB 
  87      F9
  88 0323 30A1610C 		.ascii	"0\241a\014\027\252\243\341j\210\365\327\361\302QN\240"
  88      17AAA3E1 
  88      6A88F5D7 
  88      F1C2514E 
  88      A0
  89 0334 16841D3A 		.ascii	"\026\204\035:\200\240\012\361/\334zw\325\353\367\350"
  89      80A00AF1 
  89      2FDC7A77 
  89      D5EBF7E8 
  90 0344 07E6C9FA 		.ascii	"\007\346\311\372@e\366\254\235\201\273\006<\245\347"
  90      4065F6AC 
  90      9D81BB06 
  90      3CA5E7
  91 0353 FB58DFA9 		.ascii	"\373X\337\251\363\243z\015\240\0036>\240\334i)U\001"
  91      F3A37A0D 
  91      A003363E 
  91      A0DC6929 
  91      5501
  92 0365 E3747A4A 		.ascii	"\343tzJ=\015\020\000\030\\Y\021Y\245eQ\200`\001\313"
  92      3D0D1000 
  92      185C5911 
  92      59A56551 
  92      806001CB 
  93 0379 EA69F525 		.ascii	"\352i\365%\214\260f( b-\320\320\000\022\357\255\220"
  93      8CB06628 
  93      20622DD0 
  93      D00012EF 
  93      AD90
  94 038b 06F009BE 		.ascii	"\006\360\011\276\214O=\231\360\251g\274\352\377\360"
  94      8C4F3D99 
  94      F0A967BC 
  94      EAFFF0
  95 039a A9B72AEA 		.ascii	"\251\267*\352KD\230\201|\257z\362h\034{\006.CVx\015"
  95      4B449881 
  95      7CAF7AF2 
  95      681C7B06 
  95      2E435678 
  96 03af E355CF06 		.ascii	"\343U\317\006Z\327\2527\030V\325\333\302\375\251\250"
  96      5AD7AA37 
  96      1856D5DB 
  96      C2FDA9A8 
  97 03bf 4D790B0A 		.ascii	"My\013\012\031XQ\201\361\377hw6\3057\232F:\373\335$"
  97      19585181 
  97      F1FF6877 
  97      36C5379A 
  97      463AFBDD 
  98 03d4 807AB56B 		.ascii	"\200z\265ky\3032\267\212\275\332}=\037F\032\306\003"
  98      79C332B7 
  98      8ABDDA7D 
  98      3D1F461A 
  98      C603
  99 03e6 56C37FCC 		.ascii	"V\303\177\314\353i\274\260v\275\340\335\012\263\340"
  99      EB69BCB0 
  99      76BDE0DD 
  99      0AB3E0
 100 03f5 742A5B01 		.ascii	"t*[\001\377\002\"]i\014"
 100      FF02225D 
 100      690C
 101              		.text
 102              		.section	.gnu.lto__Z23get_si4463_config_arrayv.1.8991c236fd71b335,"e",%progbits
 103 0000 789C9BC6 		.ascii	"x\234\233\306\300\300\220\011\304\252@\314\310\314\300"
 103      C0C09009 
 103      C4AA40CC 
 103      C8CCC0
 104 000f 38696217 		.ascii	"8ib\027\023CCC\203\003;\023c\343\304\256\363\213\224"
 104      13434343 
 104      83033B13 
 104      63E3C4AE 
 104      F38B94
 105 0022 19773282 		.ascii	"\031w2\202\371\214\014\365L\214\365\214\313\230Y\031"
 105      F98C0CF5 
 105      4C8CF58C 
 105      CB985919 
 106 0032 D9841959 		.ascii	"\331\204\031Y\200\244(\243\202\376\201\206\206\037O"
 106      80A428A3 
 106      82FE8186 
 106      861F4F
 107 0041 5F7F382C 		.ascii	"_\1778,4o\305\001\226z\206\332\035\214\333\031\031\300"
 107      346FC501 
 107      967A86DA 
 107      1D8CDB19 
 107      19C0
 108 0053 809B81A1 		.ascii	"\200\233\201\241\026d(\020\257\277\304\372\240\341\317"
 108      16642810 
 108      AFBFC4FA 
 108      A0E1CF
 109 0062 FFFE8686 		.ascii	"\377\376\206\206\343B\313X\231\030\030\0263\203\354"
 109      E342CB58 
 109      99181816 
 109      3383EC
 110 0071 6860014A 		.ascii	"h`\001J.af\2020\033\01700417)\000\015\256fd`e\354bd"
 110      2E616682 
 110      301B0F30 
 110      30343137 
 110      29000DAE 
 111 008c AAAE04D2 		.ascii	"\252\256\004\322k\030\031\312\3670\356fd\350bljh\340"
 111      6B1819CA 
 111      F730EE66 
 111      64E8626C 
 111      6A68E0
 112 009f A8DE0B31 		.ascii	"\250\336\0131\17713#D_\303\001\0207D?\2648\265\250X"
 112      7F313323 
 112      445FC301 
 112      1037443F 
 112      B438B5A8 
 113 00b4 BF20B524 		.ascii	"\277 \265$\265H?=\263$\2434I?7131/Q?'\261$\265\270D"
 113      B5483F3D 
 113      B324A334 
 113      493F3731 
 113      33312F51 
 114 00cf DF2DB328 		.ascii	"\337-\263(\267<\261(U?\244(1\257\270 ?/\005\250\322"
 114      B73CB128 
 114      553FA428 
 114      31AFB820 
 114      3F2F05A8 
 115 00e4 C7C4D850 		.ascii	"\307\304\330P\327/\265\334\251(51;\277\264\244X\327"
 115      D72FB5DC 
 115      A9283531 
 115      3BBFB4A4 
 115      58D7
 116 00f6 293FBF24 		.ascii	")?\277$'?\021(\311 \244\247\247\037\\\224\254_\234i"
 116      273F1128 
 116      C920A4A7 
 116      A71F5C94 
 116      AC5F9C69 
 117 010a 626266AC 		.ascii	"bbf\254\227\\P\300\000\000\362(W\375"
 117      975C50C0 
 117      0000F228 
 117      57FD
 118              		.text
 119              		.section	.gnu.lto_.symbol_nodes.8991c236fd71b335,"e",%progbits
 120 0000 789C5366 		.ascii	"x\234Sf\000\002&\306z\206\006 `a\234p\216\201\241\236"
 120      000226C6 
 120      7A860620 
 120      60619C70 
 120      8E81A19E 
 121 0014 8161D784 		.ascii	"\201a\327\204&&\2408+\003\343\201\026F\006\006f\006"
 121      2626A038 
 121      2B03E381 
 121      16460606 
 121      6606
 122 0026 009EE107 		.ascii	"\000\236\341\007\244"
 122      A4
 123              		.text
 124              		.section	.gnu.lto_.refs.8991c236fd71b335,"e",%progbits
 125 0000 789C6367 		.ascii	"x\234cg```d`bdd`\000\000\000p\000\015"
 125      60606064 
 125      60626464 
 125      60000000 
 125      70000D
 126              		.text
 127              		.section	.gnu.lto_.decls.8991c236fd71b335,"e",%progbits
 128 0000 789C7551 		.ascii	"x\234uQML\023Q\020~SJ)\210\224\202\006%\230p4!eS~\324"
 128      4D4C1351 
 128      107E534A 
 128      29889482 
 128      06259870 
 129 001a 83078246 		.ascii	"\203\007\202F/\206\230\210\027/u\305\005\033\351\217"
 129      2F869888 
 129      172F75C5 
 129      051BE98F 
 130 002a DB05F536 		.ascii	"\333\005\3656\333\256\272&`\272\236j\243f]\016\036\214"
 130      DBAEBA26 
 130      60BA9E6A 
 130      A3665D0E 
 130      1E8C
 131 003c DA18F15F 		.ascii	"\332\030\361_Ya\255\210\2005^\324\020S\303\005\243\211"
 131      5961AD88 
 131      80355ED4 
 131      1053C305 
 131      A389
 132 004e A81C4834 		.ascii	"\250\034H4\301\331\226\230\030\343dg\347\275\371\346"
 132      C1D99698 
 132      18E36467 
 132      E7BDF9E6 
 133 005e CD7C3373 		.ascii	"\315|3s\321\301\330/\306\330v\322\025\222\022\262oH"
 133      D1C1D82F 
 133      C6D876D2 
 133      159212B2 
 133      6F48
 134 0070 C9CDB2A4 		.ascii	"\311\315\262\244\263\244\227\2001\372\330\014\3510\035"
 134      B3A49780 
 134      31FAD80C 
 134      E9301D
 135 007f 4AC95AAB 		.ascii	"J\311Z\253\370\253\325\030\033s:V\306\346?\273~\000"
 135      F8ABD518 
 135      1B733A56 
 135      C6E63FBB 
 135      7E00
 136 0091 224EA229 		.ascii	"\"N\242)[\356\244\261\200\031\324\207T\220\315\004f"
 136      5BEEA4B1 
 136      8019D487 
 136      5490CD04 
 136      66
 137 00a2 ACEC6BBF 		.ascii	"\254\354k\277>b\251\032\005 \\\271\215g\364\304\351"
 137      3E62A91A 
 137      05205CB9 
 137      8D67F4C4 
 137      E9
 138 00b3 4A7D2431 		.ascii	"J}$1t^\301\265X\224j\322\323)\304\034\245Qr2\346M\310"
 138      745EC1B5 
 138      58946AD2 
 138      D329C41C 
 138      A5517232 
 139 00ca CBE4CBE4 		.ascii	"\313\344\313\344\261\276\030a\272\322\224=\215\230\254"
 139      B1BE1861 
 139      BAD2943D 
 139      8D98AC
 140 00d9 8FA7F298 		.ascii	"\217\247\362\230\211c\316\233\276e#.\322\263\231s\367"
 140      8963CE9B 
 140      BE65232E 
 140      D2B39973 
 140      F7
 141 00ea D0A327E6 		.ascii	"\320\243'\346T}\0027\352\012b\012\025\023.\020\224F"
 141      547D0237 
 141      EA0A620A 
 141      15132E10 
 141      9446
 142 00fc 35E9188A 		.ascii	"5\351\030\212[xu\"!\203\235\024\343\250z\223\206B\224"
 142      5B787522 
 142      21839D14 
 142      E3A87A93 
 142      864294
 143 010f 2C3CA619 		.ascii	",<\246\031\246*\243r\266\332v\243a\241\327\366hqK\365"
 143      A62AA372 
 143      B6DA76A3 
 143      61A1D7F6 
 143      68714BF5 
 144 0123 6A710535 		.ascii	"jq\0055\335B\007\275Qe\312\012\262\216\250\345K1n\252"
 144      DD4207BD 
 144      5165CA0A 
 144      B28EA8E5 
 144      4B316EAA 
 145 0137 88768481 		.ascii	"\210v\204\201(\343N4\250\210\215k8\251\312\006\312\240"
 145      28E34E34 
 145      A8888D6B 
 145      38A9CA06 
 145      CAA0
 146 0149 19D4B1A1 		.ascii	"\031\324\261\241`\235\206\212}\240\320\306\2754.Vh\306"
 146      609D868A 
 146      7DA0D0C6 
 146      BD342E56 
 146      68C6
 147 015b C1882126 		.ascii	"\301\210!&\261\203\306w\007o}Z\263T\030\237\207&^\225"
 147      B183C677 
 147      076F7D5A 
 147      B354189F 
 147      87265E95 
 148 016f EC60300E 		.ascii	"\354`0\016\325\356z\346\336\312\332\213\315\033\275"
 148      D5EE7AE6 
 148      DECADA8B 
 148      CD1BBD
 149 017e EC81BD0C 		.ascii	"\354\201\275\014\022w7s\325\202\303\265\036\252\311"
 149      12773773 
 149      D582C3B5 
 149      1EAAC9
 150 018d 3AC936BA 		.ascii	":\3116\2726\301\012\320\217\271\373)\337\207\245\205"
 150      36C10AD0 
 150      8FB9FB29 
 150      DF87A585 
 151 019d EB251E13 		.ascii	"\353%\036\023q\021\307\345\022\326\336\302&`\023\033"
 151      7111C7E5 
 151      12D6DEC2 
 151      2660131B 
 152 01ad 87A7E074 		.ascii	"\207\247\340tL\315\177\317Vy\011[F}\334i\201\011c\224"
 152      4CCD7FCF 
 152      5679095B 
 152      467DDC69 
 152      81096394 
 153 01c1 F619D86B 		.ascii	"\366\031\330k\034~\373\363\232\263\201\212-!\256{\006"
 153      1C7EFBF3 
 153      9AB3818A 
 153      2D21AE7B 
 153      06
 154 01d2 4FE031B9 		.ascii	"O\3401\271\263\300\276\025\226\374^\277\371\305\275"
 154      B3C0BE15 
 154      96FC5EBF 
 154      F9C5BD
 155 01e1 F9620A97 		.ascii	"\371b\012\227\337=\237\236/K?B<e\357\215\"\036\301\303"
 155      DF3D9F9E 
 155      2F4B3F42 
 155      3C65EF8D 
 155      221EC1C3 
 156 01f5 02B7FBC0 		.ascii	"\002\267\373\300\356\301]b1\0076\305\251r\342\226\233"
 156      EEC15D62 
 156      310736C5 
 156      A972E296 
 156      9B
 157 0206 66EEAF85 		.ascii	"f\356\257\205\353\213r\247c\364\343r\246\304\203vyS"
 157      EB8B72A7 
 157      63F4E372 
 157      A6C48376 
 157      7953
 158 0218 29AF2D56 		.ascii	")\257-V\237\001\346\237&n3x9UYG\240\202\352A\013\246"
 158      9F01E69F 
 158      266E3378 
 158      39555947 
 158      A082EA41 
 159 022e E00581B3 		.ascii	"\340\005\201\263`\343\254)\231\304\305K9\347\206YxI"
 159      60E3AC29 
 159      99C4C54B 
 159      39E78659 
 159      7849
 160 0240 D58AD824 		.ascii	"\325\212\330$\300(\020\265\354\302\350\015\317\237\246"
 160      C02810B5 
 160      ECC2E80D 
 160      CF9FA6
 161 024f 66579BCA 		.ascii	"fW\233\312\331\234*y14\270U\360\205\232z\243\254\242"
 161      D99C2A79 
 161      3134B855 
 161      F0859A7A 
 161      A3ACA2
 162 0262 27224AC2 		.ascii	"'\"J\302\011_\250\2155\004\016\264\264\366\011R \026"
 162      095FA88D 
 162      35040EB4 
 162      B4F60952 
 162      2016
 163 0274 6C6BDBD2 		.ascii	"lk\333\322\032\350\211\204{\203}\001^\024\371\223\203"
 163      1AE88984 
 163      7B837D01 
 163      5E14F993 
 163      83
 164 0285 DEE6666E 		.ascii	"\336\346fn\237\330\303\025\261\346\236h\264bw\327\376"
 164      9FD8C315 
 164      B1E69E68 
 164      B46277D7 
 164      FE
 165 0296 C61D4D4D 		.ascii	"\306\035MM~?\253\373\317\253\262\201`X\332\026\220\272"
 165      7E3FABFB 
 165      CFABB281 
 165      6058DA16 
 165      90BA
 166 02a8 B9FD3141 		.ascii	"\271\3751A\214qQA\022D\256/(\035\0318\304\205\370 \037"
 166      8C715141 
 166      1244AE2F 
 166      281D1938 
 166      C485F820 
 167 02bd E6B97E5E 		.ascii	"\346\271~^\022b\022\267+(\206\216\363\242\300u\213|"
 167      126212B7 
 167      2B28868E 
 167      F3A2C075 
 167      8B7C
 168 02cf 38168D84 		.ascii	"8\026\215\204\017S\344\236\266V\277\257K8\336)\012\374"
 168      0F53E49E 
 168      B656BFAF 
 168      4B38DE29 
 168      0AFC
 169 02e1 D1C88014 		.ascii	"\321\310\200\024\363uF\"R\177\204'\220\325\374\303\210"
 169      F3754622 
 169      527F8427 
 169      90D5FCC3 
 169      88
 170 02f2 D5040EEC 		.ascii	"\325\004\016\354\361\267\006\210J\240\310\245\267o\355"
 170      F1B70688 
 170      4AA0C8A5 
 170      B76FED
 171 0301 5FB7DF54 		.ascii	"_\267\337T;r\246"
 171      3B72A6
 172              		.text
 173              		.section	.gnu.lto_.symtab.8991c236fd71b335,"e",%progbits
 174 0000 5F5A3233 		.ascii	"_Z23get_si4463_config_arrayv\000"
 174      6765745F 
 174      73693434 
 174      36335F63 
 174      6F6E6669 
 175 001d 00       		.ascii	"\000"
 176 001e 00       		.ascii	"\000"
 177 001f 00       		.ascii	"\000"
 178 0020 00000000 		.ascii	"\000\000\000\000\000\000\000\000"
 178      00000000 
 179 0028 C6000000 		.ascii	"\306\000\000\000"
 180              		.text
 181              		.section	.gnu.lto_.ext_symtab.8991c236fd71b335,"e",%progbits
 182 0000 01       		.ascii	"\001"
 183 0001 01       		.ascii	"\001"
 184 0002 00       		.ascii	"\000"
 185              		.text
 186              		.section	.gnu.lto_.opts,"e",%progbits
 187 0000 272D666E 		.ascii	"'-fno-openmp' '-fno-openacc' '-fno-pie' '-fcf-prote"
 187      6F2D6F70 
 187      656E6D70 
 187      2720272D 
 187      666E6F2D 
 188 0033 6374696F 		.ascii	"ction=none' '-mcpu=cortex-m4' '-mthumb' '-mfloat-ab"
 188      6E3D6E6F 
 188      6E652720 
 188      272D6D63 
 188      70753D63 
 189 0066 693D6861 		.ascii	"i=hard' '-mfpu=fpv4-sp-d16' '-mlibarch=armv7e-m+fp'"
 189      72642720 
 189      272D6D66 
 189      70753D66 
 189      7076342D 
 190 0099 20272D6D 		.ascii	" '-march=armv7e-m+fp' '-Os' '-fmessage-length=0' '-"
 190      61726368 
 190      3D61726D 
 190      7637652D 
 190      6D2B6670 
 191 00cc 66736967 		.ascii	"fsigned-char' '-ffunction-sections' '-fdata-section"
 191      6E65642D 
 191      63686172 
 191      2720272D 
 191      6666756E 
 192 00ff 73272027 		.ascii	"s' '-fsingle-precision-constant' '-flto' '-fabi-ver"
 192      2D667369 
 192      6E676C65 
 192      2D707265 
 192      63697369 
 193 0132 73696F6E 		.ascii	"sion=0' '-fno-exceptions' '-Xassembler' '-adhlns=Sr"
 193      3D302720 
 193      272D666E 
 193      6F2D6578 
 193      63657074 
 194 0165 632F7369 		.ascii	"c/si4463.o.lst'\000"
 194      34343633 
 194      2E6F2E6C 
 194      73742700 
 195              		.text
 196              		.comm	__gnu_lto_slim,1,1
 197              		.ident	"GCC: (Arm GNU Toolchain 12.2.Rel1 (Build arm-12.24)) 12.2.1 20221205"
DEFINED SYMBOLS
                            *ABS*:0000000000000000 si4463.cpp
                            *COM*:0000000000000001 __gnu_lto_slim

NO UNDEFINED SYMBOLS
