   1              		.cpu cortex-m4
   2              		.arch armv7e-m
   3              		.fpu fpv4-sp-d16
   4              		.eabi_attribute 27, 1
   5              		.eabi_attribute 28, 1
   6              		.eabi_attribute 20, 1
   7              		.eabi_attribute 21, 1
   8              		.eabi_attribute 23, 3
   9              		.eabi_attribute 24, 1
  10              		.eabi_attribute 25, 1
  11              		.eabi_attribute 26, 1
  12              		.eabi_attribute 30, 4
  13              		.eabi_attribute 34, 1
  14              		.eabi_attribute 18, 4
  15              		.file	"si4467.cpp"
  16              		.section	.gnu.lto_.profile.2b2110ef2bf485f1,"e",%progbits
  17 0000 789C6362 		.ascii	"x\234cb\000\001\000\000\022\000\003"
  17      00010000 
  17      120003
  18              		.text
  19              		.section	.gnu.lto_.icf.2b2110ef2bf485f1,"e",%progbits
  20 0000 789CE367 		.ascii	"x\234\343g@\000&\206//?5s30\256\336\177\365\025?\003"
  20      40002686 
  20      2F2F3F35 
  20      733330AE 
  20      DE7FF515 
  21 0016 0036F906 		.ascii	"\0006\371\006\250"
  21      A8
  22              		.text
  23              		.section	.gnu.lto_.ipa_sra.2b2110ef2bf485f1,"e",%progbits
  24 0000 789C6365 		.ascii	"x\234ce@\000F\006\006f\006\000\000q\000\012"
  24      40004606 
  24      06660600 
  24      0071000A 
  25              		.text
  26              		.section	.gnu.lto_.inline.2b2110ef2bf485f1,"e",%progbits
  27 0000 789C5363 		.ascii	"x\234Sc@\000F\006\006\346\006 `J\001\262\230\030\030"
  27      40004606 
  27      06E60620 
  27      604A01B2 
  27      981818
  28 0013 1A81EC3A 		.ascii	"\032\201\354:\006\0066\210\030\023H\010\010\000\244"
  28      06063688 
  28      18134808 
  28      0800A4
  29 0022 0B0783   		.ascii	"\013\007\203"
  30              		.text
  31              		.section	.gnu.lto_.jmpfuncs.2b2110ef2bf485f1,"e",%progbits
  32 0000 789C6365 		.ascii	"x\234ce@\000F\020\001\000\000k\000\007"
  32      40004610 
  32      0100006B 
  32      0007
  33              		.text
  34              		.section	.gnu.lto_.pureconst.2b2110ef2bf485f1,"e",%progbits
  35 0000 789C6361 		.ascii	"x\234ca```dh`\001\000\0010\000\212"
  35      60606064 
  35      68600100 
  35      0130008A 
  36              		.text
  37              		.section	.gnu.lto_.ipa_modref.2b2110ef2bf485f1,"e",%progbits
  38 0000 789C6362 		.ascii	"x\234cb@\006\000\000*\000\003"
  38      40060000 
  38      2A0003
  39              		.text
  40              		.section	.gnu.lto_.lto.2b2110ef2bf485f1,"e",%progbits
  41 0000 0C000000 		.ascii	"\014\000\000\000\001\000\000\000"
  41      01000000 
  42              		.text
  43              		.section	.gnu.lto__ZL13__si_4467_cfg.0.2b2110ef2bf485f1,"e",%progbits
  44 0000 789C4D8F 		.ascii	"x\234M\217?K\003A\020\305\337\376\313m.\233xs\311\301"
  44      3F4B0341 
  44      10C5DFFE 
  44      CB6D2E9B 
  44      7873C9C1 
  45 0014 21081B13 		.ascii	"!\010\033\023\320B\341\032\305J\327\302Z\213\200\205"
  45      D042E11A 
  45      C54AD7C2 
  45      5A8B8085 
  46 0024 9DA59560 		.ascii	"\235\245\225`#Xx\202\255ha+\304\217a'Z\005\256\261\267"
  46      23587882 
  46      AD68612B 
  46      C48F6127 
  46      5A05AEB1 
  47 0039 B014BF80 		.ascii	"\260\024\277\200 B\274\275\263\270if\346\367\336\014"
  47      2042BCBD 
  47      B3B86966 
  47      E6F7DE0C 
  48 0049 3312C01D 		.ascii	"3\022\300\035C\025+\234_\342F\004\234\201\315^s\335"
  48      43152B9C 
  48      5FE24604 
  48      9C81CD5E 
  48      73DD
  49 005b A741C55B 		.ascii	"\247A\305[\004\216](\002\023V\021+\355\232\270\254\264"
  49      048E5D28 
  49      02135611 
  49      2BED9AB8 
  49      ACB4
  50 006d 2E456D60 		.ascii	".Em`\200\005\362]\217(\004+\212z\037\"\212\015\300\364"
  50      8005F25D 
  50      8F28042B 
  50      8A7A1F22 
  50      8A0DC0F4 
  51 0081 7C6EB9EF 		.ascii	"|n\271\357\235\007\306\301I4\034)\032\341\301\270\011"
  51      9D07C6C1 
  51      49341C29 
  51      1AE1C1B8 
  51      09
  52 0092 DA14ABAC 		.ascii	"\332\024\253\254\2524\305r\263\366X\003\201@\275C\225"
  52      AA34C572 
  52      B3F65803 
  52      8140BD43 
  52      95
  53 00a3 778229B2 		.ascii	"w\202)\262\314|{\234\262\\\363\034\247\026\2378\366"
  53      CC7C7B9C 
  53      B25CF31C 
  53      A7169F38 
  53      F6
  54 00b4 60ACB6D7 		.ascii	"`\254\266\327\371\003^0\031]\261\200\254\310x?\367\376"
  54      F9035E30 
  54      195DB180 
  54      ACC8783F 
  54      F7FE
  55 00c6 8D0F2F6F 		.ascii	"\215\017/oQ\222\344\213\026X5\327\243\036\331p\357\026"
  55      5192E48B 
  55      165835D7 
  55      A31ED970 
  55      EF16
  56 00d8 270CF316 		.ascii	"'\014\363\026R\327\"\313\017\356\273>MD\340g\016\313"
  56      52D722CB 
  56      0FEEBB3E 
  56      4D44E067 
  56      0ECB
  57 00ea 6BAC3A72 		.ascii	"k\254:rR\236\333\210\206\006\305c6\035\276=\315\276"
  57      529EDB88 
  57      8606C563 
  57      361DBE3D 
  57      CDBE
  58 00fc 544C1E98 		.ascii	"TL\036\230P&\277\342\037{\220\326Z\2155-K\244\373\317"
  58      5026BFE2 
  58      1F7B90D6 
  58      5A8D352D 
  58      4BA4FBCF 
  59 0110 4B1D1A05 		.ascii	"K\035\032\005X\353u\2449\023\021e\246\371/\0149\215"
  59      58EB75A4 
  59      39131165 
  59      A6F92F0C 
  59      398D
  60 0122 1D531483 		.ascii	"\035S\024\203\013\373\203?\213j89"
  60      0BFB833F 
  60      8B6A3839 
  61              		.text
  62              		.section	.gnu.lto__Z23get_si4467_config_arrayv.1.2b2110ef2bf485f1,"e",%progbits
  63 0000 789C9BC6 		.ascii	"x\234\233\306\300\300\220\011\304\252@\314\310\314\300"
  63      C0C09009 
  63      C4AA40CC 
  63      C8CCC0
  64 000f 38696217 		.ascii	"8ib\027\023CCC\203\003;\023c\343\304\256\343\213\224"
  64      13434343 
  64      83033B13 
  64      63E3C4AE 
  64      E38B94
  65 0022 19773282 		.ascii	"\031w2\202\371\214\014\365L\214\365\214\313\230Y\031"
  65      F98C0CF5 
  65      4C8CF58C 
  65      CB985919 
  66 0032 D9841959 		.ascii	"\331\204\031Y\200\244(\243\202\376\201\206\206\037O"
  66      80A428A3 
  66      82FE8186 
  66      861F4F
  67 0041 5F3F382C 		.ascii	"_?8,4o\305\001\226z\206\332\035\214\333\031\031\300"
  67      346FC501 
  67      967A86DA 
  67      1D8CDB19 
  67      19C0
  68 0053 809B81A1 		.ascii	"\200\233\201\241\026d(\020\257\277\304\372\240\341\317"
  68      16642810 
  68      AFBFC4FA 
  68      A0E1CF
  69 0062 FFFE8686 		.ascii	"\377\376\206\206\377\202\323X\231\030\030\0263\203\354"
  69      FF82D358 
  69      99181816 
  69      3383EC
  70 0071 6860014A 		.ascii	"h`\001J.af\2020\033\01700417)\000\015\256fd`e\354bd"
  70      2E616682 
  70      301B0F30 
  70      30343137 
  70      29000DAE 
  71 008c AAAE04D2 		.ascii	"\252\256\004\322k\030\031\312\3670\356fd\350bljh\340"
  71      6B1819CA 
  71      F730EE66 
  71      64E8626C 
  71      6A68E0
  72 009f A8DE0B31 		.ascii	"\250\336\0131\17713#D_\303\001\0207D?\2648\265\250X"
  72      7F313323 
  72      445FC301 
  72      1037443F 
  72      B438B5A8 
  73 00b4 BF20B524 		.ascii	"\277 \265$\265H?=\263$\2434I?7131/Q?'\261$\265\270D"
  73      B5483F3D 
  73      B324A334 
  73      493F3731 
  73      33312F51 
  74 00cf DF2DB328 		.ascii	"\337-\263(\267<\261(U?\244(1\257\270 ?/\005\250\322"
  74      B73CB128 
  74      553FA428 
  74      31AFB820 
  74      3F2F05A8 
  75 00e4 C7C4D850 		.ascii	"\307\304\330P\327/\265\334\251(51;\277\264\244X\327"
  75      D72FB5DC 
  75      A9283531 
  75      3BBFB4A4 
  75      58D7
  76 00f6 293FBF24 		.ascii	")?\277$'?\021(\311 \244\247\247\037\\\224\254_\234i"
  76      273F1128 
  76      C920A4A7 
  76      A71F5C94 
  76      AC5F9C69 
  77 010a 626266AE 		.ascii	"bbf\256\227\\P\300\000\000\370\240X\020"
  77      975C50C0 
  77      0000F8A0 
  77      5810
  78              		.text
  79              		.section	.gnu.lto_.symbol_nodes.2b2110ef2bf485f1,"e",%progbits
  80 0000 789C5366 		.ascii	"x\234Sf\000\002&\306z\206\006 `a\234p\216\201\241\236"
  80      000226C6 
  80      7A860620 
  80      60619C70 
  80      8E81A19E 
  81 0014 8161D784 		.ascii	"\201a\327\204&&\2408+\003\343\201\026F\006\006f\006"
  81      2626A038 
  81      2B03E381 
  81      16460606 
  81      6606
  82 0026 009EE107 		.ascii	"\000\236\341\007\244"
  82      A4
  83              		.text
  84              		.section	.gnu.lto_.refs.2b2110ef2bf485f1,"e",%progbits
  85 0000 789C6367 		.ascii	"x\234cg```d`bdd`\000\000\000p\000\015"
  85      60606064 
  85      60626464 
  85      60000000 
  85      70000D
  86              		.text
  87              		.section	.gnu.lto_.decls.2b2110ef2bf485f1,"e",%progbits
  88 0000 789C7551 		.ascii	"x\234uQ[H\024a\024\376\317\356\272n\266^\266\013\232"
  88      5B481461 
  88      14FECFEE 
  88      BA6EB65E 
  88      B60B9A
  89 0013 28F81888 		.ascii	"(\370\030\210\016\233\226=\364 \025\365\"\021\244/\276"
  89      0E9B963D 
  89      F42015F5 
  89      2211A42F 
  89      BE
  90 0024 6C938DB6 		.ascii	"l\223\215\266\344^\232\035\265\336\316\354N6\202\306"
  90      E45E9A1D 
  90      B5DECEEC 
  90      4E3682C6 
  91 0034 4E20D85A 		.ascii	"N \330Z0\215P\017\021,\321=\313\311\035\315.\352F/\005"
  91      308D500F 
  91      112CD13D 
  91      CBC91DCD 
  91      2EEA462F 
  92 0049 110B41D8 		.ascii	"\021\013A\330\005\272\031\004\005vfW\202\210\016s\346"
  92      05BA1904 
  92      05766657 
  92      82880E73 
  92      E6
  93 005a FCFFF9CE 		.ascii	"\374\377\371\316\177\316w\316\031w0\366\2131\266\203"
  93      7FCE77CE 
  93      197730F6 
  93      8B31B683 
  94 006a 7485C449 		.ascii	"t\205\304I\3669)\271\331,\351\002\351y`\214>6O:B\207"
  94      F63929B9 
  94      D92CE902 
  94      E979608C 
  94      3E364F3A 
  95 0080 22B2D62A 		.ascii	"\"\262\326*\276\270\032cc.\307\312\324\233\017\356o"
  95      BEB81A63 
  95      632EC7CA 
  95      D49B0FEE 
  95      6F
  96 0091 80887368 		.ascii	"\200\210sh\312\226'i,a\032\365a\025d3\201ik\366\231"
  96      CA962769 
  96      2C611AF5 
  96      61156433 
  96      81696BF6 
  97 00a6 5F9FB054 		.ascii	"_\237\260T\215\002\020.\\\303Szb\320\253O$\206\317("
  97      8D02102E 
  97      5CC3537A 
  97      62D0AB4F 
  97      2486CF28 
  98 00ba 588A05A9 		.ascii	"X\212\005\251 \035\034C\314R\032%+c\316\204\234L\276"
  98      201D1C43 
  98      CC521A25 
  98      2B63CE84 
  98      9C4CBE
  99 00cd 740EAB0B 		.ascii	"t\016\253\013\021\246;E\331S\210\311\352\370X\016\323"
  99      11A63B45 
  99      D95388C9 
  99      EAF8580E 
  99      D3
 100 00de 71CCFA52 		.ascii	"q\314\372RWm\304M:\224>}\013\313\365\304+U\317\340&"
 100      576DC44D 
 100      3A943E7D 
 100      0BCBF5C4 
 100      2B55CFE0 
 101 00f3 5D411C43 		.ascii	"]A\034C\305\204\263\004\245PM:\206\343\026^\312$d\260"
 101      C584B304 
 101      A5504D3A 
 101      86E3165E 
 101      CA2464B0 
 102 0107 93621C55 		.ascii	"\223b\034U_\322P\210\222\205\3074\303TeT\206*l7\032"
 102      5FD25088 
 102      9285C734 
 102      C3546554 
 102      862A6C37 
 103 011c 16FA6C8F 		.ascii	"\026\372l\217\026\267T\237\026WP\323-t\320\033U\246"
 103      16B7549F 
 103      165750D3 
 103      2D74D01B 
 103      55A6
 104 012e AC20EB88 		.ascii	"\254 \353\210Z\256\010\343\246\212hG\030\2102\356F\203"
 104      5AAE08E3 
 104      A68A6847 
 104      188832EE 
 104      4683
 105 0140 8AD8B886 		.ascii	"\212\330\270\206s\252l\240\014\232A\035\033\012Vj\250"
 105      73AA6CA0 
 105      0C9A411D 
 105      1B0A566A 
 105      A8
 106 0151 D8070AAD 		.ascii	"\330\007\012\255\333O\343b\371f\034\214\030b\022[i|"
 106      DB4FE362 
 106      F9661C8C 
 106      1862125B 
 106      697C
 107 0163 37F0EABB 		.ascii	"7\360\352\273\265\313\371\361\225\323\304\313\222\255"
 107      B5CBF9F1 
 107      95D3C4CB 
 107      92AD
 108 0171 0CA6A1C2 		.ascii	"\014\246\241\302S\315<-lk\241y\243\233\335\261\227A"
 108      53CD3C2D 
 108      6C6BA179 
 108      A39BDDB1 
 108      9741
 109 0183 E26967EE 		.ascii	"\342ig\356\365\340po\204\012\262.\262u\356ZX\001\372"
 109      F5E0706F 
 109      840AB22E 
 109      B275EE5A 
 109      5801FA
 110 0196 314F2FE5 		.ascii	"1O/\345{\275\274t\305Yn\"~\306i\331\311\266na\031\250"
 110      7BBDBC74 
 110      C5596E22 
 110      7EC669D9 
 110      C9B66E61 
 111 01ac 65D3F000 		.ascii	"e\323\360\000\\\216\307o\276\316\226\371\010\373\201"
 111      5C8EC76F 
 111      BECE96F9 
 111      08FB81
 112 01bb FAB4CB02 		.ascii	"\372\264\313\002\023\246(\355\014\330k\034y\361\363"
 112      13A628ED 
 112      0CD86B1C 
 112      79F1F3
 113 01ca B2AB868A 		.ascii	"\262\253\206\212-#n\230\201\373p\217\334\263\300\276"
 113      2D236E98 
 113      81FB708F 
 113      DCB3C0BE 
 114 01da E4979CF9 		.ascii	"\344\227\234\3718\371\326\273\371\334\030\376x\371\360"
 114      38F9D6BB 
 114      F9DC18FE 
 114      78F9F0
 115 01e9 69A63835 		.ascii	"i\24685\211x\322\336\033EL\302\335<\267\333\300n\301"
 115      8978D2DE 
 115      1B454CC2 
 115      DD3CB7DB 
 115      C06EC1
 116 01fc 4D62F10A 		.ascii	"Mb\361\012l\212#N\342\266T\345\371\224\277\015;]\216"
 116      6C8A234E 
 116      E2B654E5 
 116      F994BF0D 
 116      3B5D8E
 117 020f D1C58BCB 		.ascii	"\321\305\213\313\245\345hW7\2255\353\013\305\347\201"
 117      A5E56857 
 117      379535EB 
 117      0BC5E781 
 118 021f F99F12B5 		.ascii	"\371\237\022\265\367\352\367\267\336J\002\025T\017Z"
 118      F7EAF7B7 
 118      DE4A0215 
 118      540F5A
 119 022e F0181E11 		.ascii	"\360\030\036\021\270\0006\316\352\223I\374|.\353\252"
 119      B80036CE 
 119      EA9349FC 
 119      7C2EEBAA 
 120 023e 5A802754 		.ascii	"Z\200'T\254\200\315\001\\\207|\277\243\343\336?=-\254"
 120      AC80CD01 
 120      5C877CBF 
 120      A3E3DE3F 
 120      3D2DAC
 121 0251 F694B529 		.ascii	"\366\224\265)yy1\324\337\"4\204\352\273\243\254\244"
 121      797931D4 
 121      DF223484 
 121      EABBA3AC 
 121      A4
 122 0262 2B224AC2 		.ascii	"+\"J\302\361\206P3\253\011tni\352\021\244@,\330\334"
 122      F1865033 
 122      AB09746E 
 122      69EA11A4 
 122      402CD8DC 
 123 0276 BCAD25D0 		.ascii	"\274\255%\320\025\011w\007{\002\274(\362'\372}\215\215"
 123      15097707 
 123      7B02BC28 
 123      F227FA7D 
 123      8D8D
 124 0288 DC01B18B 		.ascii	"\334\001\261\213+`\215]\321h\311\336}\035u\273\352\353"
 124      2B608D5D 
 124      D168C9DE 
 124      7D1D75BB 
 124      EAEB
 125 029a FD7E56F9 		.ascii	"\375~V\371\237W\305}\301\260\264= \265s\0351A\214qQ"
 125      9F57C57D 
 125      C1B0B43D 
 125      20B5731D 
 125      31418C71 
 126 02af 411244AE 		.ascii	"A\022D\256'(\035\351;\304\205\370 \037\346\271^^\022"
 126      27281DE9 
 126      3BC485F8 
 126      201FE6B9 
 126      5E5E12
 127 02c2 6212B727 		.ascii	"b\022\267'(\206\006xQ\340\332E>\034\213F\302\207)\262"
 127      28860678 
 127      51E0DA45 
 127      3E1C8B46 
 127      C28729B2 
 128 02d6 ADB9C9DF 		.ascii	"\255\271\311\337\260O\030\330)\012\374\321H\237\024"
 128      B04F18D8 
 128      290AFCD1 
 128      489F14
 129 02e5 6BD81989 		.ascii	"k\330\031\211H\275\021\236@\266\356\037Fl]\240\263\315"
 129      48BD119E 
 129      40B6EE1F 
 129      466C5DA0 
 129      B3CD
 130 02f7 DF14202A 		.ascii	"\337\024 *\201\002\227\356\236\322\277n\277\001\231"
 130      810297EE 
 130      9ED2BF6E 
 130      BF0199
 131 0306 5A723C   		.ascii	"Zr<"
 132              		.text
 133              		.section	.gnu.lto_.symtab.2b2110ef2bf485f1,"e",%progbits
 134 0000 5F5A3233 		.ascii	"_Z23get_si4467_config_arrayv\000"
 134      6765745F 
 134      73693434 
 134      36375F63 
 134      6F6E6669 
 135 001d 00       		.ascii	"\000"
 136 001e 00       		.ascii	"\000"
 137 001f 00       		.ascii	"\000"
 138 0020 00000000 		.ascii	"\000\000\000\000\000\000\000\000"
 138      00000000 
 139 0028 C6000000 		.ascii	"\306\000\000\000"
 140              		.text
 141              		.section	.gnu.lto_.ext_symtab.2b2110ef2bf485f1,"e",%progbits
 142 0000 01       		.ascii	"\001"
 143 0001 01       		.ascii	"\001"
 144 0002 00       		.ascii	"\000"
 145              		.text
 146              		.section	.gnu.lto_.opts,"e",%progbits
 147 0000 272D666E 		.ascii	"'-fno-openmp' '-fno-openacc' '-fno-pie' '-fcf-prote"
 147      6F2D6F70 
 147      656E6D70 
 147      2720272D 
 147      666E6F2D 
 148 0033 6374696F 		.ascii	"ction=none' '-mcpu=cortex-m4' '-mthumb' '-mfloat-ab"
 148      6E3D6E6F 
 148      6E652720 
 148      272D6D63 
 148      70753D63 
 149 0066 693D6861 		.ascii	"i=hard' '-mfpu=fpv4-sp-d16' '-mlibarch=armv7e-m+fp'"
 149      72642720 
 149      272D6D66 
 149      70753D66 
 149      7076342D 
 150 0099 20272D6D 		.ascii	" '-march=armv7e-m+fp' '-Os' '-fmessage-length=0' '-"
 150      61726368 
 150      3D61726D 
 150      7637652D 
 150      6D2B6670 
 151 00cc 66736967 		.ascii	"fsigned-char' '-ffunction-sections' '-fdata-section"
 151      6E65642D 
 151      63686172 
 151      2720272D 
 151      6666756E 
 152 00ff 73272027 		.ascii	"s' '-fsingle-precision-constant' '-flto' '-fabi-ver"
 152      2D667369 
 152      6E676C65 
 152      2D707265 
 152      63697369 
 153 0132 73696F6E 		.ascii	"sion=0' '-fno-exceptions' '-Xassembler' '-adhlns=Sr"
 153      3D302720 
 153      272D666E 
 153      6F2D6578 
 153      63657074 
 154 0165 632F7369 		.ascii	"c/si4467.o.lst'\000"
 154      34343637 
 154      2E6F2E6C 
 154      73742700 
 155              		.text
 156              		.comm	__gnu_lto_slim,1,1
 157              		.ident	"GCC: (Arm GNU Toolchain 12.2.Rel1 (Build arm-12.24)) 12.2.1 20221205"
DEFINED SYMBOLS
                            *ABS*:0000000000000000 si4467.cpp
                            *COM*:0000000000000001 __gnu_lto_slim

NO UNDEFINED SYMBOLS
