   1              		.cpu cortex-m4
   2              		.arch armv7e-m
   3              		.fpu fpv4-sp-d16
   4              		.eabi_attribute 27, 1
   5              		.eabi_attribute 28, 1
   6              		.eabi_attribute 20, 1
   7              		.eabi_attribute 21, 1
   8              		.eabi_attribute 23, 3
   9              		.eabi_attribute 24, 1
  10              		.eabi_attribute 25, 1
  11              		.eabi_attribute 26, 1
  12              		.eabi_attribute 30, 4
  13              		.eabi_attribute 34, 1
  14              		.eabi_attribute 18, 4
  15              		.file	"stm32l4xx_it.c"
  16              		.section	.gnu.lto_.profile.a463cb291d155f13,"e",%progbits
  17 0000 789C6362 		.ascii	"x\234cb\000\001\000\000\022\000\003"
  17      00010000 
  17      120003
  18              		.text
  19              		.section	.gnu.lto_.icf.a463cb291d155f13,"e",%progbits
  20 0000 789CAB64 		.ascii	"x\234\253d@\000\016\206\033\333\266_\347f`\234\367\260"
  20      40000E86 
  20      1BDBB65F 
  20      E766609C 
  20      F7B0
  21 0012 F9139702 		.ascii	"\371\023\227\002\023\003\0202\002!\2314\327\305\323"
  21      13031032 
  21      02219934 
  21      D7C5D3
  22 0021 EDB75818 		.ascii	"\355\267X\030\270\317\334m\264e\340\231\274\354\326"
  22      B8CFDC6D 
  22      B465E099 
  22      BCECD6
  23 0030 4C5E06DE 		.ascii	"L^\006\336\365\267\236\354\341f\340\233\365r\356<\026"
  23      F5B79EEC 
  23      E166E09B 
  23      F572EE3C 
  23      16
  24 0041 06FEBE53 		.ascii	"\006\376\276S\377o\36020\000\000\253\205\030\266"
  24      FF6FF032 
  24      300000AB 
  24      8518B6
  25              		.text
  26              		.section	.gnu.lto_.ipa_sra.a463cb291d155f13,"e",%progbits
  27 0000 789C5367 		.ascii	"x\234Sg@\000v\006\006F\006FFF\020\233\221\033\304\346"
  27      40007606 
  27      06460646 
  27      4646109B 
  27      911BC4E6 
  28 0014 0111BC20 		.ascii	"\001\021\274 \202\217\201\221\037D\003!\000\016(\000"
  28      828F8191 
  28      1F440321 
  28      000E2800 
  29 0024 7F       		.ascii	"\177"
  30              		.text
  31              		.section	.gnu.lto_.inline.a463cb291d155f13,"e",%progbits
  32 0000 789C2B61 		.ascii	"x\234+ad\200\003\016\006\006\326\206\206\206\005\314"
  32      6480030E 
  32      0606D686 
  32      868605CC 
  33 0010 69404126 		.ascii	"i@A&\006\206F \247\216\201\201\015H50\2450\201\204\200"
  33      06864620 
  33      A78E8181 
  33      0D483530 
  33      A5308184 
  34 0025 E2DC4082 		.ascii	"\342\334@\202\021\204D\200\302\033\230\322\031\201L"
  34      11844480 
  34      C21B98D2 
  34      19814C
  35 0034 46262606 		.ascii	"F&&\006f\006\006\026I\240\320\004\3464\006\006^ \343"
  35      66060616 
  35      49A0D004 
  35      E6340606 
  35      5E20E3
  36 0047 01532A48 		.ascii	"\001S*H\017#X{\022\023\003\013\234\315\300\0022\211"
  36      0F23587B 
  36      1213030B 
  36      9CCDC002 
  36      3289
  37 0059 0B661B03 		.ascii	"\013f\033\003a\333\270Ip\031\017\011jyIP\313\307\300"
  37      61DBB849 
  37      70190F09 
  37      6A794950 
  37      CBC7C0
  38 006c 0C11C7A3 		.ascii	"\014\021\307\243\226\037l\336\003P\250\340T\303\310"
  38      961F6CDE 
  38      0350A8E0 
  38      54C3C8
  39 007b 85201900 		.ascii	"\205 \031\000\212\271B\273"
  39      8AB942BB 
  40              		.text
  41              		.section	.gnu.lto_.jmpfuncs.a463cb291d155f13,"e",%progbits
  42 0000 789C45CD 		.ascii	"x\234E\315I\012\3000\014CQIvJ\351x\332.r\273\036-\251"
  42      490AC030 
  42      0C435149 
  42      764AE978 
  42      DA2E72BB 
  43 0017 30D4A0CD 		.ascii	"0\324\240\315\373\013?\370o\235\223\226N\202o\362\033"
  43      FB0B3FF8 
  43      6F9D9396 
  43      4E826FF2 
  43      1B
  44 0028 4032206C 		.ascii	"@2 l\225\344$\247\275\254\331\232\355(\013[\330\316"
  44      95E424A7 
  44      BDACD99A 
  44      ED280B5B 
  44      D8CE
  45 003a B2B4A5ED 		.ascii	"\262\264\245\355\002n?\035\263\361\013:"
  45      026E3F1D 
  45      B3F10B3A 
  46              		.text
  47              		.section	.gnu.lto_.pureconst.a463cb291d155f13,"e",%progbits
  48 0000 789C9364 		.ascii	"x\234\223d``\340`\230\301\302\270\213\225k\006\013\367"
  48      6060E060 
  48      98C1C2B8 
  48      8B956B06 
  48      0BF7
  49 0012 0C169E19 		.ascii	"\014\026\236\031,\2743X\370\032X\370g\260\000\000E\301"
  49      2CBC3358 
  49      F81A58F8 
  49      67B00000 
  49      45C1
  50 0024 0559     		.ascii	"\005Y"
  51              		.text
  52              		.section	.gnu.lto_.ipa_modref.a463cb291d155f13,"e",%progbits
  53 0000 789CB367 		.ascii	"x\234\263g@\0006\004\223\221Q\004H\000!\003\0337\\\220"
  53      40003604 
  53      93915104 
  53      48002103 
  53      1B375C90 
  54 0014 07CEE285 		.ascii	"\007\316\342\205\263\370\021z\000\036\316\000\227"
  54      B3F8117A 
  54      001ECE00 
  54      97
  55              		.text
  56              		.section	.gnu.lto_.lto.a463cb291d155f13,"e",%progbits
  57 0000 0C000000 		.ascii	"\014\000\000\000\001\000\000\000"
  57      01000000 
  58              		.text
  59              		.section	.gnu.lto_NMI_Handler.132.a463cb291d155f13,"e",%progbits
  60 0000 789C6B60 		.ascii	"x\234k```\310\005be fdf`\2344\261\213\211\241\241\241"
  60      6060C805 
  60      62652066 
  60      6466609C 
  60      34B18B89 
  61 0017 C1819D89 		.ascii	"\301\201\235\211\261qb\027'\343vF0\217\221\241\236\211"
  61      B1716217 
  61      27E37646 
  61      308F91A1 
  61      9E89
  62 0029 B19E7119 		.ascii	"\261\236q\031\263>\220\373\343\351\353\013\333%\032"
  62      B33E90FB 
  62      E3E9EB0B 
  62      DB251A
  63 0038 561C607C 		.ascii	"V\034`|\305\300P\317\000\005\334\0206#\020\257\277\304"
  63      C5C050CF 
  63      0005DC10 
  63      362310AF 
  63      BFC4
  64 004a FAA0E1CF 		.ascii	"\372\240\341\317\377\376\206\206\357\322\017\347\260"
  64      FFFE8686 
  64      EFD20FE7 
  64      B0
  65 0057 3333302C 		.ascii	"330,f\006\231\332\300\002\224]\302\314\004a6\036``h"
  65      660699DA 
  65      C002945D 
  65      C2CC0461 
  65      361E6060 
  66 006c 606E7930 		.ascii	"`ny0\3738#C\027#Sm5\003\003[%##\023\013C\023s\323\203"
  66      FB382343 
  66      1723536D 
  66      3503035B 
  66      25232313 
  67 0086 B9EE6053 		.ascii	"\271\356`S\02733BT7\034\000qC\364C\213S\213\212\365"
  67      17333342 
  67      54371C00 
  67      7143F443 
  67      8B538B8A 
  68 009b 0B524B52 		.ascii	"\013RKR\213\364\3233K2J\223\364s\0233\023\363\022\365"
  68      8BF4D333 
  68      4B324A93 
  68      F4731333 
  68      13F312F5 
  69 00af 73124B52 		.ascii	"s\022KR\213K\364\3352\213r\313\023\213R\365C\212\022"
  69      8B4BF4DD 
  69      328B72CB 
  69      138B52F5 
  69      438A12
  70 00c2 F38A0BF2 		.ascii	"\363\212\013\362\363R\200*}L\214\015u\375R\313\235\212"
  70      F352802A 
  70      7D4C8C0D 
  70      75FD52CB 
  70      9D8A
  71 00d4 5213B3F3 		.ascii	"R\023\263\363KK\212u\235\362\363Kr\362\023\201\222\014"
  71      4B4B8A75 
  71      9DF2F34B 
  71      72F21381 
  71      920C
  72 00e6 627A7AFA 		.ascii	"bzz\372\301E\311\372\305%\271\306F9&\025\025\361\231"
  72      C145C9FA 
  72      C525B9C6 
  72      46392615 
  72      15F199
  73 00f9 257AC90C 		.ascii	"%z\311\014\000\037\372Vv"
  73      001FFA56 
  73      76
  74              		.text
  75              		.section	.gnu.lto_prvGetRegistersFromStack.141.a463cb291d155f13,"e",%progbits
  76 0000 789C5DD2 		.ascii	"x\234]\322Oh\323p\024\007\360\367~\277\244\211s\310"
  76      4F68D370 
  76      1407F0F7 
  76      7EBFA489 
  76      73C8
  77 0012 C02A3B88 		.ascii	"\300*;\210+x\331\245\315t\333]{\330AE\204\325\263\304"
  77      2B78D9A5 
  77      CD74DB5D 
  77      7BD84145 
  77      84D5B3C4 
  78 0026 36CCAC69 		.ascii	"6\314\254i\323\345\017\355\016\243\277u\210\022\017"
  78      D3E50FED 
  78      0EA3BF75 
  78      88120F
  79 0035 328F5E3C 		.ascii	"2\217^<Ld\207\201\007\025t2,\233\210\210\310\030\242"
  79      4C648781 
  79      07157432 
  79      2C9B8888 
  79      C818A2
  80 0048 228295E1 		.ascii	"\"\202\225\341E\017\202^\004\305\372\313\213\273$\360"
  80      450F825E 
  80      04C5FACB 
  80      8BBB24F0 
  81 0058 0DEFE5E5 		.ascii	"\015\357\345\345\003/\177\312\014 \002\200c2\310\001"
  81      032F7FCA 
  81      0C200280 
  81      6332C801 
  82 0068 6F2E470C 		.ascii	"o.G\014\204\020'5\206\213\313\321>|\202\324!\264\031"
  82      84102735 
  82      868BCBD1 
  82      3E7C82D4 
  82      21B419
  83 007b B6F12E37 		.ascii	"\266\361.7d\373\353\313\267\336\306\330\222\2702\374"
  83      64FBEBCB 
  83      B7DEC6D8 
  83      92B832FC 
  84 008b 15A00D74 		.ascii	"\025\240\015t\250\2309\210\212<\037\302\234\212z\035"
  84      A8983988 
  84      8A3C1FC2 
  84      9C8A7A1D 
  85 009b F25D21B6 		.ascii	"\362]!\266\257m]\025C\312\302:\266\037\343#\004`2\260"
  85      AF6D5D15 
  85      43CAC23A 
  85      B61FE323 
  85      046032B0 
  86 00af 3F417179 		.ascii	"?AqyoG\355\211?\375\033B\364\217~~0\220E`\214\311p\031"
  86      6F47ED89 
  86      3FFD1B42 
  86      F48F7E7E 
  86      30904560 
  87 00c7 454695C9 		.ascii	"EF\225\311\310h2\272\314\000\342\272t+<\336Q(\262\274"
  87      C86832BA 
  87      CC00E2BA 
  87      742B3CDE 
  87      5128B2BC 
  88 00db C359522E 		.ascii	"\303YR.v\001\376\262\316\255\353\337o\2678\312E\026"
  88      7601FEB2 
  88      CEADEBDF 
  88      6FB738CA 
  88      4516
  89 00ed 10D6E2E5 		.ascii	"\020\326\342\345\365\371\331\015\214g\233?\242Iy\275"
  89      F5F9D90D 
  89      8C679B3F 
  89      A24979BD 
  90 00fd 8972D908 		.ascii	"\211r\331\010Y3\224\363\234\337\305\247\010\034\023"
  90      593394F3 
  90      9CDFC5A7 
  90      081C13
  91 010c FB738433 		.ascii	"\373s\2043\242\312\032\302\374\354\346\236\303D\314"
  91      A2CA1AC2 
  91      FCECE69E 
  91      C344CC
  92 011b 91784682 		.ascii	"\221xF\202%\342\367\010\347$t\022\317S\302%\361\202"
  92      25E2F708 
  92      E7247412 
  92      CF53C225 
  92      F182
  93 012d 044FC4D6 		.ascii	"\004O\304\326(WH\014\222x\231\0225\022\257H(\211x\267"
  93      2857480C 
  93      92789912 
  93      3512AF48 
  93      288978B7 
  94 0141 7A80AB44 		.ascii	"z\200\253D\206\210\274N\221*\221m\"jB>\255\016\362\014"
  94      8688BC4E 
  94      912A916D 
  94      226A423E 
  94      AD0EF20C 
  95 0155 912C919D 		.ascii	"\221,\221\235\024\261\211\274!\222I\310\356(\327H\014"
  95      14B189BC 
  95      219249C8 
  95      EE28D748 
  95      0C
  96 0166 93789B12 		.ascii	"\223x\233\0223$\336\223\320\376\277i\271\227N\344\010"
  96      3324DE93 
  96      D0FEBF69 
  96      B9974EE4 
  96      08
  97 0177 910F2962 		.ascii	"\221\017)b\021\371HD\207>\023\273\367\343\247\005XB"
  97      11F94844 
  97      873E13BB 
  97      F7E3A705 
  97      5842
  98 0189 E8F04EEF 		.ascii	"\350\360N\357\341i\372uV8&\237Pt\343\266d\\\360-\317"
  98      E169FA75 
  98      5638269F 
  98      5074E3B6 
  98      645CF02D 
  99 019e 371A5660 		.ascii	"7\032V`y\306\214\035\\\016/\0315\3236\353\246\341\230"
  99      79C68C1D 
  99      5C0E2F19 
  99      35D336EB 
  99      A6E198
 100 01b1 81E507C6 		.ascii	"\201\345\007\306\224\355\325\232\246g\031%\317\254\373"
 100      94EDD59A 
 100      A6671925 
 100      CFACFB
 101 01c0 0DB75E91 		.ascii	"\015\267^\221w\236\235\030?\236?g5\213\236eV\3350\360"
 101      779E9D18 
 101      3F9E3F67 
 101      358B9E65 
 101      56DD30F0 
 102 01d4 F345D70D 		.ascii	"\363E\327\015\034\327\224C8\\(\030\323^\331\360\203"
 102      1CD79443 
 102      385C2818 
 102      D35ED9F0 
 102      83
 103 01e5 DAF80967 		.ascii	"\332\370\011g\242\325\272h\007\2052d\033\2413e\206N"
 103      A2D5BA68 
 103      07853264 
 103      1BA13365 
 103      864E
 104 01f7 301D98E5 		.ascii	"0\035\230\345\352\251J\305\263|_+\2369_\312\215\301"
 104      EAA94AC5 
 104      B37C5F2B 
 104      9E395FCA 
 104      8DC1
 105 0209 3F1EEDE0 		.ascii	"?\036\355\340K"
 105      4B
 106              		.text
 107              		.section	.gnu.lto_HardFault_Handler.142.a463cb291d155f13,"e",%progbits
 108 0000 789C6B60 		.ascii	"x\234k```\310\005be fdf`\2344\261\213\211\241\241\241"
 108      6060C805 
 108      62652066 
 108      6466609C 
 108      34B18B89 
 109 0017 C1819D89 		.ascii	"\301\201\235\211\261qb\027'\343vF0\217\221\241\236\211"
 109      B1716217 
 109      27E37646 
 109      308F91A1 
 109      9E89
 110 0029 B19E7119 		.ascii	"\261\236q\031\263>\220\373\343\351\353\003\227UZ\032"
 110      B33E90FB 
 110      E3E9EB03 
 110      97555A1A 
 111 0039 5A255E31 		.ascii	"Z%^10\3243@\0017\204\315\010\304\353/\261>h\370\363"
 111      30D43340 
 111      013784CD 
 111      08C4EB2F 
 111      B13E68F8 
 112 004e BFBFA1E1 		.ascii	"\277\277\241\341\275\346\3039\334\314\014\014\213\231"
 112      BDE6C339 
 112      DCCC0C0C 
 112      8B99
 113 005c 41A636B0 		.ascii	"A\2466\260\000e\22703A\230\215\007\030\030\032\230["
 113      00659730 
 113      3341988D 
 113      0718181A 
 113      985B
 114 006e 1E4C3CCD 		.ascii	"\036L<\315\310\320\305\310T[\315\300\300V\311\310\304"
 114      C8D0C5C8 
 114      545BCDC0 
 114      C056C9C8 
 114      C4
 115 007f C4C2D0C4 		.ascii	"\304\302\320\304\334\364`\2567\330\324\305\314\214\020"
 115      DCF460AE 
 115      37D8D4C5 
 115      CC8C10
 116 008e D50D0740 		.ascii	"\325\015\007@\334\020\375\320\342\324\242b\375\202\324"
 116      DC10FDD0 
 116      E2D4A262 
 116      FD82D4
 117 009d 92D422FD 		.ascii	"\222\324\"\375\364\314\222\214\322$\375\334\304\314"
 117      F4CC928C 
 117      D224FDDC 
 117      C4CC
 118 00ab C4BC44FD 		.ascii	"\304\274D\375\234\304\222\324\342\022}\267\314\242\334"
 118      9CC492D4 
 118      E2127DB7 
 118      CCA2DC
 119 00ba F2C4A254 		.ascii	"\362\304\242T\375\220\242\304\274\342\202\374\274\024"
 119      FD90A2C4 
 119      BCE282FC 
 119      BC14
 120 00c8 A04A1F13 		.ascii	"\240J\037\023cC]\277\324r\247\242\324\304\354\374\322"
 120      63435DBF 
 120      D472A7A2 
 120      D4C4ECFC 
 120      D2
 121 00d9 92625DA7 		.ascii	"\222b]\247\374\374\222\234\374D\240$\203\230\236\236"
 121      FCFC929C 
 121      FC44A024 
 121      83989E9E 
 122 00e9 7E7051B2 		.ascii	"~pQ\262~qI\256\261Q\216IEE|f\211^2\003\000\374\\VO"
 122      7E7149AE 
 122      B1518E49 
 122      45457C66 
 122      895E3203 
 123              		.text
 124              		.section	.gnu.lto_MemManage_Handler.143.a463cb291d155f13,"e",%progbits
 125 0000 789C6B60 		.ascii	"x\234k```\310\005be fdf`\2344\261\213\211\241\241\241"
 125      6060C805 
 125      62652066 
 125      6466609C 
 125      34B18B89 
 126 0017 C1819D89 		.ascii	"\301\201\235\211\261qb\027'\343vF0\217\221\241\236\211"
 126      B1716217 
 126      27E37646 
 126      308F91A1 
 126      9E89
 127 0029 B19E7119 		.ascii	"\261\236q\031\263>\220\373\343\351\353\015\267%\032"
 127      B33E90FB 
 127      E3E9EB0D 
 127      B7251A
 128 0038 561C607C 		.ascii	"V\034`|\305\300P\317\000\005\334\0206#\020\257\277\304"
 128      C5C050CF 
 128      0005DC10 
 128      362310AF 
 128      BFC4
 129 004a FAA0E1CF 		.ascii	"\372\240\341\317\377\376\206\206\347\272\017op330,f"
 129      FFFE8686 
 129      E7BA0F6F 
 129      70333330 
 129      2C66
 130 005c 0699DAC0 		.ascii	"\006\231\332\300\002\224]\302\314\004a6\036``h`nyp\361"
 130      02945DC2 
 130      CC046136 
 130      1E606068 
 130      606E7970 
 131 0071 34234317 		.ascii	"4#C\027#Sm5\003\003[%#+\023\013C\023s\323\203\233\336"
 131      23536D35 
 131      03035B25 
 131      232B130B 
 131      431373D3 
 132 0088 60531733 		.ascii	"`S\02733BT7\034\000qC\364C\213S\213\212\365\013RKR\213"
 132      33425437 
 132      1C007143 
 132      F4438B53 
 132      8B8AF50B 
 133 00a0 F4D3334B 		.ascii	"\364\3233K2J\223\364s\0233\023\363\022\365s\022KR\213"
 133      324A93F4 
 133      73133313 
 133      F312F573 
 133      124B528B 
 134 00b4 4BF4DD32 		.ascii	"K\364\3352\213r\313\023\213R\365C\212\022\363\212\013"
 134      8B72CB13 
 134      8B52F543 
 134      8A12F38A 
 134      0B
 135 00c5 F2F35280 		.ascii	"\362\363R\200*}L\214\015u\375R\313\235\212R\023\263"
 135      2A7D4C8C 
 135      0D75FD52 
 135      CB9D8A52 
 135      13B3
 136 00d7 F34B4B8A 		.ascii	"\363KK\212u\235\362\363Kr\362\023\201\222\014bzz\372"
 136      759DF2F3 
 136      4B72F213 
 136      81920C62 
 136      7A7AFA
 137 00ea C145C9FA 		.ascii	"\301E\311\372\305%\271\306F9&\025\025\361\231%z\311"
 137      C525B9C6 
 137      46392615 
 137      15F19925 
 137      7AC9
 138 00fc 0C009818 		.ascii	"\014\000\230\030W:"
 138      573A
 139              		.text
 140              		.section	.gnu.lto_BusFault_Handler.144.a463cb291d155f13,"e",%progbits
 141 0000 789C6B60 		.ascii	"x\234k```\310\005be fdf`\2344\261\213\211\241\241\241"
 141      6060C805 
 141      62652066 
 141      6466609C 
 141      34B18B89 
 142 0017 C1819D89 		.ascii	"\301\201\235\211\261qb\027'\343vF0\217\221\241\236\211"
 142      B1716217 
 142      27E37646 
 142      308F91A1 
 142      9E89
 143 0029 B19E7119 		.ascii	"\261\236q\031\263>\220\373\343\351\353\011\367%\032"
 143      B33E90FB 
 143      E3E9EB09 
 143      F7251A
 144 0038 561C607C 		.ascii	"V\034`|\305\300P\317\000\005\334\0206#\020\257\277\304"
 144      C5C050CF 
 144      0005DC10 
 144      362310AF 
 144      BFC4
 145 004a FAA0E1CF 		.ascii	"\372\240\341\317\377\376\206\206\353\372\017\247\360"
 145      FFFE8686 
 145      EBFA0FA7 
 145      F0
 146 0057 3133302C 		.ascii	"130,f\006\231\332\300\002\224]\302\314\004a6\036``h"
 146      660699DA 
 146      C002945D 
 146      C2CC0461 
 146      361E6060 
 147 006c 606E79F0 		.ascii	"`ny\360\3674#C\027#Sm5\003\003[%#3\023\013C\023s\323"
 147      F7342343 
 147      1723536D 
 147      3503035B 
 147      25233313 
 148 0085 83A97E60 		.ascii	"\203\251~`S\02733BT7\034\000qC\364C\213S\213\212\365"
 148      53173333 
 148      4254371C 
 148      007143F4 
 148      438B538B 
 149 009b 0B524B52 		.ascii	"\013RKR\213\364\3233K2J\223\364s\0233\023\363\022\365"
 149      8BF4D333 
 149      4B324A93 
 149      F4731333 
 149      13F312F5 
 150 00af 73124B52 		.ascii	"s\022KR\213K\364\3352\213r\313\023\213R\365C\212\022"
 150      8B4BF4DD 
 150      328B72CB 
 150      138B52F5 
 150      438A12
 151 00c2 F38A0BF2 		.ascii	"\363\212\013\362\363R\200*}L\214\015u\375R\313\235\212"
 151      F352802A 
 151      7D4C8C0D 
 151      75FD52CB 
 151      9D8A
 152 00d4 5213B3F3 		.ascii	"R\023\263\363KK\212u\235\362\363Kr\362\023\201\222\014"
 152      4B4B8A75 
 152      9DF2F34B 
 152      72F21381 
 152      920C
 153 00e6 627A7AFA 		.ascii	"bzz\372\301E\311\372\305%\271\306F9&\025\025\361\231"
 153      C145C9FA 
 153      C525B9C6 
 153      46392615 
 153      15F199
 154 00f9 257AC90C 		.ascii	"%z\311\014\000=\345V\270"
 154      003DE556 
 154      B8
 155              		.text
 156              		.section	.gnu.lto_UsageFault_Handler.145.a463cb291d155f13,"e",%progbits
 157 0000 789C6B60 		.ascii	"x\234k```\310\005be fdf`\2344\261\213\211\241\241\241"
 157      6060C805 
 157      62652066 
 157      6466609C 
 157      34B18B89 
 158 0017 C1819D89 		.ascii	"\301\201\235\211\261qb\027'\343vF0\217\221\241\236\211"
 158      B1716217 
 158      27E37646 
 158      308F91A1 
 158      9E89
 159 0029 B19E7119 		.ascii	"\261\236q\031\263>\220\373\343\351\353\017\037%\032"
 159      B33E90FB 
 159      E3E9EB0F 
 159      1F251A
 160 0038 561C607C 		.ascii	"V\034`|\305\300P\317\000\005\334\0206#\020\257\277\304"
 160      C5C050CF 
 160      0005DC10 
 160      362310AF 
 160      BFC4
 161 004a FAA0E1CF 		.ascii	"\372\240\341\317\377\376\206\206\343\226\017o\36113"
 161      FFFE8686 
 161      E3960F6F 
 161      F13133
 162 0059 302C6606 		.ascii	"0,f\006\231\332\300\002\224]\302\314\004a6\036``h`n"
 162      99DAC002 
 162      945DC2CC 
 162      0461361E 
 162      60606860 
 163 006e 7970F91C 		.ascii	"yp\371\034#C\027#Sm5\003\003[%#\013\023\013C\023s\323"
 163      23431723 
 163      536D3503 
 163      035B2523 
 163      0B130B43 
 164 0085 83DB7E60 		.ascii	"\203\333~`S\02733BT7\034\000qC\364C\213S\213\212\365"
 164      53173333 
 164      4254371C 
 164      007143F4 
 164      438B538B 
 165 009b 0B524B52 		.ascii	"\013RKR\213\364\3233K2J\223\364s\0233\023\363\022\365"
 165      8BF4D333 
 165      4B324A93 
 165      F4731333 
 165      13F312F5 
 166 00af 73124B52 		.ascii	"s\022KR\213K\364\3352\213r\313\023\213R\365C\212\022"
 166      8B4BF4DD 
 166      328B72CB 
 166      138B52F5 
 166      438A12
 167 00c2 F38A0BF2 		.ascii	"\363\212\013\362\363R\200*}L\214\015u\375R\313\235\212"
 167      F352802A 
 167      7D4C8C0D 
 167      75FD52CB 
 167      9D8A
 168 00d4 5213B3F3 		.ascii	"R\023\263\363KK\212u\235\362\363Kr\362\023\201\222\014"
 168      4B4B8A75 
 168      9DF2F34B 
 168      72F21381 
 168      920C
 169 00e6 627A7AFA 		.ascii	"bzz\372\301E\311\372\305%\271\306F9&\025\025\361\231"
 169      C145C9FA 
 169      C525B9C6 
 169      46392615 
 169      15F199
 170 00f9 257AC90C 		.ascii	"%z\311\014\000\336jW\212"
 170      00DE6A57 
 170      8A
 171              		.text
 172              		.section	.gnu.lto_DebugMon_Handler.146.a463cb291d155f13,"e",%progbits
 173 0000 789CCB60 		.ascii	"x\234\313```\310\005be fdf`\2344\261\213\211\241\241"
 173      6060C805 
 173      62652066 
 173      6466609C 
 173      34B18B89 
 174 0016 A1C1819D 		.ascii	"\241\301\201\235\211\261qb\027'\343vF0\217\221\241\236"
 174      89B17162 
 174      1727E376 
 174      46308F91 
 174      A19E
 175 0028 89B19E71 		.ascii	"\211\261\236q\031\263>\220\373\343\351\353\011\277%"
 175      19B33E90 
 175      FBE3E9EB 
 175      09BF25
 176 0037 1A561C60 		.ascii	"\032V\034`|\305\300P\317\000\005\334\0206#\020\257\277"
 176      7CC5C050 
 176      CF0005DC 
 176      10362310 
 176      AFBF
 177 0049 C4FAA0E1 		.ascii	"\304\372\240\341\317\377\376\206\206\353\266\017/\361"
 177      CFFFFE86 
 177      86EBB60F 
 177      2FF1
 178 0057 3331302C 		.ascii	"310,f\006\231\332\300\002\224]\302\314\004a6\036``h"
 178      660699DA 
 178      C002945D 
 178      C2CC0461 
 178      361E6060 
 179 006c 626E5200 		.ascii	"bnR\000\353^\314\314\010\021m8\000\342\206\350\207\026"
 179      EB5ECCCC 
 179      08116D38 
 179      00E286E8 
 179      8716
 180 007e A71615EB 		.ascii	"\247\026\025\353\027\244\226\244\026\351\247g\226d\224"
 180      17A496A4 
 180      16E9A767 
 180      966494
 181 008d 26E9E726 		.ascii	"&\351\347&f&\346%\352\347$\226\244\026\227\350\273e"
 181      6626E625 
 181      EAE72496 
 181      A41697E8 
 181      BB65
 182 009f 16E59627 		.ascii	"\026\345\226'\026\245\352\207\024%\346\025\027\344\347"
 182      16A5EA87 
 182      1425E615 
 182      17E4E7
 183 00ae A50055FA 		.ascii	"\245\000U\372\230\030\033\352\372\245\226;\025\245&"
 183      98181BEA 
 183      FAA5963B 
 183      15A526
 184 00bd 66E79796 		.ascii	"f\347\227\226\024\353:\345\347\227\344\344'\002%\031"
 184      14EB3AE5 
 184      E797E4E4 
 184      27022519 
 185 00cd C4F4F4F4 		.ascii	"\304\364\364\364\203\213\222\365\213Kr\215\215rL**\342"
 185      838B92F5 
 185      8B4B728D 
 185      8D724C2A 
 185      2AE2
 186 00df 334BF492 		.ascii	"3K\364\222\031\000\334\027O\247"
 186      1900DC17 
 186      4FA7
 187              		.text
 188              		.section	.gnu.lto_SysTick_Handler.147.a463cb291d155f13,"e",%progbits
 189 0000 789CEB65 		.ascii	"x\234\353e``\310\005be fdf`\2344\261\213\211\241\241"
 189      6060C805 
 189      62652066 
 189      6466609C 
 189      34B18B89 
 190 0016 A1C1819D 		.ascii	"\241\301\201\235\211\261qb\027'\343vF0\217\221\241\236"
 190      89B17162 
 190      1727E376 
 190      46308F91 
 190      A19E
 191 0028 89B19E71 		.ascii	"\211\261\236q\031\263>\220\373\343\351\353\007\023%"
 191      19B33E90 
 191      FBE3E9EB 
 191      071325
 192 0037 1B561C60 		.ascii	"\033V\034`|\305\300P\317\000\005\334\0206#\020\257\277"
 192      7CC5C050 
 192      CF0005DC 
 192      10362310 
 192      AFBF
 193 0049 C4FAA0E1 		.ascii	"\304\372\240\341\317\377\376\206\206\377\036\017/\010"
 193      CFFFFE86 
 193      86FF1E0F 
 193      2F08
 194 0057 B130302C 		.ascii	"\26100,f\006\231\332\300\002\224]\302\314\004a6\036"
 194      660699DA 
 194      C002945D 
 194      C2CC0461 
 194      361E
 195 0069 60606860 		.ascii	"``h`n~\260\375\022#C\027#Sm5\003\003\0233Xd\207\020"
 195      6E7EB0FD 
 195      12234317 
 195      23536D35 
 195      03031333 
 196 0081 58A01C2C 		.ascii	"X\240\034,\320\304\334\364\340b\020\330\212\305\314"
 196      D0C4DCF4 
 196      E06210D8 
 196      8AC5CC
 197 0090 8C10AD0D 		.ascii	"\214\020\255\015\007@\334\020\375\320\342\324\242b\375"
 197      0740DC10 
 197      FDD0E2D4 
 197      A262FD
 198 009f 82D492D4 		.ascii	"\202\324\222\324\"\375\364\314\222\214\322$\375\334"
 198      22FDF4CC 
 198      928CD224 
 198      FDDC
 199 00ad C4CCC4BC 		.ascii	"\304\314\304\274D\375\234\304\222\324\342\022}\267\314"
 199      44FD9CC4 
 199      92D4E212 
 199      7DB7CC
 200 00bc A2DCF2C4 		.ascii	"\242\334\362\304\242T\375\220\242\304\274\342\202\374"
 200      A254FD90 
 200      A2C4BCE2 
 200      82FC
 201 00ca BC14A04A 		.ascii	"\274\024\240J\037\023cC]\277\324r\247\242\324\304\354"
 201      1F136343 
 201      5DBFD472 
 201      A7A2D4C4 
 201      EC
 202 00db FCD29262 		.ascii	"\374\322\222b]\247\374\374\222\234\374D\240$\203\230"
 202      5DA7FCFC 
 202      929CFC44 
 202      A0248398 
 203 00eb 9E9E7E70 		.ascii	"\236\236~pQ\262~qI\256\261Q\216IEE|f\211^2\003\000\340"
 203      51B27E71 
 203      49AEB151 
 203      8E494545 
 203      7C66895E 
 204 0103 FF5AFC   		.ascii	"\377Z\374"
 205              		.text
 206              		.section	.gnu.lto_.symbol_nodes.a463cb291d155f13,"e",%progbits
 207 0000 789C75CF 		.ascii	"x\234u\3179\016\302@\014\205a\277$\303\222\205@XZ\032"
 207      390EC240 
 207      0C8561BF 
 207      24C39285 
 207      40585A1A 
 208 0014 8EC2BD1C 		.ascii	"\216\302\275\034\241\260o\023\266CPS\321\323r% \301"
 208      A1B06F13 
 208      B6435053 
 208      D1D37225 
 208      20C1
 209 0026 1A29D2C4 		.ascii	"\032)\322\304\325'\375\262\306\363\000\0219\031\330"
 209      D527FDB2 
 209      C6F30011 
 209      3919D8
 210 0035 4B7FE341 		.ascii	"K\177\343A\277\211\230\350\251gN\021\366`U\015y\031"
 210      BF8998E8 
 210      A9674E11 
 210      F660550D 
 210      7919
 211 0047 D41C8D57 		.ascii	"\324\034\215WV\354\252\005\232\242%Z\242\025\332\242"
 211      56ECAA05 
 211      9AA2255A 
 211      A215DAA2 
 212 0057 357CD106 		.ascii	"5|\321\006\201h\213P\264C\364\227s\000w*\017\335\345"
 212      81688B50 
 212      B443F497 
 212      7300772A 
 212      0FDDE5
 213 006a 822338B6 		.ascii	"\202#8\266\236\246\301]k\310\301=k8\201\023k8\203\373"
 213      9EA6C15D 
 213      6BC8C13D 
 213      6B388113 
 213      6B3883FB 
 214 007e B6800B78 		.ascii	"\266\200\013x\360\221\031\227\221(\325i\331n\340a]\273"
 214      F0911997 
 214      9128D569 
 214      D96EE061 
 214      5DBB
 215 0090 824735CD 		.ascii	"\202G5\315%\271z\342\372F\201Qh\024\031\305\211\221"
 215      25B97AE2 
 215      FA468151 
 215      681419C5 
 215      8991
 216 00a2 7C6C4A5F 		.ascii	"|lJ_=\254z\323"
 216      3DAC7AD3 
 217              		.text
 218              		.section	.gnu.lto_.refs.a463cb291d155f13,"e",%progbits
 219 0000 789C05C1 		.ascii	"x\234\005\301\201\015\000\020\014\000\301\177\212\022"
 219      810D0010 
 219      0C00C17F 
 219      8A12
 220 000e 113BD87F 		.ascii	"\021;\330\177Gw\017H-\005k`tl\211}\341\330\230\007\347"
 220      47770F48 
 220      2D056B60 
 220      746C897D 
 220      E1D89807 
 221 0023 850F0D36 		.ascii	"\205\017\0156\000\251"
 221      00A9
 222              		.text
 223              		.section	.gnu.lto_.decls.a463cb291d155f13,"e",%progbits
 224 0000 789CBD94 		.ascii	"x\234\275\224kP\023W\024\307\357]\222\260\012\032h\253"
 224      6B501357 
 224      14C7EF5D 
 224      92B00A1A 
 224      68AB
 225 0012 B64E9DB1 		.ascii	"\266N\235\261\237\312\324\201\024\320i;\375b}\323\212"
 225      9FCAD481 
 225      14D0693B 
 225      FD627DD3 
 225      8A
 226 0023 D30A7EE8 		.ascii	"\323\012~\350L;L\204\025RBB7\301\307\267\273!b\350\240"
 226      4C3B4C84 
 226      15524242 
 226      37C1C7B7 
 226      BB2162E8 
 227 0038 24B64E29 		.ascii	"$\266N)\3206Fk\255}LtZED\211\020^)R\004\031\212\010"
 227      D036466B 
 227      AD7D4C74 
 227      5A454489 
 227      105E2952 
 228 0050 04B096A7 		.ascii	"\004\260\226\247\204\"\345U\206\236\273\331\304\307"
 228      8422E555 
 228      869EBBD9 
 228      C4C7
 229 005e D0E94C3F 		.ascii	"\320\351L?tg\376\311\356\371\377\366\234{\357\271w?"
 229      7467FEC9 
 229      EEF9FFF6 
 229      9C7BEFB9 
 229      773F
 230 0070 50206465 		.ascii	"P de\020z\017#\264\000\327\022\204P+h\025\350\032\250"
 230      107A0F23 
 230      B400D712 
 230      84502B68 
 230      15E81AA8 
 231 0084 12741554 		.ascii	"\022t\025T\015\362\200\232%\277\015\324\016\352\000"
 231      0DF2809A 
 231      25BF0DD4 
 231      0EEA00
 232 0093 7582BA40 		.ascii	"u\202\272@=\240^\320(h\0144\016\232\000M\202\246@s\240"
 232      3DA05ED0 
 232      28680C34 
 232      0E9A004D 
 232      82A64073 
 233 00a8 79D002E8 		.ascii	"y\320\002\350\004\324\223K9\021\366{\264\306,\350$<"
 233      04D4934B 
 233      3911F67B 
 233      B4C62CE8 
 233      243C
 234 00ba 2F976AD1 		.ascii	"/\227j\3211\274(\215\001c\177\355\226\177\251\337)\345"
 234      31BC288D 
 234      01637FED 
 234      967FA9DF 
 234      29E5
 235 00cc 1E5D2477 		.ascii	"\036]$w\217\344\215-\342\365K\336\370\"\336\357\222"
 235      8FE48D2D 
 235      E2F54BDE 
 235      F822DEEF 
 235      92
 236 00dd 37B18837 		.ascii	"7\261\2107\214\305\2208\3171\211\243\363e\260\177\256"
 236      8CC59038 
 236      CF3189A3 
 236      F365B07F 
 236      AE
 237 00ee 0DD2BC15 		.ascii	"\015\322\274\025Oc\231b\005^\253\210\302t\251\225\360"
 237      4F639962 
 237      055EAB88 
 237      C274A995 
 237      F0
 238 00ff 8F58066D 		.ascii	"\217X\006m \342eZ\216\256\320,p\261/ \0313r\253\361"
 238      20E2655A 
 238      8EAED02C 
 238      70B12F20 
 238      193372AB 
 239 0114 AF30A58B 		.ascii	"\2570\245\213\220i\3422/Ae\370\022FWqT\005.\307\227"
 239      9069E232 
 239      2F4165F8 
 239      12465771 
 239      54052EC7 
 240 0129 B18C395F 		.ascii	"\261\2149_\222\333\257\214\024m{\225\354\032\026}T\011"
 240      92DBAF8C 
 240      146D7B95 
 240      EC1A167D 
 240      5409
 241 013b 923126A1 		.ascii	"\2221&\241k\036\007\275(\277\345\002)\326\340\005\014"
 241      6B1E07BD 
 241      28BFE502 
 241      29D6E005 
 241      0C
 242 014c 3F887D09 		.ascii	"?\210}\011\260\356\007\003\337\207\320\012>R%\204\240"
 242      B0EE0703 
 242      DF87D00A 
 242      3E522584 
 242      A0
 243 015d 0D71A81A 		.ascii	"\015q\250\032\257\251\300U\370:\344o\277v\277N>\201"
 243      AFA9C055 
 243      F83AE46F 
 243      BF76BF4E 
 243      3E81
 244 016f 6160F5C4 		.ascii	"a`\365\304%\270Y\253c\2008\211\275\300\202\005W.q\272"
 244      25B859AB 
 244      63803889 
 244      BDC08205 
 244      572E71BA 
 245 0183 6B6FC6DA 		.ascii	"ko\306\332O\271-6:t|\362Gr\304\236\233\027n?\225[p\334"
 245      4FB92D36 
 245      3A747CF2 
 245      4772C49E 
 245      9B176E3F 
 246 019b 4C96F967 		.ascii	"L\226\371gD\"@yE\2044C\032s\263@\274.\354\025 \346\364"
 246      44224079 
 246      45843443 
 246      1A73B340 
 246      BC2EEC15 
 247 01b2 92D57EC2 		.ascii	"\222\325~\302\245(\206\354\305\204XW\233\212\274\304"
 247      A52886EC 
 247      C5845857 
 247      9B8ABCC4 
 248 01c2 6922CD91 		.ascii	"i\"\315\221\305\027\250\243\000\345;\217\225\021\245"
 248      C517A8A3 
 248      00E53B8F 
 248      9511A5
 249 01d1 3DF78EC5 		.ascii	"=\367\216\305^M\236\263\233\011)\"f\027\376\014\254"
 249      5E4D9EB3 
 249      9B092922 
 249      6617FE0C 
 249      AC
 250 01e2 6262B132 		.ascii	"bb\2612\005&7\371\272:W\300\202\270\200\304\022iu\230"
 250      052637F9 
 250      BA3A57C0 
 250      82B880C4 
 250      12697598 
 251 01f6 61486EF2 		.ascii	"aHn\362\241\315\341\262@\321\374\010\032&\0167\211\244"
 251      A1CDE1B2 
 251      40D1FC08 
 251      1A260E37 
 251      89A4
 252 0208 119BC96D 		.ascii	"\021\233\311m\211\264\231\314\304fw\023\006\336\261"
 252      89B499CC 
 252      C4667713 
 252      06DEB1
 253 0217 0890150B 		.ascii	"\010\220\025\013vBl^91\301;\"\341 D [\210\003\212P\337"
 253      76426C5E 
 253      3931C13B 
 253      22E12044 
 253      205B8803 
 254 022e 46EA2D82 		.ascii	"F\352-\202\303,`\233\003f\3540\223U6b\2467\200\256}"
 254      C32C609B 
 254      0366EC30 
 254      93553662 
 254      A63780AE 
 255 0243 DBDF3371 		.ascii	"\333\3373q\276\260\250\027\311\205\301\260\007t\335"
 255      BEB0A817 
 255      C985C1B0 
 255      0774DD
 256 0252 CECE85C2 		.ascii	"\316\316\205\302\266Xn\335\210`I#\3307i\377\031\350"
 256      B6586EDD 
 256      88604923 
 256      D83769FF 
 256      19E8
 257 0264 7F848CC9 		.ascii	"\177\204\214\311\277;\274\020\376<0\017\010yf\0105\340"
 257      BF3BBC10 
 257      FE3C300F 
 257      08796608 
 257      35E0
 258 0276 7A688E07 		.ascii	"zh\216\007\213;O\306|\352\035/\\\032UTD\246\273jG\035"
 258      8B3B4FC6 
 258      7CEA1D2F 
 258      5C1A5554 
 258      44A6BB6A 
 259 028c AADE0A42 		.ascii	"\252\336\012B\016\213\331=\270\016W\210{\244\016\243"
 259      0E8BD93D 
 259      B80E5788 
 259      7BA40EA3 
 260 029c 5A5C037D 		.ascii	"Z\\\003}\254\002\301~\2271\237\367\265m\205\303{\303"
 260      AC02C17E 
 260      97319FF7 
 260      B56D85C3 
 260      7BC3
 261 02ae BF01F28F 		.ascii	"\277\001\362\217\272\025\364(W\342qx\314\263\265\234"
 261      BA15F428 
 261      57E27178 
 261      CCB3B59C 
 262 02be 5DF264B9 		.ascii	"]\362d\271f\214~\021\341\231\237\3178\024\264\234\357"
 262      668C7E11 
 262      E1999FCF 
 262      3814B49C 
 262      EF
 263 02cf 7E6E61E1 		.ascii	"~na\341\306f:\023\246\0317\212\245\2320j\014\324\362"
 263      C6663A13 
 263      A619378A 
 263      A59A306A 
 263      0CD4F2
 264 02e2 D23A95BE 		.ascii	"\322:\225\276\352>V\351\375\247m\371\3077\315#\241\353"
 264      EA3E56E9 
 264      FDA76DF9 
 264      C737CD23 
 264      A1EB
 265 02f4 66ACC477 		.ascii	"f\254\304w\247\377#\245\025\267\342\026\310\343\337"
 265      A7FF23A5 
 265      15B7E216 
 265      C8E3DF
 266 0303 812D20B6 		.ascii	"\201- \266\237&));}\203\245\224\263\253\372\010\211"
 266      9F262929 
 266      3B7D83A5 
 266      94B3ABFA 
 266      0889
 267 0315 90B5E2B6 		.ascii	"\220\265\342\266 \325F\251{\224\252\265\375tX!R\335"
 267      20D546A9 
 267      7B94AAB5 
 267      FD745821 
 267      52DD
 268 0327 12D51EA4 		.ascii	"\022\325\036\244\332)5H\251SW.\337\366S=\022\325\021"
 268      DA293548 
 268      A953572E 
 268      DFF6533D 
 268      12D511
 269 033a A43A2835 		.ascii	"\244:(5B\251\201\274\342\327Eh@\202:\203\020\375\\\260"
 269      42A981BC 
 269      E2D74568 
 269      40823A83 
 269      10FD5CB0 
 270 034e 3E0A4D9F 		.ascii	">\012M\237\023^\023\241A\011\352\012B]\024\232\240P"
 270      135E13A1 
 270      4109EA0A 
 270      425D149A 
 270      A050
 271 0360 B9AFF444 		.ascii	"\271\257\364D\210H\015ITO\220\242_\027\366O1\325-\313"
 271      88480D49 
 271      544F90A2 
 271      5F17F64F 
 271      31D52DCB 
 272 0374 4298480D 		.ascii	"B\230H\015KTo\220\352\245\324,,h\001\003\244\340\271"
 272      4B546F90 
 272      EAA5D42C 
 272      2C680103 
 272      A4E0B9
 273 0387 7234147A 		.ascii	"r4\024zu\227F?\246\221I\317\2675\030\"\260\010\277a"
 273      7597463F 
 273      A69149CF 
 273      B7351822 
 273      B008BF61 
 274 039b B684864E 		.ascii	"\266\204\206N\016\365\317\313!4\200\341K\304\236\246"
 274      0EF5CFCB 
 274      213480E1 
 274      4BC49EA6 
 275 03ab 21DF9991 		.ascii	"!\337\231\221F%\204\2060\032\304\3549\032j\232\276Y"
 275      46258486 
 275      301AC4EC 
 275      391A6A9A 
 275      BE59
 276 03bd 1E0E2198 		.ascii	"\036\016!\230\3610\364\302\3244r7<\252\010zQ\372\325"
 276      F130F4C2 
 276      D4347237 
 276      3CAA087A 
 276      51FAD5
 277 03d0 7125F4D5 		.ascii	"q%\364\325J\030\017\356\027\373:\212\351\347\316\337"
 277      4A180FEE 
 277      17FB3A8A 
 277      E9E7CEDF 
 278 03e0 57277DB7 		.ascii	"W'}\267{\362\242\200\305]\320Ys\350\254x\252=xL\332"
 278      7BF2A280 
 278      C55DD059 
 278      73E8AC78 
 278      AA3D784C 
 279 03f5 6E63C1ED 		.ascii	"nc\301\355F\321_\277\034)\017\247\250s\246\006\346f"
 279      46D15FBF 
 279      1C290FA7 
 279      A873A606 
 279      E666
 280 0407 0296F5E0 		.ascii	"\002\226\365\340q\211\035\017\260\255\224\365v\367\367"
 280      71891D0F 
 280      B0AD94F5 
 280      76F7F7
 281 0416 89699D85 		.ascii	"\211i\235\205u\017\331\011\211\235\010\260\367({\363"
 281      750FD909 
 281      899D08B0 
 281      F7287BF3 
 282 0426 7ECDFB51 		.ascii	"~\315\373Q\245\200v<\202NJ\350d\000\235\242hO}]\033"
 282      A580763C 
 282      824E4AE8 
 282      64009DA2 
 282      684F7D5D 
 283 043b 23A63DD6 		.ascii	"#\246=\326\360\220\235\222\330\251\000{$\004\330\342"
 283      F0909D92 
 283      D8A9007B 
 283      2404D8E2 
 284 044b DBD747C3 		.ascii	"\333\327G\303\350ap\213\207\301\334P\234\376\344Y\230"
 284      E861708B 
 284      87C1DC50 
 284      9CFEE459 
 284      98
 285 045c C368563C 		.ascii	"\303hV<\013\336\322Z\217,\012>Y\276\201\362i\302F\315"
 285      0BDED25A 
 285      8F2C0A3E 
 285      59BE81F2 
 285      69C246CD 
 286 0470 E11929E7 		.ascii	"\341\031)\347\214\370\313\236\240\031\317_\377\244\034"
 286      8CF8CB9E 
 286      A019CF5F 
 286      FFA41C
 287 047f 536ABAAC 		.ascii	"Sj\272\254\244\251\001\177A\252`]\347%p\336\017\226"
 287      A4A9017F 
 287      41AA605D 
 287      E72570DE 
 287      0F96
 288 0491 CA0074F6 		.ascii	"\312\000t\366-T\313E\320\331\357\253T|WA\314r8\305\013"
 288      2D54CB45 
 288      D0D9EFAB 
 288      547C5741 
 288      CC7238C5 
 289 04a6 12BA20FE 		.ascii	"\022\272 \376\302\220.M%\006?\327s\322.\021\030j\375"
 289      C2902E4D 
 289      25063FD7 
 289      73D22E11 
 289      186AFD
 290 04b9 60EB1855 		.ascii	"`\353\030U\004\275V\3113\211\336\325\232\243\263\362"
 290      04BD56C9 
 290      3389DED5 
 290      9AA3B3F2 
 291 04c9 A0E791BC 		.ascii	"\240\347\221\274\\\360\320\212\230\030U\022\237\252"
 291      5CF0D08A 
 291      98185512 
 291      9FAA
 292 04d7 3218B3E2 		.ascii	"2\030\263\342\343\264\353\017\036L\321\030cR\331\355"
 292      E3B4EB0F 
 292      1E4CD118 
 292      6352D9ED 
 293 04e7 BBF6ACDD 		.ascii	"\273\366\254\335\034\033\213\330\034\215\316\030\037"
 293      1C1B8BD8 
 293      1C8DCE18 
 293      1F
 294 04f4 97620CA5 		.ascii	"\227b\014\2457\257\246\030\303\325|\326\376W\270\350"
 294      37AFA618 
 294      C3D57CD6 
 294      FE57B8E8 
 295 0504 AC75FBB2 		.ascii	"\254u\373\262\321\322T=o\344\016Fg\255Ga\273\022\023"
 295      D1D2543D 
 295      6FE40E46 
 295      67AD4761 
 295      BB1213
 296 0517 5276A875 		.ascii	"Rv\250uiZ\216OV\3551p\274A\225\315\0319^\225\2561f\344"
 296      695A8E4F 
 296      56ED3170 
 296      BC4195CD 
 296      19395E95 
 297 052f EC5565A9 		.ascii	"\354Ue\2515j\235Z\245U\0339\203Q\265M\303g\035P\363"
 297      356A9D5A 
 297      A5551B39 
 297      8351B54D 
 297      C3671D50 
 298 0544 9C2A9957 		.ascii	"\234*\231W\353\014\331z]\032\220;\327\307\307F\357\342"
 298      EB0CD97A 
 298      5D1A903B 
 298      D7C7C746 
 298      EFE2
 299 0556 0E6CE239 		.ascii	"\016l\3429u\246>\307h\210\336\244\327\033\265z5\230"
 299      75A63EC7 
 299      6888DEA4 
 299      D71BB57A 
 299      3598
 300 0568 68E5A203 		.ascii	"h\345\242\003E\317f\363\373\267s\306\335\\\272\306\000"
 300      45CF66F3 
 300      FBB773C6 
 300      DD5CBAC6 
 300      00
 301 0579 D50CDB78 		.ascii	"\325\014\333x}V\222Q\235\232)\3131pi\014\3772\303\307"
 301      7D569251 
 301      9D9A29CB 
 301      3170690C 
 301      FF32C3C7 
 302 058d 327C1CC3 		.ascii	"2|\034\303\307\207\360\261q\214\226g\262SC\262\015|"
 302      C787F0B1 
 302      718C9667 
 302      B25343B2 
 302      0D7C
 303 059f E40E359F 		.ascii	"\344\0165\237\266M\235\2435\006F\255\320\351S4\251\373"
 303      B64D9DA3 
 303      350646AD 
 303      D0E95334 
 303      A9FB
 304 05b1 4275FA54 		.ascii	"Bu\372T\255^\307\261:\275F\247\325\35089\334d\253\345"
 304      AD5EC7B1 
 304      3ABD46A7 
 304      D5E83839 
 304      DC64ABE5 
 305 05c5 3A752697 		.ascii	":u&\227\026\231\310e%\3024\322\271\300[\021\233r\014"
 305      1699C865 
 305      25C234D2 
 305      B9C05B11 
 305      9B720C
 306 05d8 8FA5796A 		.ascii	"\217\245yj\217\001\354\307B\021[\270\2759\351\211z]"
 306      8F01ECC7 
 306      42115BB8 
 306      BD39E989 
 306      7A5D
 307 05ea 20A04C3A 		.ascii	" \240L:dH\326\244f\006\236\227m\345y=\037xZ\271\343"
 307      6448D6A4 
 307      66069E97 
 307      6DE5793D 
 307      1F785AB9 
 308 05ff 8D9D2949 		.ascii	"\215\235)I\357&%'l~+%a\367;RX\377\037Wu\013\257\331"
 308      EF262527 
 308      6C7E2B25 
 308      61F73B52 
 308      58FF1F57 
 309 0617 4FDF4B4A 		.ascii	"O\337KJN\214\217\333I\027\216\346\367GU\011\272GW4C"
 309      4E8C8FDB 
 309      49178EE6 
 309      F7475509 
 309      BA475734 
 310 062c AD4DF1B7 		.ascii	"\255M\361\2674&\003\205Q\014|:\320\214\377\2456\024"
 310      34260385 
 310      510C7C3A 
 310      D08CFFA5 
 310      3614
 311 063e FD1BC6DA 		.ascii	"\375\033\306\332\236d"
 311      9E64
 312              		.text
 313              		.section	.gnu.lto_.symtab.a463cb291d155f13,"e",%progbits
 314 0000 4E4D495F 		.ascii	"NMI_Handler\000"
 314      48616E64 
 314      6C657200 
 315 000c 00       		.ascii	"\000"
 316 000d 00       		.ascii	"\000"
 317 000e 00       		.ascii	"\000"
 318 000f 00000000 		.ascii	"\000\000\000\000\000\000\000\000"
 318      00000000 
 319 0017 CA000000 		.ascii	"\312\000\000\000"
 320 001b 70727647 		.ascii	"prvGetRegistersFromStack\000"
 320      65745265 
 320      67697374 
 320      65727346 
 320      726F6D53 
 321 0034 00       		.ascii	"\000"
 322 0035 00       		.ascii	"\000"
 323 0036 00       		.ascii	"\000"
 324 0037 00000000 		.ascii	"\000\000\000\000\000\000\000\000"
 324      00000000 
 325 003f D0000000 		.ascii	"\320\000\000\000"
 326 0043 723000   		.ascii	"r0\000"
 327 0046 00       		.ascii	"\000"
 328 0047 00       		.ascii	"\000"
 329 0048 00       		.ascii	"\000"
 330 0049 00000000 		.ascii	"\000\000\000\000\000\000\000\000"
 330      00000000 
 331 0051 D3000000 		.ascii	"\323\000\000\000"
 332 0055 723100   		.ascii	"r1\000"
 333 0058 00       		.ascii	"\000"
 334 0059 00       		.ascii	"\000"
 335 005a 00       		.ascii	"\000"
 336 005b 00000000 		.ascii	"\000\000\000\000\000\000\000\000"
 336      00000000 
 337 0063 D5000000 		.ascii	"\325\000\000\000"
 338 0067 723200   		.ascii	"r2\000"
 339 006a 00       		.ascii	"\000"
 340 006b 00       		.ascii	"\000"
 341 006c 00       		.ascii	"\000"
 342 006d 00000000 		.ascii	"\000\000\000\000\000\000\000\000"
 342      00000000 
 343 0075 D7000000 		.ascii	"\327\000\000\000"
 344 0079 723300   		.ascii	"r3\000"
 345 007c 00       		.ascii	"\000"
 346 007d 00       		.ascii	"\000"
 347 007e 00       		.ascii	"\000"
 348 007f 00000000 		.ascii	"\000\000\000\000\000\000\000\000"
 348      00000000 
 349 0087 D9000000 		.ascii	"\331\000\000\000"
 350 008b 72313200 		.ascii	"r12\000"
 351 008f 00       		.ascii	"\000"
 352 0090 00       		.ascii	"\000"
 353 0091 00       		.ascii	"\000"
 354 0092 00000000 		.ascii	"\000\000\000\000\000\000\000\000"
 354      00000000 
 355 009a DB000000 		.ascii	"\333\000\000\000"
 356 009e 6C7200   		.ascii	"lr\000"
 357 00a1 00       		.ascii	"\000"
 358 00a2 00       		.ascii	"\000"
 359 00a3 00       		.ascii	"\000"
 360 00a4 00000000 		.ascii	"\000\000\000\000\000\000\000\000"
 360      00000000 
 361 00ac DD000000 		.ascii	"\335\000\000\000"
 362 00b0 706300   		.ascii	"pc\000"
 363 00b3 00       		.ascii	"\000"
 364 00b4 00       		.ascii	"\000"
 365 00b5 00       		.ascii	"\000"
 366 00b6 00000000 		.ascii	"\000\000\000\000\000\000\000\000"
 366      00000000 
 367 00be DF000000 		.ascii	"\337\000\000\000"
 368 00c2 70737200 		.ascii	"psr\000"
 369 00c6 00       		.ascii	"\000"
 370 00c7 00       		.ascii	"\000"
 371 00c8 00       		.ascii	"\000"
 372 00c9 00000000 		.ascii	"\000\000\000\000\000\000\000\000"
 372      00000000 
 373 00d1 E1000000 		.ascii	"\341\000\000\000"
 374 00d5 48617264 		.ascii	"HardFault_Handler\000"
 374      4661756C 
 374      745F4861 
 374      6E646C65 
 374      7200
 375 00e7 00       		.ascii	"\000"
 376 00e8 00       		.ascii	"\000"
 377 00e9 00       		.ascii	"\000"
 378 00ea 00000000 		.ascii	"\000\000\000\000\000\000\000\000"
 378      00000000 
 379 00f2 ED000000 		.ascii	"\355\000\000\000"
 380 00f6 4D656D4D 		.ascii	"MemManage_Handler\000"
 380      616E6167 
 380      655F4861 
 380      6E646C65 
 380      7200
 381 0108 00       		.ascii	"\000"
 382 0109 00       		.ascii	"\000"
 383 010a 00       		.ascii	"\000"
 384 010b 00000000 		.ascii	"\000\000\000\000\000\000\000\000"
 384      00000000 
 385 0113 EF000000 		.ascii	"\357\000\000\000"
 386 0117 42757346 		.ascii	"BusFault_Handler\000"
 386      61756C74 
 386      5F48616E 
 386      646C6572 
 386      00
 387 0128 00       		.ascii	"\000"
 388 0129 00       		.ascii	"\000"
 389 012a 00       		.ascii	"\000"
 390 012b 00000000 		.ascii	"\000\000\000\000\000\000\000\000"
 390      00000000 
 391 0133 F1000000 		.ascii	"\361\000\000\000"
 392 0137 55736167 		.ascii	"UsageFault_Handler\000"
 392      65466175 
 392      6C745F48 
 392      616E646C 
 392      657200
 393 014a 00       		.ascii	"\000"
 394 014b 00       		.ascii	"\000"
 395 014c 00       		.ascii	"\000"
 396 014d 00000000 		.ascii	"\000\000\000\000\000\000\000\000"
 396      00000000 
 397 0155 F3000000 		.ascii	"\363\000\000\000"
 398 0159 44656275 		.ascii	"DebugMon_Handler\000"
 398      674D6F6E 
 398      5F48616E 
 398      646C6572 
 398      00
 399 016a 00       		.ascii	"\000"
 400 016b 00       		.ascii	"\000"
 401 016c 00       		.ascii	"\000"
 402 016d 00000000 		.ascii	"\000\000\000\000\000\000\000\000"
 402      00000000 
 403 0175 F5000000 		.ascii	"\365\000\000\000"
 404 0179 53797354 		.ascii	"SysTick_Handler\000"
 404      69636B5F 
 404      48616E64 
 404      6C657200 
 405 0189 00       		.ascii	"\000"
 406 018a 00       		.ascii	"\000"
 407 018b 00       		.ascii	"\000"
 408 018c 00000000 		.ascii	"\000\000\000\000\000\000\000\000"
 408      00000000 
 409 0194 F7000000 		.ascii	"\367\000\000\000"
 410 0198 4572726F 		.ascii	"Error_Handler\000"
 410      725F4861 
 410      6E646C65 
 410      7200
 411 01a6 00       		.ascii	"\000"
 412 01a7 02       		.ascii	"\002"
 413 01a8 00       		.ascii	"\000"
 414 01a9 00000000 		.ascii	"\000\000\000\000\000\000\000\000"
 414      00000000 
 415 01b1 FB000000 		.ascii	"\373\000\000\000"
 416 01b5 48414C5F 		.ascii	"HAL_SYSTICK_IRQHandler\000"
 416      53595354 
 416      49434B5F 
 416      49525148 
 416      616E646C 
 417 01cc 00       		.ascii	"\000"
 418 01cd 02       		.ascii	"\002"
 419 01ce 00       		.ascii	"\000"
 420 01cf 00000000 		.ascii	"\000\000\000\000\000\000\000\000"
 420      00000000 
 421 01d7 FD000000 		.ascii	"\375\000\000\000"
 422 01db 48414C5F 		.ascii	"HAL_IncTick\000"
 422      496E6354 
 422      69636B00 
 423 01e7 00       		.ascii	"\000"
 424 01e8 02       		.ascii	"\002"
 425 01e9 00       		.ascii	"\000"
 426 01ea 00000000 		.ascii	"\000\000\000\000\000\000\000\000"
 426      00000000 
 427 01f2 FF000000 		.ascii	"\377\000\000\000"
 428              		.text
 429              		.section	.gnu.lto_.ext_symtab.a463cb291d155f13,"e",%progbits
 430 0000 01       		.ascii	"\001"
 431 0001 01       		.ascii	"\001"
 432 0002 00       		.ascii	"\000"
 433 0003 01       		.ascii	"\001"
 434 0004 00       		.ascii	"\000"
 435 0005 02       		.ascii	"\002"
 436 0006 01       		.ascii	"\001"
 437 0007 02       		.ascii	"\002"
 438 0008 01       		.ascii	"\001"
 439 0009 02       		.ascii	"\002"
 440 000a 01       		.ascii	"\001"
 441 000b 02       		.ascii	"\002"
 442 000c 01       		.ascii	"\001"
 443 000d 02       		.ascii	"\002"
 444 000e 01       		.ascii	"\001"
 445 000f 02       		.ascii	"\002"
 446 0010 01       		.ascii	"\001"
 447 0011 02       		.ascii	"\002"
 448 0012 01       		.ascii	"\001"
 449 0013 02       		.ascii	"\002"
 450 0014 01       		.ascii	"\001"
 451 0015 01       		.ascii	"\001"
 452 0016 00       		.ascii	"\000"
 453 0017 01       		.ascii	"\001"
 454 0018 00       		.ascii	"\000"
 455 0019 01       		.ascii	"\001"
 456 001a 00       		.ascii	"\000"
 457 001b 01       		.ascii	"\001"
 458 001c 00       		.ascii	"\000"
 459 001d 01       		.ascii	"\001"
 460 001e 00       		.ascii	"\000"
 461 001f 01       		.ascii	"\001"
 462 0020 00       		.ascii	"\000"
 463 0021 01       		.ascii	"\001"
 464 0022 00       		.ascii	"\000"
 465 0023 01       		.ascii	"\001"
 466 0024 00       		.ascii	"\000"
 467 0025 01       		.ascii	"\001"
 468 0026 00       		.ascii	"\000"
 469              		.text
 470              		.section	.gnu.lto_.opts,"e",%progbits
 471 0000 272D666E 		.ascii	"'-fno-openmp' '-fno-openacc' '-fno-pie' '-fcf-prote"
 471      6F2D6F70 
 471      656E6D70 
 471      2720272D 
 471      666E6F2D 
 472 0033 6374696F 		.ascii	"ction=none' '-mcpu=cortex-m4' '-mthumb' '-mfloat-ab"
 472      6E3D6E6F 
 472      6E652720 
 472      272D6D63 
 472      70753D63 
 473 0066 693D6861 		.ascii	"i=hard' '-mfpu=fpv4-sp-d16' '-mlibarch=armv7e-m+fp'"
 473      72642720 
 473      272D6D66 
 473      70753D66 
 473      7076342D 
 474 0099 20272D6D 		.ascii	" '-march=armv7e-m+fp' '-Os' '-fmessage-length=0' '-"
 474      61726368 
 474      3D61726D 
 474      7637652D 
 474      6D2B6670 
 475 00cc 66736967 		.ascii	"fsigned-char' '-ffunction-sections' '-fdata-section"
 475      6E65642D 
 475      63686172 
 475      2720272D 
 475      6666756E 
 476 00ff 73272027 		.ascii	"s' '-fsingle-precision-constant' '-flto' '-Xassembl"
 476      2D667369 
 476      6E676C65 
 476      2D707265 
 476      63697369 
 477 0132 65722720 		.ascii	"er' '-adhlns=Src/stm32l4xx_it.o.lst'\000"
 477      272D6164 
 477      686C6E73 
 477      3D537263 
 477      2F73746D 
 478              		.text
 479              		.comm	__gnu_lto_slim,1,1
 480              		.ident	"GCC: (Arm GNU Toolchain 12.2.Rel1 (Build arm-12.24)) 12.2.1 20221205"
DEFINED SYMBOLS
                            *ABS*:0000000000000000 stm32l4xx_it.c
                            *COM*:0000000000000001 __gnu_lto_slim

NO UNDEFINED SYMBOLS
