   1              		.cpu cortex-m4
   2              		.arch armv7e-m
   3              		.fpu fpv4-sp-d16
   4              		.eabi_attribute 27, 1
   5              		.eabi_attribute 28, 1
   6              		.eabi_attribute 20, 1
   7              		.eabi_attribute 21, 1
   8              		.eabi_attribute 23, 3
   9              		.eabi_attribute 24, 1
  10              		.eabi_attribute 25, 1
  11              		.eabi_attribute 26, 1
  12              		.eabi_attribute 30, 4
  13              		.eabi_attribute 34, 1
  14              		.eabi_attribute 18, 4
  15              		.file	"system_stm32l4xx.c"
  16              		.section	.gnu.lto_.profile.5d9070f9a92f7f14,"e",%progbits
  17 0000 789C6362 		.ascii	"x\234cb\000\001\000\000\022\000\003"
  17      00010000 
  17      120003
  18              		.text
  19              		.section	.gnu.lto_.icf.5d9070f9a92f7f14,"e",%progbits
  20 0000 789C5BC0 		.ascii	"x\234[\300\200\000l\014\313\026n\235\304(\301\304\300"
  20      80006C0C 
  20      CB166E9D 
  20      C428C1C4 
  20      C0
  21 0011 C408C54C 		.ascii	"\304\010\305LD`F\306\027\215o\246\363\252\240\0113C"
  21      446046C6 
  21      178D6FA6 
  21      F3AAA009 
  21      3343
  22 0023 696488AE 		.ascii	"id\210\256\025!\316\302\304\012\347}\271\375\341\026"
  22      1521CEC2 
  22      C40AE77D 
  22      B9FDE116 
  23 0033 33F3B18B 		.ascii	"3\363\261\213\177\327\261\261\3749~\262\227\225\365"
  23      7FD7B1B1 
  23      FC397EB2 
  23      9795F5
  24 0042 6BC38F4E 		.ascii	"k\303\217N~\006\000=R\024,"
  24      7E06003D 
  24      52142C
  25              		.text
  26              		.section	.gnu.lto_.ipa_sra.5d9070f9a92f7f14,"e",%progbits
  27 0000 789CE360 		.ascii	"x\234\343`@\000&\006\006FF\006F\006\000\000\317\000"
  27      40002606 
  27      06464606 
  27      46060000 
  27      CF00
  28 0012 0E       		.ascii	"\016"
  29              		.text
  30              		.section	.gnu.lto_.inline.5d9070f9a92f7f14,"e",%progbits
  31 0000 789CF366 		.ascii	"x\234\363f@\000&\006\006\341\206\206\206\005L\351\214"
  31      40002606 
  31      06E18686 
  31      86054CE9 
  31      8C
  32 0011 408E0290 		.ascii	"@\216\002\220\331\300\224\316\300\300\006f\2440\201"
  32      D9C094CE 
  32      C0C00666 
  32      A43081
  33 0020 E4191818 		.ascii	"\344\031\030\030\031\0162|:3\263\233)\003\244\250\346"
  33      190E327C 
  33      3A33B39B 
  33      2903A4A8 
  33      E6
  34 0031 F1CCCDDF 		.ascii	"\361\314\315\337\230A\212:\221\0251\000\000\323\266"
  34      98418A3A 
  34      91153100 
  34      00D3B6
  35 0040 127B     		.ascii	"\022{"
  36              		.text
  37              		.section	.gnu.lto_.jmpfuncs.5d9070f9a92f7f14,"e",%progbits
  38 0000 789CE360 		.ascii	"x\234\343`@\000& f\004b\000\000\310\000\014"
  38      40002620 
  38      66046200 
  38      00C8000C 
  39              		.text
  40              		.section	.gnu.lto_.pureconst.5d9070f9a92f7f14,"e",%progbits
  41 0000 789C6367 		.ascii	"x\234cg```b\230\305\3028\213\005\000\004\263\001G"
  41      60606062 
  41      98C5C238 
  41      8B050004 
  41      B30147
  42              		.text
  43              		.section	.gnu.lto_.ipa_modref.5d9070f9a92f7f14,"e",%progbits
  44 0000 789CF363 		.ascii	"x\234\363c@\000&\010\311\304\306\300\310\304\316\310"
  44      40002608 
  44      C9C4C6C0 
  44      C8C4CEC8 
  45 0010 C0C401A1 		.ascii	"\300\304\001\241\261\210\2601BTB\371L\234@\232\023("
  45      B188B031 
  45      425442F9 
  45      4C9C409A 
  45      1328
  46 0022 C60867B1 		.ascii	"\306\010g\2611\000\0004h\000\372"
  46      31000034 
  46      6800FA
  47              		.text
  48              		.section	.gnu.lto_.lto.5d9070f9a92f7f14,"e",%progbits
  49 0000 0C000000 		.ascii	"\014\000\000\000\001\000\000\000"
  49      01000000 
  50              		.text
  51              		.section	.gnu.lto_MSIRangeTable.133.5d9070f9a92f7f14,"e",%progbits
  52 0000 789C2DCA 		.ascii	"x\234-\312\273\016\001a\020\206\341\377\265v\205\225"
  52      BB0E0161 
  52      1086E1FF 
  52      B5768595 
  53 0010 A8884B50 		.ascii	"\250\210KPJP\212K\263\021\005\205D\224*\022\267 \326"
  53      4A508A4B 
  53      B3110585 
  53      44942A12 
  53      B720D6
  54 0023 799D4F0D 		.ascii	"y\235O\015\235R)\242\221\250Td\3064\363=\337\314\305"
  54      9D5229A2 
  54      91A85464 
  54      C634F33D 
  54      DFCCC5
  55 0036 1883D1B1 		.ascii	"\030\203\321\261q2x\327W\352\027\222\270\312f7!\214"
  55      713278D7 
  55      57EA1792 
  55      B8CA6637 
  55      218C
  56 0048 299FBE2B 		.ascii	")\237\276+\214*\367\347\210\206\336\335\222\376\317"
  56      8C2AF7E7 
  56      8886DEDD 
  56      92FECF
  57 0057 D61BA1A3 		.ascii	"\326\033\241\243\254\177\214\320\026\006\325\242(\254"
  57      AC7F8CD0 
  57      1606D5A2 
  57      28AC
  58 0065 C7475664 		.ascii	"\307GVd\251\372iQH?\333q\331\235\206S\252\324\274\033"
  58      A9FA6951 
  58      483FDB71 
  58      D99D8653 
  58      AAD4BC1B 
  59 0079 E5DC89FC 		.ascii	"\345\334\211\374\221\003{vl\331\260f\305\222\005\001"
  59      91037B76 
  59      6CD9B066 
  59      C5920501 
  60 0089 736614A6 		.ascii	"sf\024\246L\0303b\210\317\000\363\005P\002-\360"
  60      4C183362 
  60      88CF00F3 
  60      0550022D 
  60      F0
  61              		.text
  62              		.section	.gnu.lto_SystemInit.134.5d9070f9a92f7f14,"e",%progbits
  63 0000 789C7D92 		.ascii	"x\234}\222?h\024Q\020\306g\336\354\237\023\345\004+"
  63      3F681451 
  63      10C667DE 
  63      EC9F13E5 
  63      042B
  64 0012 B1126C6C 		.ascii	"\261\022llr\017M\260\226\024V\222&\261\226\365\\\342"
  64      720F4DB0 
  64      96145692 
  64      26B196F5 
  64      5CE2
  65 0024 91DBDB64 		.ascii	"\221\333\333d\337\036\227`q/\271B\271&F,\264S\"\222"
  65      DF1E9760 
  65      712FB942 
  65      B926462C 
  65      B4532292 
  66 0038 42B49428 		.ascii	"B\264\224(\2045\030\"\242F\"1\250\004ca\243\205 \202"
  66      84351822 
  66      A2462231 
  66      A8046361 
  66      A3852082 
  67 004c F10F9EF3 		.ascii	"\361\017\236\363vsp\312\231\205o\231a\347\333\357\267"
  67      767370CA 
  67      99856F99 
  67      61E7DBEF 
  67      B7
  68 005d FBE68E00 		.ascii	"\373\346\216\000\030\003\200C,$\300\3133M\001Z\353\343"
  68      18038043 
  68      2C24C0CB 
  68      334D015A 
  68      EBE3
  69 006f AEC0C999 		.ascii	"\256\300\311\231\346.\274\207i\207P\027X\307[$\271\335"
  69      E62EBC87 
  69      69875017 
  69      58C75B24 
  69      B9DD
  70 0081 FAF0E9C5 		.ascii	"\372\360\351\305\273\375z.\301\217\000u\330\276vg5\262"
  70      BBFD7A2E 
  70      C18F0075 
  70      D8BE7667 
  70      35B2
  71 0093 EEAEDA9B 		.ascii	"\356\256\332\233\372WkZ\353o\362\375\217\374>\004\201"
  71      FA576B5A 
  71      EB6FF2FD 
  71      8FFC3E04 
  71      81
  72 00a4 82452C8B 		.ascii	"\202E,\213e\263\034\226\313\312\261\000f\311\244j\213"
  72      65B31C96 
  72      CBCAB100 
  72      66C9A46A 
  72      8B
  73 00b5 CB9B24B2 		.ascii	"\313\233$\262r2\001\370-\026\027\276?j\020\241\215\316"
  73      723201F8 
  73      2D1617BE 
  73      3F6A10A1 
  73      8DCE
  74 00c7 7984F4AE 		.ascii	"y\204\364\256\3374t\336\306\333\006-7q\037\347\021\216"
  74      DF3474DE 
  74      C6DB062D 
  74      37711FE7 
  74      118E
  75 00d9 DDE0B2F6 		.ascii	"\335\340\262\366\000\253`<\215+\027\226\004\011B\347"
  75      00AB603C 
  75      8D2B1796 
  75      040942E7 
  76 00e9 30CF24AE 		.ascii	"0\317$\256y\315\227&n[\346\366tz\026\214\207D\2324\277"
  76      79CD9726 
  76      6E5BE6F6 
  76      747A168C 
  76      87449A34 
  77 00fe 5C24E208 		.ascii	"\\$\342\010\225\006)\324\327/j\253\0354\366\020\223"
  77      950629D4 
  77      D72F6AAB 
  77      1D34F610 
  77      93
  78 010f B66911C3 		.ascii	"\266i\021\303v\320\006\222E\304A\370O\012u\032\226\214"
  78      76D00692 
  78      45C441F8 
  78      4F0A751A 
  78      968C
  79 0121 812C33F2 		.ascii	"\201,3\362u\353\351K\352:\264\214\001\2003\202\331g"
  79      75EBE94B 
  79      EA3AB48C 
  79      01803382 
  79      D967
  80 0133 5F7BCE2C 		.ascii	"_{\316,\335\302\237\264\303\257\232p\207l\016o\265\336"
  80      DDC29FB4 
  80      C3AF9A70 
  80      876C0E6F 
  80      B5DE
  81 0145 AEE77702 		.ascii	"\256\347w\002x\226\0028\031\300J\303\356:\264\202\245"
  81      78960238 
  81      19C04AC3 
  81      EE3AB482 
  81      A5
  82 0156 14401FCC 		.ascii	"\024@\037\314\010\326\210\334n\004\253\177\021\344\310"
  82      08D688DC 
  82      6E04AB7F 
  82      11E4C8
  83 0165 4D093EB7 		.ascii	"M\011>\267\366\356D\260\226\022\3442\202W\377\371\005"
  83      F6EE44B0 
  83      9612E432 
  83      8257FFF9 
  83      05
  84 0176 EB38CC2B 		.ascii	"\3538\314+\364\030\263\251\215\216\251\3163{\215>s\362"
  84      F418B3A9 
  84      8D8EA9CE 
  84      337B8D3E 
  84      73F2
  85 0188 D95E323B 		.ascii	"\331^2;2ES\233?\007\322\035\234%\314vG'\246\035\222"
  85      3245539B 
  85      3F07D21D 
  85      9C25CC76 
  85      4727A61D 
  86 019d A7941F29 		.ascii	"\247\224\037)9\352\307~$\207K\361\271\352\031\031x%"
  86      39EAC77E 
  86      24874BF1 
  86      B9EA1919 
  86      7825
  87 01af AFE2C9B2 		.ascii	"\257\342\311\262\027\373*\226'JQP\363\"_\016E^E\215"
  87      17FB2A96 
  87      274A5150 
  87      F3225F0E 
  87      455E458D 
  88 01c3 8695B33C 		.ascii	"\206\225\263<y\262\257\367H\317\200_\353\217|o$\254"
  88      79B2AFF7 
  88      48CF805F 
  88      EB8F7C6F 
  88      24AC
  89 01d5 C6AAA73F 		.ascii	"\306\252\247?\014\343r\350\361C8P(\310\301\250(\325"
  89      0CE372E8 
  89      F1433850 
  89      28C8C1A8 
  89      28D5
  90 01e7 848AFDE0 		.ascii	"\204\212\375\340\264\212\203\336\243\345\276\361\361"
  90      B48A83DE 
  90      A3E5BEF1 
  90      F1
  91 01f4 4211FE00 		.ascii	"B\021\376\000\266\007\015\231"
  91      B6070D99 
  92              		.text
  93              		.section	.gnu.lto_SystemCoreClockUpdate.135.5d9070f9a92f7f14,"e",%progbits
  94 0000 789C7554 		.ascii	"x\234uTklTU\020>s\346>\366\325\007\364E\013\206\266"
  94      6B6C5455 
  94      103E73E6 
  94      3EF6D507 
  94      F4450B86 
  95 0015 BC6A0C5D 		.ascii	"\274j\014]\025b\374cB\370A41\306\304\2521\206\220\265"
  95      1562FC63 
  95      42F84134 
  95      31C6C4AA 
  95      318690B5 
  96 0029 6EB0A1CB 		.ascii	"n\260\241\313\326\335\255\205\037\265\267\205l\241\310"
  96      D6DDAD85 
  96      1FB5B785 
  96      6CA1C8
  97 0038 63213594 		.ascii	"c!5\224g\005B\254\020\024\361\005\326Z\241UT\332b\241"
  97      670542AC 
  97      1014F105 
  97      D65AA155 
  97      54DA62A1 
  98 004c 802050B4 		.ascii	"\200 P\264-\024\004*\026\241B[\347\334\273w\267+\313"
  98      2D14042A 
  98      16A1425B 
  98      E7DCBB77 
  98      B72BCB
  99 005f 26DFB967 		.ascii	"&\337\271gv\276\2313gf\316\324[\030\253c\214e\000c\220"
  99      76BE9933 
  99      6766CED4 
  99      5B18AB63 
  99      8C650063 
 100 0074 CC607DA8 		.ascii	"\314`}\250\2063M\323\346\250\234/\013\255\342\320\012"
 100      86334DD3 
 100      E6A89C2F 
 100      0BADE2D0 
 100      0A
 101 0085 24654BCB 		.ascii	"$eK\313C\211\372\027\2416d\323\365\022\355L\256,o[\267"
 101      4389FA17 
 101      A13664D3 
 101      F512ED4C 
 101      AE2C6F5B 
 102 009a 03361DE8 		.ascii	"\0036\035\350s(\301\220M\377V\207\277\033ME\235\271"
 102      7328C190 
 102      4DFF5687 
 102      BF1B4D45 
 102      9DB9
 103 00ac 5160FBFA 		.ascii	"Q`\373\372\035\1775\365\313\206\3579\252*\376\330\377"
 103      1D7F35F5 
 103      CB86EF39 
 103      AA2AFED8 
 103      FF
 104 00bd 9355172C 		.ascii	"\223U\027,\272\320n\010V\334\262nG\016\333\323\365Q"
 104      BAD06E08 
 104      56DCB26E 
 104      470EDBD3 
 104      F551
 105 00cf 9AB289EC 		.ascii	"\232\262\211\354\365\315fsc\203\255\344\350Z\377<\323"
 105      F5CD6673 
 105      6383ADE4 
 105      E85AFF3C 
 105      D3
 106 00e0 915DFCB1 		.ascii	"\221]\374\261\377\246a\353\320\205{\206\220\240\237"
 106      FFA661EB 
 106      D0857B86 
 106      90A09F
 107 00ef B9E29AC1 		.ascii	"\271\342\232\301K\324\317x\317\256\013IP\031\252\271"
 107      4BD4CF78 
 107      CFAE0B49 
 107      5019AAB9 
 108 00ff F82BD705 		.ascii	"\370+\327\005`\025\034%YQ-V\233\335\221\220\230\004"
 108      60151C25 
 108      59512D56 
 108      9BDD9190 
 108      9804
 109 0111 15B01B9D 		.ascii	"\025\260\033\235\244\273\333{m\335\206L\355\303f\270"
 109      A4BBDB7B 
 109      6DDD864C 
 109      EDC366B8 
 110 0121 CA58050B 		.ascii	"\312X\005\013\377dPR@\2425\015\262e\260\370\350\217"
 110      FF645052 
 110      40A2350D 
 110      B265B0F8 
 110      E88F
 111 0133 C79A356D 		.ascii	"\307\2325m`s\303\345\001\320\326kP~\010*\016\302W\020"
 111      6073C3E5 
 111      01D0D66B 
 111      507E082A 
 111      0EC25710 
 112 0147 665BCAC2 		.ascii	"f[\312\302\214\343\303\215\232f\315.o\214UW\202\251"
 112      8CE3C38D 
 112      9A66CD2E 
 112      6F8C5557 
 112      82A9
 113 0159 BF6AE89B 		.ascii	"\277j\350\233b\365\301\210\276\315\3207\307\352WG\364"
 113      62F5C188 
 113      BECDD037 
 113      C7EA5747 
 113      F4
 114 016a FB0CFDE1 		.ascii	"\373\014\375\341X\375\373\021\375\026C\3372Fog\255p"
 114      58FDFB11 
 114      FD1643DF 
 114      32466F67 
 114      AD70
 115 017c 04BE836F 		.ascii	"\004\276\203o\341\033\370\032\364K\222B\201\026\200"
 115      E11BF81A 
 115      F44B9242 
 115      811680
 116 018b C300CD00 		.ascii	"\303\000\315\000M\000\215\000\207\340\343N\271[\273"
 116      4D008D00 
 116      87E0E34E 
 116      B95BBB
 117 019a 3FBA56D3 		.ascii	"?\272V\323N?w\351\213\364\307\201q\316\011H\220\010"
 117      4E3F77E9 
 117      8BF4C781 
 117      71CE0948 
 117      9008
 118 01ac 324121A8 		.ascii	"2A!\250\004\013\301J\260\021\354\004\007!\201\220HH"
 118      040BC14A 
 118      B011EC04 
 118      07218190 
 118      4848
 119 01be 222413C6 		.ascii	"\"$\023\306\021\306\023R\010\251\2044B:!\2030\201q\314"
 119      11C61352 
 119      08A98434 
 119      423A2183 
 119      308171CC 
 120 01d2 A46F1661 		.ascii	"\244o\026a\"\243@&1\012e\262\330e\213%G,\271\214\002"
 120      22A34026 
 120      310A65B2 
 120      D8658B25 
 120      472CB98C 
 121 01e7 9BC228B4 		.ascii	"\233\302(\264\251B;M,\323\3052C,y\214\"\317gt\017\306"
 121      A9423B4D 
 121      2CD3C532 
 121      432C798C 
 121      22CF6774 
 122 01fd 7622BB39 		.ascii	"v\"\2739::\212\264\335\205\334\330V636\302\0177\035"
 122      3A3A8AB4 
 122      DD85DCD8 
 122      56363336 
 122      C20F371D 
 123 0211 ECD88508 		.ascii	"\354\330\205\010T\3142\221%Z\265\372\025\032\025w\257"
 123      54CC3291 
 123      255AB5FA 
 123      151A1577 
 123      AF
 124 0222 E81A4BE9 		.ascii	"\350\032K\351Q\370\001\330S\037\320\326\377#\274\315"
 124      51F801D8 
 124      531FD0D6 
 124      FF23BCCD 
 125 0232 84CDB28D 		.ascii	"\204\315\262\215\325\303\200\034A\311\003\013\033\342"
 125      D5C3801C 
 125      41C9030B 
 125      1BE2
 126 0240 CBFB8FA4 		.ascii	"\313\373\217\244#'\301\350\016rw\207N\200\350\011'["
 126      2327C1E8 
 126      0E727787 
 126      4E80E809 
 126      275B
 127 0252 64C4781E 		.ascii	"d\304x\036\333\300kx\034\011\016\313(!*\347\030\271"
 127      DBC06B78 
 127      1C090ECB 
 127      28212AE7 
 127      18B9
 128 0264 D48FB80D 		.ascii	"\324\217\270\015\230\215\022yM\322}J\377\363y\212|\312"
 128      988D1279 
 128      4DD27D4A 
 128      FFF3798A 
 128      7CCA
 129 0276 F17CFE62 		.ascii	"\361|\376bF9\022\354\225QAY\370\224\">'\243\002\035"
 129      463912EC 
 129      95514159 
 129      F894223E 
 129      27A3021D 
 130 028a A0BB94C7 		.ascii	"\240\273\224\307&\242\252s\350t\013b\016\245\300#\022"
 130      26A2AA73 
 130      E8740B62 
 130      0EA5C023 
 130      12
 131 029b 5143DF45 		.ascii	"QC\337EL\034 \025u\301I`O/\327\264+\217,<\005\3172\026"
 131      4C1C2015 
 131      75C14960 
 131      4F2FD7B4 
 131      2B8F2C3C 
 132 02b3 8EE17C0F 		.ascii	"\216\341|\017\242\032/\2063\34063u\235\243\005U\272"
 132      A21A2F86 
 132      33E03633 
 132      759DA305 
 132      55BA
 133 02c5 86830DF3 		.ascii	"\206\203\015\363`\275\212\026\031\036%\376@\315\236"
 133      60BD8A16 
 133      191E25FE 
 133      40CD9E
 134 02d4 CA7A18F3 		.ascii	"\312z\030\363\254\266A%\231\222\314\316\201\350ZA\372"
 134      ACB64125 
 134      9992CCCE 
 134      81E85A41 
 134      FA
 135 02e5 A471A546 		.ascii	"\244q\245F\323\346A\3221`\347\243\254\243\377c\311\242"
 135      D3E641D2 
 135      3160E7A3 
 135      ACA3FF63 
 135      C9A2
 136 02f7 3292C9ED 		.ascii	"2\222\311\355\006v1\312=\366\020\217?\003\373=\312:"
 136      067631CA 
 136      3DF6108F 
 136      3F03FB3D 
 136      CA3A
 137 0309 F310D659 		.ascii	"\363\020\326Y`=z\231kp\"\225gM\355R\234,}_\013\224M"
 137      603D7A99 
 137      6B702295 
 137      674DED52 
 137      9C2C7D5F 
 138 0320 A5ADEE40 		.ascii	"\245\255\356@\037\323\263y\237Wv\017ur\370\015Db7\016"
 138      1FD3B379 
 138      9F57760F 
 138      7572F80D 
 138      4462370E 
 139 0334 5D18A44A 		.ascii	"]\030\244J)\205FZy\241\213\355\005V~\031\372\200a\216"
 139      2985465A 
 139      79A18BED 
 139      05567E19 
 139      FA80618E 
 140 0348 5E0935D6 		.ascii	"^\0115\3266t\202\303\005\335v\360n\217\260\215Z\365"
 140      367482C3 
 140      05DD76F0 
 140      6E8FB08D 
 140      5AF5
 141 035a 0B2BA51C 		.ascii	"\013+\245\034\264\243\307U\335\324\022kZG\246\227\302"
 141      B4A3C755 
 141      DDD4126B 
 141      5A47A697 
 141      C2
 142 036b A67DB1A6 		.ascii	"\246}\261\246\177\232\246\273\256\240nj\2155\335O\246"
 142      7F9AA6BB 
 142      AEA06E6A 
 142      8D35DD4F 
 142      A6
 143 037c 7F8051D9 		.ascii	"\177\200Q\331\033\2032Z\343U\366&,0+\333\3061\027\255"
 143      1B83325A 
 143      E355F626 
 143      2C302BDB 
 143      C63117AD 
 144 0390 9469D46D 		.ascii	"\224i\324m\206n|&\243-\236\315-\323f$\330\246\240\035"
 144      866E7C26 
 144      A32D9ECD 
 144      2DD36624 
 144      D8A6A01D 
 145 03a4 6DD00986 		.ascii	"m\320\011\206\013@\007\332\311\203*\304m\301^\300)\350"
 145      0B4007DA 
 145      C9832AC4 
 145      6DC15EC0 
 145      29E8
 146 03b6 2019A857 		.ascii	" \031\250W$\314\015w\312PCPK\345\361:\345\237h\305\372"
 146      24CC0D77 
 146      CA504350 
 146      4BE5F13A 
 146      E59F68C5 
 147 03cb 1FEC8172 		.ascii	"\037\354\201r\340&u\010\330\335(\367z<.\232\334\373"
 147      E0267508 
 147      D8DD28F7 
 147      7A3C2E9A 
 147      DCFB
 148 03dd C0EE41F8 		.ascii	"\300\356A\370%\333ZW\204r#\031\352L\201;z\344\207\202"
 148      25DB5A57 
 148      84722319 
 148      EA4C813B 
 148      7AE48782 
 149 03f1 A7DB0B70 		.ascii	"\247\333\013p\032E*\352\200St\256=\206{\356\204\003"
 149      1A452AEA 
 149      805374AE 
 149      3D867BEE 
 149      8403
 150 0403 FE0D93EF 		.ascii	"\376\015\223\357\020y\252 S\346\303dG\014\371o\"\337"
 150      1079AA20 
 150      53E6C364 
 150      470CF96F 
 150      22DF
 151 0415 363D7714 		.ascii	"6=w\024\340t\314\011\363\022\332#5\322\223<\322\243"
 151      E074CC09 
 151      F312DA23 
 151      35D2933C 
 151      D2A3
 152 0427 6242BC24 		.ascii	"bB\274$k<\222\344^\025\0231\001\332#IN\302D:}TW\177"
 152      6B3C92E4 
 152      5E151331 
 152      01DA2349 
 152      4EC2443A 
 153 043f 1AA42130 		.ascii	"\032\244!0\203\376\232dTz\224\346Hr<\207\313\242\016"
 153      83FE9A64 
 153      547A94E6 
 153      48723C87 
 153      CBA20E
 154 0452 BB141C87 		.ascii	"\273\024\034\207\311b\216d\232.\307\3438\030\000\243"
 154      C9628E64 
 154      9A2EC7E3 
 154      381800A3 
 155 0462 6C5D2AA6 		.ascii	"l]*\246\340x\030\004\303?U1\017S\350@n\\h\264\343]L"
 155      E0781804 
 155      C33F5531 
 155      0F53E840 
 155      6E5C68B4 
 156 0479 A523F344 		.ascii	"\245#\363DW\336\252\031\346c\233\262\232\213W\220*\036"
 156      57DEAA19 
 156      E6639BB2 
 156      9A8B5790 
 156      2A1E
 157 048b D4249C66 		.ascii	"\324$\234f\333\267\265\001p\252\275o+\340t\307\356\355"
 157      DBB7B501 
 157      70AABD6F 
 157      2BE074C7 
 157      EEED
 158 049d E25D25C6 		.ascii	"\342]%\306vi\355)\016g\303\357\252\365vL\203\257\344"
 158      7669ED29 
 158      0E67C3EF 
 158      AAF5764C 
 158      83AFE4
 159 04b0 D1179544 		.ascii	"\321\027\225D\327\321\244\350\270<\326\252bZ\274k\256"
 159      D7D1A4E8 
 159      B83CD6AA 
 159      625ABC6B 
 159      AE
 160 04c1 E2EE48DE 		.ascii	"\342\356H\336\024L\307\2641\315\231\201\351bV\212\341"
 160      144CC7B4 
 160      31CD9981 
 160      E962568A 
 160      E1
 161 04d2 D8908113 		.ascii	"\330\220\201\023\250M\346\207G\343\374\327\215\321\370"
 161      A84DE687 
 161      47E3FCD7 
 161      8DD1F8
 162 04e1 DA1ABE9A 		.ascii	"\332\032\276\232\353\243\321\362\352Z\376\2421\031\253"
 162      EBA3D1F2 
 162      EA5AFEA2 
 162      3119AB
 163 04f0 46AA9FC1 		.ascii	"F\252\237\301|\234\240\007y\260\355s\0313\307\206\031"
 163      7C9CA007 
 163      79B0ED73 
 163      1933C786 
 163      19
 164 0501 12611A27 		.ascii	"\022a\032'\002fa&\346\033\211\201\261\244\015\372]\262"
 164      02666126 
 164      E61B8981 
 164      B1A40DFA 
 164      5DB2
 165 0513 58155675 		.ascii	"X\025Vu\177\371\212\336\215;\021\214Ki\315B,p\276\354"
 165      7FF98ADE 
 165      8D3B118C 
 165      4B69CD42 
 165      2C70BEEC 
 166 0527 77FBFCCE 		.ascii	"w\373\374\316\022w\300\355s.,\012\274U\372\206\323\343"
 166      1277C0ED 
 166      732E2C0A 
 166      BC55FA86 
 166      D3E3
 167 0539 2A722D76 		.ascii	"*r-v9\213]\001\267?\340\234W\344\363\224\271|ng\201"
 167      398B5D01 
 167      B73FE09C 
 167      57E4F394 
 167      B97C6E67 
 168 054e CFB5D85F 		.ascii	"\317\265\330_\342]\374&1\237\237=\353\211\231/\270\313"
 168      E25DFC26 
 168      319F9F3D 
 168      EB89992F 
 168      B8CB
 169 0560 E6FADCAE 		.ascii	"\346\372\334\256E\336\322\200\177\346\\\2577P\354u\221"
 169      45DED280 
 169      7FE65CAF 
 169      3750EC75 
 169      91
 170 0571 9265E5E7 		.ascii	"\222e\345\347;_\362\025:\375K\375\001\267g\201?\340"
 170      3B5FF215 
 170      3AFD4BFD 
 170      01B76781 
 170      3FE0
 171 0583 99F564F1 		.ascii	"\231\365d\361\354%K\362\013\231TR\\\354\261\322\342"
 171      EC254BF2 
 171      0B995452 
 171      5CECB1D2 
 171      E2
 172 0594 F796FA0A 		.ascii	"\367\226\372\012\335B\364)\264\274S\350\265x\374Et\302"
 172      DD42F429 
 172      B4BC53E8 
 172      B578FC45 
 172      74C2
 173 05a6 4237063C 		.ascii	"B7\006<%\377\001\301\321#\333"
 173      25FF01C1 
 173      D123DB
 174              		.text
 175              		.section	.gnu.lto_.symbol_nodes.5d9070f9a92f7f14,"e",%progbits
 176 0000 789C8B61 		.ascii	"x\234\213a\000\002\2466\306z\256\006 `a\234p\216\201"
 176      0002A636 
 176      C67AAE06 
 176      2060619C 
 176      708E81
 177 0013 A19E8161 		.ascii	"\241\236\201a\327\204&&\220D;c=\367\373\377\377\377"
 177      D7842626 
 177      90443B63 
 177      3DF7FBFF 
 177      FFFF
 178 0025 33A349B0 		.ascii	"3\243I\260\2662\362\034la\004\261\232\030y\241\254f"
 178      B632F21C 
 178      6C6104B1 
 178      9A1879A1 
 178      AC66
 179 0037 463E28AB 		.ascii	"F>(\253\205\221\037\302b\000\000\321\232\027B"
 179      85911FC2 
 179      620000D1 
 179      9A1742
 180              		.text
 181              		.section	.gnu.lto_.refs.5d9070f9a92f7f14,"e",%progbits
 182 0000 789C5367 		.ascii	"x\234Sg``\340dd`\342f`d\026\000b! \026\001b= 6```1a"
 182      6060E064 
 182      6460E266 
 182      60641600 
 182      62212016 
 183 001e 60603603 		.ascii	"``6\003\262-\030\030\000\034~\001\224"
 183      B22D1818 
 183      001C7E01 
 183      94
 184              		.text
 185              		.section	.gnu.lto_.decls.5d9070f9a92f7f14,"e",%progbits
 186 0000 789CB557 		.ascii	"x\234\265WkPTG\026\356>\3672\\\020\003V\342\306\244"
 186      6B505447 
 186      16EE3EF7 
 186      325C1003 
 186      56E2C6A4 
 187 0014 922AFFC5 		.ascii	"\222*\377\3052\253\223\001\363\370\263U\013\203DR\352"
 187      32AB9301 
 187      F3F8B355 
 187      0B834452 
 187      EA
 188 0025 92194CA5 		.ascii	"\222\031L\245j\253\342\0222\211T\004\\\300h\376\354"
 188      6AABE212 
 188      32895404 
 188      5CC068FE 
 188      EC
 189 0036 F60CA30C 		.ascii	"\366\014\243\014\210\310\210\017D\242#&\032w\325 \306"
 189      88C8880F 
 189      44A22326 
 189      1A77D520 
 189      C6
 190 0047 B731230F 		.ascii	"\2671#\017\205(\202\342\003\025\0245\010\370\304H\""
 190      852882E2 
 190      03151435 
 190      08F8C448 
 190      22
 191 0058 2AC89EBE 		.ascii	"*\310\236\276\267\347\016\027\335\037\273\265;5\347"
 191      B7E70E17 
 191      DD1FBBB5 
 191      3B35E7
 192 0067 DEBEFD9D 		.ascii	"\336\276\375\235\363\235\323\247O\337\333\335\026E\310"
 192      F39DD3A7 
 192      4FDFDBDD 
 192      1645C8
 193 0076 7E89903E 		.ascii	"~\211\220>B\310\020\376d\274\267\240`7\331\213\362;"
 193      42C810FE 
 193      64BCB7A0 
 193      6037D98B 
 193      F23B
 194 0088 4A48264A 		.ascii	"JH&J\026J6\312\002\224\261(\227\020\313\300{-\336\377"
 194      164A36CA 
 194      0294B128 
 194      9710CBC0 
 194      7B2DDEFF 
 195 009c 867786E2 		.ascii	"\206w\206\342F\311C)D)A\011C^\274\221\\\274\014\002"
 195      46C94329 
 195      44294109 
 195      435EBC91 
 195      5CBC0C02 
 196 00b0 21CF09DD 		.ascii	"!\317\011\335\327\004o\200\207\012\037\234/\021\345"
 196      D7046F80 
 196      870A1F9C 
 196      2F11E5
 197 00bf CF82F723 		.ascii	"\317\202\367#\274\277\217bB\241\3105\226h~8\3069^!A"
 197      BCBF8F62 
 197      42A1C835 
 197      96687E38 
 197      C6395E21 
 198 00d4 3BCEC36D 		.ascii	";\316\303m\247\242\254\020\261p\277.\301\267R\304\306"
 198      A7A2AC10 
 198      B170BF2E 
 198      C1B752C4 
 198      C6
 199 00e5 39578918 		.ascii	"9W\211\030\363Q<\234\377y*\233\306\322\3612\270\234"
 199      F3513C9C 
 199      FF792A9B 
 199      C6D2F132 
 199      B89C
 200 00f7 ED83748C 		.ascii	"\355\203t\214\237\261~\346\253\226'\354\245{\020\336"
 200      9FB17EE6 
 200      AB9627EC 
 200      A57B10DE 
 201 0107 A7A97828 		.ascii	"\247\251x(^zy\353\005T\366Q\005\210\014\371w\207\032"
 201      5E7A79EB 
 201      0554F651 
 201      05880CF9 
 201      77871A
 202 011a A548C60D 		.ascii	"\245H\306\015\374\356\260\3475\203\037)\261\354\241"
 202      FCEEB0E7 
 202      35831F29 
 202      B1ECA1
 203 0129 A6099427 		.ascii	"\246\011\224'4\022\357D\211 o2\365W\375<\251\3469\301"
 203      3412EF44 
 203      89206F32 
 203      F557FD3C 
 203      A9E639C1 
 204 013d 9F624682 		.ascii	"\237bF\202[\247\217\017\214\212\364\013\002\242\022"
 204      5BA78F0F 
 204      8C8AF40B 
 204      02A212
 205 014c D4D20935 		.ascii	"\324\322\0115\3640\365S\031Z\232\327\367\207\274\210"
 205      F430F553 
 205      195A9AD7 
 205      F787BC88 
 206 015c 766EC67C 		.ascii	"vn\306|PG\177\240\007\321\372\010\345>x(\035Dy\007Y"
 206      50477FA0 
 206      07D1FA08 
 206      E53E7828 
 206      1D447907 
 207 0171 FC4B0FD6 		.ascii	"\374K\017\326\206Fv \213\377Y,\217\232\037\3376\351"
 207      86467620 
 207      8BFF592C 
 207      8F9A1FDF 
 207      36E9
 208 0183 2C0D4FB1 		.ascii	",\015O\2614\363K\024\216\212Q\345\017\274-\311\260\242"
 208      34F34B14 
 208      8E8A51E5 
 208      0FBC2DC9 
 208      B0A2
 209 0195 B3AA2062 		.ascii	"\263\252 b\344\310\232qdMH\270o]\336\006\323\260\260"
 209      E4C89A71 
 209      644D48B8 
 209      6F5DDE06 
 209      D3B0B0
 210 01a8 1AE97144 		.ascii	"\032\351qDOR\256\200\341\254\276\271\316)\017\363g\200"
 210      4F52AE80 
 210      E1ACBEB9 
 210      CE290FF3 
 210      6780
 211 01ba 91BE9E28 		.ascii	"\221\276\236(qDI\340M?\277(\350\332O\224\367\320\264"
 211      714449E0 
 211      4D3FBF28 
 211      E8DA4F94 
 211      F7D0B4
 212 01cd A060C786 		.ascii	"\240`\307\206\220\221n/\240\333h\031\016o\377\246C\031"
 212      90916E2F 
 212      A0DB6819 
 212      0E6FFFA6 
 212      4319
 213 01df E6B5959E 		.ascii	"\346\265\225\236C\360\"\3458\232V\236\333\267-|\230"
 213      43F022E5 
 213      389A569E 
 213      DBB72D7C 
 213      98
 214 01f0 57038C5E 		.ascii	"W\003\214^\336Qf\242\326\217\2755W\0255U\317H\270b\347"
 214      DE5166A2 
 214      D68FBD35 
 214      57153555 
 214      CF48B862 
 215 0205 8A6F281F 		.ascii	"\212o(\037\022\345#\336\232\240\244\022e\016o\215W\322"
 215      12E523DE 
 215      9AA0A412 
 215      650E6F8D 
 215      57D2
 216 0217 F96D1C4A 		.ascii	"\371m\034J\004F\213y\317\346\317\243dXZ\271r;\035\031"
 216      04468B79 
 216      CFE6CFA3 
 216      64585AB9 
 216      723B1D19 
 217 022b F11D8CF8 		.ascii	"\361\035\214\37065\275J\207\370\205(\013\320\363\245"
 217      3635BD4A 
 217      87F88528 
 217      0BD0F3A5 
 218 023b BEEE6D12 		.ascii	"\276\356m\022\237\352^V\355\224\310\233\321\344\036"
 218      9FEA5E56 
 218      ED94C89B 
 218      D1E41E
 219 024a 7DB586F6 		.ascii	"}\265\206\366\322\273\230\321{\325gJBE\360\177\371\205"
 219      D2BB98D1 
 219      7BD5674A 
 219      4245F07F 
 219      F985
 220 025c DEA43790 		.ascii	"\336\2447\220\345>\345Dhz\241\354\332Nu~\237eZ~\362"
 220      E53EE544 
 220      687AA1EC 
 220      DA4E757E 
 220      9F655A7E 
 221 0271 5215044C 		.ascii	"R\025\004L\373\214\246\312\337\211\202\313@\301\322"
 221      FB8CA6CA 
 221      DF8982CB 
 221      40C1D2
 222 0280 5796A22C 		.ascii	"W\226\242,GYMy\344\205\224\017CQ\276\242D\376}\313\316"
 222      47594D79 
 222      E485940F 
 222      4351BEA2 
 222      44FE7DCB 
 223 0295 C59B4326 		.ascii	"\305\233C&N\0347\361\351\337\006\034\330\252%\236\246"
 223      4E1C37F1 
 223      E9DF061C 
 223      D8AA259E 
 223      A6
 224 02a6 7027F33B 		.ascii	"p'\363;#~\245\267\250\0234\027=(1\344\012c\225\371M"
 224      237EA5B7 
 224      A8133417 
 224      3D2831E4 
 224      0A6395F9 
 225 02bb 792CCA1D 		.ascii	"y,\312\035q\231v#\250%\240\013e/%ZT~\231\014\322\001"
 225      71997623 
 225      A825A00B 
 225      652F255A 
 225      547E990C 
 226 02d1 EC71420D 		.ascii	"\354qB\015\315\007\017\344A1,\203\022\030\242\014V@"
 226      CD070FE4 
 226      41312C83 
 226      1218A20C 
 226      5640
 227 02e3 01782117 		.ascii	"\001x!\027\212`\021,\207\245\260\004\012a1\270\301\205"
 227      8A60112C 
 227      87A5B004 
 227      0A6131B8 
 227      C185
 228 02f5 6F0C957D 		.ascii	"o\014\225}]\200\375\211\316\276_w\2754\000^\325\301"
 228      5D80FD89 
 228      CEBE5F77 
 228      BD34005E 
 228      D5C1
 229 0307 2BBAEBCA 		.ascii	"+\272\353\312\257\276c\034=B\017!\252U\375\001\015\345"
 229      AFBE631C 
 229      3D420F21 
 229      AA55FD01 
 229      0DE5
 230 0319 B6CB02B6 		.ascii	"\266\313\002\266\227t\333v\015\375\006\321r\315\366"
 230      9774DB76 
 230      0DFD06D1 
 230      72CDF6
 231 0328 275AAFDB 		.ascii	"'Z\257\333\036\325\335\0164\012\323\207\272\3519\035"
 231      1ED5DD0E 
 231      340AD387 
 231      BAE9391D 
 232 0338 7C1C001F 		.ascii	"|\034\000\037\351\240E\245\355D\360\221\0066\320\307"
 232      E9A045A5 
 232      ED44F091 
 232      0636D0C7 
 233 0348 C341CD70 		.ascii	"\303A\315pI \240N\035\373\231\352\226eM\302\362\264"
 233      4920A04E 
 233      1DFB99EA 
 233      96654DC2 
 233      F2B4
 234 035a 8EB604C3 		.ascii	"\216\266\004\303]\253\205{\212\236@T[p\307\324\210\270"
 234      5DAB857B 
 234      8A9E4054 
 234      5B70C7D4 
 234      88B8
 235 036c E99A80E9 		.ascii	"\351\232\200\351\031\203\251\346\265(\340\265\303\220"
 235      1983A9E6 
 235      B528E0B5 
 235      C390
 236 037a 060D7C12 		.ascii	"\006\015|\022\030\313\003\035<\256\203\203\001\260\337"
 236      18CB031D 
 236      3CAE8383 
 236      01B0DF
 237 0389 900591DE 		.ascii	"\220\005\221\336\302\000\3575\303\324\304\250\341\226"
 237      C200EF35 
 237      C3D4C4A8 
 237      E196
 238 0397 6AE1B6D1 		.ascii	"j\341\266\321\363\010j+\365\254\316;\024\340\375\315"
 238      F3086A2B 
 238      F5ACCE3B 
 238      14E0FDCD 
 239 03a7 E054F016 		.ascii	"\340T\360\026\004x\257\033\262\024C\024,1\031\256^9"
 239      0478AF1B 
 239      B2144314 
 239      2C3119AE 
 239      5E39
 240 03b9 70481967 		.ascii	"pH\031g,\274\225\360\037W\036~\014\272\226\277\245\177"
 240      2CBC95F0 
 240      1F571E7E 
 240      0CBA96BF 
 240      A57F
 241 03cb 0B56094F 		.ascii	"\013V\011O\253A}\227\224\362\217A1U\026\001Q\362Q\212"
 241      AB417D97 
 241      94F28F41 
 241      31551601 
 241      51F2518A 
 242 03df 504A8123 		.ascii	"PJ\201#\370\012]\207\017\337\252\017\375D\251\302\207"
 242      F80A5D87 
 242      0FDFAA0F 
 242      FD44A9C2 
 242      87
 243 03f0 1F50EA51 		.ascii	"\037P\352QN\251\235\335Di\303\207\353(\275(\217\324"
 243      4EA99DDD 
 243      4469C387 
 243      EB28BD28 
 243      8FD4
 244 0402 CE56A2B8 		.ascii	"\316V\242\270$\242,AY\201\262\016e\023\312v\224\335"
 244      24A22C41 
 244      5981B20E 
 244      6513CA76 
 244      94DD
 245 0414 287E9406 		.ascii	"(~\224\006\224\026\224v\224.\224^\224\207(.\031\327"
 245      94169476 
 245      942E945E 
 245      9487282E 
 245      19D7
 246 0426 374A218A 		.ascii	"7J!\212\027\245\014e\023\312v\224\235(\373d\356\240"
 246      17A50C65 
 246      13CA7694 
 246      9D28FB64 
 246      EEA0
 247 0438 5C5DEF61 		.ascii	"\\]\357a\312A\231\310I\015\005\236Ua\023\237\275\340"
 247      CA4199C8 
 247      490D059E 
 247      5561139F 
 247      BDE0
 248 044a 9FFA61CE 		.ascii	"\237\372a\316\373W\\\367\265\230\266\034d,\177\334e"
 248      FB575CF7 
 248      B598B61C 
 248      642C7FDC 
 248      65
 249 045b 5A060D22 		.ascii	"Z\006\015\"\033k 8\333\273\026\326\373\351eZ\241\203"
 249      1B6B2038 
 249      DBBB16D6 
 249      FBE9655A 
 249      A183
 250 046d 1B82E0D0 		.ascii	"\033\202\340\320N\015\374V\0077\001\2371}\226j\241\006"
 250      4E0DFC56 
 250      0737019F 
 250      317D966A 
 250      A106
 251 047f 3B1A7092 		.ascii	";\032p\222~\202Vh\203\313p\033.\301)h\206\353p\025\216"
 251      7E825668 
 251      83CB701B 
 251      2EC12968 
 251      86EB7015 
 252 0494 C149B801 		.ascii	"\301I\270\001=\320\0027\241\033\272\340\"\\\201Nh\202"
 252      3DD00237 
 252      A11BBAE0 
 252      225C814E 
 252      6882
 253 04a6 9FA103DA 		.ascii	"\237\241\003\332\3418\324\303Y\270\000\247\341<\034"
 253      E138D4C3 
 253      59B800A7 
 253      E13C1C
 254 04b5 856B700E 		.ascii	"\205kp\016\316\300-8\001G\2401\360\012i\024\376\253"
 254      CEC02D38 
 254      0147A031 
 254      F00A6914 
 254      FEAB
 255 04c7 75FFFA9A 		.ascii	"u\377\372\232\273,\240}:\244\025\223\237\027\277\212"
 255      BB2CA07D 
 255      3AA41593 
 255      9F17BF8A 
 256 04d7 D5D12D3A 		.ascii	"\325\321-:v4X\206k\305\200\353t\260\024\002\244k\004"
 256      76345886 
 256      6BC580EB 
 256      74B01402 
 256      A46B04
 257 04ea B6D69029 		.ascii	"\266\326\220)\215\364\221 \335\256c\307\202\244m\"\232"
 257      8DF49120 
 257      DDAE63C7 
 257      82A46D22 
 257      9A
 258 04fb 033AD813 		.ascii	"\003:\330\023\004\273\005\270\327\020\252\000/\012\360"
 258      04BB05B8 
 258      D710AA00 
 258      2F0AF0
 259 050a A0C1520B 		.ascii	"\240\301R\013\347\246\300v\351X\273>\306\202]Z8_\353"
 259      E7A6C076 
 259      E958BB3E 
 259      C6825D5A 
 259      385FEB
 260 051d D8F037A4 		.ascii	"\330\3607\244\030\307W:\030|\363z\004\266\3310\247h"
 260      18C7573A 
 260      187CF37A 
 260      04B6D930 
 260      A768
 261 052f C8598B04 		.ascii	"\310Y\213\004\353z\035\\\027\254\206\023\"\234\303\303"
 261      EB7A1D5C 
 261      17AC8613 
 261      229CC3C3 
 262 053f 6743604B 		.ascii	"gC`K\004\353FC\031\211\317\214\300\2761\204\252aw\005"
 262      04EB4643 
 262      1989CF8C 
 262      C0BE3184 
 262      AA617705 
 263 0553 E70E1D0B 		.ascii	"\347\016\035\013\276\340\232\004\346\327\261\340\273"
 263      BEE09A04 
 263      E6D7B1E0 
 263      BB
 264 0560 7A5060FF 		.ascii	"zP`\3770L\261\226\232\013b\246~\320\261ao\241Va\370"
 264      304CB196 
 264      9A0B62A6 
 264      7ED0B161 
 264      6FA15661 
 265 0575 A3815480 		.ascii	"\243\201T\200\003\002\334\252\203\377\014\016\277_\200"
 265      0302DCAA 
 265      83FF0C0E 
 265      BF5F80
 266 0584 95865045 		.ascii	"\225\206PE\342.\011\237\207h\000\354\012\322.\025\011"
 266      E22E099F 
 266      876800EC 
 266      0AD22E15 
 266      09
 267 0595 F019B22A 		.ascii	"\360\031\262*>:\202u\233\301\245\206=\024\330w\206\222"
 267      3E3A8275 
 267      9BC1A586 
 267      3D14D877 
 267      8692
 268 05a7 D3B07681 		.ascii	"\323\260v\201\355\207\341\016\265\004\334\021\301T\351"
 268      ED87E10E 
 268      B504DC11 
 268      C154E9
 269 05b6 D8D96030 		.ascii	"\330\331`0\267\205\341N\003\250\031\336\020\206\273"
 269      B785E14E 
 269      03A819DE 
 269      1086BB
 270 05c5 75EC4AD0 		.ascii	"u\354J\320\260G\030\3561\200Z4\267\004\366\275\241R"
 270      B04718EE 
 270      31805A34 
 270      B704F6BD 
 270      A152
 271 05d7 456E4A45 		.ascii	"EnJEQ\225\033\252Q\260\236\027\226\207\014\223\205\037"
 271      51951BAA 
 271      51B09E17 
 271      96870C93 
 271      851F
 272 05e9 85AA107C 		.ascii	"\205\252\020|\227\037\255n\275*\2173\276n\356\300\377"
 272      971FAD6E 
 272      BD2A8F33 
 272      BE6EEEC0 
 272      FF
 273 05fa E57D23C3 		.ascii	"\345}#\303\316v\367\341\340)\342\256\010\247\227\177"
 273      CE76F7E1 
 273      E029E2AE 
 273      08A7977F 
 274 060a 39708B8D 		.ascii	"9p\213\215{\353-\353\007\312G\017\333\310\336\003\236"
 274      7BEB2DEB 
 274      07CA470F 
 274      DBC8DE03 
 274      9E
 275 061b 815F40EC 		.ascii	"\201_@\354\366\352;=\265\021\272\375/\302\376>p\354"
 275      F6EA3B3D 
 275      B511BAFD 
 275      2FC2FE3E 
 275      70EC
 276 062d EB9E039B 		.ascii	"\353\236\003\233\303u\354U\015\352\323>J\221\270\273"
 276      C375EC55 
 276      0DEAD33E 
 276      4A91B8BB 
 277 063d 6DED743F 		.ascii	"m\355t?u\036\371\015\210\345W\220a[\343\352\213\303"
 277      751EF90D 
 277      88E55790 
 277      615BE3EA 
 277      8BC3
 278 064f F698DA26 		.ascii	"\366\230\332&\341\001p\034\2317\346\015\356\215\324"
 278      E101701C 
 278      9937E60D 
 278      EE8DD4
 279 065e 991F08AF 		.ascii	"\231\037\010\257\375*v\356\320\235\243!\367)\232\326"
 279      FD2A76EE 
 279      D09DA321 
 279      F7299AD6 
 280 066e E32EB056 		.ascii	"\343.\260V)\256\350f\225\314W\350\241N\177.\253\254"
 280      29AEE866 
 280      95CC57E8 
 280      A14E7F2E 
 280      ABAC
 281 0680 3D72D2E2 		.ascii	"=r\322\342\333X\353\361\362\023\016\335\360=\313\363"
 281      DB58EBF1 
 281      F2130EDD 
 281      F03DCBF3 
 282 0690 E52E8EF0 		.ascii	"\345.\216\360m\314-\\\356f\243\265\203\017\213BY\\\312"
 282      6DCC2D5C 
 282      EE66A3B5 
 282      830F8B42 
 282      595CCA
 283 06a3 5833D2B8 		.ascii	"X3\322\270\233\235\254\303O;\234|\223\326\301^\3264"
 283      9B9DACC3 
 283      4F3B9C7C 
 283      93D6C15E 
 283      D634
 284 06b5 FCA63264 		.ascii	"\374\2462d/c\254\370eWi\007\253t\261\3461eU\0341\241"
 284      2F63ACF8 
 284      65576907 
 284      AB74B1E6 
 284      3165551C 
 285 06cb E45716ED 		.ascii	"\344W\026\355e\221\276\3346\217\257\206\275\344\303"
 285      6591BEDC 
 285      368FAF86 
 285      BDE4C3
 286 06da 319432B7 		.ascii	"1\2242\267\237\256A\250\214y\212\241\320U\3136\327\344"
 286      9FAE41A8 
 286      8C798AA1 
 286      D055CB36 
 286      D7E4
 287 06ec 3A292765 		.ascii	":)'e.\346\031S\\\341\306\220j\331_\275\025~\017:\315"
 287      2EE61953 
 287      5CE1C690 
 287      6AD95FBD 
 287      157E0F3A 
 288 0701 8FE2DDAC 		.ascii	"\217\342\335\254\242\226\215\341=^W\255g\214\327\345"
 288      A2968DE1 
 288      3D5E57AD 
 288      678CD7E5 
 289 0711 665E5F2D 		.ascii	"f^_-\003\264\3618\221\225:}\214y;B\230\013mT\215\012"
 289      03B4F138 
 289      91953A7D 
 289      8C793B42 
 289      980B6D54 
 290 0727 C69C2C9E 		.ascii	"\306\234,\236U\240\023\216{Y\275\307Y\341vRo\005\216"
 290      55A0138E 
 290      7B59BDC7 
 290      59E17652 
 290      6F058E
 291 073a B8C2CD5E 		.ascii	"\270\302\315^\36427o\240\352\370$\355h\247\216\027\363"
 291      F432376F 
 291      A0EAF824 
 291      ED68A78E 
 291      17F3
 292 074c B69B55F5 		.ascii	"\266\233U\365\214\352\343y\353?\267\343\276\011O\303"
 292      8CEAE379 
 292      EB3FB7E3 
 292      BE094FC3 
 293 075c CF15FF91 		.ascii	"\317\025\377\221\320j\032\245\234\015\341S\006X\021"
 293      D06A1AA5 
 293      9C0DE153 
 293      065811
 294 076b 51788CFC 		.ascii	"Qx\214\374\371\346P\304+\250\326\307\330\0137\360\260"
 294      F9E650C4 
 294      2BA8D6C7 
 294      D80B37F0 
 294      B0
 295 077c 3C80697F 		.ascii	"<\200i\177\002\344\236ZO\017\362r\007\244\011\245\245"
 295      02E49E5A 
 295      4F0FF272 
 295      07A409A5 
 295      A5
 296 078d ACBFE46E 		.ascii	"\254\277\344n\357\011i\260\356!c\341QO\3401\226/\367"
 296      EF0969B0 
 296      EE2163E1 
 296      514FE031 
 296      962FF7
 297 07a0 F618C823 		.ascii	"\366\030\310#x\210[\211\223&\324\256~p\372\236\302\265"
 297      78885B89 
 297      9326D4AE 
 297      7E70FA9E 
 297      C2B5
 298 07b2 2BD734E0 		.ascii	"+\3274\340F\311\205\254\312\023`\222\246\313$\241\333"
 298      46C985AC 
 298      CA136092 
 298      A6CB24A1 
 298      DB
 299 07c3 C575772F 		.ascii	"\305uw/.:\240\036I\236}n\314"
 299      2E3AA01E 
 299      499E7D6E 
 299      CC
 300 07d0 EDDCBC35 		.ascii	"\355\334\2745R\257\323\\iD\235\236*o\260\276^^\314z"
 300      52AFD35C 
 300      69449D9E 
 300      2A6FB0BE 
 300      5E5ECC7A 
 301 07e4 1BEBDE2B 		.ascii	"\033\353\336+\246n\311\205>4\025\227Dw\341)\243\216"
 301      A66EC985 
 301      3E341597 
 301      4477E129 
 301      A38E
 302 07f6 52B6BC8F 		.ascii	"R\266\274\217*\277r_-\327\363\317\206\276\336\212\352"
 302      2ABF725F 
 302      2DD7F3CF 
 302      86BEDE8A 
 302      EA
 303 0807 0D8BF222 		.ascii	"\015\213\362\"\213q\035\347\241\276Vey\022]$\241\316"
 303      8B711DE7 
 303      A1BE5665 
 303      79125D24 
 303      A1CE
 304 0819 819B9EEF 		.ascii	"\201\233\236\357\250zD\362?}\3169rr\315V\275|\363\245"
 304      A87A44F2 
 304      3F7DCE39 
 304      7272CD56 
 304      BD7CF3A5 
 305 082d 11E55B54 		.ascii	"\021\345[T\271\245\317\364\332\242P(\220\224U\241\374"
 305      B9A5CFF4 
 305      DAA25028 
 305      909455A1 
 305      FC
 306 083e B8B5A7ED 		.ascii	"\270\265\247\355V\230\032\336\261\272\367\336(\220\012"
 306      56981ADE 
 306      B1BAF7DE 
 306      28900A
 307 084d D19B6653 		.ascii	"\321\233fS(\321\002\211g?T\006g\323\222\3150r\301,\223"
 307      28D10289 
 307      673F5406 
 307      67D392CD 
 307      3072C12C 
 308 0862 88A508D7 		.ascii	"\210\245\010\327\351\262\343\017\013L\301\005\243mS"
 308      E9B2E30F 
 308      0B4CC105 
 308      A36D53
 309 0871 8B258EA3 		.ascii	"\213%\216\243\203\375\336\206\265\221\301xF\240]\347"
 309      83FDDE86 
 309      B591C178 
 309      46A05DE7 
 310 0881 EB9A47BD 		.ascii	"\353\232G\275\366u(x%e\033\217\247\364FO\273\211\307"
 310      F6752878 
 310      25651B8F 
 310      A7F4464F 
 310      BB89C7
 311 0894 53791C37 		.ascii	"Sy\0347\300Q\324+\225`D\232U\211\204\217\250S\302\016"
 311      C051D42B 
 311      9560449A 
 311      5589848F 
 311      A853C20E 
 312 08a8 DF037D0D 		.ascii	"\337\003}\015\272%-\234\225*\341\216\265\271\327\202"
 312      BA252D9C 
 312      952AE18E 
 312      B5B9D782 
 313 08b8 EBB34E64 		.ascii	"\353\263Ndn\225\212Ut\257?#\351X\201\260[\215\030\011"
 313      6E958A55 
 313      74AF3F23 
 313      E95881B0 
 313      5B8D1809 
 314 08cc B34DB54F 		.ascii	"\263M\265O\265}05\376\215\227&O6\333\263R\315\331_f"
 314      B57D3035 
 314      FE8D9726 
 314      4F36DBB3 
 314      52CDD95F 
 315 08e1 E738D267 		.ascii	"\3478\322gg\347\244\307D\317\235\262p\341\344T\345\335"
 315      67E7A4C7 
 315      44CF9DB2 
 315      70E1E454 
 315      E5DD
 316 08f3 99B3C65B 		.ascii	"\231\263\306[-\026\242\314O\313\310\211\211\236\235"
 316      2D16A2CC 
 316      4FCBC889 
 316      899E9D
 317 0902 2327DA63 		.ascii	"#'\332cm\362\214\031\0116)6\336&\305\343=)\301&\307"
 317      6DF28C19 
 317      09362936 
 317      DE26C5E3 
 317      3D29C126 
 318 0917 26D86D72 		.ascii	"&\330mr\\B\254-\004!T\210\347\317\323\370\305\212\227"
 318      5C42AC2D 
 318      04215488 
 318      E7CFD3F8 
 318      C58A97
 319 092a 10FB34AB 		.ascii	"\020\3734\253\335&\331\247%\205r\236wf\347HV+>[m!\261"
 319      DD26D9A7 
 319      2585729E 
 319      7766E748 
 319      562B3E5B 
 320 0941 8936AB4D 		.ascii	"\2116\253M\376 \371O69\021uB\254I\263\022\343\361\032"
 320      FE20F94F 
 320      36391175 
 320      42AC49B3 
 320      12E3F11A 
 321 0955 6BB57D68 		.ascii	"k\265}h\236\225\355\310\3126\317s\3448\262\314\237\245"
 321      9E95EDC8 
 321      CA36CF73 
 321      E438B2CC 
 321      9FA5
 322 0967 E5CC99FF 		.ascii	"\345\314\231\377\2619=%-%#\305<7%\307\221\235cNH\313"
 322      B1393D25 
 322      2D2523C5 
 322      3C3725C7 
 322      919D634E 
 323 097d 4A5F9092 		.ascii	"J_\220\222\3450'g\245dd\317\313\314\370\0045\343\263"
 323      E5302767 
 323      A56464CF 
 323      CBCCF804 
 323      35E3B3
 324 0990 D2BEE076 		.ascii	"\322\276\340v\326\031\366D\27391#u\356\374O\034\346"
 324      D619F644 
 324      BB393123 
 324      75EEFC4F 
 324      1CE6
 325 09a2 D4CC2CC7 		.ascii	"\324\314,\307\354\324\364)\223\347\020\305n\215\233"
 325      ECD4F429 
 325      93E710C5 
 325      6E8D9B
 326 09b1 9DFCE53C 		.ascii	"\235\374\345<\207d\345Q\307[mz.\336\016\261Z\023\223"
 326      8764E551 
 326      C75B6D7A 
 326      2EDE0EB1 
 326      5A1393
 327 09c4 82CF6F85 		.ascii	"\202\317o\205\305&\305E\333gL\235i\013\307\226EmE\007"
 327      C526C545 
 327      DB674C9D 
 327      690BC796 
 327      456D4507 
 328 09d8 9B165DF3 		.ascii	"\233\026]\363\315\260\330iq1j'oE\353-MQ\327\233\022"
 328      CDB0D869 
 328      71316A27 
 328      6F45EB2D 
 328      4D51D79B 
 329 09ed CA19B147 		.ascii	"\312\031\261G\341$\234-\320\010r\305\204r.\354\342\367"
 329      E1249C2D 
 329      D00872C5 
 329      84722EEC 
 329      E2F7
 330 09ff 6871B70C 		.ascii	"hq\267\014gQ\215\242m\366d\033\017\320\302\033\321z"
 330      67518DA2 
 330      6DF6641B 
 330      0FD0C21B 
 330      D17A
 331 0a11 2B486451 		.ascii	"+HdQ8\021\357\343\215\350@C\325\222\255\211V~I\340\227"
 331      3811EFE3 
 331      8DE84043 
 331      D592AD89 
 331      567E49E0 
 332 0a26 A9362560 		.ascii	"\2516%`3*i\372t{l\242\305\232\360\256-\024\333\374."
 332      332A69FA 
 332      747B6CA2 
 332      C59AF0AE 
 332      2D14DBFC 
 333 0a3b F34B084E 		.ascii	"\363K\010N\220\325\0068iV\033NZ\346\377dz\342\035_\244"
 333      90D50638 
 333      69561B4E 
 333      5AE6FF64 
 333      7AE21D5F 
 334 0a50 A53ACCF6 		.ascii	"\245:\314\366d\374\317\210\211\236\216e\247O\231(\304"
 334      64FCCF88 
 334      899E8E65 
 334      A74F9928 
 334      C4
 335 0a61 180B96E2 		.ascii	"\030\013\226\342\0342\312f\265\252\263\026\357\3704"
 335      1C32CA66 
 335      B5AAB316 
 335      EFF834
 336 0a70 22252BFD 		.ascii	"\"%+\375\213\267\035\223\322_\377t\036\011\307\251\315"
 336      8BB71D93 
 336      D25FFF74 
 336      1E09C7A9 
 336      CD
 337 0a81 712C9C94 		.ascii	"q,\234\224>\205\204\333\325\022N\314H\313I\376/\303"
 337      3E8584DB 
 337      D5124ECC 
 337      48CB49FE 
 337      2FC3
 338 0a93 9B8EFE26 		.ascii	"\233\216\376&\315t,\210\313r\244|\2369?'{R\\ff\316\334"
 338      CD742C88 
 338      CB72A47C 
 338      9E393F27 
 338      7B525C66 
 339 0aaa CC1404C9 		.ascii	"\314\024\004\311\313\377v\245\220\261\232k+\226\231"
 339      CBFF76A5 
 339      90B19A6B 
 339      2B9699
 340 0ab9 756E66EA 		.ascii	"unf\352\347\263\346}\202^F\343 m)\031\2379\222S>\236"
 340      E7B3E67D 
 340      825E46E3 
 340      206D2919 
 340      9F399253 
 341 0acf EB881CA1 		.ascii	"\353\210\034\241\023E\304\217\202$\233B\225\260\321"
 341      1345C48F 
 341      82249B42 
 341      95B0D1
 342 0ade 38394959 		.ascii	"89IY\216\354TU]\011@\243qf\203\335\377\002\265\010@"
 342      8EEC5455 
 342      5D0940A3 
 342      716683DD 
 342      FF02B508 
 343 0af3 C3       		.ascii	"\303"
 344              		.text
 345              		.section	.gnu.lto_.symtab.5d9070f9a92f7f14,"e",%progbits
 346 0000 53797374 		.ascii	"SystemInit\000"
 346      656D496E 
 346      697400
 347 000b 00       		.ascii	"\000"
 348 000c 00       		.ascii	"\000"
 349 000d 00       		.ascii	"\000"
 350 000e 00000000 		.ascii	"\000\000\000\000\000\000\000\000"
 350      00000000 
 351 0016 7E010000 		.ascii	"~\001\000\000"
 352 001a 53797374 		.ascii	"SystemCoreClockUpdate\000"
 352      656D436F 
 352      7265436C 
 352      6F636B55 
 352      70646174 
 353 0030 00       		.ascii	"\000"
 354 0031 00       		.ascii	"\000"
 355 0032 00       		.ascii	"\000"
 356 0033 00000000 		.ascii	"\000\000\000\000\000\000\000\000"
 356      00000000 
 357 003b 80010000 		.ascii	"\200\001\000\000"
 358 003f 4D534952 		.ascii	"MSIRangeTable\000"
 358      616E6765 
 358      5461626C 
 358      6500
 359 004d 00       		.ascii	"\000"
 360 004e 00       		.ascii	"\000"
 361 004f 00       		.ascii	"\000"
 362 0050 00000000 		.ascii	"\000\000\000\000\000\000\000\000"
 362      00000000 
 363 0058 84010000 		.ascii	"\204\001\000\000"
 364 005c 53797374 		.ascii	"SystemCoreClock\000"
 364      656D436F 
 364      7265436C 
 364      6F636B00 
 365 006c 00       		.ascii	"\000"
 366 006d 00       		.ascii	"\000"
 367 006e 00       		.ascii	"\000"
 368 006f 00000000 		.ascii	"\000\000\000\000\000\000\000\000"
 368      00000000 
 369 0077 87010000 		.ascii	"\207\001\000\000"
 370 007b 41484250 		.ascii	"AHBPrescTable\000"
 370      72657363 
 370      5461626C 
 370      6500
 371 0089 00       		.ascii	"\000"
 372 008a 00       		.ascii	"\000"
 373 008b 00       		.ascii	"\000"
 374 008c 00000000 		.ascii	"\000\000\000\000\000\000\000\000"
 374      00000000 
 375 0094 8C010000 		.ascii	"\214\001\000\000"
 376 0098 41504250 		.ascii	"APBPrescTable\000"
 376      72657363 
 376      5461626C 
 376      6500
 377 00a6 00       		.ascii	"\000"
 378 00a7 00       		.ascii	"\000"
 379 00a8 00       		.ascii	"\000"
 380 00a9 00000000 		.ascii	"\000\000\000\000\000\000\000\000"
 380      00000000 
 381 00b1 93010000 		.ascii	"\223\001\000\000"
 382              		.text
 383              		.section	.gnu.lto_.ext_symtab.5d9070f9a92f7f14,"e",%progbits
 384 0000 01       		.ascii	"\001"
 385 0001 01       		.ascii	"\001"
 386 0002 00       		.ascii	"\000"
 387 0003 01       		.ascii	"\001"
 388 0004 00       		.ascii	"\000"
 389 0005 02       		.ascii	"\002"
 390 0006 00       		.ascii	"\000"
 391 0007 02       		.ascii	"\002"
 392 0008 00       		.ascii	"\000"
 393 0009 02       		.ascii	"\002"
 394 000a 00       		.ascii	"\000"
 395 000b 02       		.ascii	"\002"
 396 000c 00       		.ascii	"\000"
 397              		.text
 398              		.section	.gnu.lto_.opts,"e",%progbits
 399 0000 272D666E 		.ascii	"'-fno-openmp' '-fno-openacc' '-fno-pie' '-fcf-prote"
 399      6F2D6F70 
 399      656E6D70 
 399      2720272D 
 399      666E6F2D 
 400 0033 6374696F 		.ascii	"ction=none' '-mcpu=cortex-m4' '-mthumb' '-mfloat-ab"
 400      6E3D6E6F 
 400      6E652720 
 400      272D6D63 
 400      70753D63 
 401 0066 693D6861 		.ascii	"i=hard' '-mfpu=fpv4-sp-d16' '-mlibarch=armv7e-m+fp'"
 401      72642720 
 401      272D6D66 
 401      70753D66 
 401      7076342D 
 402 0099 20272D6D 		.ascii	" '-march=armv7e-m+fp' '-Os' '-fmessage-length=0' '-"
 402      61726368 
 402      3D61726D 
 402      7637652D 
 402      6D2B6670 
 403 00cc 66736967 		.ascii	"fsigned-char' '-ffunction-sections' '-fdata-section"
 403      6E65642D 
 403      63686172 
 403      2720272D 
 403      6666756E 
 404 00ff 73272027 		.ascii	"s' '-fsingle-precision-constant' '-flto' '-Xassembl"
 404      2D667369 
 404      6E676C65 
 404      2D707265 
 404      63697369 
 405 0132 65722720 		.ascii	"er' '-adhlns=Src/system_stm32l4xx.o.lst'\000"
 405      272D6164 
 405      686C6E73 
 405      3D537263 
 405      2F737973 
 406              		.text
 407              		.comm	__gnu_lto_slim,1,1
 408              		.ident	"GCC: (Arm GNU Toolchain 12.2.Rel1 (Build arm-12.24)) 12.2.1 20221205"
DEFINED SYMBOLS
                            *ABS*:0000000000000000 system_stm32l4xx.c
                            *COM*:0000000000000001 __gnu_lto_slim

NO UNDEFINED SYMBOLS
